[INFO] Scanning for projects...
[INFO] 
[INFO] ------------------< io.ncbpfluffybear:FluffyMachines >------------------
[INFO] Building FluffyMachines Build 18 zh-CN(baoad) (git 9f0ab8e)
[INFO]   from pom.xml
[INFO] --------------------------------[ jar ]---------------------------------
[INFO] Downloading from central: https://repo.maven.apache.org/maven2/org/apache/maven/plugins/maven-compiler-plugin/3.10.1/maven-compiler-plugin-3.10.1.pom
[INFO] Downloaded from central: https://repo.maven.apache.org/maven2/org/apache/maven/plugins/maven-compiler-plugin/3.10.1/maven-compiler-plugin-3.10.1.pom (13 kB at 50 kB/s)
[INFO] Downloading from central: https://repo.maven.apache.org/maven2/org/apache/maven/plugins/maven-compiler-plugin/3.10.1/maven-compiler-plugin-3.10.1.jar
[INFO] Downloaded from central: https://repo.maven.apache.org/maven2/org/apache/maven/plugins/maven-compiler-plugin/3.10.1/maven-compiler-plugin-3.10.1.jar (62 kB at 1.7 MB/s)
[INFO] Downloading from paper-repo: https://repo.destroystokyo.com/repository/maven-public/org/spigotmc/spigot-api/1.16.3-R0.1-SNAPSHOT/maven-metadata.xml
[INFO] Downloading from spigot-repo: https://hub.spigotmc.org/nexus/content/repositories/snapshots/org/spigotmc/spigot-api/1.16.3-R0.1-SNAPSHOT/maven-metadata.xml
[INFO] Downloading from jitpack.io: https://jitpack.io/org/spigotmc/spigot-api/1.16.3-R0.1-SNAPSHOT/maven-metadata.xml
[INFO] Downloading from CodeMC: https://repo.codemc.org/repository/maven-public/org/spigotmc/spigot-api/1.16.3-R0.1-SNAPSHOT/maven-metadata.xml
[INFO] Downloaded from spigot-repo: https://hub.spigotmc.org/nexus/content/repositories/snapshots/org/spigotmc/spigot-api/1.16.3-R0.1-SNAPSHOT/maven-metadata.xml (1.5 kB at 7.9 kB/s)
[INFO] Downloaded from paper-repo: https://repo.destroystokyo.com/repository/maven-public/org/spigotmc/spigot-api/1.16.3-R0.1-SNAPSHOT/maven-metadata.xml (1.5 kB at 765 B/s)
[INFO] Downloading from paper-repo: https://repo.destroystokyo.com/repository/maven-public/org/spigotmc/spigot-api/1.16.3-R0.1-SNAPSHOT/spigot-api-1.16.3-R0.1-20201025.071724-27.pom
[INFO] Downloaded from paper-repo: https://repo.destroystokyo.com/repository/maven-public/org/spigotmc/spigot-api/1.16.3-R0.1-SNAPSHOT/spigot-api-1.16.3-R0.1-20201025.071724-27.pom (11 kB at 22 kB/s)
[INFO] Downloading from paper-repo: https://repo.destroystokyo.com/repository/maven-public/commons-lang/commons-lang/2.6/commons-lang-2.6.pom
[INFO] Downloaded from paper-repo: https://repo.destroystokyo.com/repository/maven-public/commons-lang/commons-lang/2.6/commons-lang-2.6.pom (0 B at 0 B/s)
[INFO] Downloading from paper-repo: https://repo.destroystokyo.com/repository/maven-public/org/apache/commons/commons-parent/17/commons-parent-17.pom
[INFO] Downloaded from paper-repo: https://repo.destroystokyo.com/repository/maven-public/org/apache/commons/commons-parent/17/commons-parent-17.pom (0 B at 0 B/s)
[INFO] Downloading from paper-repo: https://repo.destroystokyo.com/repository/maven-public/org/apache/apache/7/apache-7.pom
[INFO] Downloaded from paper-repo: https://repo.destroystokyo.com/repository/maven-public/org/apache/apache/7/apache-7.pom (0 B at 0 B/s)
[INFO] Downloading from paper-repo: https://repo.destroystokyo.com/repository/maven-public/net/md-5/bungeecord-chat/1.16-R0.3/bungeecord-chat-1.16-R0.3.pom
[INFO] Downloaded from paper-repo: https://repo.destroystokyo.com/repository/maven-public/net/md-5/bungeecord-chat/1.16-R0.3/bungeecord-chat-1.16-R0.3.pom (978 B at 2.0 kB/s)
[INFO] Downloading from paper-repo: https://repo.destroystokyo.com/repository/maven-public/net/md-5/bungeecord-parent/1.16-R0.3/bungeecord-parent-1.16-R0.3.pom
[INFO] Downloaded from paper-repo: https://repo.destroystokyo.com/repository/maven-public/net/md-5/bungeecord-parent/1.16-R0.3/bungeecord-parent-1.16-R0.3.pom (10 kB at 22 kB/s)
[INFO] Downloading from paper-repo: https://repo.destroystokyo.com/repository/maven-public/org/yaml/snakeyaml/1.26/snakeyaml-1.26.pom
[INFO] Downloaded from paper-repo: https://repo.destroystokyo.com/repository/maven-public/org/yaml/snakeyaml/1.26/snakeyaml-1.26.pom (38 kB at 65 kB/s)
[WARNING] The POM for com.github.StarWishsama:Slimefun4:jar:2023.06 is invalid, transitive dependencies (if any) will not be available, enable debug logging for more details
[INFO] Downloading from paper-repo: https://repo.destroystokyo.com/repository/maven-public/com/gmail/nossr50/mcMMO/mcMMO/2.1.149/mcMMO-2.1.149.pom
[INFO] Downloading from spigot-repo: https://hub.spigotmc.org/nexus/content/repositories/snapshots/com/gmail/nossr50/mcMMO/mcMMO/2.1.149/mcMMO-2.1.149.pom
[INFO] Downloading from jitpack.io: https://jitpack.io/com/gmail/nossr50/mcMMO/mcMMO/2.1.149/mcMMO-2.1.149.pom
[INFO] Downloading from CodeMC: https://repo.codemc.org/repository/maven-public/com/gmail/nossr50/mcMMO/mcMMO/2.1.149/mcMMO-2.1.149.pom
[INFO] Downloaded from CodeMC: https://repo.codemc.org/repository/maven-public/com/gmail/nossr50/mcMMO/mcMMO/2.1.149/mcMMO-2.1.149.pom (8.2 kB at 29 kB/s)
[INFO] Downloading from paper-repo: https://repo.destroystokyo.com/repository/maven-public/org/apache/maven/scm/maven-scm-provider-gitexe/1.8.1/maven-scm-provider-gitexe-1.8.1.pom
[INFO] Downloaded from paper-repo: https://repo.destroystokyo.com/repository/maven-public/org/apache/maven/scm/maven-scm-provider-gitexe/1.8.1/maven-scm-provider-gitexe-1.8.1.pom (2.6 kB at 5.4 kB/s)
[INFO] Downloading from paper-repo: https://repo.destroystokyo.com/repository/maven-public/org/apache/maven/scm/maven-scm-providers-git/1.8.1/maven-scm-providers-git-1.8.1.pom
[INFO] Downloaded from paper-repo: https://repo.destroystokyo.com/repository/maven-public/org/apache/maven/scm/maven-scm-providers-git/1.8.1/maven-scm-providers-git-1.8.1.pom (2.2 kB at 4.5 kB/s)
[INFO] Downloading from paper-repo: https://repo.destroystokyo.com/repository/maven-public/org/apache/maven/scm/maven-scm-providers/1.8.1/maven-scm-providers-1.8.1.pom
[INFO] Downloaded from paper-repo: https://repo.destroystokyo.com/repository/maven-public/org/apache/maven/scm/maven-scm-providers/1.8.1/maven-scm-providers-1.8.1.pom (3.7 kB at 7.6 kB/s)
[INFO] Downloading from paper-repo: https://repo.destroystokyo.com/repository/maven-public/org/apache/maven/scm/maven-scm/1.8.1/maven-scm-1.8.1.pom
[INFO] Downloaded from paper-repo: https://repo.destroystokyo.com/repository/maven-public/org/apache/maven/scm/maven-scm/1.8.1/maven-scm-1.8.1.pom (22 kB at 37 kB/s)
[INFO] Downloading from paper-repo: https://repo.destroystokyo.com/repository/maven-public/regexp/regexp/1.3/regexp-1.3.pom
[INFO] Downloaded from paper-repo: https://repo.destroystokyo.com/repository/maven-public/regexp/regexp/1.3/regexp-1.3.pom (145 B at 299 B/s)
[INFO] Downloading from paper-repo: https://repo.destroystokyo.com/repository/maven-public/commons-io/commons-io/2.2/commons-io-2.2.pom
[INFO] Downloaded from paper-repo: https://repo.destroystokyo.com/repository/maven-public/commons-io/commons-io/2.2/commons-io-2.2.pom (11 kB at 22 kB/s)
[INFO] Downloading from paper-repo: https://repo.destroystokyo.com/repository/maven-public/org/apache/commons/commons-parent/24/commons-parent-24.pom
[INFO] Downloaded from paper-repo: https://repo.destroystokyo.com/repository/maven-public/org/apache/commons/commons-parent/24/commons-parent-24.pom (47 kB at 80 kB/s)
[INFO] Downloading from paper-repo: https://repo.destroystokyo.com/repository/maven-public/org/apache/maven/scm/maven-scm-provider-git-commons/1.8.1/maven-scm-provider-git-commons-1.8.1.pom
[INFO] Downloaded from paper-repo: https://repo.destroystokyo.com/repository/maven-public/org/apache/maven/scm/maven-scm-provider-git-commons/1.8.1/maven-scm-provider-git-commons-1.8.1.pom (2.3 kB at 4.8 kB/s)
[INFO] Downloading from paper-repo: https://repo.destroystokyo.com/repository/maven-public/org/apache/maven/scm/maven-scm-api/1.8.1/maven-scm-api-1.8.1.pom
[INFO] Downloaded from paper-repo: https://repo.destroystokyo.com/repository/maven-public/org/apache/maven/scm/maven-scm-api/1.8.1/maven-scm-api-1.8.1.pom (1.6 kB at 3.3 kB/s)
[INFO] Downloading from paper-repo: https://repo.destroystokyo.com/repository/maven-public/org/codehaus/plexus/plexus-utils/3.0.7/plexus-utils-3.0.7.pom
[INFO] Downloaded from paper-repo: https://repo.destroystokyo.com/repository/maven-public/org/codehaus/plexus/plexus-utils/3.0.7/plexus-utils-3.0.7.pom (2.5 kB at 5.1 kB/s)
[INFO] Downloading from paper-repo: https://repo.destroystokyo.com/repository/maven-public/org/codehaus/plexus/plexus/3.1/plexus-3.1.pom
[INFO] Downloaded from paper-repo: https://repo.destroystokyo.com/repository/maven-public/org/codehaus/plexus/plexus/3.1/plexus-3.1.pom (19 kB at 36 kB/s)
[INFO] Downloading from paper-repo: https://repo.destroystokyo.com/repository/maven-public/org/projectlombok/lombok/1.18.24/lombok-1.18.24.pom
[INFO] Downloaded from paper-repo: https://repo.destroystokyo.com/repository/maven-public/org/projectlombok/lombok/1.18.24/lombok-1.18.24.pom (1.5 kB at 3.1 kB/s)
[INFO] Downloading from paper-repo: https://repo.destroystokyo.com/repository/maven-public/com/github/slimefunguguproject/ExtraUtils/bf89aee6ae/ExtraUtils-bf89aee6ae.pom
[INFO] Downloading from spigot-repo: https://hub.spigotmc.org/nexus/content/repositories/snapshots/com/github/slimefunguguproject/ExtraUtils/bf89aee6ae/ExtraUtils-bf89aee6ae.pom
[INFO] Downloading from jitpack.io: https://jitpack.io/com/github/slimefunguguproject/ExtraUtils/bf89aee6ae/ExtraUtils-bf89aee6ae.pom
[INFO] Downloaded from jitpack.io: https://jitpack.io/com/github/slimefunguguproject/ExtraUtils/bf89aee6ae/ExtraUtils-bf89aee6ae.pom (2.9 kB at 23 kB/s)
[INFO] Downloading from paper-repo: https://repo.destroystokyo.com/repository/maven-public/net/guizhanss/GuizhanLibPlugin/1.0.2/GuizhanLibPlugin-1.0.2.pom
[INFO] Downloaded from paper-repo: https://repo.destroystokyo.com/repository/maven-public/net/guizhanss/GuizhanLibPlugin/1.0.2/GuizhanLibPlugin-1.0.2.pom (10 kB at 20 kB/s)
[INFO] Downloading from paper-repo: https://repo.destroystokyo.com/repository/maven-public/net/guizhanss/GuizhanLib-api/1.0.2/GuizhanLib-api-1.0.2.pom
[INFO] Downloaded from paper-repo: https://repo.destroystokyo.com/repository/maven-public/net/guizhanss/GuizhanLib-api/1.0.2/GuizhanLib-api-1.0.2.pom (8.2 kB at 17 kB/s)
[INFO] Downloading from paper-repo: https://repo.destroystokyo.com/repository/maven-public/net/guizhanss/GuizhanLib/1.0.2/GuizhanLib-1.0.2.pom
[INFO] Downloaded from paper-repo: https://repo.destroystokyo.com/repository/maven-public/net/guizhanss/GuizhanLib/1.0.2/GuizhanLib-1.0.2.pom (9.5 kB at 19 kB/s)
[INFO] Downloading from paper-repo: https://repo.destroystokyo.com/repository/maven-public/org/spigotmc/spigot-api/1.16.3-R0.1-SNAPSHOT/spigot-api-1.16.3-R0.1-20201025.071724-27.jar
[INFO] Downloading from paper-repo: https://repo.destroystokyo.com/repository/maven-public/commons-lang/commons-lang/2.6/commons-lang-2.6.jar
[INFO] Downloading from paper-repo: https://repo.destroystokyo.com/repository/maven-public/com/google/guava/guava/21.0/guava-21.0.jar
[INFO] Downloading from paper-repo: https://repo.destroystokyo.com/repository/maven-public/com/google/code/gson/gson/2.8.0/gson-2.8.0.jar
[INFO] Downloading from paper-repo: https://repo.destroystokyo.com/repository/maven-public/net/md-5/bungeecord-chat/1.16-R0.3/bungeecord-chat-1.16-R0.3.jar
[INFO] Downloaded from paper-repo: https://repo.destroystokyo.com/repository/maven-public/commons-lang/commons-lang/2.6/commons-lang-2.6.jar (0 B at 0 B/s)
[INFO] Downloading from paper-repo: https://repo.destroystokyo.com/repository/maven-public/org/yaml/snakeyaml/1.26/snakeyaml-1.26.jar
[INFO] Downloaded from paper-repo: https://repo.destroystokyo.com/repository/maven-public/com/google/code/gson/gson/2.8.0/gson-2.8.0.jar (232 kB at 217 kB/s)
[INFO] Downloading from paper-repo: https://repo.destroystokyo.com/repository/maven-public/com/gmail/nossr50/mcMMO/mcMMO/2.1.149/mcMMO-2.1.149.jar
[INFO] Downloaded from paper-repo: https://repo.destroystokyo.com/repository/maven-public/net/md-5/bungeecord-chat/1.16-R0.3/bungeecord-chat-1.16-R0.3.jar (149 kB at 119 kB/s)
[INFO] Downloading from paper-repo: https://repo.destroystokyo.com/repository/maven-public/org/apache/maven/scm/maven-scm-provider-gitexe/1.8.1/maven-scm-provider-gitexe-1.8.1.jar
[INFO] Downloaded from paper-repo: https://repo.destroystokyo.com/repository/maven-public/org/spigotmc/spigot-api/1.16.3-R0.1-SNAPSHOT/spigot-api-1.16.3-R0.1-20201025.071724-27.jar (1.3 MB at 911 kB/s)
[INFO] Downloading from paper-repo: https://repo.destroystokyo.com/repository/maven-public/regexp/regexp/1.3/regexp-1.3.jar
[INFO] Downloaded from paper-repo: https://repo.destroystokyo.com/repository/maven-public/org/yaml/snakeyaml/1.26/snakeyaml-1.26.jar (309 kB at 196 kB/s)
[INFO] Downloading from paper-repo: https://repo.destroystokyo.com/repository/maven-public/commons-io/commons-io/2.2/commons-io-2.2.jar
[INFO] Downloaded from paper-repo: https://repo.destroystokyo.com/repository/maven-public/com/google/guava/guava/21.0/guava-21.0.jar (2.5 MB at 1.5 MB/s)
[INFO] Downloading from paper-repo: https://repo.destroystokyo.com/repository/maven-public/org/apache/maven/scm/maven-scm-provider-git-commons/1.8.1/maven-scm-provider-git-commons-1.8.1.jar
[INFO] Downloaded from paper-repo: https://repo.destroystokyo.com/repository/maven-public/commons-io/commons-io/2.2/commons-io-2.2.jar (174 kB at 71 kB/s)
[INFO] Downloading from paper-repo: https://repo.destroystokyo.com/repository/maven-public/org/apache/maven/scm/maven-scm-api/1.8.1/maven-scm-api-1.8.1.jar
[INFO] Downloaded from paper-repo: https://repo.destroystokyo.com/repository/maven-public/org/apache/maven/scm/maven-scm-provider-gitexe/1.8.1/maven-scm-provider-gitexe-1.8.1.jar (64 kB at 25 kB/s)
[INFO] Downloading from paper-repo: https://repo.destroystokyo.com/repository/maven-public/org/codehaus/plexus/plexus-utils/3.0.7/plexus-utils-3.0.7.jar
[INFO] Downloading from paper-repo: https://repo.destroystokyo.com/repository/maven-public/org/projectlombok/lombok/1.18.24/lombok-1.18.24.jar
[INFO] Downloaded from paper-repo: https://repo.destroystokyo.com/repository/maven-public/regexp/regexp/1.3/regexp-1.3.jar (25 kB at 9.5 kB/s)
[INFO] Downloading from paper-repo: https://repo.destroystokyo.com/repository/maven-public/com/github/slimefunguguproject/ExtraUtils/bf89aee6ae/ExtraUtils-bf89aee6ae.jar
[INFO] Downloaded from paper-repo: https://repo.destroystokyo.com/repository/maven-public/org/apache/maven/scm/maven-scm-provider-git-commons/1.8.1/maven-scm-provider-git-commons-1.8.1.jar (38 kB at 14 kB/s)
[INFO] Downloading from paper-repo: https://repo.destroystokyo.com/repository/maven-public/net/guizhanss/GuizhanLibPlugin/1.0.2/GuizhanLibPlugin-1.0.2.jar
[INFO] Downloaded from paper-repo: https://repo.destroystokyo.com/repository/maven-public/org/apache/maven/scm/maven-scm-api/1.8.1/maven-scm-api-1.8.1.jar (105 kB at 31 kB/s)
[INFO] Downloading from paper-repo: https://repo.destroystokyo.com/repository/maven-public/net/guizhanss/GuizhanLib-api/1.0.2/GuizhanLib-api-1.0.2.jar
[INFO] Downloaded from paper-repo: https://repo.destroystokyo.com/repository/maven-public/org/codehaus/plexus/plexus-utils/3.0.7/plexus-utils-3.0.7.jar (230 kB at 62 kB/s)
[INFO] Downloaded from paper-repo: https://repo.destroystokyo.com/repository/maven-public/org/projectlombok/lombok/1.18.24/lombok-1.18.24.jar (2.0 MB at 471 kB/s)
[INFO] Downloaded from paper-repo: https://repo.destroystokyo.com/repository/maven-public/net/guizhanss/GuizhanLibPlugin/1.0.2/GuizhanLibPlugin-1.0.2.jar (560 kB at 129 kB/s)
[INFO] Downloaded from paper-repo: https://repo.destroystokyo.com/repository/maven-public/net/guizhanss/GuizhanLib-api/1.0.2/GuizhanLib-api-1.0.2.jar (117 kB at 26 kB/s)
[INFO] Downloading from spigot-repo: https://hub.spigotmc.org/nexus/content/repositories/snapshots/com/gmail/nossr50/mcMMO/mcMMO/2.1.149/mcMMO-2.1.149.jar
[INFO] Downloading from spigot-repo: https://hub.spigotmc.org/nexus/content/repositories/snapshots/com/github/slimefunguguproject/ExtraUtils/bf89aee6ae/ExtraUtils-bf89aee6ae.jar
[INFO] Downloading from jitpack.io: https://jitpack.io/com/gmail/nossr50/mcMMO/mcMMO/2.1.149/mcMMO-2.1.149.jar
[INFO] Downloading from jitpack.io: https://jitpack.io/com/github/slimefunguguproject/ExtraUtils/bf89aee6ae/ExtraUtils-bf89aee6ae.jar
[INFO] Downloaded from jitpack.io: https://jitpack.io/com/github/slimefunguguproject/ExtraUtils/bf89aee6ae/ExtraUtils-bf89aee6ae.jar (24 kB at 160 kB/s)
[INFO] Downloading from CodeMC: https://repo.codemc.org/repository/maven-public/com/gmail/nossr50/mcMMO/mcMMO/2.1.149/mcMMO-2.1.149.jar
[INFO] Downloaded from CodeMC: https://repo.codemc.org/repository/maven-public/com/gmail/nossr50/mcMMO/mcMMO/2.1.149/mcMMO-2.1.149.jar (2.2 MB at 2.0 MB/s)
[INFO] 
[INFO] --- maven-clean-plugin:2.5:clean (default-clean) @ FluffyMachines ---
[INFO] 
[INFO] --- maven-resources-plugin:2.6:resources (default-resources) @ FluffyMachines ---
[INFO] Using 'UTF-8' encoding to copy filtered resources.
[INFO] Copying 2 resources
[INFO] 
[INFO] --- maven-compiler-plugin:3.10.1:compile (default-compile) @ FluffyMachines ---
[INFO] Downloading from central: https://repo.maven.apache.org/maven2/org/apache/maven/shared/maven-shared-utils/3.3.4/maven-shared-utils-3.3.4.pom
[INFO] Downloaded from central: https://repo.maven.apache.org/maven2/org/apache/maven/shared/maven-shared-utils/3.3.4/maven-shared-utils-3.3.4.pom (5.8 kB at 389 kB/s)
[INFO] Downloading from central: https://repo.maven.apache.org/maven2/org/codehaus/plexus/plexus-java/1.1.1/plexus-java-1.1.1.pom
[INFO] Downloaded from central: https://repo.maven.apache.org/maven2/org/codehaus/plexus/plexus-java/1.1.1/plexus-java-1.1.1.pom (5.0 kB at 311 kB/s)
[INFO] Downloading from central: https://repo.maven.apache.org/maven2/org/codehaus/plexus/plexus-languages/1.1.1/plexus-languages-1.1.1.pom
[INFO] Downloaded from central: https://repo.maven.apache.org/maven2/org/codehaus/plexus/plexus-languages/1.1.1/plexus-languages-1.1.1.pom (4.6 kB at 271 kB/s)
[INFO] Downloading from central: https://repo.maven.apache.org/maven2/com/thoughtworks/qdox/qdox/2.0.1/qdox-2.0.1.pom
[INFO] Downloaded from central: https://repo.maven.apache.org/maven2/com/thoughtworks/qdox/qdox/2.0.1/qdox-2.0.1.pom (16 kB at 1.1 MB/s)
[INFO] Downloading from central: https://repo.maven.apache.org/maven2/org/sonatype/oss/oss-parent/9/oss-parent-9.pom
[INFO] Downloaded from central: https://repo.maven.apache.org/maven2/org/sonatype/oss/oss-parent/9/oss-parent-9.pom (0 B at 0 B/s)
[INFO] Downloading from central: https://repo.maven.apache.org/maven2/org/codehaus/plexus/plexus-compiler-api/2.11.1/plexus-compiler-api-2.11.1.pom
[INFO] Downloaded from central: https://repo.maven.apache.org/maven2/org/codehaus/plexus/plexus-compiler-api/2.11.1/plexus-compiler-api-2.11.1.pom (1.1 kB at 66 kB/s)
[INFO] Downloading from central: https://repo.maven.apache.org/maven2/org/codehaus/plexus/plexus-compiler/2.11.1/plexus-compiler-2.11.1.pom
[INFO] Downloaded from central: https://repo.maven.apache.org/maven2/org/codehaus/plexus/plexus-compiler/2.11.1/plexus-compiler-2.11.1.pom (8.1 kB at 625 kB/s)
[INFO] Downloading from central: https://repo.maven.apache.org/maven2/org/codehaus/plexus/plexus-components/6.6/plexus-components-6.6.pom
[INFO] Downloaded from central: https://repo.maven.apache.org/maven2/org/codehaus/plexus/plexus-components/6.6/plexus-components-6.6.pom (2.7 kB at 223 kB/s)
[INFO] Downloading from central: https://repo.maven.apache.org/maven2/org/junit/junit-bom/5.8.2/junit-bom-5.8.2.pom
[INFO] Downloaded from central: https://repo.maven.apache.org/maven2/org/junit/junit-bom/5.8.2/junit-bom-5.8.2.pom (5.6 kB at 402 kB/s)
[INFO] Downloading from central: https://repo.maven.apache.org/maven2/org/codehaus/plexus/plexus-utils/3.4.1/plexus-utils-3.4.1.pom
[INFO] Downloaded from central: https://repo.maven.apache.org/maven2/org/codehaus/plexus/plexus-utils/3.4.1/plexus-utils-3.4.1.pom (8.0 kB at 613 kB/s)
[INFO] Downloading from central: https://repo.maven.apache.org/maven2/org/codehaus/plexus/plexus-compiler-manager/2.11.1/plexus-compiler-manager-2.11.1.pom
[INFO] Downloaded from central: https://repo.maven.apache.org/maven2/org/codehaus/plexus/plexus-compiler-manager/2.11.1/plexus-compiler-manager-2.11.1.pom (1.1 kB at 95 kB/s)
[INFO] Downloading from central: https://repo.maven.apache.org/maven2/org/codehaus/plexus/plexus-compiler-javac/2.11.1/plexus-compiler-javac-2.11.1.pom
[INFO] Downloaded from central: https://repo.maven.apache.org/maven2/org/codehaus/plexus/plexus-compiler-javac/2.11.1/plexus-compiler-javac-2.11.1.pom (1.2 kB at 100 kB/s)
[INFO] Downloading from central: https://repo.maven.apache.org/maven2/org/codehaus/plexus/plexus-compilers/2.11.1/plexus-compilers-2.11.1.pom
[INFO] Downloaded from central: https://repo.maven.apache.org/maven2/org/codehaus/plexus/plexus-compilers/2.11.1/plexus-compilers-2.11.1.pom (1.3 kB at 102 kB/s)
[INFO] Downloading from central: https://repo.maven.apache.org/maven2/org/apache/maven/shared/maven-shared-utils/3.3.4/maven-shared-utils-3.3.4.jar
[INFO] Downloading from central: https://repo.maven.apache.org/maven2/org/codehaus/plexus/plexus-java/1.1.1/plexus-java-1.1.1.jar
[INFO] Downloading from central: https://repo.maven.apache.org/maven2/com/thoughtworks/qdox/qdox/2.0.1/qdox-2.0.1.jar
[INFO] Downloading from central: https://repo.maven.apache.org/maven2/org/codehaus/plexus/plexus-compiler-api/2.11.1/plexus-compiler-api-2.11.1.jar
[INFO] Downloading from central: https://repo.maven.apache.org/maven2/org/codehaus/plexus/plexus-utils/3.4.1/plexus-utils-3.4.1.jar
[INFO] Downloaded from central: https://repo.maven.apache.org/maven2/org/apache/maven/shared/maven-shared-utils/3.3.4/maven-shared-utils-3.3.4.jar (153 kB at 4.8 MB/s)
[INFO] Downloading from central: https://repo.maven.apache.org/maven2/org/codehaus/plexus/plexus-compiler-manager/2.11.1/plexus-compiler-manager-2.11.1.jar
[INFO] Downloaded from central: https://repo.maven.apache.org/maven2/org/codehaus/plexus/plexus-java/1.1.1/plexus-java-1.1.1.jar (54 kB at 1.5 MB/s)
[INFO] Downloading from central: https://repo.maven.apache.org/maven2/org/codehaus/plexus/plexus-compiler-javac/2.11.1/plexus-compiler-javac-2.11.1.jar
[INFO] Downloaded from central: https://repo.maven.apache.org/maven2/org/codehaus/plexus/plexus-compiler-api/2.11.1/plexus-compiler-api-2.11.1.jar (27 kB at 709 kB/s)
[INFO] Downloaded from central: https://repo.maven.apache.org/maven2/org/codehaus/plexus/plexus-compiler-manager/2.11.1/plexus-compiler-manager-2.11.1.jar (4.7 kB at 119 kB/s)
[INFO] Downloaded from central: https://repo.maven.apache.org/maven2/org/codehaus/plexus/plexus-compiler-javac/2.11.1/plexus-compiler-javac-2.11.1.jar (23 kB at 519 kB/s)
[INFO] Downloaded from central: https://repo.maven.apache.org/maven2/com/thoughtworks/qdox/qdox/2.0.1/qdox-2.0.1.jar (334 kB at 6.7 MB/s)
[INFO] Downloaded from central: https://repo.maven.apache.org/maven2/org/codehaus/plexus/plexus-utils/3.4.1/plexus-utils-3.4.1.jar (264 kB at 4.2 MB/s)
[INFO] Changes detected - recompiling the module!
[INFO] Compiling 54 source files to /home/runner/work/guizhan-builds/guizhan-builds/static/f/baoad/FluffyMachines/master/workspace/target/classes
[INFO] /home/runner/work/guizhan-builds/guizhan-builds/static/f/baoad/FluffyMachines/master/workspace/src/main/java/io/ncbpfluffybear/fluffymachines/machines/AutoCraftingTable.java: Some input files use or override a deprecated API.
[INFO] /home/runner/work/guizhan-builds/guizhan-builds/static/f/baoad/FluffyMachines/master/workspace/src/main/java/io/ncbpfluffybear/fluffymachines/machines/AutoCraftingTable.java: Recompile with -Xlint:deprecation for details.
[INFO] 
[INFO] --- maven-resources-plugin:2.6:testResources (default-testResources) @ FluffyMachines ---
[INFO] Using 'UTF-8' encoding to copy filtered resources.
[INFO] skip non existing resourceDirectory /home/runner/work/guizhan-builds/guizhan-builds/static/f/baoad/FluffyMachines/master/workspace/src/test/resources
[INFO] 
[INFO] --- maven-compiler-plugin:3.10.1:testCompile (default-testCompile) @ FluffyMachines ---
[INFO] No sources to compile
[INFO] 
[INFO] --- maven-surefire-plugin:2.12.4:test (default-test) @ FluffyMachines ---
[INFO] No tests to run.
[INFO] 
[INFO] --- maven-jar-plugin:2.4:jar (default-jar) @ FluffyMachines ---
[INFO] Building jar: /home/runner/work/guizhan-builds/guizhan-builds/static/f/baoad/FluffyMachines/master/workspace/target/FluffyMachines-Build 18 zh-CN(baoad) (git 9f0ab8e).jar
[INFO] 
[INFO] --- maven-shade-plugin:3.3.0:shade (default) @ FluffyMachines ---
[INFO] Including org.bstats:bstats-bukkit:jar:3.0.0 in the shaded jar.
[INFO] Including org.bstats:bstats-base:jar:3.0.0 in the shaded jar.
[INFO] Including com.github.slimefunguguproject:ExtraUtils:jar:bf89aee6ae in the shaded jar.
[INFO] Minimizing jar io.ncbpfluffybear:FluffyMachines:jar:Build 18 zh-CN(baoad) (git 9f0ab8e)
[WARNING] /home/runner/work/guizhan-builds/guizhan-builds/static/f/baoad/FluffyMachines/master/workspace/target/classes (Is a directory)
[INFO] Dependency-reduced POM written at: /home/runner/work/guizhan-builds/guizhan-builds/static/f/baoad/FluffyMachines/master/workspace/dependency-reduced-pom.xml
[INFO] Minimized 141 -> 128 (90%)
[INFO] Replacing original artifact with shaded artifact.
[INFO] Replacing /home/runner/work/guizhan-builds/guizhan-builds/static/f/baoad/FluffyMachines/master/workspace/target/FluffyMachines-Build 18 zh-CN(baoad) (git 9f0ab8e).jar with /home/runner/work/guizhan-builds/guizhan-builds/static/f/baoad/FluffyMachines/master/workspace/target/FluffyMachines-Build 18 zh-CN(baoad) (git 9f0ab8e)-shaded.jar
[INFO] ------------------------------------------------------------------------
[INFO] BUILD SUCCESS
[INFO] ------------------------------------------------------------------------
[INFO] Total time:  27.292 s
[INFO] Finished at: 2023-06-24T18:30:07Z
[INFO] ------------------------------------------------------------------------
