[INFO] Scanning for projects...
[INFO] 
[INFO] --------------------< io.github.mooy1:SimpleUtils >---------------------
[INFO] Building SimpleUtils Build 1 zh-CN(ybw0014) (git 733651a)
[INFO] --------------------------------[ jar ]---------------------------------
[INFO] Downloading from spigot-repo: https://hub.spigotmc.org/nexus/content/repositories/snapshots/com/github/ybw0014/InfinityLib/1.3.7/InfinityLib-1.3.7.pom
[INFO] Downloading from jitpack.io: https://jitpack.io/com/github/ybw0014/InfinityLib/1.3.7/InfinityLib-1.3.7.pom
[INFO] Downloading from central: https://repo.maven.apache.org/maven2/com/github/ybw0014/InfinityLib/1.3.7/InfinityLib-1.3.7.pom
[WARNING] The POM for com.github.ybw0014:InfinityLib:jar:1.3.7 is missing, no dependency information available
[WARNING] The artifact org.apache.commons:commons-io:jar:1.3.2 has been relocated to commons-io:commons-io:jar:1.3.2: https://issues.sonatype.org/browse/MVNCENTRAL-244
[INFO] Downloading from spigot-repo: https://hub.spigotmc.org/nexus/content/repositories/snapshots/com/github/ybw0014/InfinityLib/1.3.7/InfinityLib-1.3.7.jar
[INFO] Downloading from jitpack.io: https://jitpack.io/com/github/ybw0014/InfinityLib/1.3.7/InfinityLib-1.3.7.jar
[INFO] Downloading from central: https://repo.maven.apache.org/maven2/com/github/ybw0014/InfinityLib/1.3.7/InfinityLib-1.3.7.jar
[INFO] ------------------------------------------------------------------------
[INFO] BUILD FAILURE
[INFO] ------------------------------------------------------------------------
[INFO] Total time:  4.757 s
[INFO] Finished at: 2021-10-14T00:31:03Z
[INFO] ------------------------------------------------------------------------
[ERROR] Failed to execute goal on project SimpleUtils: Could not resolve dependencies for project io.github.mooy1:SimpleUtils:jar:Build 1 zh-CN(ybw0014) (git 733651a): Could not find artifact com.github.ybw0014:InfinityLib:jar:1.3.7 in spigot-repo (https://hub.spigotmc.org/nexus/content/repositories/snapshots/) -> [Help 1]
[ERROR] 
[ERROR] To see the full stack trace of the errors, re-run Maven with the -e switch.
[ERROR] Re-run Maven using the -X switch to enable full debug logging.
[ERROR] 
[ERROR] For more information about the errors and possible solutions, please read the following articles:
[ERROR] [Help 1] http://cwiki.apache.org/confluence/display/MAVEN/DependencyResolutionException
