[INFO] Scanning for projects...
[INFO] 
[INFO] ----------------< io.github.thebusybiscuit:HotbarPets >-----------------
[INFO] Building HotbarPets Build 1 zh-CN(ybw0014) (git fd4f271)
[INFO] --------------------------------[ jar ]---------------------------------
[INFO] Downloading from codemc-repo: https://repo.codemc.org/repository/maven-public/org/spigotmc/spigot-api/1.16.5-R0.1-SNAPSHOT/maven-metadata.xml
[INFO] Downloading from paper-repo: https://repo.destroystokyo.com/repository/maven-public/org/spigotmc/spigot-api/1.16.5-R0.1-SNAPSHOT/maven-metadata.xml
[INFO] Downloaded from paper-repo: https://repo.destroystokyo.com/repository/maven-public/org/spigotmc/spigot-api/1.16.5-R0.1-SNAPSHOT/maven-metadata.xml (1.5 kB at 1.4 kB/s)
[INFO] Downloading from paper-repo: https://repo.destroystokyo.com/repository/maven-public/org/spigotmc/spigot-api/1.16.5-R0.1-SNAPSHOT/spigot-api-1.16.5-R0.1-20210611.041013-99.jar
[INFO] Downloading from paper-repo: https://repo.destroystokyo.com/repository/maven-public/org/yaml/snakeyaml/1.27/snakeyaml-1.27.jar
[INFO] Downloaded from paper-repo: https://repo.destroystokyo.com/repository/maven-public/org/yaml/snakeyaml/1.27/snakeyaml-1.27.jar (310 kB at 176 kB/s)
[INFO] Downloaded from paper-repo: https://repo.destroystokyo.com/repository/maven-public/org/spigotmc/spigot-api/1.16.5-R0.1-SNAPSHOT/spigot-api-1.16.5-R0.1-20210611.041013-99.jar (1.3 MB at 517 kB/s)
[INFO] 
[INFO] --- maven-clean-plugin:2.5:clean (default-clean) @ HotbarPets ---
[INFO] 
[INFO] --- maven-resources-plugin:2.6:resources (default-resources) @ HotbarPets ---
[INFO] Using 'UTF-8' encoding to copy filtered resources.
[INFO] Copying 2 resources
[INFO] Copying 1 resource
[INFO] 
[INFO] --- maven-compiler-plugin:3.1:compile (default-compile) @ HotbarPets ---
[INFO] Changes detected - recompiling the module!
[INFO] Compiling 38 source files to /home/runner/work/maven-builds/maven-builds/static/f/ybw0014/HotbarPets-CN/master/workspace/target/classes
[INFO] 
[INFO] --- maven-resources-plugin:2.6:testResources (default-testResources) @ HotbarPets ---
[INFO] Using 'UTF-8' encoding to copy filtered resources.
[INFO] skip non existing resourceDirectory /home/runner/work/maven-builds/maven-builds/static/f/ybw0014/HotbarPets-CN/master/workspace/src/test/resources
[INFO] 
[INFO] --- maven-compiler-plugin:3.1:testCompile (default-testCompile) @ HotbarPets ---
[INFO] No sources to compile
[INFO] 
[INFO] --- maven-surefire-plugin:2.12.4:test (default-test) @ HotbarPets ---
[INFO] No tests to run.
[INFO] 
[INFO] --- maven-jar-plugin:2.4:jar (default-jar) @ HotbarPets ---
[INFO] Building jar: /home/runner/work/maven-builds/maven-builds/static/f/ybw0014/HotbarPets-CN/master/workspace/target/HotbarPets-Build 1 zh-CN(ybw0014) (git fd4f271).jar
[INFO] 
[INFO] --- maven-shade-plugin:3.2.4:shade (default) @ HotbarPets ---
[INFO] Including org.bstats:bstats-bukkit:jar:2.2.1 in the shaded jar.
[INFO] Including org.bstats:bstats-base:jar:2.2.1 in the shaded jar.
[INFO] Replacing original artifact with shaded artifact.
[INFO] Replacing /home/runner/work/maven-builds/maven-builds/static/f/ybw0014/HotbarPets-CN/master/workspace/target/HotbarPets-Build 1 zh-CN(ybw0014) (git fd4f271).jar with /home/runner/work/maven-builds/maven-builds/static/f/ybw0014/HotbarPets-CN/master/workspace/target/HotbarPets-Build 1 zh-CN(ybw0014) (git fd4f271)-shaded.jar
[INFO] Dependency-reduced POM written at: /home/runner/work/maven-builds/maven-builds/static/f/ybw0014/HotbarPets-CN/master/workspace/dependency-reduced-pom.xml
[INFO] ------------------------------------------------------------------------
[INFO] BUILD SUCCESS
[INFO] ------------------------------------------------------------------------
[INFO] Total time:  6.044 s
[INFO] Finished at: 2021-10-14T00:30:38Z
[INFO] ------------------------------------------------------------------------
