[INFO] Scanning for projects...
[INFO] 
[INFO] --------------< net.guizhanss.minecraft:SfItemsExporter >---------------
[INFO] Building SfItemsExporter Build 1 zh-CN(ybw0014) (git 8652a0f)
[INFO] --------------------------------[ jar ]---------------------------------
[INFO] Downloading from central: https://repo.maven.apache.org/maven2/org/apache/maven/plugins/maven-compiler-plugin/3.10.1/maven-compiler-plugin-3.10.1.pom
[INFO] Downloaded from central: https://repo.maven.apache.org/maven2/org/apache/maven/plugins/maven-compiler-plugin/3.10.1/maven-compiler-plugin-3.10.1.pom (13 kB at 40 kB/s)
[INFO] Downloading from central: https://repo.maven.apache.org/maven2/org/apache/maven/plugins/maven-compiler-plugin/3.10.1/maven-compiler-plugin-3.10.1.jar
[INFO] Downloaded from central: https://repo.maven.apache.org/maven2/org/apache/maven/plugins/maven-compiler-plugin/3.10.1/maven-compiler-plugin-3.10.1.jar (62 kB at 1.4 MB/s)
[INFO] Downloading from central: https://repo.maven.apache.org/maven2/org/apache/maven/plugins/maven-shade-plugin/3.2.4/maven-shade-plugin-3.2.4.pom
[INFO] Downloaded from central: https://repo.maven.apache.org/maven2/org/apache/maven/plugins/maven-shade-plugin/3.2.4/maven-shade-plugin-3.2.4.pom (11 kB at 828 kB/s)
[INFO] Downloading from central: https://repo.maven.apache.org/maven2/org/apache/maven/plugins/maven-shade-plugin/3.2.4/maven-shade-plugin-3.2.4.jar
[INFO] Downloaded from central: https://repo.maven.apache.org/maven2/org/apache/maven/plugins/maven-shade-plugin/3.2.4/maven-shade-plugin-3.2.4.jar (134 kB at 4.2 MB/s)
[INFO] Downloading from spigotmc-repo: https://hub.spigotmc.org/nexus/content/repositories/snapshots/org/spigotmc/spigot-api/1.18.1-R0.1-SNAPSHOT/maven-metadata.xml
[INFO] Downloading from sonatype: https://oss.sonatype.org/content/groups/public/org/spigotmc/spigot-api/1.18.1-R0.1-SNAPSHOT/maven-metadata.xml
[INFO] Downloading from aikar: https://repo.aikar.co/content/groups/aikar/org/spigotmc/spigot-api/1.18.1-R0.1-SNAPSHOT/maven-metadata.xml
[INFO] Downloaded from spigotmc-repo: https://hub.spigotmc.org/nexus/content/repositories/snapshots/org/spigotmc/spigot-api/1.18.1-R0.1-SNAPSHOT/maven-metadata.xml (1.5 kB at 3.6 kB/s)
[INFO] Downloaded from aikar: https://repo.aikar.co/content/groups/aikar/org/spigotmc/spigot-api/1.18.1-R0.1-SNAPSHOT/maven-metadata.xml (1.5 kB at 2.8 kB/s)
[INFO] Downloading from spigotmc-repo: https://hub.spigotmc.org/nexus/content/repositories/snapshots/org/spigotmc/spigot-api/1.18.1-R0.1-SNAPSHOT/spigot-api-1.18.1-R0.1-20220228.150432-81.pom
[INFO] Downloaded from spigotmc-repo: https://hub.spigotmc.org/nexus/content/repositories/snapshots/org/spigotmc/spigot-api/1.18.1-R0.1-SNAPSHOT/spigot-api-1.18.1-R0.1-20220228.150432-81.pom (0 B at 0 B/s)
[INFO] Downloading from spigotmc-repo: https://hub.spigotmc.org/nexus/content/repositories/snapshots/commons-lang/commons-lang/2.6/commons-lang-2.6.pom
[INFO] Downloading from sonatype: https://oss.sonatype.org/content/groups/public/commons-lang/commons-lang/2.6/commons-lang-2.6.pom
[INFO] Downloaded from sonatype: https://oss.sonatype.org/content/groups/public/commons-lang/commons-lang/2.6/commons-lang-2.6.pom (0 B at 0 B/s)
[INFO] Downloading from spigotmc-repo: https://hub.spigotmc.org/nexus/content/repositories/snapshots/org/apache/commons/commons-parent/17/commons-parent-17.pom
[INFO] Downloading from sonatype: https://oss.sonatype.org/content/groups/public/org/apache/commons/commons-parent/17/commons-parent-17.pom
[INFO] Downloaded from sonatype: https://oss.sonatype.org/content/groups/public/org/apache/commons/commons-parent/17/commons-parent-17.pom (0 B at 0 B/s)
[INFO] Downloading from spigotmc-repo: https://hub.spigotmc.org/nexus/content/repositories/snapshots/org/apache/apache/7/apache-7.pom
[INFO] Downloading from sonatype: https://oss.sonatype.org/content/groups/public/org/apache/apache/7/apache-7.pom
[INFO] Downloaded from sonatype: https://oss.sonatype.org/content/groups/public/org/apache/apache/7/apache-7.pom (0 B at 0 B/s)
[INFO] Downloading from spigotmc-repo: https://hub.spigotmc.org/nexus/content/repositories/snapshots/com/google/guava/guava/31.0.1-jre/guava-31.0.1-jre.pom
[INFO] Downloading from sonatype: https://oss.sonatype.org/content/groups/public/com/google/guava/guava/31.0.1-jre/guava-31.0.1-jre.pom
[INFO] Downloaded from sonatype: https://oss.sonatype.org/content/groups/public/com/google/guava/guava/31.0.1-jre/guava-31.0.1-jre.pom (0 B at 0 B/s)
[INFO] Downloading from spigotmc-repo: https://hub.spigotmc.org/nexus/content/repositories/snapshots/com/google/guava/guava-parent/31.0.1-jre/guava-parent-31.0.1-jre.pom
[INFO] Downloading from sonatype: https://oss.sonatype.org/content/groups/public/com/google/guava/guava-parent/31.0.1-jre/guava-parent-31.0.1-jre.pom
[INFO] Downloaded from sonatype: https://oss.sonatype.org/content/groups/public/com/google/guava/guava-parent/31.0.1-jre/guava-parent-31.0.1-jre.pom (0 B at 0 B/s)
[INFO] Downloading from spigotmc-repo: https://hub.spigotmc.org/nexus/content/repositories/snapshots/com/google/guava/failureaccess/1.0.1/failureaccess-1.0.1.pom
[INFO] Downloading from sonatype: https://oss.sonatype.org/content/groups/public/com/google/guava/failureaccess/1.0.1/failureaccess-1.0.1.pom
[INFO] Downloaded from sonatype: https://oss.sonatype.org/content/groups/public/com/google/guava/failureaccess/1.0.1/failureaccess-1.0.1.pom (0 B at 0 B/s)
[INFO] Downloading from spigotmc-repo: https://hub.spigotmc.org/nexus/content/repositories/snapshots/com/google/guava/guava-parent/26.0-android/guava-parent-26.0-android.pom
[INFO] Downloading from sonatype: https://oss.sonatype.org/content/groups/public/com/google/guava/guava-parent/26.0-android/guava-parent-26.0-android.pom
[INFO] Downloaded from sonatype: https://oss.sonatype.org/content/groups/public/com/google/guava/guava-parent/26.0-android/guava-parent-26.0-android.pom (0 B at 0 B/s)
[INFO] Downloading from spigotmc-repo: https://hub.spigotmc.org/nexus/content/repositories/snapshots/org/sonatype/oss/oss-parent/9/oss-parent-9.pom
[INFO] Downloading from sonatype: https://oss.sonatype.org/content/groups/public/org/sonatype/oss/oss-parent/9/oss-parent-9.pom
[INFO] Downloaded from sonatype: https://oss.sonatype.org/content/groups/public/org/sonatype/oss/oss-parent/9/oss-parent-9.pom (0 B at 0 B/s)
[INFO] Downloading from spigotmc-repo: https://hub.spigotmc.org/nexus/content/repositories/snapshots/com/google/guava/listenablefuture/9999.0-empty-to-avoid-conflict-with-guava/listenablefuture-9999.0-empty-to-avoid-conflict-with-guava.pom
[INFO] Downloading from sonatype: https://oss.sonatype.org/content/groups/public/com/google/guava/listenablefuture/9999.0-empty-to-avoid-conflict-with-guava/listenablefuture-9999.0-empty-to-avoid-conflict-with-guava.pom
[INFO] Downloaded from sonatype: https://oss.sonatype.org/content/groups/public/com/google/guava/listenablefuture/9999.0-empty-to-avoid-conflict-with-guava/listenablefuture-9999.0-empty-to-avoid-conflict-with-guava.pom (0 B at 0 B/s)
[INFO] Downloading from spigotmc-repo: https://hub.spigotmc.org/nexus/content/repositories/snapshots/com/google/code/findbugs/jsr305/3.0.2/jsr305-3.0.2.pom
[INFO] Downloading from sonatype: https://oss.sonatype.org/content/groups/public/com/google/code/findbugs/jsr305/3.0.2/jsr305-3.0.2.pom
[INFO] Downloaded from sonatype: https://oss.sonatype.org/content/groups/public/com/google/code/findbugs/jsr305/3.0.2/jsr305-3.0.2.pom (0 B at 0 B/s)
[INFO] Downloading from spigotmc-repo: https://hub.spigotmc.org/nexus/content/repositories/snapshots/org/sonatype/oss/oss-parent/7/oss-parent-7.pom
[INFO] Downloading from sonatype: https://oss.sonatype.org/content/groups/public/org/sonatype/oss/oss-parent/7/oss-parent-7.pom
[INFO] Downloaded from sonatype: https://oss.sonatype.org/content/groups/public/org/sonatype/oss/oss-parent/7/oss-parent-7.pom (0 B at 0 B/s)
[INFO] Downloading from spigotmc-repo: https://hub.spigotmc.org/nexus/content/repositories/snapshots/org/checkerframework/checker-qual/3.12.0/checker-qual-3.12.0.pom
[INFO] Downloading from sonatype: https://oss.sonatype.org/content/groups/public/org/checkerframework/checker-qual/3.12.0/checker-qual-3.12.0.pom
[INFO] Downloaded from sonatype: https://oss.sonatype.org/content/groups/public/org/checkerframework/checker-qual/3.12.0/checker-qual-3.12.0.pom (0 B at 0 B/s)
[INFO] Downloading from spigotmc-repo: https://hub.spigotmc.org/nexus/content/repositories/snapshots/com/google/errorprone/error_prone_annotations/2.7.1/error_prone_annotations-2.7.1.pom
[INFO] Downloading from sonatype: https://oss.sonatype.org/content/groups/public/com/google/errorprone/error_prone_annotations/2.7.1/error_prone_annotations-2.7.1.pom
[INFO] Downloaded from sonatype: https://oss.sonatype.org/content/groups/public/com/google/errorprone/error_prone_annotations/2.7.1/error_prone_annotations-2.7.1.pom (0 B at 0 B/s)
[INFO] Downloading from spigotmc-repo: https://hub.spigotmc.org/nexus/content/repositories/snapshots/com/google/errorprone/error_prone_parent/2.7.1/error_prone_parent-2.7.1.pom
[INFO] Downloading from sonatype: https://oss.sonatype.org/content/groups/public/com/google/errorprone/error_prone_parent/2.7.1/error_prone_parent-2.7.1.pom
[INFO] Downloaded from sonatype: https://oss.sonatype.org/content/groups/public/com/google/errorprone/error_prone_parent/2.7.1/error_prone_parent-2.7.1.pom (0 B at 0 B/s)
[INFO] Downloading from spigotmc-repo: https://hub.spigotmc.org/nexus/content/repositories/snapshots/com/google/j2objc/j2objc-annotations/1.3/j2objc-annotations-1.3.pom
[INFO] Downloading from sonatype: https://oss.sonatype.org/content/groups/public/com/google/j2objc/j2objc-annotations/1.3/j2objc-annotations-1.3.pom
[INFO] Downloaded from sonatype: https://oss.sonatype.org/content/groups/public/com/google/j2objc/j2objc-annotations/1.3/j2objc-annotations-1.3.pom (0 B at 0 B/s)
[INFO] Downloading from spigotmc-repo: https://hub.spigotmc.org/nexus/content/repositories/snapshots/com/google/code/gson/gson/2.8.8/gson-2.8.8.pom
[INFO] Downloading from sonatype: https://oss.sonatype.org/content/groups/public/com/google/code/gson/gson/2.8.8/gson-2.8.8.pom
[INFO] Downloaded from sonatype: https://oss.sonatype.org/content/groups/public/com/google/code/gson/gson/2.8.8/gson-2.8.8.pom (0 B at 0 B/s)
[INFO] Downloading from spigotmc-repo: https://hub.spigotmc.org/nexus/content/repositories/snapshots/com/google/code/gson/gson-parent/2.8.8/gson-parent-2.8.8.pom
[INFO] Downloading from sonatype: https://oss.sonatype.org/content/groups/public/com/google/code/gson/gson-parent/2.8.8/gson-parent-2.8.8.pom
[INFO] Downloaded from sonatype: https://oss.sonatype.org/content/groups/public/com/google/code/gson/gson-parent/2.8.8/gson-parent-2.8.8.pom (0 B at 0 B/s)
[INFO] Downloading from spigotmc-repo: https://hub.spigotmc.org/nexus/content/repositories/snapshots/net/md-5/bungeecord-chat/1.16-R0.4/bungeecord-chat-1.16-R0.4.pom
[INFO] Downloading from sonatype: https://oss.sonatype.org/content/groups/public/net/md-5/bungeecord-chat/1.16-R0.4/bungeecord-chat-1.16-R0.4.pom
[INFO] Downloaded from sonatype: https://oss.sonatype.org/content/groups/public/net/md-5/bungeecord-chat/1.16-R0.4/bungeecord-chat-1.16-R0.4.pom (0 B at 0 B/s)
[INFO] Downloading from spigotmc-repo: https://hub.spigotmc.org/nexus/content/repositories/snapshots/net/md-5/bungeecord-parent/1.16-R0.4/bungeecord-parent-1.16-R0.4.pom
[INFO] Downloading from sonatype: https://oss.sonatype.org/content/groups/public/net/md-5/bungeecord-parent/1.16-R0.4/bungeecord-parent-1.16-R0.4.pom
[INFO] Downloaded from sonatype: https://oss.sonatype.org/content/groups/public/net/md-5/bungeecord-parent/1.16-R0.4/bungeecord-parent-1.16-R0.4.pom (0 B at 0 B/s)
[INFO] Downloading from spigotmc-repo: https://hub.spigotmc.org/nexus/content/repositories/snapshots/com/google/code/gson/gson/2.8.0/gson-2.8.0.pom
[INFO] Downloading from sonatype: https://oss.sonatype.org/content/groups/public/com/google/code/gson/gson/2.8.0/gson-2.8.0.pom
[INFO] Downloaded from sonatype: https://oss.sonatype.org/content/groups/public/com/google/code/gson/gson/2.8.0/gson-2.8.0.pom (0 B at 0 B/s)
[INFO] Downloading from spigotmc-repo: https://hub.spigotmc.org/nexus/content/repositories/snapshots/com/google/code/gson/gson-parent/2.8.0/gson-parent-2.8.0.pom
[INFO] Downloading from sonatype: https://oss.sonatype.org/content/groups/public/com/google/code/gson/gson-parent/2.8.0/gson-parent-2.8.0.pom
[INFO] Downloaded from sonatype: https://oss.sonatype.org/content/groups/public/com/google/code/gson/gson-parent/2.8.0/gson-parent-2.8.0.pom (0 B at 0 B/s)
[INFO] Downloading from spigotmc-repo: https://hub.spigotmc.org/nexus/content/repositories/snapshots/com/google/guava/guava/21.0/guava-21.0.pom
[INFO] Downloading from sonatype: https://oss.sonatype.org/content/groups/public/com/google/guava/guava/21.0/guava-21.0.pom
[INFO] Downloaded from sonatype: https://oss.sonatype.org/content/groups/public/com/google/guava/guava/21.0/guava-21.0.pom (0 B at 0 B/s)
[INFO] Downloading from spigotmc-repo: https://hub.spigotmc.org/nexus/content/repositories/snapshots/com/google/guava/guava-parent/21.0/guava-parent-21.0.pom
[INFO] Downloading from sonatype: https://oss.sonatype.org/content/groups/public/com/google/guava/guava-parent/21.0/guava-parent-21.0.pom
[INFO] Downloaded from sonatype: https://oss.sonatype.org/content/groups/public/com/google/guava/guava-parent/21.0/guava-parent-21.0.pom (0 B at 0 B/s)
[INFO] Downloading from spigotmc-repo: https://hub.spigotmc.org/nexus/content/repositories/snapshots/org/yaml/snakeyaml/1.30/snakeyaml-1.30.pom
[INFO] Downloading from sonatype: https://oss.sonatype.org/content/groups/public/org/yaml/snakeyaml/1.30/snakeyaml-1.30.pom
[INFO] Downloaded from sonatype: https://oss.sonatype.org/content/groups/public/org/yaml/snakeyaml/1.30/snakeyaml-1.30.pom (0 B at 0 B/s)
[INFO] Downloading from spigotmc-repo: https://hub.spigotmc.org/nexus/content/repositories/snapshots/com/github/Slimefun/Slimefun4/RC-30/Slimefun4-RC-30.pom
[INFO] Downloading from sonatype: https://oss.sonatype.org/content/groups/public/com/github/Slimefun/Slimefun4/RC-30/Slimefun4-RC-30.pom
[INFO] Downloading from jitpack.io: https://jitpack.io/com/github/Slimefun/Slimefun4/RC-30/Slimefun4-RC-30.pom
[INFO] Downloaded from jitpack.io: https://jitpack.io/com/github/Slimefun/Slimefun4/RC-30/Slimefun4-RC-30.pom (14 kB at 41 kB/s)
[INFO] Downloading from spigotmc-repo: https://hub.spigotmc.org/nexus/content/repositories/snapshots/net/guizhanss/GuizhanLib/0.6.1/GuizhanLib-0.6.1.pom
[INFO] Downloading from sonatype: https://oss.sonatype.org/content/groups/public/net/guizhanss/GuizhanLib/0.6.1/GuizhanLib-0.6.1.pom
[INFO] Downloading from jitpack.io: https://jitpack.io/net/guizhanss/GuizhanLib/0.6.1/GuizhanLib-0.6.1.pom
[INFO] Downloaded from jitpack.io: https://jitpack.io/net/guizhanss/GuizhanLib/0.6.1/GuizhanLib-0.6.1.pom (4.2 kB at 11 kB/s)
[INFO] Downloading from spigotmc-repo: https://hub.spigotmc.org/nexus/content/repositories/snapshots/co/aikar/acf-paper/0.5.0-SNAPSHOT/maven-metadata.xml
[INFO] Downloading from sonatype: https://oss.sonatype.org/content/groups/public/co/aikar/acf-paper/0.5.0-SNAPSHOT/maven-metadata.xml
[INFO] Downloading from jitpack.io: https://jitpack.io/co/aikar/acf-paper/0.5.0-SNAPSHOT/maven-metadata.xml
[INFO] Downloading from aikar: https://repo.aikar.co/content/groups/aikar/co/aikar/acf-paper/0.5.0-SNAPSHOT/maven-metadata.xml
[INFO] Downloaded from aikar: https://repo.aikar.co/content/groups/aikar/co/aikar/acf-paper/0.5.0-SNAPSHOT/maven-metadata.xml (1.4 kB at 4.7 kB/s)
[INFO] Downloading from spigotmc-repo: https://hub.spigotmc.org/nexus/content/repositories/snapshots/co/aikar/acf-paper/0.5.0-SNAPSHOT/acf-paper-0.5.0-20211221.164011-172.pom
[INFO] Downloading from sonatype: https://oss.sonatype.org/content/groups/public/co/aikar/acf-paper/0.5.0-SNAPSHOT/acf-paper-0.5.0-20211221.164011-172.pom
[INFO] Downloading from jitpack.io: https://jitpack.io/co/aikar/acf-paper/0.5.0-SNAPSHOT/acf-paper-0.5.0-20211221.164011-172.pom
[INFO] Downloading from aikar: https://repo.aikar.co/content/groups/aikar/co/aikar/acf-paper/0.5.0-SNAPSHOT/acf-paper-0.5.0-20211221.164011-172.pom
[INFO] Downloaded from aikar: https://repo.aikar.co/content/groups/aikar/co/aikar/acf-paper/0.5.0-SNAPSHOT/acf-paper-0.5.0-20211221.164011-172.pom (3.8 kB at 25 kB/s)
[INFO] Downloading from spigotmc-repo: https://hub.spigotmc.org/nexus/content/repositories/snapshots/co/aikar/acf-parent/0.5.0-SNAPSHOT/maven-metadata.xml
[INFO] Downloading from sonatype: https://oss.sonatype.org/content/groups/public/co/aikar/acf-parent/0.5.0-SNAPSHOT/maven-metadata.xml
[INFO] Downloading from jitpack.io: https://jitpack.io/co/aikar/acf-parent/0.5.0-SNAPSHOT/maven-metadata.xml
[INFO] Downloading from aikar: https://repo.aikar.co/content/groups/aikar/co/aikar/acf-parent/0.5.0-SNAPSHOT/maven-metadata.xml
[INFO] Downloaded from aikar: https://repo.aikar.co/content/groups/aikar/co/aikar/acf-parent/0.5.0-SNAPSHOT/maven-metadata.xml (814 B at 5.4 kB/s)
[INFO] Downloading from aikar: https://repo.aikar.co/content/groups/aikar/co/aikar/acf-parent/0.5.0-SNAPSHOT/acf-parent-0.5.0-20211221.163947-176.pom
[INFO] Downloaded from aikar: https://repo.aikar.co/content/groups/aikar/co/aikar/acf-parent/0.5.0-SNAPSHOT/acf-parent-0.5.0-20211221.163947-176.pom (8.3 kB at 55 kB/s)
[INFO] Downloading from spigotmc-repo: https://hub.spigotmc.org/nexus/content/repositories/snapshots/org/spigotmc/spigot-api/1.18.1-R0.1-SNAPSHOT/spigot-api-1.18.1-R0.1-20220228.150432-81.jar
[INFO] Downloading from spigotmc-repo: https://hub.spigotmc.org/nexus/content/repositories/snapshots/commons-lang/commons-lang/2.6/commons-lang-2.6.jar
[INFO] Downloading from spigotmc-repo: https://hub.spigotmc.org/nexus/content/repositories/snapshots/com/google/guava/guava/31.0.1-jre/guava-31.0.1-jre.jar
[INFO] Downloading from spigotmc-repo: https://hub.spigotmc.org/nexus/content/repositories/snapshots/com/google/guava/failureaccess/1.0.1/failureaccess-1.0.1.jar
[INFO] Downloading from spigotmc-repo: https://hub.spigotmc.org/nexus/content/repositories/snapshots/com/google/guava/listenablefuture/9999.0-empty-to-avoid-conflict-with-guava/listenablefuture-9999.0-empty-to-avoid-conflict-with-guava.jar
[INFO] Downloaded from spigotmc-repo: https://hub.spigotmc.org/nexus/content/repositories/snapshots/org/spigotmc/spigot-api/1.18.1-R0.1-SNAPSHOT/spigot-api-1.18.1-R0.1-20220228.150432-81.jar (0 B at 0 B/s)
[INFO] Downloading from spigotmc-repo: https://hub.spigotmc.org/nexus/content/repositories/snapshots/com/google/code/findbugs/jsr305/3.0.2/jsr305-3.0.2.jar
[INFO] Downloading from spigotmc-repo: https://hub.spigotmc.org/nexus/content/repositories/snapshots/org/checkerframework/checker-qual/3.12.0/checker-qual-3.12.0.jar
[INFO] Downloading from spigotmc-repo: https://hub.spigotmc.org/nexus/content/repositories/snapshots/com/google/errorprone/error_prone_annotations/2.7.1/error_prone_annotations-2.7.1.jar
[INFO] Downloading from spigotmc-repo: https://hub.spigotmc.org/nexus/content/repositories/snapshots/com/google/j2objc/j2objc-annotations/1.3/j2objc-annotations-1.3.jar
[INFO] Downloading from spigotmc-repo: https://hub.spigotmc.org/nexus/content/repositories/snapshots/com/google/code/gson/gson/2.8.8/gson-2.8.8.jar
[INFO] Downloading from spigotmc-repo: https://hub.spigotmc.org/nexus/content/repositories/snapshots/net/md-5/bungeecord-chat/1.16-R0.4/bungeecord-chat-1.16-R0.4.jar
[INFO] Downloading from spigotmc-repo: https://hub.spigotmc.org/nexus/content/repositories/snapshots/org/yaml/snakeyaml/1.30/snakeyaml-1.30.jar
[INFO] Downloading from spigotmc-repo: https://hub.spigotmc.org/nexus/content/repositories/snapshots/com/github/Slimefun/Slimefun4/RC-30/Slimefun4-RC-30.jar
[INFO] Downloading from spigotmc-repo: https://hub.spigotmc.org/nexus/content/repositories/snapshots/net/guizhanss/GuizhanLib/0.6.1/GuizhanLib-0.6.1.jar
[INFO] Downloading from sonatype: https://oss.sonatype.org/content/groups/public/commons-lang/commons-lang/2.6/commons-lang-2.6.jar
[INFO] Downloading from sonatype: https://oss.sonatype.org/content/groups/public/com/google/guava/guava/31.0.1-jre/guava-31.0.1-jre.jar
[INFO] Downloading from sonatype: https://oss.sonatype.org/content/groups/public/com/google/guava/failureaccess/1.0.1/failureaccess-1.0.1.jar
[INFO] Downloading from sonatype: https://oss.sonatype.org/content/groups/public/com/google/guava/listenablefuture/9999.0-empty-to-avoid-conflict-with-guava/listenablefuture-9999.0-empty-to-avoid-conflict-with-guava.jar
[INFO] Downloading from sonatype: https://oss.sonatype.org/content/groups/public/com/google/code/findbugs/jsr305/3.0.2/jsr305-3.0.2.jar
[INFO] Downloaded from sonatype: https://oss.sonatype.org/content/groups/public/commons-lang/commons-lang/2.6/commons-lang-2.6.jar (0 B at 0 B/s)
[INFO] Downloading from sonatype: https://oss.sonatype.org/content/groups/public/org/checkerframework/checker-qual/3.12.0/checker-qual-3.12.0.jar
[INFO] Downloaded from sonatype: https://oss.sonatype.org/content/groups/public/org/checkerframework/checker-qual/3.12.0/checker-qual-3.12.0.jar (0 B at 0 B/s)
[INFO] Downloading from sonatype: https://oss.sonatype.org/content/groups/public/com/google/errorprone/error_prone_annotations/2.7.1/error_prone_annotations-2.7.1.jar
[INFO] Downloaded from sonatype: https://oss.sonatype.org/content/groups/public/com/google/errorprone/error_prone_annotations/2.7.1/error_prone_annotations-2.7.1.jar (0 B at 0 B/s)
[INFO] Downloading from sonatype: https://oss.sonatype.org/content/groups/public/com/google/j2objc/j2objc-annotations/1.3/j2objc-annotations-1.3.jar
[INFO] Downloaded from sonatype: https://oss.sonatype.org/content/groups/public/com/google/guava/failureaccess/1.0.1/failureaccess-1.0.1.jar (0 B at 0 B/s)
[INFO] Downloading from sonatype: https://oss.sonatype.org/content/groups/public/com/google/code/gson/gson/2.8.8/gson-2.8.8.jar
[INFO] Downloaded from sonatype: https://oss.sonatype.org/content/groups/public/com/google/guava/guava/31.0.1-jre/guava-31.0.1-jre.jar (0 B at 0 B/s)
[INFO] Downloading from sonatype: https://oss.sonatype.org/content/groups/public/net/md-5/bungeecord-chat/1.16-R0.4/bungeecord-chat-1.16-R0.4.jar
[INFO] Downloaded from sonatype: https://oss.sonatype.org/content/groups/public/com/google/guava/listenablefuture/9999.0-empty-to-avoid-conflict-with-guava/listenablefuture-9999.0-empty-to-avoid-conflict-with-guava.jar (0 B at 0 B/s)
[INFO] Downloading from sonatype: https://oss.sonatype.org/content/groups/public/org/yaml/snakeyaml/1.30/snakeyaml-1.30.jar
[INFO] Downloaded from sonatype: https://oss.sonatype.org/content/groups/public/com/google/j2objc/j2objc-annotations/1.3/j2objc-annotations-1.3.jar (0 B at 0 B/s)
[INFO] Downloading from sonatype: https://oss.sonatype.org/content/groups/public/com/github/Slimefun/Slimefun4/RC-30/Slimefun4-RC-30.jar
[INFO] Downloaded from sonatype: https://oss.sonatype.org/content/groups/public/com/google/code/findbugs/jsr305/3.0.2/jsr305-3.0.2.jar (0 B at 0 B/s)
[INFO] Downloading from sonatype: https://oss.sonatype.org/content/groups/public/net/guizhanss/GuizhanLib/0.6.1/GuizhanLib-0.6.1.jar
[INFO] Downloaded from sonatype: https://oss.sonatype.org/content/groups/public/com/google/code/gson/gson/2.8.8/gson-2.8.8.jar (0 B at 0 B/s)
[INFO] Downloaded from sonatype: https://oss.sonatype.org/content/groups/public/net/md-5/bungeecord-chat/1.16-R0.4/bungeecord-chat-1.16-R0.4.jar (0 B at 0 B/s)
[INFO] Downloaded from sonatype: https://oss.sonatype.org/content/groups/public/org/yaml/snakeyaml/1.30/snakeyaml-1.30.jar (0 B at 0 B/s)
[INFO] Downloading from jitpack.io: https://jitpack.io/com/github/Slimefun/Slimefun4/RC-30/Slimefun4-RC-30.jar
[INFO] Downloading from jitpack.io: https://jitpack.io/net/guizhanss/GuizhanLib/0.6.1/GuizhanLib-0.6.1.jar
[INFO] Downloaded from jitpack.io: https://jitpack.io/net/guizhanss/GuizhanLib/0.6.1/GuizhanLib-0.6.1.jar (129 kB at 308 kB/s)
[INFO] Downloaded from jitpack.io: https://jitpack.io/com/github/Slimefun/Slimefun4/RC-30/Slimefun4-RC-30.jar (4.3 MB at 4.8 MB/s)
[INFO] Downloading from aikar: https://repo.aikar.co/content/groups/aikar/co/aikar/acf-paper/0.5.0-SNAPSHOT/acf-paper-0.5.0-20211221.164011-172.jar
[INFO] Downloaded from aikar: https://repo.aikar.co/content/groups/aikar/co/aikar/acf-paper/0.5.0-SNAPSHOT/acf-paper-0.5.0-20211221.164011-172.jar (332 kB at 457 kB/s)
[INFO] 
[INFO] --- maven-clean-plugin:2.5:clean (default-clean) @ SfItemsExporter ---
[INFO] 
[INFO] --- maven-resources-plugin:2.6:resources (default-resources) @ SfItemsExporter ---
[INFO] Using 'UTF-8' encoding to copy filtered resources.
[INFO] Copying 2 resources
[INFO] 
[INFO] --- maven-compiler-plugin:3.10.1:compile (default-compile) @ SfItemsExporter ---
[INFO] Downloading from central: https://repo.maven.apache.org/maven2/org/apache/maven/shared/maven-shared-utils/3.3.4/maven-shared-utils-3.3.4.pom
[INFO] Downloaded from central: https://repo.maven.apache.org/maven2/org/apache/maven/shared/maven-shared-utils/3.3.4/maven-shared-utils-3.3.4.pom (5.8 kB at 583 kB/s)
[INFO] Downloading from central: https://repo.maven.apache.org/maven2/org/codehaus/plexus/plexus-java/1.1.1/plexus-java-1.1.1.pom
[INFO] Downloaded from central: https://repo.maven.apache.org/maven2/org/codehaus/plexus/plexus-java/1.1.1/plexus-java-1.1.1.pom (5.0 kB at 710 kB/s)
[INFO] Downloading from central: https://repo.maven.apache.org/maven2/org/codehaus/plexus/plexus-languages/1.1.1/plexus-languages-1.1.1.pom
[INFO] Downloaded from central: https://repo.maven.apache.org/maven2/org/codehaus/plexus/plexus-languages/1.1.1/plexus-languages-1.1.1.pom (4.6 kB at 461 kB/s)
[INFO] Downloading from central: https://repo.maven.apache.org/maven2/org/codehaus/plexus/plexus/8/plexus-8.pom
[INFO] Downloaded from central: https://repo.maven.apache.org/maven2/org/codehaus/plexus/plexus/8/plexus-8.pom (25 kB at 2.8 MB/s)
[INFO] Downloading from central: https://repo.maven.apache.org/maven2/com/thoughtworks/qdox/qdox/2.0.1/qdox-2.0.1.pom
[INFO] Downloaded from central: https://repo.maven.apache.org/maven2/com/thoughtworks/qdox/qdox/2.0.1/qdox-2.0.1.pom (16 kB at 1.6 MB/s)
[INFO] Downloading from central: https://repo.maven.apache.org/maven2/org/codehaus/plexus/plexus-compiler-api/2.11.1/plexus-compiler-api-2.11.1.pom
[INFO] Downloaded from central: https://repo.maven.apache.org/maven2/org/codehaus/plexus/plexus-compiler-api/2.11.1/plexus-compiler-api-2.11.1.pom (1.1 kB at 151 kB/s)
[INFO] Downloading from central: https://repo.maven.apache.org/maven2/org/codehaus/plexus/plexus-compiler/2.11.1/plexus-compiler-2.11.1.pom
[INFO] Downloaded from central: https://repo.maven.apache.org/maven2/org/codehaus/plexus/plexus-compiler/2.11.1/plexus-compiler-2.11.1.pom (8.1 kB at 1.0 MB/s)
[INFO] Downloading from central: https://repo.maven.apache.org/maven2/org/codehaus/plexus/plexus-components/6.6/plexus-components-6.6.pom
[INFO] Downloaded from central: https://repo.maven.apache.org/maven2/org/codehaus/plexus/plexus-components/6.6/plexus-components-6.6.pom (2.7 kB at 268 kB/s)
[INFO] Downloading from central: https://repo.maven.apache.org/maven2/org/junit/junit-bom/5.8.2/junit-bom-5.8.2.pom
[INFO] Downloaded from central: https://repo.maven.apache.org/maven2/org/junit/junit-bom/5.8.2/junit-bom-5.8.2.pom (5.6 kB at 938 kB/s)
[INFO] Downloading from central: https://repo.maven.apache.org/maven2/org/codehaus/plexus/plexus-utils/3.4.1/plexus-utils-3.4.1.pom
[INFO] Downloaded from central: https://repo.maven.apache.org/maven2/org/codehaus/plexus/plexus-utils/3.4.1/plexus-utils-3.4.1.pom (8.0 kB at 724 kB/s)
[INFO] Downloading from central: https://repo.maven.apache.org/maven2/org/codehaus/plexus/plexus-compiler-manager/2.11.1/plexus-compiler-manager-2.11.1.pom
[INFO] Downloaded from central: https://repo.maven.apache.org/maven2/org/codehaus/plexus/plexus-compiler-manager/2.11.1/plexus-compiler-manager-2.11.1.pom (1.1 kB at 103 kB/s)
[INFO] Downloading from central: https://repo.maven.apache.org/maven2/org/codehaus/plexus/plexus-compiler-javac/2.11.1/plexus-compiler-javac-2.11.1.pom
[INFO] Downloaded from central: https://repo.maven.apache.org/maven2/org/codehaus/plexus/plexus-compiler-javac/2.11.1/plexus-compiler-javac-2.11.1.pom (1.2 kB at 150 kB/s)
[INFO] Downloading from central: https://repo.maven.apache.org/maven2/org/codehaus/plexus/plexus-compilers/2.11.1/plexus-compilers-2.11.1.pom
[INFO] Downloaded from central: https://repo.maven.apache.org/maven2/org/codehaus/plexus/plexus-compilers/2.11.1/plexus-compilers-2.11.1.pom (1.3 kB at 132 kB/s)
[INFO] Downloading from central: https://repo.maven.apache.org/maven2/org/apache/maven/shared/maven-shared-utils/3.3.4/maven-shared-utils-3.3.4.jar
[INFO] Downloading from central: https://repo.maven.apache.org/maven2/org/codehaus/plexus/plexus-java/1.1.1/plexus-java-1.1.1.jar
[INFO] Downloading from central: https://repo.maven.apache.org/maven2/com/thoughtworks/qdox/qdox/2.0.1/qdox-2.0.1.jar
[INFO] Downloading from central: https://repo.maven.apache.org/maven2/org/codehaus/plexus/plexus-utils/3.4.1/plexus-utils-3.4.1.jar
[INFO] Downloading from central: https://repo.maven.apache.org/maven2/org/codehaus/plexus/plexus-compiler-api/2.11.1/plexus-compiler-api-2.11.1.jar
[INFO] Downloaded from central: https://repo.maven.apache.org/maven2/org/codehaus/plexus/plexus-java/1.1.1/plexus-java-1.1.1.jar (54 kB at 1.3 MB/s)
[INFO] Downloading from central: https://repo.maven.apache.org/maven2/org/codehaus/plexus/plexus-compiler-manager/2.11.1/plexus-compiler-manager-2.11.1.jar
[INFO] Downloaded from central: https://repo.maven.apache.org/maven2/org/codehaus/plexus/plexus-compiler-api/2.11.1/plexus-compiler-api-2.11.1.jar (27 kB at 641 kB/s)
[INFO] Downloading from central: https://repo.maven.apache.org/maven2/org/codehaus/plexus/plexus-compiler-javac/2.11.1/plexus-compiler-javac-2.11.1.jar
[INFO] Downloaded from central: https://repo.maven.apache.org/maven2/org/apache/maven/shared/maven-shared-utils/3.3.4/maven-shared-utils-3.3.4.jar (153 kB at 2.9 MB/s)
[INFO] Downloaded from central: https://repo.maven.apache.org/maven2/org/codehaus/plexus/plexus-compiler-manager/2.11.1/plexus-compiler-manager-2.11.1.jar (4.7 kB at 122 kB/s)
[INFO] Downloaded from central: https://repo.maven.apache.org/maven2/org/codehaus/plexus/plexus-compiler-javac/2.11.1/plexus-compiler-javac-2.11.1.jar (23 kB at 519 kB/s)
[INFO] Downloaded from central: https://repo.maven.apache.org/maven2/org/codehaus/plexus/plexus-utils/3.4.1/plexus-utils-3.4.1.jar (264 kB at 4.7 MB/s)
[INFO] Downloaded from central: https://repo.maven.apache.org/maven2/com/thoughtworks/qdox/qdox/2.0.1/qdox-2.0.1.jar (334 kB at 5.1 MB/s)
[INFO] Changes detected - recompiling the module!
[INFO] Compiling 7 source files to /home/runner/work/maven-builds/maven-builds/static/f/ybw0014/SfItemsExporter/master/workspace/target/classes
[INFO] 
[INFO] --- maven-resources-plugin:2.6:testResources (default-testResources) @ SfItemsExporter ---
[INFO] Using 'UTF-8' encoding to copy filtered resources.
[INFO] skip non existing resourceDirectory /home/runner/work/maven-builds/maven-builds/static/f/ybw0014/SfItemsExporter/master/workspace/src/test/resources
[INFO] 
[INFO] --- maven-compiler-plugin:3.10.1:testCompile (default-testCompile) @ SfItemsExporter ---
[INFO] No sources to compile
[INFO] 
[INFO] --- maven-surefire-plugin:2.12.4:test (default-test) @ SfItemsExporter ---
[INFO] Downloading from central: https://repo.maven.apache.org/maven2/org/apache/maven/surefire/surefire-booter/2.12.4/surefire-booter-2.12.4.pom
[INFO] Downloaded from central: https://repo.maven.apache.org/maven2/org/apache/maven/surefire/surefire-booter/2.12.4/surefire-booter-2.12.4.pom (3.0 kB at 168 kB/s)
[INFO] Downloading from central: https://repo.maven.apache.org/maven2/org/apache/maven/surefire/surefire-api/2.12.4/surefire-api-2.12.4.pom
[INFO] Downloaded from central: https://repo.maven.apache.org/maven2/org/apache/maven/surefire/surefire-api/2.12.4/surefire-api-2.12.4.pom (2.5 kB at 226 kB/s)
[INFO] Downloading from central: https://repo.maven.apache.org/maven2/org/apache/maven/surefire/maven-surefire-common/2.12.4/maven-surefire-common-2.12.4.pom
[INFO] Downloaded from central: https://repo.maven.apache.org/maven2/org/apache/maven/surefire/maven-surefire-common/2.12.4/maven-surefire-common-2.12.4.pom (5.5 kB at 240 kB/s)
[INFO] Downloading from central: https://repo.maven.apache.org/maven2/org/apache/maven/plugin-tools/maven-plugin-annotations/3.1/maven-plugin-annotations-3.1.pom
[INFO] Downloaded from central: https://repo.maven.apache.org/maven2/org/apache/maven/plugin-tools/maven-plugin-annotations/3.1/maven-plugin-annotations-3.1.pom (1.6 kB at 203 kB/s)
[INFO] Downloading from central: https://repo.maven.apache.org/maven2/org/apache/maven/plugin-tools/maven-plugin-tools/3.1/maven-plugin-tools-3.1.pom
[INFO] Downloaded from central: https://repo.maven.apache.org/maven2/org/apache/maven/plugin-tools/maven-plugin-tools/3.1/maven-plugin-tools-3.1.pom (16 kB at 899 kB/s)
[INFO] Downloading from central: https://repo.maven.apache.org/maven2/org/apache/maven/reporting/maven-reporting-api/2.0.9/maven-reporting-api-2.0.9.pom
[INFO] Downloaded from central: https://repo.maven.apache.org/maven2/org/apache/maven/reporting/maven-reporting-api/2.0.9/maven-reporting-api-2.0.9.pom (1.8 kB at 225 kB/s)
[INFO] Downloading from central: https://repo.maven.apache.org/maven2/org/apache/maven/reporting/maven-reporting/2.0.9/maven-reporting-2.0.9.pom
[INFO] Downloaded from central: https://repo.maven.apache.org/maven2/org/apache/maven/reporting/maven-reporting/2.0.9/maven-reporting-2.0.9.pom (1.5 kB at 114 kB/s)
[INFO] Downloading from central: https://repo.maven.apache.org/maven2/org/apache/maven/maven-toolchain/2.0.9/maven-toolchain-2.0.9.pom
[INFO] Downloaded from central: https://repo.maven.apache.org/maven2/org/apache/maven/maven-toolchain/2.0.9/maven-toolchain-2.0.9.pom (3.5 kB at 316 kB/s)
[INFO] Downloading from central: https://repo.maven.apache.org/maven2/org/apache/commons/commons-lang3/3.1/commons-lang3-3.1.pom
[INFO] Downloaded from central: https://repo.maven.apache.org/maven2/org/apache/commons/commons-lang3/3.1/commons-lang3-3.1.pom (17 kB at 2.1 MB/s)
[INFO] Downloading from central: https://repo.maven.apache.org/maven2/org/apache/commons/commons-parent/22/commons-parent-22.pom
[INFO] Downloaded from central: https://repo.maven.apache.org/maven2/org/apache/commons/commons-parent/22/commons-parent-22.pom (42 kB at 4.7 MB/s)
[INFO] Downloading from central: https://repo.maven.apache.org/maven2/org/apache/apache/9/apache-9.pom
[INFO] Downloaded from central: https://repo.maven.apache.org/maven2/org/apache/apache/9/apache-9.pom (15 kB at 2.2 MB/s)
[INFO] Downloading from central: https://repo.maven.apache.org/maven2/org/apache/maven/shared/maven-common-artifact-filters/1.3/maven-common-artifact-filters-1.3.pom
[INFO] Downloaded from central: https://repo.maven.apache.org/maven2/org/apache/maven/shared/maven-common-artifact-filters/1.3/maven-common-artifact-filters-1.3.pom (3.7 kB at 617 kB/s)
[INFO] Downloading from central: https://repo.maven.apache.org/maven2/org/apache/maven/shared/maven-shared-components/12/maven-shared-components-12.pom
[INFO] Downloaded from central: https://repo.maven.apache.org/maven2/org/apache/maven/shared/maven-shared-components/12/maven-shared-components-12.pom (9.3 kB at 584 kB/s)
[INFO] Downloading from central: https://repo.maven.apache.org/maven2/org/apache/maven/maven-parent/13/maven-parent-13.pom
[INFO] Downloaded from central: https://repo.maven.apache.org/maven2/org/apache/maven/maven-parent/13/maven-parent-13.pom (23 kB at 3.2 MB/s)
[INFO] Downloading from central: https://repo.maven.apache.org/maven2/org/codehaus/plexus/plexus-container-default/1.0-alpha-9/plexus-container-default-1.0-alpha-9.pom
[INFO] Downloaded from central: https://repo.maven.apache.org/maven2/org/codehaus/plexus/plexus-container-default/1.0-alpha-9/plexus-container-default-1.0-alpha-9.pom (1.2 kB at 177 kB/s)
[INFO] Downloading from central: https://repo.maven.apache.org/maven2/org/apache/maven/surefire/surefire-booter/2.12.4/surefire-booter-2.12.4.jar
[INFO] Downloading from central: https://repo.maven.apache.org/maven2/org/apache/maven/surefire/surefire-api/2.12.4/surefire-api-2.12.4.jar
[INFO] Downloading from central: https://repo.maven.apache.org/maven2/org/apache/maven/surefire/maven-surefire-common/2.12.4/maven-surefire-common-2.12.4.jar
[INFO] Downloading from central: https://repo.maven.apache.org/maven2/org/apache/maven/shared/maven-common-artifact-filters/1.3/maven-common-artifact-filters-1.3.jar
[INFO] Downloading from central: https://repo.maven.apache.org/maven2/org/apache/commons/commons-lang3/3.1/commons-lang3-3.1.jar
[INFO] Downloaded from central: https://repo.maven.apache.org/maven2/org/apache/maven/surefire/surefire-booter/2.12.4/surefire-booter-2.12.4.jar (35 kB at 2.5 MB/s)
[INFO] Downloading from central: https://repo.maven.apache.org/maven2/org/codehaus/plexus/plexus-utils/3.0.8/plexus-utils-3.0.8.jar
[INFO] Downloaded from central: https://repo.maven.apache.org/maven2/org/apache/maven/shared/maven-common-artifact-filters/1.3/maven-common-artifact-filters-1.3.jar (31 kB at 1.4 MB/s)
[INFO] Downloading from central: https://repo.maven.apache.org/maven2/org/apache/maven/reporting/maven-reporting-api/2.0.9/maven-reporting-api-2.0.9.jar
[INFO] Downloaded from central: https://repo.maven.apache.org/maven2/org/apache/maven/surefire/surefire-api/2.12.4/surefire-api-2.12.4.jar (118 kB at 4.1 MB/s)
[INFO] Downloading from central: https://repo.maven.apache.org/maven2/org/apache/maven/maven-toolchain/2.0.9/maven-toolchain-2.0.9.jar
[INFO] Downloaded from central: https://repo.maven.apache.org/maven2/org/apache/maven/reporting/maven-reporting-api/2.0.9/maven-reporting-api-2.0.9.jar (10 kB at 274 kB/s)
[INFO] Downloading from central: https://repo.maven.apache.org/maven2/org/apache/maven/plugin-tools/maven-plugin-annotations/3.1/maven-plugin-annotations-3.1.jar
[INFO] Downloaded from central: https://repo.maven.apache.org/maven2/org/apache/maven/maven-toolchain/2.0.9/maven-toolchain-2.0.9.jar (38 kB at 926 kB/s)
[INFO] Downloaded from central: https://repo.maven.apache.org/maven2/org/codehaus/plexus/plexus-utils/3.0.8/plexus-utils-3.0.8.jar (232 kB at 5.0 MB/s)
[INFO] Downloaded from central: https://repo.maven.apache.org/maven2/org/apache/maven/plugin-tools/maven-plugin-annotations/3.1/maven-plugin-annotations-3.1.jar (14 kB at 298 kB/s)
[INFO] Downloaded from central: https://repo.maven.apache.org/maven2/org/apache/maven/surefire/maven-surefire-common/2.12.4/maven-surefire-common-2.12.4.jar (263 kB at 4.9 MB/s)
[INFO] Downloaded from central: https://repo.maven.apache.org/maven2/org/apache/commons/commons-lang3/3.1/commons-lang3-3.1.jar (316 kB at 5.8 MB/s)
[INFO] No tests to run.
[INFO] 
[INFO] --- maven-jar-plugin:2.4:jar (default-jar) @ SfItemsExporter ---
[INFO] Building jar: /home/runner/work/maven-builds/maven-builds/static/f/ybw0014/SfItemsExporter/master/workspace/target/SfItemsExporter-Build 1 zh-CN(ybw0014) (git 8652a0f).jar
[INFO] 
[INFO] --- maven-shade-plugin:3.2.4:shade (default) @ SfItemsExporter ---
[INFO] Downloading from central: https://repo.maven.apache.org/maven2/org/sonatype/sisu/sisu-inject-plexus/1.4.2/sisu-inject-plexus-1.4.2.pom
[INFO] Downloaded from central: https://repo.maven.apache.org/maven2/org/sonatype/sisu/sisu-inject-plexus/1.4.2/sisu-inject-plexus-1.4.2.pom (5.4 kB at 199 kB/s)
[INFO] Downloading from central: https://repo.maven.apache.org/maven2/org/sonatype/sisu/inject/guice-plexus/1.4.2/guice-plexus-1.4.2.pom
[INFO] Downloaded from central: https://repo.maven.apache.org/maven2/org/sonatype/sisu/inject/guice-plexus/1.4.2/guice-plexus-1.4.2.pom (3.1 kB at 85 kB/s)
[INFO] Downloading from central: https://repo.maven.apache.org/maven2/org/sonatype/sisu/inject/guice-bean/1.4.2/guice-bean-1.4.2.pom
[INFO] Downloaded from central: https://repo.maven.apache.org/maven2/org/sonatype/sisu/inject/guice-bean/1.4.2/guice-bean-1.4.2.pom (2.6 kB at 434 kB/s)
[INFO] Downloading from central: https://repo.maven.apache.org/maven2/org/sonatype/sisu/sisu-inject/1.4.2/sisu-inject-1.4.2.pom
[INFO] Downloaded from central: https://repo.maven.apache.org/maven2/org/sonatype/sisu/sisu-inject/1.4.2/sisu-inject-1.4.2.pom (1.2 kB at 83 kB/s)
[INFO] Downloading from central: https://repo.maven.apache.org/maven2/org/sonatype/sisu/sisu-parent/1.4.2/sisu-parent-1.4.2.pom
[INFO] Downloaded from central: https://repo.maven.apache.org/maven2/org/sonatype/sisu/sisu-parent/1.4.2/sisu-parent-1.4.2.pom (7.8 kB at 1.1 MB/s)
[INFO] Downloading from central: https://repo.maven.apache.org/maven2/org/sonatype/sisu/sisu-inject-bean/1.4.2/sisu-inject-bean-1.4.2.pom
[INFO] Downloaded from central: https://repo.maven.apache.org/maven2/org/sonatype/sisu/sisu-inject-bean/1.4.2/sisu-inject-bean-1.4.2.pom (5.5 kB at 780 kB/s)
[INFO] Downloading from central: https://repo.maven.apache.org/maven2/org/sonatype/sisu/sisu-guice/2.1.7/sisu-guice-2.1.7.pom
[INFO] Downloaded from central: https://repo.maven.apache.org/maven2/org/sonatype/sisu/sisu-guice/2.1.7/sisu-guice-2.1.7.pom (11 kB at 1.1 MB/s)
[INFO] Downloading from central: https://repo.maven.apache.org/maven2/org/apache/maven/shared/maven-artifact-transfer/0.12.0/maven-artifact-transfer-0.12.0.pom
[INFO] Downloaded from central: https://repo.maven.apache.org/maven2/org/apache/maven/shared/maven-artifact-transfer/0.12.0/maven-artifact-transfer-0.12.0.pom (11 kB at 1.1 MB/s)
[INFO] Downloading from central: https://repo.maven.apache.org/maven2/org/apache/maven/shared/maven-common-artifact-filters/3.0.1/maven-common-artifact-filters-3.0.1.pom
[INFO] Downloaded from central: https://repo.maven.apache.org/maven2/org/apache/maven/shared/maven-common-artifact-filters/3.0.1/maven-common-artifact-filters-3.0.1.pom (4.8 kB at 806 kB/s)
[INFO] Downloading from central: https://repo.maven.apache.org/maven2/org/codehaus/plexus/plexus-utils/3.1.1/plexus-utils-3.1.1.pom
[INFO] Downloaded from central: https://repo.maven.apache.org/maven2/org/codehaus/plexus/plexus-utils/3.1.1/plexus-utils-3.1.1.pom (5.1 kB at 267 kB/s)
[INFO] Downloading from central: https://repo.maven.apache.org/maven2/org/codehaus/plexus/plexus/4.0/plexus-4.0.pom
[INFO] Downloaded from central: https://repo.maven.apache.org/maven2/org/codehaus/plexus/plexus/4.0/plexus-4.0.pom (22 kB at 2.7 MB/s)
[INFO] Downloading from central: https://repo.maven.apache.org/maven2/org/ow2/asm/asm/8.0/asm-8.0.pom
[INFO] Downloaded from central: https://repo.maven.apache.org/maven2/org/ow2/asm/asm/8.0/asm-8.0.pom (2.9 kB at 491 kB/s)
[INFO] Downloading from central: https://repo.maven.apache.org/maven2/org/ow2/asm/asm-commons/8.0/asm-commons-8.0.pom
[INFO] Downloaded from central: https://repo.maven.apache.org/maven2/org/ow2/asm/asm-commons/8.0/asm-commons-8.0.pom (3.7 kB at 611 kB/s)
[INFO] Downloading from central: https://repo.maven.apache.org/maven2/org/ow2/asm/asm-tree/8.0/asm-tree-8.0.pom
[INFO] Downloaded from central: https://repo.maven.apache.org/maven2/org/ow2/asm/asm-tree/8.0/asm-tree-8.0.pom (3.1 kB at 522 kB/s)
[INFO] Downloading from central: https://repo.maven.apache.org/maven2/org/ow2/asm/asm-analysis/8.0/asm-analysis-8.0.pom
[INFO] Downloaded from central: https://repo.maven.apache.org/maven2/org/ow2/asm/asm-analysis/8.0/asm-analysis-8.0.pom (3.2 kB at 527 kB/s)
[INFO] Downloading from central: https://repo.maven.apache.org/maven2/org/jdom/jdom2/2.0.6/jdom2-2.0.6.pom
[INFO] Downloaded from central: https://repo.maven.apache.org/maven2/org/jdom/jdom2/2.0.6/jdom2-2.0.6.pom (4.6 kB at 766 kB/s)
[INFO] Downloading from central: https://repo.maven.apache.org/maven2/org/vafer/jdependency/2.4.0/jdependency-2.4.0.pom
[INFO] Downloaded from central: https://repo.maven.apache.org/maven2/org/vafer/jdependency/2.4.0/jdependency-2.4.0.pom (15 kB at 2.2 MB/s)
[INFO] Downloading from central: https://repo.maven.apache.org/maven2/org/ow2/asm/asm-util/8.0/asm-util-8.0.pom
[INFO] Downloaded from central: https://repo.maven.apache.org/maven2/org/ow2/asm/asm-util/8.0/asm-util-8.0.pom (3.7 kB at 522 kB/s)
[INFO] Downloading from central: https://repo.maven.apache.org/maven2/com/google/guava/guava/28.2-android/guava-28.2-android.pom
[INFO] Downloaded from central: https://repo.maven.apache.org/maven2/com/google/guava/guava/28.2-android/guava-28.2-android.pom (11 kB at 1.6 MB/s)
[INFO] Downloading from central: https://repo.maven.apache.org/maven2/com/google/guava/guava-parent/28.2-android/guava-parent-28.2-android.pom
[INFO] Downloaded from central: https://repo.maven.apache.org/maven2/com/google/guava/guava-parent/28.2-android/guava-parent-28.2-android.pom (13 kB at 2.2 MB/s)
[INFO] Downloading from central: https://repo.maven.apache.org/maven2/org/checkerframework/checker-compat-qual/2.5.5/checker-compat-qual-2.5.5.pom
[INFO] Downloaded from central: https://repo.maven.apache.org/maven2/org/checkerframework/checker-compat-qual/2.5.5/checker-compat-qual-2.5.5.pom (2.7 kB at 196 kB/s)
[INFO] Downloading from central: https://repo.maven.apache.org/maven2/com/google/errorprone/error_prone_annotations/2.3.4/error_prone_annotations-2.3.4.pom
[INFO] Downloaded from central: https://repo.maven.apache.org/maven2/com/google/errorprone/error_prone_annotations/2.3.4/error_prone_annotations-2.3.4.pom (2.1 kB at 302 kB/s)
[INFO] Downloading from central: https://repo.maven.apache.org/maven2/com/google/errorprone/error_prone_parent/2.3.4/error_prone_parent-2.3.4.pom
[INFO] Downloaded from central: https://repo.maven.apache.org/maven2/com/google/errorprone/error_prone_parent/2.3.4/error_prone_parent-2.3.4.pom (5.4 kB at 775 kB/s)
[INFO] Downloading from central: https://repo.maven.apache.org/maven2/org/apache/commons/commons-lang3/3.7/commons-lang3-3.7.pom
[INFO] Downloaded from central: https://repo.maven.apache.org/maven2/org/apache/commons/commons-lang3/3.7/commons-lang3-3.7.pom (28 kB at 1.7 MB/s)
[INFO] Downloading from central: https://repo.maven.apache.org/maven2/org/sonatype/sisu/sisu-inject-plexus/1.4.2/sisu-inject-plexus-1.4.2.jar
[INFO] Downloading from central: https://repo.maven.apache.org/maven2/org/sonatype/sisu/sisu-inject-bean/1.4.2/sisu-inject-bean-1.4.2.jar
[INFO] Downloading from central: https://repo.maven.apache.org/maven2/org/sonatype/sisu/sisu-guice/2.1.7/sisu-guice-2.1.7-noaop.jar
[INFO] Downloading from central: https://repo.maven.apache.org/maven2/org/apache/maven/shared/maven-artifact-transfer/0.12.0/maven-artifact-transfer-0.12.0.jar
[INFO] Downloading from central: https://repo.maven.apache.org/maven2/org/apache/maven/shared/maven-common-artifact-filters/3.0.1/maven-common-artifact-filters-3.0.1.jar
[INFO] Downloaded from central: https://repo.maven.apache.org/maven2/org/apache/maven/shared/maven-artifact-transfer/0.12.0/maven-artifact-transfer-0.12.0.jar (120 kB at 3.8 MB/s)
[INFO] Downloading from central: https://repo.maven.apache.org/maven2/org/slf4j/slf4j-api/1.7.5/slf4j-api-1.7.5.jar
[INFO] Downloaded from central: https://repo.maven.apache.org/maven2/org/sonatype/sisu/sisu-inject-bean/1.4.2/sisu-inject-bean-1.4.2.jar (153 kB at 4.5 MB/s)
[INFO] Downloading from central: https://repo.maven.apache.org/maven2/org/ow2/asm/asm/8.0/asm-8.0.jar
[INFO] Downloaded from central: https://repo.maven.apache.org/maven2/org/slf4j/slf4j-api/1.7.5/slf4j-api-1.7.5.jar (26 kB at 705 kB/s)
[INFO] Downloading from central: https://repo.maven.apache.org/maven2/org/ow2/asm/asm-commons/8.0/asm-commons-8.0.jar
[INFO] Downloaded from central: https://repo.maven.apache.org/maven2/org/sonatype/sisu/sisu-inject-plexus/1.4.2/sisu-inject-plexus-1.4.2.jar (202 kB at 4.5 MB/s)
[INFO] Downloading from central: https://repo.maven.apache.org/maven2/org/ow2/asm/asm-tree/8.0/asm-tree-8.0.jar
[INFO] Downloaded from central: https://repo.maven.apache.org/maven2/org/apache/maven/shared/maven-common-artifact-filters/3.0.1/maven-common-artifact-filters-3.0.1.jar (61 kB at 1.3 MB/s)
[INFO] Downloading from central: https://repo.maven.apache.org/maven2/org/ow2/asm/asm-analysis/8.0/asm-analysis-8.0.jar
[INFO] Downloaded from central: https://repo.maven.apache.org/maven2/org/ow2/asm/asm-tree/8.0/asm-tree-8.0.jar (53 kB at 1.1 MB/s)
[INFO] Downloaded from central: https://repo.maven.apache.org/maven2/org/ow2/asm/asm-commons/8.0/asm-commons-8.0.jar (72 kB at 1.3 MB/s)
[INFO] Downloading from central: https://repo.maven.apache.org/maven2/org/jdom/jdom2/2.0.6/jdom2-2.0.6.jar
[INFO] Downloading from central: https://repo.maven.apache.org/maven2/org/vafer/jdependency/2.4.0/jdependency-2.4.0.jar
[INFO] Downloaded from central: https://repo.maven.apache.org/maven2/org/ow2/asm/asm/8.0/asm-8.0.jar (122 kB at 2.1 MB/s)
[INFO] Downloading from central: https://repo.maven.apache.org/maven2/org/ow2/asm/asm-util/8.0/asm-util-8.0.jar
[INFO] Downloaded from central: https://repo.maven.apache.org/maven2/org/sonatype/sisu/sisu-guice/2.1.7/sisu-guice-2.1.7-noaop.jar (472 kB at 6.9 MB/s)
[INFO] Downloading from central: https://repo.maven.apache.org/maven2/com/google/guava/guava/28.2-android/guava-28.2-android.jar
[INFO] Downloaded from central: https://repo.maven.apache.org/maven2/org/ow2/asm/asm-util/8.0/asm-util-8.0.jar (85 kB at 1.2 MB/s)
[INFO] Downloading from central: https://repo.maven.apache.org/maven2/com/google/guava/failureaccess/1.0.1/failureaccess-1.0.1.jar
[INFO] Downloaded from central: https://repo.maven.apache.org/maven2/org/ow2/asm/asm-analysis/8.0/asm-analysis-8.0.jar (33 kB at 452 kB/s)
[INFO] Downloading from central: https://repo.maven.apache.org/maven2/com/google/guava/listenablefuture/9999.0-empty-to-avoid-conflict-with-guava/listenablefuture-9999.0-empty-to-avoid-conflict-with-guava.jar
[INFO] Downloaded from central: https://repo.maven.apache.org/maven2/com/google/guava/listenablefuture/9999.0-empty-to-avoid-conflict-with-guava/listenablefuture-9999.0-empty-to-avoid-conflict-with-guava.jar (0 B at 0 B/s)
[INFO] Downloading from central: https://repo.maven.apache.org/maven2/com/google/code/findbugs/jsr305/3.0.2/jsr305-3.0.2.jar
[INFO] Downloaded from central: https://repo.maven.apache.org/maven2/com/google/guava/failureaccess/1.0.1/failureaccess-1.0.1.jar (0 B at 0 B/s)
[INFO] Downloading from central: https://repo.maven.apache.org/maven2/org/checkerframework/checker-compat-qual/2.5.5/checker-compat-qual-2.5.5.jar
[INFO] Downloaded from central: https://repo.maven.apache.org/maven2/com/google/code/findbugs/jsr305/3.0.2/jsr305-3.0.2.jar (0 B at 0 B/s)
[INFO] Downloading from central: https://repo.maven.apache.org/maven2/com/google/errorprone/error_prone_annotations/2.3.4/error_prone_annotations-2.3.4.jar
[INFO] Downloaded from central: https://repo.maven.apache.org/maven2/com/google/errorprone/error_prone_annotations/2.3.4/error_prone_annotations-2.3.4.jar (14 kB at 148 kB/s)
[INFO] Downloading from central: https://repo.maven.apache.org/maven2/com/google/j2objc/j2objc-annotations/1.3/j2objc-annotations-1.3.jar
[INFO] Downloaded from central: https://repo.maven.apache.org/maven2/org/checkerframework/checker-compat-qual/2.5.5/checker-compat-qual-2.5.5.jar (5.9 kB at 61 kB/s)
[INFO] Downloading from central: https://repo.maven.apache.org/maven2/org/apache/commons/commons-lang3/3.7/commons-lang3-3.7.jar
[INFO] Downloaded from central: https://repo.maven.apache.org/maven2/com/google/j2objc/j2objc-annotations/1.3/j2objc-annotations-1.3.jar (0 B at 0 B/s)
[INFO] Downloaded from central: https://repo.maven.apache.org/maven2/org/vafer/jdependency/2.4.0/jdependency-2.4.0.jar (180 kB at 1.8 MB/s)
[INFO] Downloaded from central: https://repo.maven.apache.org/maven2/org/jdom/jdom2/2.0.6/jdom2-2.0.6.jar (305 kB at 2.8 MB/s)
[INFO] Downloaded from central: https://repo.maven.apache.org/maven2/org/apache/commons/commons-lang3/3.7/commons-lang3-3.7.jar (500 kB at 4.1 MB/s)
[INFO] Downloaded from central: https://repo.maven.apache.org/maven2/com/google/guava/guava/28.2-android/guava-28.2-android.jar (2.6 MB at 13 MB/s)
[INFO] Including net.guizhanss:GuizhanLib:jar:0.6.1 in the shaded jar.
[INFO] Including co.aikar:acf-paper:jar:0.5.0-SNAPSHOT in the shaded jar.
[INFO] Minimizing jar net.guizhanss.minecraft:SfItemsExporter:jar:Build 1 zh-CN(ybw0014) (git 8652a0f)
[WARNING] /home/runner/work/maven-builds/maven-builds/static/f/ybw0014/SfItemsExporter/master/workspace/target/classes (Is a directory)
[WARNING] SfItemsExporter-Build 1 zh-CN(ybw0014) (git 8652a0f).jar, acf-paper-0.5.0-SNAPSHOT.jar define 1 overlapping resource: 
[WARNING]   - META-INF/MANIFEST.MF
[WARNING] maven-shade-plugin has detected that some class files are
[WARNING] present in two or more JARs. When this happens, only one
[WARNING] single version of the class is copied to the uber jar.
[WARNING] Usually this is not harmful and you can skip these warnings,
[WARNING] otherwise try to manually exclude artifacts based on
[WARNING] mvn dependency:tree -Ddetail=true and the above output.
[WARNING] See http://maven.apache.org/plugins/maven-shade-plugin/
[INFO] Minimized 259 -> 224 (86%)
[INFO] Replacing original artifact with shaded artifact.
[INFO] Replacing /home/runner/work/maven-builds/maven-builds/static/f/ybw0014/SfItemsExporter/master/workspace/target/SfItemsExporter-Build 1 zh-CN(ybw0014) (git 8652a0f).jar with /home/runner/work/maven-builds/maven-builds/static/f/ybw0014/SfItemsExporter/master/workspace/target/SfItemsExporter-Build 1 zh-CN(ybw0014) (git 8652a0f)-shaded.jar
[INFO] ------------------------------------------------------------------------
[INFO] BUILD SUCCESS
[INFO] ------------------------------------------------------------------------
[INFO] Total time:  14.805 s
[INFO] Finished at: 2022-04-23T21:24:53Z
[INFO] ------------------------------------------------------------------------
