[INFO] Scanning for projects...
[INFO] 
[INFO] ----------------------< me.profelements:DynaTech >----------------------
[INFO] Building DynaTech Build 1 zh-CN(ybw0014) (git 392f471)
[INFO] --------------------------------[ jar ]---------------------------------
[INFO] Downloading from CodeMC: https://repo.codemc.org/repository/maven-public/org/spigotmc/spigot-api/1.16.5-R0.1-SNAPSHOT/maven-metadata.xml
[INFO] Downloading from paper-repo: https://repo.destroystokyo.com/repository/maven-public/com/github/ybw0014/ExoticGarden-CN/804eb8fea2/ExoticGarden-CN-804eb8fea2.pom
[INFO] Downloading from spigot-repo: https://hub.spigotmc.org/nexus/content/repositories/snapshots/com/github/ybw0014/ExoticGarden-CN/804eb8fea2/ExoticGarden-CN-804eb8fea2.pom
[INFO] Downloading from jitpack.io: https://jitpack.io/com/github/ybw0014/ExoticGarden-CN/804eb8fea2/ExoticGarden-CN-804eb8fea2.pom
[INFO] Downloaded from jitpack.io: https://jitpack.io/com/github/ybw0014/ExoticGarden-CN/804eb8fea2/ExoticGarden-CN-804eb8fea2.pom (4.4 kB at 2.2 kB/s)
[INFO] Downloading from paper-repo: https://repo.destroystokyo.com/repository/maven-public/com/github/ybw0014/InfinityExpansion-CN/33d8d10d32/InfinityExpansion-CN-33d8d10d32.pom
[INFO] Downloading from spigot-repo: https://hub.spigotmc.org/nexus/content/repositories/snapshots/com/github/ybw0014/InfinityExpansion-CN/33d8d10d32/InfinityExpansion-CN-33d8d10d32.pom
[INFO] Downloading from jitpack.io: https://jitpack.io/com/github/ybw0014/InfinityExpansion-CN/33d8d10d32/InfinityExpansion-CN-33d8d10d32.pom
[INFO] Downloaded from jitpack.io: https://jitpack.io/com/github/ybw0014/InfinityExpansion-CN/33d8d10d32/InfinityExpansion-CN-33d8d10d32.pom (5.6 kB at 11 kB/s)
[INFO] Downloading from paper-repo: https://repo.destroystokyo.com/repository/maven-public/com/github/ybw0014/ExoticGarden-CN/804eb8fea2/ExoticGarden-CN-804eb8fea2.jar
[INFO] Downloading from paper-repo: https://repo.destroystokyo.com/repository/maven-public/com/github/ybw0014/InfinityExpansion-CN/33d8d10d32/InfinityExpansion-CN-33d8d10d32.jar
[INFO] Downloading from spigot-repo: https://hub.spigotmc.org/nexus/content/repositories/snapshots/com/github/ybw0014/ExoticGarden-CN/804eb8fea2/ExoticGarden-CN-804eb8fea2.jar
[INFO] Downloading from spigot-repo: https://hub.spigotmc.org/nexus/content/repositories/snapshots/com/github/ybw0014/InfinityExpansion-CN/33d8d10d32/InfinityExpansion-CN-33d8d10d32.jar
[INFO] Downloading from jitpack.io: https://jitpack.io/com/github/ybw0014/ExoticGarden-CN/804eb8fea2/ExoticGarden-CN-804eb8fea2.jar
[INFO] Downloading from jitpack.io: https://jitpack.io/com/github/ybw0014/InfinityExpansion-CN/33d8d10d32/InfinityExpansion-CN-33d8d10d32.jar
[INFO] Downloaded from jitpack.io: https://jitpack.io/com/github/ybw0014/InfinityExpansion-CN/33d8d10d32/InfinityExpansion-CN-33d8d10d32.jar (276 kB at 244 kB/s)
[INFO] Downloaded from jitpack.io: https://jitpack.io/com/github/ybw0014/ExoticGarden-CN/804eb8fea2/ExoticGarden-CN-804eb8fea2.jar (132 kB at 81 kB/s)
[INFO] 
[INFO] --- maven-clean-plugin:2.5:clean (default-clean) @ DynaTech ---
[INFO] 
[INFO] --- maven-resources-plugin:2.6:resources (default-resources) @ DynaTech ---
[INFO] Using 'UTF-8' encoding to copy filtered resources.
[INFO] Copying 2 resources
[INFO] 
[INFO] --- maven-compiler-plugin:3.1:compile (default-compile) @ DynaTech ---
[INFO] Changes detected - recompiling the module!
[INFO] Compiling 55 source files to /home/runner/work/maven-builds/maven-builds/static/f/ybw0014/DynaTech-CN/master/workspace/target/classes
[WARNING] /home/runner/work/maven-builds/maven-builds/static/f/ybw0014/DynaTech-CN/master/workspace/src/main/java/me/profelements/dynatech/items/electric/abstracts/AMachineGenerator.java: /home/runner/work/maven-builds/maven-builds/static/f/ybw0014/DynaTech-CN/master/workspace/src/main/java/me/profelements/dynatech/items/electric/abstracts/AMachineGenerator.java uses or overrides a deprecated API.
[WARNING] /home/runner/work/maven-builds/maven-builds/static/f/ybw0014/DynaTech-CN/master/workspace/src/main/java/me/profelements/dynatech/items/electric/abstracts/AMachineGenerator.java: Recompile with -Xlint:deprecation for details.
[INFO] 
[INFO] --- maven-resources-plugin:2.6:testResources (default-testResources) @ DynaTech ---
[INFO] Using 'UTF-8' encoding to copy filtered resources.
[INFO] skip non existing resourceDirectory /home/runner/work/maven-builds/maven-builds/static/f/ybw0014/DynaTech-CN/master/workspace/src/test/resources
[INFO] 
[INFO] --- maven-compiler-plugin:3.1:testCompile (default-testCompile) @ DynaTech ---
[INFO] No sources to compile
[INFO] 
[INFO] --- maven-surefire-plugin:2.12.4:test (default-test) @ DynaTech ---
[INFO] No tests to run.
[INFO] 
[INFO] --- maven-jar-plugin:2.4:jar (default-jar) @ DynaTech ---
[INFO] Building jar: /home/runner/work/maven-builds/maven-builds/static/f/ybw0014/DynaTech-CN/master/workspace/target/DynaTech-Build 1 zh-CN(ybw0014) (git 392f471).jar
[INFO] 
[INFO] --- maven-shade-plugin:3.2.4:shade (default) @ DynaTech ---
[INFO] Including com.google.code.findbugs:jsr305:jar:2.0.1 in the shaded jar.
[INFO] Including org.bstats:bstats-bukkit:jar:1.8 in the shaded jar.
[INFO] Including com.github.ybw0014:extrautils:jar:bf89aee6ae in the shaded jar.
[WARNING] DynaTech-Build 1 zh-CN(ybw0014) (git 392f471).jar, bstats-bukkit-1.8.jar, extrautils-bf89aee6ae.jar, jsr305-2.0.1.jar define 1 overlapping resource: 
[WARNING]   - META-INF/MANIFEST.MF
[WARNING] maven-shade-plugin has detected that some class files are
[WARNING] present in two or more JARs. When this happens, only one
[WARNING] single version of the class is copied to the uber jar.
[WARNING] Usually this is not harmful and you can skip these warnings,
[WARNING] otherwise try to manually exclude artifacts based on
[WARNING] mvn dependency:tree -Ddetail=true and the above output.
[WARNING] See http://maven.apache.org/plugins/maven-shade-plugin/
[INFO] Replacing original artifact with shaded artifact.
[INFO] Replacing /home/runner/work/maven-builds/maven-builds/static/f/ybw0014/DynaTech-CN/master/workspace/target/DynaTech-Build 1 zh-CN(ybw0014) (git 392f471).jar with /home/runner/work/maven-builds/maven-builds/static/f/ybw0014/DynaTech-CN/master/workspace/target/DynaTech-Build 1 zh-CN(ybw0014) (git 392f471)-shaded.jar
[INFO] Dependency-reduced POM written at: /home/runner/work/maven-builds/maven-builds/static/f/ybw0014/DynaTech-CN/master/workspace/dependency-reduced-pom.xml
[INFO] ------------------------------------------------------------------------
[INFO] BUILD SUCCESS
[INFO] ------------------------------------------------------------------------
[INFO] Total time:  17.726 s
[INFO] Finished at: 2021-10-14T00:31:24Z
[INFO] ------------------------------------------------------------------------
