[INFO] Scanning for projects...
[INFO] 
[INFO] -------------------< me.ncbpfluffybear:SlimyRepair >--------------------
[INFO] Building SlimyRepair Build 1 zh-CN(baoad) (git d0ae908)
[INFO] --------------------------------[ jar ]---------------------------------
[INFO] Downloading from central: https://repo.maven.apache.org/maven2/org/apache/maven/plugins/maven-shade-plugin/3.1.0/maven-shade-plugin-3.1.0.pom
[INFO] Downloaded from central: https://repo.maven.apache.org/maven2/org/apache/maven/plugins/maven-shade-plugin/3.1.0/maven-shade-plugin-3.1.0.pom (9.5 kB at 29 kB/s)
[INFO] Downloading from central: https://repo.maven.apache.org/maven2/org/apache/maven/plugins/maven-plugins/30/maven-plugins-30.pom
[INFO] Downloaded from central: https://repo.maven.apache.org/maven2/org/apache/maven/plugins/maven-plugins/30/maven-plugins-30.pom (10 kB at 248 kB/s)
[INFO] Downloading from central: https://repo.maven.apache.org/maven2/org/apache/maven/maven-parent/30/maven-parent-30.pom
[INFO] Downloaded from central: https://repo.maven.apache.org/maven2/org/apache/maven/maven-parent/30/maven-parent-30.pom (41 kB at 826 kB/s)
[INFO] Downloading from central: https://repo.maven.apache.org/maven2/org/apache/apache/18/apache-18.pom
[INFO] Downloaded from central: https://repo.maven.apache.org/maven2/org/apache/apache/18/apache-18.pom (16 kB at 373 kB/s)
[INFO] Downloading from central: https://repo.maven.apache.org/maven2/org/apache/maven/plugins/maven-shade-plugin/3.1.0/maven-shade-plugin-3.1.0.jar
[INFO] Downloaded from central: https://repo.maven.apache.org/maven2/org/apache/maven/plugins/maven-shade-plugin/3.1.0/maven-shade-plugin-3.1.0.jar (114 kB at 3.3 MB/s)
[INFO] Downloading from spigot-repo: https://hub.spigotmc.org/nexus/content/repositories/snapshots/org/spigotmc/spigot-api/1.14.2-R0.1-SNAPSHOT/maven-metadata.xml
[INFO] Downloading from jitpack.io: https://jitpack.io/org/spigotmc/spigot-api/1.14.2-R0.1-SNAPSHOT/maven-metadata.xml
[INFO] Downloading from paper-repo: https://repo.destroystokyo.com/repository/maven-public/org/spigotmc/spigot-api/1.14.2-R0.1-SNAPSHOT/maven-metadata.xml
[INFO] Downloading from CodeMC: https://repo.codemc.org/repository/maven-public/org/spigotmc/spigot-api/1.14.2-R0.1-SNAPSHOT/maven-metadata.xml
[INFO] Downloaded from spigot-repo: https://hub.spigotmc.org/nexus/content/repositories/snapshots/org/spigotmc/spigot-api/1.14.2-R0.1-SNAPSHOT/maven-metadata.xml (1.5 kB at 3.1 kB/s)
[INFO] Downloaded from paper-repo: https://repo.destroystokyo.com/repository/maven-public/org/spigotmc/spigot-api/1.14.2-R0.1-SNAPSHOT/maven-metadata.xml (1.5 kB at 993 B/s)
[INFO] Downloading from paper-repo: https://repo.destroystokyo.com/repository/maven-public/org/spigotmc/spigot-api/1.14.2-R0.1-SNAPSHOT/spigot-api-1.14.2-R0.1-20190621.095659-33.pom
[INFO] Downloaded from paper-repo: https://repo.destroystokyo.com/repository/maven-public/org/spigotmc/spigot-api/1.14.2-R0.1-SNAPSHOT/spigot-api-1.14.2-R0.1-20190621.095659-33.pom (8.7 kB at 11 kB/s)
[INFO] Downloading from paper-repo: https://repo.destroystokyo.com/repository/maven-public/net/md-5/bungeecord-chat/1.13-SNAPSHOT/maven-metadata.xml
[INFO] Downloading from spigot-repo: https://hub.spigotmc.org/nexus/content/repositories/snapshots/net/md-5/bungeecord-chat/1.13-SNAPSHOT/maven-metadata.xml
[INFO] Downloading from jitpack.io: https://jitpack.io/net/md-5/bungeecord-chat/1.13-SNAPSHOT/maven-metadata.xml
[INFO] Downloading from CodeMC: https://repo.codemc.org/repository/maven-public/net/md-5/bungeecord-chat/1.13-SNAPSHOT/maven-metadata.xml
[INFO] Downloading from spigotmc-public: https://hub.spigotmc.org/nexus/content/groups/public/net/md-5/bungeecord-chat/1.13-SNAPSHOT/maven-metadata.xml
[INFO] Downloaded from spigotmc-public: https://hub.spigotmc.org/nexus/content/groups/public/net/md-5/bungeecord-chat/1.13-SNAPSHOT/maven-metadata.xml (1.2 kB at 5.7 kB/s)
[INFO] Downloaded from CodeMC: https://repo.codemc.org/repository/maven-public/net/md-5/bungeecord-chat/1.13-SNAPSHOT/maven-metadata.xml (776 B at 2.2 kB/s)
[INFO] Downloaded from paper-repo: https://repo.destroystokyo.com/repository/maven-public/net/md-5/bungeecord-chat/1.13-SNAPSHOT/maven-metadata.xml (1.2 kB at 1.5 kB/s)
[INFO] Downloading from paper-repo: https://repo.destroystokyo.com/repository/maven-public/net/md-5/bungeecord-chat/1.13-SNAPSHOT/bungeecord-chat-1.13-20200123.020938-2.pom
[INFO] Downloaded from paper-repo: https://repo.destroystokyo.com/repository/maven-public/net/md-5/bungeecord-chat/1.13-SNAPSHOT/bungeecord-chat-1.13-20200123.020938-2.pom (986 B at 1.2 kB/s)
[INFO] Downloading from paper-repo: https://repo.destroystokyo.com/repository/maven-public/net/md-5/bungeecord-parent/1.13-SNAPSHOT/maven-metadata.xml
[INFO] Downloading from spigot-repo: https://hub.spigotmc.org/nexus/content/repositories/snapshots/net/md-5/bungeecord-parent/1.13-SNAPSHOT/maven-metadata.xml
[INFO] Downloading from jitpack.io: https://jitpack.io/net/md-5/bungeecord-parent/1.13-SNAPSHOT/maven-metadata.xml
[INFO] Downloading from CodeMC: https://repo.codemc.org/repository/maven-public/net/md-5/bungeecord-parent/1.13-SNAPSHOT/maven-metadata.xml
[INFO] Downloading from spigotmc-public: https://hub.spigotmc.org/nexus/content/groups/public/net/md-5/bungeecord-parent/1.13-SNAPSHOT/maven-metadata.xml
[INFO] Downloaded from spigotmc-public: https://hub.spigotmc.org/nexus/content/groups/public/net/md-5/bungeecord-parent/1.13-SNAPSHOT/maven-metadata.xml (602 B at 2.7 kB/s)
[INFO] Downloaded from CodeMC: https://repo.codemc.org/repository/maven-public/net/md-5/bungeecord-parent/1.13-SNAPSHOT/maven-metadata.xml (604 B at 1.8 kB/s)
[INFO] Downloaded from paper-repo: https://repo.destroystokyo.com/repository/maven-public/net/md-5/bungeecord-parent/1.13-SNAPSHOT/maven-metadata.xml (602 B at 687 B/s)
[INFO] Downloading from CodeMC: https://repo.codemc.org/repository/maven-public/net/md-5/bungeecord-parent/1.13-SNAPSHOT/bungeecord-parent-1.13-20190422.195939-129.pom
[INFO] Downloaded from CodeMC: https://repo.codemc.org/repository/maven-public/net/md-5/bungeecord-parent/1.13-SNAPSHOT/bungeecord-parent-1.13-20190422.195939-129.pom (6.5 kB at 19 kB/s)
[INFO] Downloading from paper-repo: https://repo.destroystokyo.com/repository/maven-public/com/google/guava/guava/20.0/guava-20.0.pom
[INFO] Downloaded from paper-repo: https://repo.destroystokyo.com/repository/maven-public/com/google/guava/guava/20.0/guava-20.0.pom (6.8 kB at 8.6 kB/s)
[INFO] Downloading from paper-repo: https://repo.destroystokyo.com/repository/maven-public/com/google/guava/guava-parent/20.0/guava-parent-20.0.pom
[INFO] Downloaded from paper-repo: https://repo.destroystokyo.com/repository/maven-public/com/google/guava/guava-parent/20.0/guava-parent-20.0.pom (9.9 kB at 13 kB/s)
[INFO] Downloading from paper-repo: https://repo.destroystokyo.com/repository/maven-public/org/yaml/snakeyaml/1.23/snakeyaml-1.23.pom
[INFO] Downloaded from paper-repo: https://repo.destroystokyo.com/repository/maven-public/org/yaml/snakeyaml/1.23/snakeyaml-1.23.pom (38 kB at 39 kB/s)
[INFO] Downloading from paper-repo: https://repo.destroystokyo.com/repository/maven-public/com/github/Slimefun/Slimefun4/RC-27/Slimefun4-RC-27.pom
[INFO] Downloading from spigot-repo: https://hub.spigotmc.org/nexus/content/repositories/snapshots/com/github/Slimefun/Slimefun4/RC-27/Slimefun4-RC-27.pom
[INFO] Downloading from jitpack.io: https://jitpack.io/com/github/Slimefun/Slimefun4/RC-27/Slimefun4-RC-27.pom
[INFO] Downloaded from jitpack.io: https://jitpack.io/com/github/Slimefun/Slimefun4/RC-27/Slimefun4-RC-27.pom (14 kB at 44 kB/s)
[INFO] Downloading from paper-repo: https://repo.destroystokyo.com/repository/maven-public/org/bstats/bstats-bukkit/1.8/bstats-bukkit-1.8.pom
[INFO] Downloading from spigot-repo: https://hub.spigotmc.org/nexus/content/repositories/snapshots/org/bstats/bstats-bukkit/1.8/bstats-bukkit-1.8.pom
[INFO] Downloading from jitpack.io: https://jitpack.io/org/bstats/bstats-bukkit/1.8/bstats-bukkit-1.8.pom
[INFO] Downloading from CodeMC: https://repo.codemc.org/repository/maven-public/org/bstats/bstats-bukkit/1.8/bstats-bukkit-1.8.pom
[INFO] Downloaded from CodeMC: https://repo.codemc.org/repository/maven-public/org/bstats/bstats-bukkit/1.8/bstats-bukkit-1.8.pom (952 B at 2.8 kB/s)
[INFO] Downloading from paper-repo: https://repo.destroystokyo.com/repository/maven-public/org/bstats/bstats/1.8/bstats-1.8.pom
[INFO] Downloading from spigot-repo: https://hub.spigotmc.org/nexus/content/repositories/snapshots/org/bstats/bstats/1.8/bstats-1.8.pom
[INFO] Downloading from jitpack.io: https://jitpack.io/org/bstats/bstats/1.8/bstats-1.8.pom
[INFO] Downloading from CodeMC: https://repo.codemc.org/repository/maven-public/org/bstats/bstats/1.8/bstats-1.8.pom
[INFO] Downloaded from CodeMC: https://repo.codemc.org/repository/maven-public/org/bstats/bstats/1.8/bstats-1.8.pom (7.3 kB at 21 kB/s)
[INFO] Downloading from paper-repo: https://repo.destroystokyo.com/repository/maven-public/org/spigotmc/spigot-api/1.14.2-R0.1-SNAPSHOT/spigot-api-1.14.2-R0.1-20190621.095659-33.jar
[INFO] Downloading from paper-repo: https://repo.destroystokyo.com/repository/maven-public/net/md-5/bungeecord-chat/1.13-SNAPSHOT/bungeecord-chat-1.13-20200123.020938-2.jar
[INFO] Downloading from paper-repo: https://repo.destroystokyo.com/repository/maven-public/org/yaml/snakeyaml/1.23/snakeyaml-1.23.jar
[INFO] Downloading from paper-repo: https://repo.destroystokyo.com/repository/maven-public/com/github/Slimefun/Slimefun4/RC-27/Slimefun4-RC-27.jar
[INFO] Downloading from paper-repo: https://repo.destroystokyo.com/repository/maven-public/org/bstats/bstats-bukkit/1.8/bstats-bukkit-1.8.jar
[INFO] Downloaded from paper-repo: https://repo.destroystokyo.com/repository/maven-public/org/yaml/snakeyaml/1.23/snakeyaml-1.23.jar (301 kB at 114 kB/s)
[INFO] Downloaded from paper-repo: https://repo.destroystokyo.com/repository/maven-public/org/spigotmc/spigot-api/1.14.2-R0.1-SNAPSHOT/spigot-api-1.14.2-R0.1-20190621.095659-33.jar (1.2 MB at 405 kB/s)
[INFO] Downloaded from paper-repo: https://repo.destroystokyo.com/repository/maven-public/net/md-5/bungeecord-chat/1.13-SNAPSHOT/bungeecord-chat-1.13-20200123.020938-2.jar (82 kB at 27 kB/s)
[INFO] Downloading from spigot-repo: https://hub.spigotmc.org/nexus/content/repositories/snapshots/com/github/Slimefun/Slimefun4/RC-27/Slimefun4-RC-27.jar
[INFO] Downloading from spigot-repo: https://hub.spigotmc.org/nexus/content/repositories/snapshots/org/bstats/bstats-bukkit/1.8/bstats-bukkit-1.8.jar
[INFO] Downloading from jitpack.io: https://jitpack.io/com/github/Slimefun/Slimefun4/RC-27/Slimefun4-RC-27.jar
[INFO] Downloading from jitpack.io: https://jitpack.io/org/bstats/bstats-bukkit/1.8/bstats-bukkit-1.8.jar
[INFO] Downloaded from jitpack.io: https://jitpack.io/com/github/Slimefun/Slimefun4/RC-27/Slimefun4-RC-27.jar (4.3 MB at 4.6 MB/s)
[INFO] Downloading from CodeMC: https://repo.codemc.org/repository/maven-public/org/bstats/bstats-bukkit/1.8/bstats-bukkit-1.8.jar
[INFO] Downloaded from CodeMC: https://repo.codemc.org/repository/maven-public/org/bstats/bstats-bukkit/1.8/bstats-bukkit-1.8.jar (20 kB at 40 kB/s)
[INFO] 
[INFO] --- maven-clean-plugin:2.5:clean (default-clean) @ SlimyRepair ---
[INFO] 
[INFO] --- maven-resources-plugin:2.6:resources (default-resources) @ SlimyRepair ---
[INFO] Using 'UTF-8' encoding to copy filtered resources.
[INFO] Copying 3 resources
[INFO] 
[INFO] --- maven-compiler-plugin:3.1:compile (default-compile) @ SlimyRepair ---
[INFO] Changes detected - recompiling the module!
[INFO] Compiling 3 source files to /home/runner/work/maven-builds/maven-builds/static/f/baoad/SlimyRepair/master/workspace/target/classes
[INFO] 
[INFO] --- maven-resources-plugin:2.6:testResources (default-testResources) @ SlimyRepair ---
[INFO] Using 'UTF-8' encoding to copy filtered resources.
[INFO] skip non existing resourceDirectory /home/runner/work/maven-builds/maven-builds/static/f/baoad/SlimyRepair/master/workspace/src/test/resources
[INFO] 
[INFO] --- maven-compiler-plugin:3.1:testCompile (default-testCompile) @ SlimyRepair ---
[INFO] No sources to compile
[INFO] 
[INFO] --- maven-surefire-plugin:2.12.4:test (default-test) @ SlimyRepair ---
[INFO] No tests to run.
[INFO] 
[INFO] --- maven-jar-plugin:2.4:jar (default-jar) @ SlimyRepair ---
[INFO] Building jar: /home/runner/work/maven-builds/maven-builds/static/f/baoad/SlimyRepair/master/workspace/target/SlimyRepair-Build 1 zh-CN(baoad) (git d0ae908).jar
[INFO] 
[INFO] --- maven-shade-plugin:3.1.0:shade (default) @ SlimyRepair ---
[INFO] Downloading from central: https://repo.maven.apache.org/maven2/org/codehaus/plexus/plexus-component-annotations/1.6/plexus-component-annotations-1.6.pom
[INFO] Downloaded from central: https://repo.maven.apache.org/maven2/org/codehaus/plexus/plexus-component-annotations/1.6/plexus-component-annotations-1.6.pom (748 B at 30 kB/s)
[INFO] Downloading from central: https://repo.maven.apache.org/maven2/org/codehaus/plexus/plexus-containers/1.6/plexus-containers-1.6.pom
[INFO] Downloaded from central: https://repo.maven.apache.org/maven2/org/codehaus/plexus/plexus-containers/1.6/plexus-containers-1.6.pom (3.8 kB at 171 kB/s)
[INFO] Downloading from central: https://repo.maven.apache.org/maven2/org/codehaus/plexus/plexus/3.3.2/plexus-3.3.2.pom
[INFO] Downloaded from central: https://repo.maven.apache.org/maven2/org/codehaus/plexus/plexus/3.3.2/plexus-3.3.2.pom (22 kB at 936 kB/s)
[INFO] Downloading from central: https://repo.maven.apache.org/maven2/org/codehaus/plexus/plexus-utils/3.0.24/plexus-utils-3.0.24.pom
[INFO] Downloaded from central: https://repo.maven.apache.org/maven2/org/codehaus/plexus/plexus-utils/3.0.24/plexus-utils-3.0.24.pom (4.1 kB at 115 kB/s)
[INFO] Downloading from central: https://repo.maven.apache.org/maven2/org/apache/maven/shared/maven-artifact-transfer/0.9.1/maven-artifact-transfer-0.9.1.pom
[INFO] Downloaded from central: https://repo.maven.apache.org/maven2/org/apache/maven/shared/maven-artifact-transfer/0.9.1/maven-artifact-transfer-0.9.1.pom (7.6 kB at 106 kB/s)
[INFO] Downloading from central: https://repo.maven.apache.org/maven2/org/apache/maven/shared/maven-shared-components/30/maven-shared-components-30.pom
[INFO] Downloaded from central: https://repo.maven.apache.org/maven2/org/apache/maven/shared/maven-shared-components/30/maven-shared-components-30.pom (4.6 kB at 41 kB/s)
[INFO] Downloading from central: https://repo.maven.apache.org/maven2/org/apache/maven/shared/maven-common-artifact-filters/3.0.1/maven-common-artifact-filters-3.0.1.pom
[INFO] Downloaded from central: https://repo.maven.apache.org/maven2/org/apache/maven/shared/maven-common-artifact-filters/3.0.1/maven-common-artifact-filters-3.0.1.pom (4.8 kB at 34 kB/s)
[INFO] Downloading from central: https://repo.maven.apache.org/maven2/org/apache/maven/shared/maven-shared-utils/3.1.0/maven-shared-utils-3.1.0.pom
[INFO] Downloaded from central: https://repo.maven.apache.org/maven2/org/apache/maven/shared/maven-shared-utils/3.1.0/maven-shared-utils-3.1.0.pom (5.0 kB at 67 kB/s)
[INFO] Downloading from central: https://repo.maven.apache.org/maven2/commons-io/commons-io/2.5/commons-io-2.5.pom
[INFO] Downloaded from central: https://repo.maven.apache.org/maven2/commons-io/commons-io/2.5/commons-io-2.5.pom (13 kB at 302 kB/s)
[INFO] Downloading from central: https://repo.maven.apache.org/maven2/org/apache/commons/commons-parent/39/commons-parent-39.pom
[INFO] Downloaded from central: https://repo.maven.apache.org/maven2/org/apache/commons/commons-parent/39/commons-parent-39.pom (62 kB at 2.3 MB/s)
[INFO] Downloading from central: https://repo.maven.apache.org/maven2/org/apache/apache/16/apache-16.pom
[INFO] Downloaded from central: https://repo.maven.apache.org/maven2/org/apache/apache/16/apache-16.pom (15 kB at 616 kB/s)
[INFO] Downloading from central: https://repo.maven.apache.org/maven2/commons-codec/commons-codec/1.6/commons-codec-1.6.pom
[INFO] Downloaded from central: https://repo.maven.apache.org/maven2/commons-codec/commons-codec/1.6/commons-codec-1.6.pom (11 kB at 446 kB/s)
[INFO] Downloading from central: https://repo.maven.apache.org/maven2/org/slf4j/slf4j-api/1.7.5/slf4j-api-1.7.5.pom
[INFO] Downloaded from central: https://repo.maven.apache.org/maven2/org/slf4j/slf4j-api/1.7.5/slf4j-api-1.7.5.pom (2.7 kB at 108 kB/s)
[INFO] Downloading from central: https://repo.maven.apache.org/maven2/org/slf4j/slf4j-parent/1.7.5/slf4j-parent-1.7.5.pom
[INFO] Downloaded from central: https://repo.maven.apache.org/maven2/org/slf4j/slf4j-parent/1.7.5/slf4j-parent-1.7.5.pom (12 kB at 537 kB/s)
[INFO] Downloading from central: https://repo.maven.apache.org/maven2/org/ow2/asm/asm/6.0_BETA/asm-6.0_BETA.pom
[INFO] Downloaded from central: https://repo.maven.apache.org/maven2/org/ow2/asm/asm/6.0_BETA/asm-6.0_BETA.pom (1.9 kB at 84 kB/s)
[INFO] Downloading from central: https://repo.maven.apache.org/maven2/org/ow2/asm/asm-parent/6.0_BETA/asm-parent-6.0_BETA.pom
[INFO] Downloaded from central: https://repo.maven.apache.org/maven2/org/ow2/asm/asm-parent/6.0_BETA/asm-parent-6.0_BETA.pom (5.5 kB at 120 kB/s)
[INFO] Downloading from central: https://repo.maven.apache.org/maven2/org/ow2/asm/asm-commons/6.0_BETA/asm-commons-6.0_BETA.pom
[INFO] Downloaded from central: https://repo.maven.apache.org/maven2/org/ow2/asm/asm-commons/6.0_BETA/asm-commons-6.0_BETA.pom (2.1 kB at 105 kB/s)
[INFO] Downloading from central: https://repo.maven.apache.org/maven2/org/ow2/asm/asm-tree/6.0_BETA/asm-tree-6.0_BETA.pom
[INFO] Downloaded from central: https://repo.maven.apache.org/maven2/org/ow2/asm/asm-tree/6.0_BETA/asm-tree-6.0_BETA.pom (2.1 kB at 99 kB/s)
[INFO] Downloading from central: https://repo.maven.apache.org/maven2/org/jdom/jdom/1.1.3/jdom-1.1.3.pom
[INFO] Downloaded from central: https://repo.maven.apache.org/maven2/org/jdom/jdom/1.1.3/jdom-1.1.3.pom (1.8 kB at 39 kB/s)
[INFO] Downloading from central: https://repo.maven.apache.org/maven2/org/apache/maven/shared/maven-dependency-tree/2.2/maven-dependency-tree-2.2.pom
[INFO] Downloaded from central: https://repo.maven.apache.org/maven2/org/apache/maven/shared/maven-dependency-tree/2.2/maven-dependency-tree-2.2.pom (7.3 kB at 303 kB/s)
[INFO] Downloading from central: https://repo.maven.apache.org/maven2/org/apache/maven/shared/maven-shared-components/20/maven-shared-components-20.pom
[INFO] Downloaded from central: https://repo.maven.apache.org/maven2/org/apache/maven/shared/maven-shared-components/20/maven-shared-components-20.pom (5.1 kB at 232 kB/s)
[INFO] Downloading from central: https://repo.maven.apache.org/maven2/org/vafer/jdependency/1.2/jdependency-1.2.pom
[INFO] Downloaded from central: https://repo.maven.apache.org/maven2/org/vafer/jdependency/1.2/jdependency-1.2.pom (11 kB at 465 kB/s)
[INFO] Downloading from central: https://repo.maven.apache.org/maven2/org/ow2/asm/asm-analysis/6.0_BETA/asm-analysis-6.0_BETA.pom
[INFO] Downloaded from central: https://repo.maven.apache.org/maven2/org/ow2/asm/asm-analysis/6.0_BETA/asm-analysis-6.0_BETA.pom (2.1 kB at 100 kB/s)
[INFO] Downloading from central: https://repo.maven.apache.org/maven2/org/ow2/asm/asm-util/6.0_BETA/asm-util-6.0_BETA.pom
[INFO] Downloaded from central: https://repo.maven.apache.org/maven2/org/ow2/asm/asm-util/6.0_BETA/asm-util-6.0_BETA.pom (2.1 kB at 100 kB/s)
[INFO] Downloading from central: https://repo.maven.apache.org/maven2/com/google/guava/guava/19.0/guava-19.0.pom
[INFO] Downloaded from central: https://repo.maven.apache.org/maven2/com/google/guava/guava/19.0/guava-19.0.pom (6.8 kB at 340 kB/s)
[INFO] Downloading from central: https://repo.maven.apache.org/maven2/com/google/guava/guava-parent/19.0/guava-parent-19.0.pom
[INFO] Downloaded from central: https://repo.maven.apache.org/maven2/com/google/guava/guava-parent/19.0/guava-parent-19.0.pom (9.9 kB at 470 kB/s)
[INFO] Downloading from central: https://repo.maven.apache.org/maven2/org/codehaus/plexus/plexus-component-annotations/1.6/plexus-component-annotations-1.6.jar
[INFO] Downloading from central: https://repo.maven.apache.org/maven2/org/codehaus/plexus/plexus-utils/3.0.24/plexus-utils-3.0.24.jar
[INFO] Downloading from central: https://repo.maven.apache.org/maven2/org/apache/maven/shared/maven-artifact-transfer/0.9.1/maven-artifact-transfer-0.9.1.jar
[INFO] Downloading from central: https://repo.maven.apache.org/maven2/org/apache/maven/shared/maven-common-artifact-filters/3.0.1/maven-common-artifact-filters-3.0.1.jar
[INFO] Downloading from central: https://repo.maven.apache.org/maven2/org/apache/maven/shared/maven-shared-utils/3.1.0/maven-shared-utils-3.1.0.jar
[INFO] Downloaded from central: https://repo.maven.apache.org/maven2/org/codehaus/plexus/plexus-component-annotations/1.6/plexus-component-annotations-1.6.jar (4.3 kB at 142 kB/s)
[INFO] Downloading from central: https://repo.maven.apache.org/maven2/commons-codec/commons-codec/1.6/commons-codec-1.6.jar
[INFO] Downloaded from central: https://repo.maven.apache.org/maven2/commons-codec/commons-codec/1.6/commons-codec-1.6.jar (233 kB at 4.4 MB/s)
[INFO] Downloading from central: https://repo.maven.apache.org/maven2/org/slf4j/slf4j-api/1.7.5/slf4j-api-1.7.5.jar
[INFO] Downloaded from central: https://repo.maven.apache.org/maven2/org/slf4j/slf4j-api/1.7.5/slf4j-api-1.7.5.jar (26 kB at 352 kB/s)
[INFO] Downloading from central: https://repo.maven.apache.org/maven2/org/ow2/asm/asm/6.0_BETA/asm-6.0_BETA.jar
[INFO] Downloaded from central: https://repo.maven.apache.org/maven2/org/apache/maven/shared/maven-common-artifact-filters/3.0.1/maven-common-artifact-filters-3.0.1.jar (61 kB at 749 kB/s)
[INFO] Downloading from central: https://repo.maven.apache.org/maven2/org/ow2/asm/asm-commons/6.0_BETA/asm-commons-6.0_BETA.jar
[INFO] Downloaded from central: https://repo.maven.apache.org/maven2/org/apache/maven/shared/maven-shared-utils/3.1.0/maven-shared-utils-3.1.0.jar (164 kB at 1.9 MB/s)
[INFO] Downloading from central: https://repo.maven.apache.org/maven2/org/ow2/asm/asm-tree/6.0_BETA/asm-tree-6.0_BETA.jar
[INFO] Downloaded from central: https://repo.maven.apache.org/maven2/org/codehaus/plexus/plexus-utils/3.0.24/plexus-utils-3.0.24.jar (247 kB at 2.5 MB/s)
[INFO] Downloading from central: https://repo.maven.apache.org/maven2/org/jdom/jdom/1.1.3/jdom-1.1.3.jar
[INFO] Downloaded from central: https://repo.maven.apache.org/maven2/org/apache/maven/shared/maven-artifact-transfer/0.9.1/maven-artifact-transfer-0.9.1.jar (123 kB at 1.2 MB/s)
[INFO] Downloading from central: https://repo.maven.apache.org/maven2/org/apache/maven/shared/maven-dependency-tree/2.2/maven-dependency-tree-2.2.jar
[INFO] Downloaded from central: https://repo.maven.apache.org/maven2/org/ow2/asm/asm-commons/6.0_BETA/asm-commons-6.0_BETA.jar (51 kB at 498 kB/s)
[INFO] Downloading from central: https://repo.maven.apache.org/maven2/commons-io/commons-io/2.5/commons-io-2.5.jar
[INFO] Downloaded from central: https://repo.maven.apache.org/maven2/org/ow2/asm/asm/6.0_BETA/asm-6.0_BETA.jar (56 kB at 538 kB/s)
[INFO] Downloading from central: https://repo.maven.apache.org/maven2/org/vafer/jdependency/1.2/jdependency-1.2.jar
[INFO] Downloaded from central: https://repo.maven.apache.org/maven2/org/ow2/asm/asm-tree/6.0_BETA/asm-tree-6.0_BETA.jar (34 kB at 318 kB/s)
[INFO] Downloading from central: https://repo.maven.apache.org/maven2/org/ow2/asm/asm-analysis/6.0_BETA/asm-analysis-6.0_BETA.jar
[INFO] Downloaded from central: https://repo.maven.apache.org/maven2/org/apache/maven/shared/maven-dependency-tree/2.2/maven-dependency-tree-2.2.jar (64 kB at 517 kB/s)
[INFO] Downloading from central: https://repo.maven.apache.org/maven2/org/ow2/asm/asm-util/6.0_BETA/asm-util-6.0_BETA.jar
[INFO] Downloaded from central: https://repo.maven.apache.org/maven2/org/ow2/asm/asm-analysis/6.0_BETA/asm-analysis-6.0_BETA.jar (21 kB at 163 kB/s)
[INFO] Downloading from central: https://repo.maven.apache.org/maven2/com/google/guava/guava/19.0/guava-19.0.jar
[INFO] Downloaded from central: https://repo.maven.apache.org/maven2/org/vafer/jdependency/1.2/jdependency-1.2.jar (22 kB at 170 kB/s)
[INFO] Downloaded from central: https://repo.maven.apache.org/maven2/org/jdom/jdom/1.1.3/jdom-1.1.3.jar (151 kB at 1.1 MB/s)
[INFO] Downloaded from central: https://repo.maven.apache.org/maven2/org/ow2/asm/asm-util/6.0_BETA/asm-util-6.0_BETA.jar (47 kB at 327 kB/s)
[INFO] Downloaded from central: https://repo.maven.apache.org/maven2/commons-io/commons-io/2.5/commons-io-2.5.jar (209 kB at 1.4 MB/s)
[INFO] Downloaded from central: https://repo.maven.apache.org/maven2/com/google/guava/guava/19.0/guava-19.0.jar (2.3 MB at 7.9 MB/s)
[INFO] Including org.bstats:bstats-bukkit:jar:1.8 in the shaded jar.
[INFO] Replacing original artifact with shaded artifact.
[INFO] Replacing /home/runner/work/maven-builds/maven-builds/static/f/baoad/SlimyRepair/master/workspace/target/SlimyRepair-Build 1 zh-CN(baoad) (git d0ae908).jar with /home/runner/work/maven-builds/maven-builds/static/f/baoad/SlimyRepair/master/workspace/target/SlimyRepair-Build 1 zh-CN(baoad) (git d0ae908)-shaded.jar
[INFO] Dependency-reduced POM written at: /home/runner/work/maven-builds/maven-builds/static/f/baoad/SlimyRepair/master/workspace/dependency-reduced-pom.xml
[INFO] ------------------------------------------------------------------------
[INFO] BUILD SUCCESS
[INFO] ------------------------------------------------------------------------
[INFO] Total time:  20.225 s
[INFO] Finished at: 2022-02-14T03:23:15Z
[INFO] ------------------------------------------------------------------------
