[INFO] Scanning for projects...
[INFO] 
[INFO] ----------------< io.github.shixinzia:Mineralgenerator >----------------
[INFO] Building Mineralgenerator Build 1 (shixinzia) (git 9924fd3)
[INFO] --------------------------------[ jar ]---------------------------------
[INFO] Downloading from central: https://repo.maven.apache.org/maven2/org/apache/maven/plugins/maven-compiler-plugin/3.1/maven-compiler-plugin-3.1.pom
[INFO] Downloaded from central: https://repo.maven.apache.org/maven2/org/apache/maven/plugins/maven-compiler-plugin/3.1/maven-compiler-plugin-3.1.pom (10 kB at 39 kB/s)
[INFO] Downloading from central: https://repo.maven.apache.org/maven2/org/apache/maven/plugins/maven-plugins/24/maven-plugins-24.pom
[INFO] Downloaded from central: https://repo.maven.apache.org/maven2/org/apache/maven/plugins/maven-plugins/24/maven-plugins-24.pom (11 kB at 309 kB/s)
[INFO] Downloading from central: https://repo.maven.apache.org/maven2/org/apache/maven/plugins/maven-compiler-plugin/3.1/maven-compiler-plugin-3.1.jar
[INFO] Downloaded from central: https://repo.maven.apache.org/maven2/org/apache/maven/plugins/maven-compiler-plugin/3.1/maven-compiler-plugin-3.1.jar (43 kB at 1.3 MB/s)
[INFO] Downloading from spigot-repo: https://hub.spigotmc.org/nexus/content/repositories/snapshots/org/spigotmc/spigot-api/1.17.1-R0.1-SNAPSHOT/maven-metadata.xml
[INFO] Downloading from jitpack.io: https://jitpack.io/org/spigotmc/spigot-api/1.17.1-R0.1-SNAPSHOT/maven-metadata.xml
[INFO] Downloading from papermc: https://repo.papermc.io/repository/maven-public/org/spigotmc/spigot-api/1.17.1-R0.1-SNAPSHOT/maven-metadata.xml
[INFO] Downloaded from spigot-repo: https://hub.spigotmc.org/nexus/content/repositories/snapshots/org/spigotmc/spigot-api/1.17.1-R0.1-SNAPSHOT/maven-metadata.xml (1.5 kB at 10 kB/s)
[INFO] Downloaded from papermc: https://repo.papermc.io/repository/maven-public/org/spigotmc/spigot-api/1.17.1-R0.1-SNAPSHOT/maven-metadata.xml (1.5 kB at 1.9 kB/s)
[INFO] Downloading from spigot-repo: https://hub.spigotmc.org/nexus/content/repositories/snapshots/org/spigotmc/spigot-api/1.17.1-R0.1-SNAPSHOT/spigot-api-1.17.1-R0.1-20211121.234319-104.pom
[INFO] Downloaded from spigot-repo: https://hub.spigotmc.org/nexus/content/repositories/snapshots/org/spigotmc/spigot-api/1.17.1-R0.1-SNAPSHOT/spigot-api-1.17.1-R0.1-20211121.234319-104.pom (10 kB at 183 kB/s)
[INFO] Downloading from spigot-repo: https://hub.spigotmc.org/nexus/content/repositories/snapshots/commons-lang/commons-lang/2.6/commons-lang-2.6.pom
[INFO] Downloading from jitpack.io: https://jitpack.io/commons-lang/commons-lang/2.6/commons-lang-2.6.pom
[INFO] Downloading from papermc: https://repo.papermc.io/repository/maven-public/commons-lang/commons-lang/2.6/commons-lang-2.6.pom
[INFO] Downloaded from papermc: https://repo.papermc.io/repository/maven-public/commons-lang/commons-lang/2.6/commons-lang-2.6.pom (17 kB at 40 kB/s)
[INFO] Downloading from spigot-repo: https://hub.spigotmc.org/nexus/content/repositories/snapshots/org/apache/commons/commons-parent/17/commons-parent-17.pom
[INFO] Downloading from jitpack.io: https://jitpack.io/org/apache/commons/commons-parent/17/commons-parent-17.pom
[INFO] Downloading from papermc: https://repo.papermc.io/repository/maven-public/org/apache/commons/commons-parent/17/commons-parent-17.pom
[INFO] Downloaded from papermc: https://repo.papermc.io/repository/maven-public/org/apache/commons/commons-parent/17/commons-parent-17.pom (31 kB at 72 kB/s)
[INFO] Downloading from spigot-repo: https://hub.spigotmc.org/nexus/content/repositories/snapshots/org/apache/apache/7/apache-7.pom
[INFO] Downloading from jitpack.io: https://jitpack.io/org/apache/apache/7/apache-7.pom
[INFO] Downloading from papermc: https://repo.papermc.io/repository/maven-public/org/apache/apache/7/apache-7.pom
[INFO] Downloaded from papermc: https://repo.papermc.io/repository/maven-public/org/apache/apache/7/apache-7.pom (14 kB at 48 kB/s)
[INFO] Downloading from spigot-repo: https://hub.spigotmc.org/nexus/content/repositories/snapshots/org/yaml/snakeyaml/1.28/snakeyaml-1.28.pom
[INFO] Downloading from jitpack.io: https://jitpack.io/org/yaml/snakeyaml/1.28/snakeyaml-1.28.pom
[INFO] Downloading from papermc: https://repo.papermc.io/repository/maven-public/org/yaml/snakeyaml/1.28/snakeyaml-1.28.pom
[INFO] Downloaded from papermc: https://repo.papermc.io/repository/maven-public/org/yaml/snakeyaml/1.28/snakeyaml-1.28.pom (37 kB at 120 kB/s)
[INFO] Downloading from spigot-repo: https://hub.spigotmc.org/nexus/content/repositories/snapshots/com/github/StarWishsama/Slimefun4/2022.06/Slimefun4-2022.06.pom
[INFO] Downloading from jitpack.io: https://jitpack.io/com/github/StarWishsama/Slimefun4/2022.06/Slimefun4-2022.06.pom
[INFO] Downloaded from jitpack.io: https://jitpack.io/com/github/StarWishsama/Slimefun4/2022.06/Slimefun4-2022.06.pom (12 kB at 70 kB/s)
[WARNING] The POM for com.github.StarWishsama:Slimefun4:jar:2022.06 is invalid, transitive dependencies (if any) will not be available, enable debug logging for more details
[INFO] Downloading from spigot-repo: https://hub.spigotmc.org/nexus/content/repositories/snapshots/org/projectlombok/lombok/1.18.24/lombok-1.18.24.pom
[INFO] Downloading from jitpack.io: https://jitpack.io/org/projectlombok/lombok/1.18.24/lombok-1.18.24.pom
[INFO] Downloading from papermc: https://repo.papermc.io/repository/maven-public/org/projectlombok/lombok/1.18.24/lombok-1.18.24.pom
[INFO] Downloaded from papermc: https://repo.papermc.io/repository/maven-public/org/projectlombok/lombok/1.18.24/lombok-1.18.24.pom (1.5 kB at 4.9 kB/s)
[INFO] Downloading from spigot-repo: https://hub.spigotmc.org/nexus/content/repositories/snapshots/com/arcaniax/HeadDatabase-API/1.3.1/HeadDatabase-API-1.3.1.pom
[INFO] Downloading from jitpack.io: https://jitpack.io/com/arcaniax/HeadDatabase-API/1.3.1/HeadDatabase-API-1.3.1.pom
[INFO] Downloading from papermc: https://repo.papermc.io/repository/maven-public/com/arcaniax/HeadDatabase-API/1.3.1/HeadDatabase-API-1.3.1.pom
[INFO] Downloaded from papermc: https://repo.papermc.io/repository/maven-public/com/arcaniax/HeadDatabase-API/1.3.1/HeadDatabase-API-1.3.1.pom (1.8 kB at 5.8 kB/s)
[INFO] Downloading from spigot-repo: https://hub.spigotmc.org/nexus/content/repositories/snapshots/net/guizhanss/InfinityLib/1.3.12/InfinityLib-1.3.12.pom
[INFO] Downloading from jitpack.io: https://jitpack.io/net/guizhanss/InfinityLib/1.3.12/InfinityLib-1.3.12.pom
[INFO] Downloaded from jitpack.io: https://jitpack.io/net/guizhanss/InfinityLib/1.3.12/InfinityLib-1.3.12.pom (5.9 kB at 65 kB/s)
[INFO] Downloading from spigot-repo: https://hub.spigotmc.org/nexus/content/repositories/snapshots/org/junit/jupiter/junit-jupiter/5.9.1/junit-jupiter-5.9.1.pom
[INFO] Downloading from jitpack.io: https://jitpack.io/org/junit/jupiter/junit-jupiter/5.9.1/junit-jupiter-5.9.1.pom
[INFO] Downloading from papermc: https://repo.papermc.io/repository/maven-public/org/junit/jupiter/junit-jupiter/5.9.1/junit-jupiter-5.9.1.pom
[INFO] Downloaded from papermc: https://repo.papermc.io/repository/maven-public/org/junit/jupiter/junit-jupiter/5.9.1/junit-jupiter-5.9.1.pom (3.2 kB at 11 kB/s)
[INFO] Downloading from spigot-repo: https://hub.spigotmc.org/nexus/content/repositories/snapshots/org/junit/junit-bom/5.9.1/junit-bom-5.9.1.pom
[INFO] Downloading from jitpack.io: https://jitpack.io/org/junit/junit-bom/5.9.1/junit-bom-5.9.1.pom
[INFO] Downloading from papermc: https://repo.papermc.io/repository/maven-public/org/junit/junit-bom/5.9.1/junit-bom-5.9.1.pom
[INFO] Downloaded from papermc: https://repo.papermc.io/repository/maven-public/org/junit/junit-bom/5.9.1/junit-bom-5.9.1.pom (5.6 kB at 19 kB/s)
[INFO] Downloading from spigot-repo: https://hub.spigotmc.org/nexus/content/repositories/snapshots/org/junit/jupiter/junit-jupiter-api/5.9.1/junit-jupiter-api-5.9.1.pom
[INFO] Downloading from jitpack.io: https://jitpack.io/org/junit/jupiter/junit-jupiter-api/5.9.1/junit-jupiter-api-5.9.1.pom
[INFO] Downloading from papermc: https://repo.papermc.io/repository/maven-public/org/junit/jupiter/junit-jupiter-api/5.9.1/junit-jupiter-api-5.9.1.pom
[INFO] Downloaded from papermc: https://repo.papermc.io/repository/maven-public/org/junit/jupiter/junit-jupiter-api/5.9.1/junit-jupiter-api-5.9.1.pom (3.2 kB at 10 kB/s)
[INFO] Downloading from spigot-repo: https://hub.spigotmc.org/nexus/content/repositories/snapshots/org/opentest4j/opentest4j/1.2.0/opentest4j-1.2.0.pom
[INFO] Downloading from jitpack.io: https://jitpack.io/org/opentest4j/opentest4j/1.2.0/opentest4j-1.2.0.pom
[INFO] Downloading from papermc: https://repo.papermc.io/repository/maven-public/org/opentest4j/opentest4j/1.2.0/opentest4j-1.2.0.pom
[INFO] Downloaded from papermc: https://repo.papermc.io/repository/maven-public/org/opentest4j/opentest4j/1.2.0/opentest4j-1.2.0.pom (1.7 kB at 5.6 kB/s)
[INFO] Downloading from spigot-repo: https://hub.spigotmc.org/nexus/content/repositories/snapshots/org/junit/platform/junit-platform-commons/1.9.1/junit-platform-commons-1.9.1.pom
[INFO] Downloading from jitpack.io: https://jitpack.io/org/junit/platform/junit-platform-commons/1.9.1/junit-platform-commons-1.9.1.pom
[INFO] Downloading from papermc: https://repo.papermc.io/repository/maven-public/org/junit/platform/junit-platform-commons/1.9.1/junit-platform-commons-1.9.1.pom
[INFO] Downloaded from papermc: https://repo.papermc.io/repository/maven-public/org/junit/platform/junit-platform-commons/1.9.1/junit-platform-commons-1.9.1.pom (2.8 kB at 9.4 kB/s)
[INFO] Downloading from spigot-repo: https://hub.spigotmc.org/nexus/content/repositories/snapshots/org/apiguardian/apiguardian-api/1.1.2/apiguardian-api-1.1.2.pom
[INFO] Downloading from jitpack.io: https://jitpack.io/org/apiguardian/apiguardian-api/1.1.2/apiguardian-api-1.1.2.pom
[INFO] Downloading from papermc: https://repo.papermc.io/repository/maven-public/org/apiguardian/apiguardian-api/1.1.2/apiguardian-api-1.1.2.pom
[INFO] Downloaded from papermc: https://repo.papermc.io/repository/maven-public/org/apiguardian/apiguardian-api/1.1.2/apiguardian-api-1.1.2.pom (1.5 kB at 5.0 kB/s)
[INFO] Downloading from spigot-repo: https://hub.spigotmc.org/nexus/content/repositories/snapshots/org/junit/jupiter/junit-jupiter-params/5.9.1/junit-jupiter-params-5.9.1.pom
[INFO] Downloading from jitpack.io: https://jitpack.io/org/junit/jupiter/junit-jupiter-params/5.9.1/junit-jupiter-params-5.9.1.pom
[INFO] Downloading from papermc: https://repo.papermc.io/repository/maven-public/org/junit/jupiter/junit-jupiter-params/5.9.1/junit-jupiter-params-5.9.1.pom
[INFO] Downloaded from papermc: https://repo.papermc.io/repository/maven-public/org/junit/jupiter/junit-jupiter-params/5.9.1/junit-jupiter-params-5.9.1.pom (3.0 kB at 10.0 kB/s)
[INFO] Downloading from spigot-repo: https://hub.spigotmc.org/nexus/content/repositories/snapshots/org/junit/jupiter/junit-jupiter-engine/5.9.1/junit-jupiter-engine-5.9.1.pom
[INFO] Downloading from jitpack.io: https://jitpack.io/org/junit/jupiter/junit-jupiter-engine/5.9.1/junit-jupiter-engine-5.9.1.pom
[INFO] Downloading from papermc: https://repo.papermc.io/repository/maven-public/org/junit/jupiter/junit-jupiter-engine/5.9.1/junit-jupiter-engine-5.9.1.pom
[INFO] Downloaded from papermc: https://repo.papermc.io/repository/maven-public/org/junit/jupiter/junit-jupiter-engine/5.9.1/junit-jupiter-engine-5.9.1.pom (3.2 kB at 11 kB/s)
[INFO] Downloading from spigot-repo: https://hub.spigotmc.org/nexus/content/repositories/snapshots/org/junit/platform/junit-platform-engine/1.9.1/junit-platform-engine-1.9.1.pom
[INFO] Downloading from jitpack.io: https://jitpack.io/org/junit/platform/junit-platform-engine/1.9.1/junit-platform-engine-1.9.1.pom
[INFO] Downloading from papermc: https://repo.papermc.io/repository/maven-public/org/junit/platform/junit-platform-engine/1.9.1/junit-platform-engine-1.9.1.pom
[INFO] Downloaded from papermc: https://repo.papermc.io/repository/maven-public/org/junit/platform/junit-platform-engine/1.9.1/junit-platform-engine-1.9.1.pom (3.2 kB at 10 kB/s)
[INFO] Downloading from spigot-repo: https://hub.spigotmc.org/nexus/content/repositories/snapshots/com/github/seeseemelk/MockBukkit-v1.16/1.5.2/MockBukkit-v1.16-1.5.2.pom
[INFO] Downloading from jitpack.io: https://jitpack.io/com/github/seeseemelk/MockBukkit-v1.16/1.5.2/MockBukkit-v1.16-1.5.2.pom
[INFO] Downloading from papermc: https://repo.papermc.io/repository/maven-public/com/github/seeseemelk/MockBukkit-v1.16/1.5.2/MockBukkit-v1.16-1.5.2.pom
[INFO] Downloaded from papermc: https://repo.papermc.io/repository/maven-public/com/github/seeseemelk/MockBukkit-v1.16/1.5.2/MockBukkit-v1.16-1.5.2.pom (2.5 kB at 7.8 kB/s)
[INFO] Downloading from spigot-repo: https://hub.spigotmc.org/nexus/content/repositories/snapshots/org/spigotmc/spigot-api/1.16.5-R0.1-SNAPSHOT/maven-metadata.xml
[INFO] Downloading from jitpack.io: https://jitpack.io/org/spigotmc/spigot-api/1.16.5-R0.1-SNAPSHOT/maven-metadata.xml
[INFO] Downloading from papermc: https://repo.papermc.io/repository/maven-public/org/spigotmc/spigot-api/1.16.5-R0.1-SNAPSHOT/maven-metadata.xml
[INFO] Downloaded from spigot-repo: https://hub.spigotmc.org/nexus/content/repositories/snapshots/org/spigotmc/spigot-api/1.16.5-R0.1-SNAPSHOT/maven-metadata.xml (1.5 kB at 26 kB/s)
[INFO] Downloaded from papermc: https://repo.papermc.io/repository/maven-public/org/spigotmc/spigot-api/1.16.5-R0.1-SNAPSHOT/maven-metadata.xml (1.5 kB at 1.4 kB/s)
[INFO] Downloading from spigot-repo: https://hub.spigotmc.org/nexus/content/repositories/snapshots/org/spigotmc/spigot-api/1.16.5-R0.1-SNAPSHOT/spigot-api-1.16.5-R0.1-20210611.041013-99.pom
[INFO] Downloaded from spigot-repo: https://hub.spigotmc.org/nexus/content/repositories/snapshots/org/spigotmc/spigot-api/1.16.5-R0.1-SNAPSHOT/spigot-api-1.16.5-R0.1-20210611.041013-99.pom (10 kB at 189 kB/s)
[INFO] Downloading from spigot-repo: https://hub.spigotmc.org/nexus/content/repositories/snapshots/org/yaml/snakeyaml/1.27/snakeyaml-1.27.pom
[INFO] Downloading from jitpack.io: https://jitpack.io/org/yaml/snakeyaml/1.27/snakeyaml-1.27.pom
[INFO] Downloading from papermc: https://repo.papermc.io/repository/maven-public/org/yaml/snakeyaml/1.27/snakeyaml-1.27.pom
[INFO] Downloaded from papermc: https://repo.papermc.io/repository/maven-public/org/yaml/snakeyaml/1.27/snakeyaml-1.27.pom (37 kB at 87 kB/s)
[INFO] Downloading from spigot-repo: https://hub.spigotmc.org/nexus/content/repositories/snapshots/org/junit/jupiter/junit-jupiter/5.7.1/junit-jupiter-5.7.1.pom
[INFO] Downloading from jitpack.io: https://jitpack.io/org/junit/jupiter/junit-jupiter/5.7.1/junit-jupiter-5.7.1.pom
[INFO] Downloading from papermc: https://repo.papermc.io/repository/maven-public/org/junit/jupiter/junit-jupiter/5.7.1/junit-jupiter-5.7.1.pom
[INFO] Downloaded from papermc: https://repo.papermc.io/repository/maven-public/org/junit/jupiter/junit-jupiter/5.7.1/junit-jupiter-5.7.1.pom (3.2 kB at 11 kB/s)
[INFO] Downloading from spigot-repo: https://hub.spigotmc.org/nexus/content/repositories/snapshots/org/junit/junit-bom/5.7.1/junit-bom-5.7.1.pom
[INFO] Downloading from jitpack.io: https://jitpack.io/org/junit/junit-bom/5.7.1/junit-bom-5.7.1.pom
[INFO] Downloading from papermc: https://repo.papermc.io/repository/maven-public/org/junit/junit-bom/5.7.1/junit-bom-5.7.1.pom
[INFO] Downloaded from papermc: https://repo.papermc.io/repository/maven-public/org/junit/junit-bom/5.7.1/junit-bom-5.7.1.pom (5.1 kB at 17 kB/s)
[INFO] Downloading from spigot-repo: https://hub.spigotmc.org/nexus/content/repositories/snapshots/org/junit/jupiter/junit-jupiter-api/5.7.1/junit-jupiter-api-5.7.1.pom
[INFO] Downloading from jitpack.io: https://jitpack.io/org/junit/jupiter/junit-jupiter-api/5.7.1/junit-jupiter-api-5.7.1.pom
[INFO] Downloading from papermc: https://repo.papermc.io/repository/maven-public/org/junit/jupiter/junit-jupiter-api/5.7.1/junit-jupiter-api-5.7.1.pom
[INFO] Downloaded from papermc: https://repo.papermc.io/repository/maven-public/org/junit/jupiter/junit-jupiter-api/5.7.1/junit-jupiter-api-5.7.1.pom (3.2 kB at 11 kB/s)
[INFO] Downloading from spigot-repo: https://hub.spigotmc.org/nexus/content/repositories/snapshots/org/apiguardian/apiguardian-api/1.1.0/apiguardian-api-1.1.0.pom
[INFO] Downloading from jitpack.io: https://jitpack.io/org/apiguardian/apiguardian-api/1.1.0/apiguardian-api-1.1.0.pom
[INFO] Downloading from papermc: https://repo.papermc.io/repository/maven-public/org/apiguardian/apiguardian-api/1.1.0/apiguardian-api-1.1.0.pom
[INFO] Downloaded from papermc: https://repo.papermc.io/repository/maven-public/org/apiguardian/apiguardian-api/1.1.0/apiguardian-api-1.1.0.pom (1.2 kB at 3.9 kB/s)
[INFO] Downloading from spigot-repo: https://hub.spigotmc.org/nexus/content/repositories/snapshots/org/junit/platform/junit-platform-commons/1.7.1/junit-platform-commons-1.7.1.pom
[INFO] Downloading from jitpack.io: https://jitpack.io/org/junit/platform/junit-platform-commons/1.7.1/junit-platform-commons-1.7.1.pom
[INFO] Downloading from papermc: https://repo.papermc.io/repository/maven-public/org/junit/platform/junit-platform-commons/1.7.1/junit-platform-commons-1.7.1.pom
[INFO] Downloaded from papermc: https://repo.papermc.io/repository/maven-public/org/junit/platform/junit-platform-commons/1.7.1/junit-platform-commons-1.7.1.pom (2.8 kB at 9.5 kB/s)
[INFO] Downloading from spigot-repo: https://hub.spigotmc.org/nexus/content/repositories/snapshots/org/junit/jupiter/junit-jupiter-params/5.7.1/junit-jupiter-params-5.7.1.pom
[INFO] Downloading from jitpack.io: https://jitpack.io/org/junit/jupiter/junit-jupiter-params/5.7.1/junit-jupiter-params-5.7.1.pom
[INFO] Downloading from papermc: https://repo.papermc.io/repository/maven-public/org/junit/jupiter/junit-jupiter-params/5.7.1/junit-jupiter-params-5.7.1.pom
[INFO] Downloaded from papermc: https://repo.papermc.io/repository/maven-public/org/junit/jupiter/junit-jupiter-params/5.7.1/junit-jupiter-params-5.7.1.pom (3.0 kB at 10 kB/s)
[INFO] Downloading from spigot-repo: https://hub.spigotmc.org/nexus/content/repositories/snapshots/org/junit/jupiter/junit-jupiter-engine/5.7.1/junit-jupiter-engine-5.7.1.pom
[INFO] Downloading from jitpack.io: https://jitpack.io/org/junit/jupiter/junit-jupiter-engine/5.7.1/junit-jupiter-engine-5.7.1.pom
[INFO] Downloading from papermc: https://repo.papermc.io/repository/maven-public/org/junit/jupiter/junit-jupiter-engine/5.7.1/junit-jupiter-engine-5.7.1.pom
[INFO] Downloaded from papermc: https://repo.papermc.io/repository/maven-public/org/junit/jupiter/junit-jupiter-engine/5.7.1/junit-jupiter-engine-5.7.1.pom (3.2 kB at 11 kB/s)
[INFO] Downloading from spigot-repo: https://hub.spigotmc.org/nexus/content/repositories/snapshots/org/junit/platform/junit-platform-engine/1.7.1/junit-platform-engine-1.7.1.pom
[INFO] Downloading from jitpack.io: https://jitpack.io/org/junit/platform/junit-platform-engine/1.7.1/junit-platform-engine-1.7.1.pom
[INFO] Downloading from papermc: https://repo.papermc.io/repository/maven-public/org/junit/platform/junit-platform-engine/1.7.1/junit-platform-engine-1.7.1.pom
[INFO] Downloaded from papermc: https://repo.papermc.io/repository/maven-public/org/junit/platform/junit-platform-engine/1.7.1/junit-platform-engine-1.7.1.pom (3.2 kB at 10 kB/s)
[INFO] Downloading from spigot-repo: https://hub.spigotmc.org/nexus/content/repositories/snapshots/org/hamcrest/hamcrest-library/1.3/hamcrest-library-1.3.pom
[INFO] Downloading from jitpack.io: https://jitpack.io/org/hamcrest/hamcrest-library/1.3/hamcrest-library-1.3.pom
[INFO] Downloading from papermc: https://repo.papermc.io/repository/maven-public/org/hamcrest/hamcrest-library/1.3/hamcrest-library-1.3.pom
[INFO] Downloaded from papermc: https://repo.papermc.io/repository/maven-public/org/hamcrest/hamcrest-library/1.3/hamcrest-library-1.3.pom (820 B at 2.7 kB/s)
[INFO] Downloading from spigot-repo: https://hub.spigotmc.org/nexus/content/repositories/snapshots/org/hamcrest/hamcrest-parent/1.3/hamcrest-parent-1.3.pom
[INFO] Downloading from jitpack.io: https://jitpack.io/org/hamcrest/hamcrest-parent/1.3/hamcrest-parent-1.3.pom
[INFO] Downloading from papermc: https://repo.papermc.io/repository/maven-public/org/hamcrest/hamcrest-parent/1.3/hamcrest-parent-1.3.pom
[INFO] Downloaded from papermc: https://repo.papermc.io/repository/maven-public/org/hamcrest/hamcrest-parent/1.3/hamcrest-parent-1.3.pom (2.0 kB at 6.6 kB/s)
[INFO] Downloading from spigot-repo: https://hub.spigotmc.org/nexus/content/repositories/snapshots/org/hamcrest/hamcrest-core/1.3/hamcrest-core-1.3.pom
[INFO] Downloading from jitpack.io: https://jitpack.io/org/hamcrest/hamcrest-core/1.3/hamcrest-core-1.3.pom
[INFO] Downloading from papermc: https://repo.papermc.io/repository/maven-public/org/hamcrest/hamcrest-core/1.3/hamcrest-core-1.3.pom
[INFO] Downloaded from papermc: https://repo.papermc.io/repository/maven-public/org/hamcrest/hamcrest-core/1.3/hamcrest-core-1.3.pom (766 B at 2.5 kB/s)
[INFO] Downloading from spigot-repo: https://hub.spigotmc.org/nexus/content/repositories/snapshots/org/apache/commons/commons-io/1.3.2/commons-io-1.3.2.pom
[INFO] Downloading from jitpack.io: https://jitpack.io/org/apache/commons/commons-io/1.3.2/commons-io-1.3.2.pom
[INFO] Downloading from papermc: https://repo.papermc.io/repository/maven-public/org/apache/commons/commons-io/1.3.2/commons-io-1.3.2.pom
[INFO] Downloaded from papermc: https://repo.papermc.io/repository/maven-public/org/apache/commons/commons-io/1.3.2/commons-io-1.3.2.pom (640 B at 2.2 kB/s)
[INFO] Downloading from spigot-repo: https://hub.spigotmc.org/nexus/content/repositories/snapshots/commons-io/commons-io/1.3.2/commons-io-1.3.2.pom
[INFO] Downloading from jitpack.io: https://jitpack.io/commons-io/commons-io/1.3.2/commons-io-1.3.2.pom
[INFO] Downloading from papermc: https://repo.papermc.io/repository/maven-public/commons-io/commons-io/1.3.2/commons-io-1.3.2.pom
[INFO] Downloaded from papermc: https://repo.papermc.io/repository/maven-public/commons-io/commons-io/1.3.2/commons-io-1.3.2.pom (9.7 kB at 33 kB/s)
[INFO] Downloading from spigot-repo: https://hub.spigotmc.org/nexus/content/repositories/snapshots/org/apache/commons/commons-parent/3/commons-parent-3.pom
[INFO] Downloading from jitpack.io: https://jitpack.io/org/apache/commons/commons-parent/3/commons-parent-3.pom
[INFO] Downloading from papermc: https://repo.papermc.io/repository/maven-public/org/apache/commons/commons-parent/3/commons-parent-3.pom
[INFO] Downloaded from papermc: https://repo.papermc.io/repository/maven-public/org/apache/commons/commons-parent/3/commons-parent-3.pom (12 kB at 37 kB/s)
[INFO] Downloading from spigot-repo: https://hub.spigotmc.org/nexus/content/repositories/snapshots/org/jetbrains/annotations/19.0.0/annotations-19.0.0.pom
[INFO] Downloading from jitpack.io: https://jitpack.io/org/jetbrains/annotations/19.0.0/annotations-19.0.0.pom
[INFO] Downloading from papermc: https://repo.papermc.io/repository/maven-public/org/jetbrains/annotations/19.0.0/annotations-19.0.0.pom
[INFO] Downloaded from papermc: https://repo.papermc.io/repository/maven-public/org/jetbrains/annotations/19.0.0/annotations-19.0.0.pom (1.4 kB at 4.5 kB/s)
[INFO] Downloading from spigot-repo: https://hub.spigotmc.org/nexus/content/repositories/snapshots/net/guizhanss/GuizhanLib/1.1.0/GuizhanLib-1.1.0.pom
[INFO] Downloading from jitpack.io: https://jitpack.io/net/guizhanss/GuizhanLib/1.1.0/GuizhanLib-1.1.0.pom
[INFO] Downloaded from jitpack.io: https://jitpack.io/net/guizhanss/GuizhanLib/1.1.0/GuizhanLib-1.1.0.pom (1.4 kB at 4.9 kB/s)
[INFO] Downloading from spigot-repo: https://hub.spigotmc.org/nexus/content/repositories/snapshots/net/guizhanss/GuizhanLib/GuizhanLib-api/1.1.0/GuizhanLib-api-1.1.0.pom
[INFO] Downloading from jitpack.io: https://jitpack.io/net/guizhanss/GuizhanLib/GuizhanLib-api/1.1.0/GuizhanLib-api-1.1.0.pom
[INFO] Downloaded from jitpack.io: https://jitpack.io/net/guizhanss/GuizhanLib/GuizhanLib-api/1.1.0/GuizhanLib-api-1.1.0.pom (6.2 kB at 83 kB/s)
[INFO] Downloading from spigot-repo: https://hub.spigotmc.org/nexus/content/repositories/snapshots/net/guizhanss/GuizhanLib/GuizhanLib/1.1.0/GuizhanLib-1.1.0.pom
[INFO] Downloading from jitpack.io: https://jitpack.io/net/guizhanss/GuizhanLib/GuizhanLib/1.1.0/GuizhanLib-1.1.0.pom
[INFO] Downloaded from jitpack.io: https://jitpack.io/net/guizhanss/GuizhanLib/GuizhanLib/1.1.0/GuizhanLib-1.1.0.pom (7.6 kB at 77 kB/s)
[INFO] Downloading from spigot-repo: https://hub.spigotmc.org/nexus/content/repositories/snapshots/net/guizhanss/GuizhanLib/GuizhanLib-common/1.1.0/GuizhanLib-common-1.1.0.pom
[INFO] Downloading from jitpack.io: https://jitpack.io/net/guizhanss/GuizhanLib/GuizhanLib-common/1.1.0/GuizhanLib-common-1.1.0.pom
[INFO] Downloaded from jitpack.io: https://jitpack.io/net/guizhanss/GuizhanLib/GuizhanLib-common/1.1.0/GuizhanLib-common-1.1.0.pom (554 B at 4.3 kB/s)
[INFO] Downloading from spigot-repo: https://hub.spigotmc.org/nexus/content/repositories/snapshots/net/guizhanss/GuizhanLib/GuizhanLib-localization/1.1.0/GuizhanLib-localization-1.1.0.pom
[INFO] Downloading from jitpack.io: https://jitpack.io/net/guizhanss/GuizhanLib/GuizhanLib-localization/1.1.0/GuizhanLib-localization-1.1.0.pom
[INFO] Downloaded from jitpack.io: https://jitpack.io/net/guizhanss/GuizhanLib/GuizhanLib-localization/1.1.0/GuizhanLib-localization-1.1.0.pom (988 B at 14 kB/s)
[INFO] Downloading from spigot-repo: https://hub.spigotmc.org/nexus/content/repositories/snapshots/net/guizhanss/GuizhanLib/GuizhanLib-minecraft/1.1.0/GuizhanLib-minecraft-1.1.0.pom
[INFO] Downloading from jitpack.io: https://jitpack.io/net/guizhanss/GuizhanLib/GuizhanLib-minecraft/1.1.0/GuizhanLib-minecraft-1.1.0.pom
[INFO] Downloaded from jitpack.io: https://jitpack.io/net/guizhanss/GuizhanLib/GuizhanLib-minecraft/1.1.0/GuizhanLib-minecraft-1.1.0.pom (787 B at 11 kB/s)
[INFO] Downloading from spigot-repo: https://hub.spigotmc.org/nexus/content/repositories/snapshots/net/guizhanss/GuizhanLib/GuizhanLib-slimefun/1.1.0/GuizhanLib-slimefun-1.1.0.pom
[INFO] Downloading from jitpack.io: https://jitpack.io/net/guizhanss/GuizhanLib/GuizhanLib-slimefun/1.1.0/GuizhanLib-slimefun-1.1.0.pom
[INFO] Downloaded from jitpack.io: https://jitpack.io/net/guizhanss/GuizhanLib/GuizhanLib-slimefun/1.1.0/GuizhanLib-slimefun-1.1.0.pom (1.8 kB at 24 kB/s)
[INFO] Downloading from spigot-repo: https://hub.spigotmc.org/nexus/content/repositories/snapshots/net/guizhanss/GuizhanLib/GuizhanLib-updater/1.1.0/GuizhanLib-updater-1.1.0.pom
[INFO] Downloading from jitpack.io: https://jitpack.io/net/guizhanss/GuizhanLib/GuizhanLib-updater/1.1.0/GuizhanLib-updater-1.1.0.pom
[INFO] Downloaded from jitpack.io: https://jitpack.io/net/guizhanss/GuizhanLib/GuizhanLib-updater/1.1.0/GuizhanLib-updater-1.1.0.pom (1.6 kB at 19 kB/s)
[INFO] Downloading from spigot-repo: https://hub.spigotmc.org/nexus/content/repositories/snapshots/org/spigotmc/spigot-api/1.17.1-R0.1-SNAPSHOT/spigot-api-1.17.1-R0.1-20211121.234319-104.jar
[INFO] Downloading from spigot-repo: https://hub.spigotmc.org/nexus/content/repositories/snapshots/commons-lang/commons-lang/2.6/commons-lang-2.6.jar
[INFO] Downloading from spigot-repo: https://hub.spigotmc.org/nexus/content/repositories/snapshots/com/google/guava/guava/21.0/guava-21.0.jar
[INFO] Downloading from spigot-repo: https://hub.spigotmc.org/nexus/content/repositories/snapshots/com/google/code/gson/gson/2.8.0/gson-2.8.0.jar
[INFO] Downloading from spigot-repo: https://hub.spigotmc.org/nexus/content/repositories/snapshots/org/yaml/snakeyaml/1.28/snakeyaml-1.28.jar
[INFO] Downloading from spigot-repo: https://hub.spigotmc.org/nexus/content/repositories/snapshots/com/github/StarWishsama/Slimefun4/2022.06/Slimefun4-2022.06.jar
[INFO] Downloading from spigot-repo: https://hub.spigotmc.org/nexus/content/repositories/snapshots/org/projectlombok/lombok/1.18.24/lombok-1.18.24.jar
[INFO] Downloading from spigot-repo: https://hub.spigotmc.org/nexus/content/repositories/snapshots/com/arcaniax/HeadDatabase-API/1.3.1/HeadDatabase-API-1.3.1.jar
[INFO] Downloading from spigot-repo: https://hub.spigotmc.org/nexus/content/repositories/snapshots/net/guizhanss/InfinityLib/1.3.12/InfinityLib-1.3.12.jar
[INFO] Downloaded from spigot-repo: https://hub.spigotmc.org/nexus/content/repositories/snapshots/org/spigotmc/spigot-api/1.17.1-R0.1-SNAPSHOT/spigot-api-1.17.1-R0.1-20211121.234319-104.jar (1.4 MB at 13 MB/s)
[INFO] Downloading from spigot-repo: https://hub.spigotmc.org/nexus/content/repositories/snapshots/org/junit/jupiter/junit-jupiter/5.9.1/junit-jupiter-5.9.1.jar
[INFO] Downloading from spigot-repo: https://hub.spigotmc.org/nexus/content/repositories/snapshots/org/junit/jupiter/junit-jupiter-api/5.9.1/junit-jupiter-api-5.9.1.jar
[INFO] Downloading from spigot-repo: https://hub.spigotmc.org/nexus/content/repositories/snapshots/org/opentest4j/opentest4j/1.2.0/opentest4j-1.2.0.jar
[INFO] Downloading from spigot-repo: https://hub.spigotmc.org/nexus/content/repositories/snapshots/org/junit/platform/junit-platform-commons/1.9.1/junit-platform-commons-1.9.1.jar
[INFO] Downloading from spigot-repo: https://hub.spigotmc.org/nexus/content/repositories/snapshots/org/apiguardian/apiguardian-api/1.1.2/apiguardian-api-1.1.2.jar
[INFO] Downloading from spigot-repo: https://hub.spigotmc.org/nexus/content/repositories/snapshots/org/junit/jupiter/junit-jupiter-params/5.9.1/junit-jupiter-params-5.9.1.jar
[INFO] Downloading from spigot-repo: https://hub.spigotmc.org/nexus/content/repositories/snapshots/org/junit/jupiter/junit-jupiter-engine/5.9.1/junit-jupiter-engine-5.9.1.jar
[INFO] Downloading from spigot-repo: https://hub.spigotmc.org/nexus/content/repositories/snapshots/org/junit/platform/junit-platform-engine/1.9.1/junit-platform-engine-1.9.1.jar
[INFO] Downloading from spigot-repo: https://hub.spigotmc.org/nexus/content/repositories/snapshots/com/github/seeseemelk/MockBukkit-v1.16/1.5.2/MockBukkit-v1.16-1.5.2.jar
[INFO] Downloading from spigot-repo: https://hub.spigotmc.org/nexus/content/repositories/snapshots/org/hamcrest/hamcrest-library/1.3/hamcrest-library-1.3.jar
[INFO] Downloading from spigot-repo: https://hub.spigotmc.org/nexus/content/repositories/snapshots/org/hamcrest/hamcrest-core/1.3/hamcrest-core-1.3.jar
[INFO] Downloading from spigot-repo: https://hub.spigotmc.org/nexus/content/repositories/snapshots/commons-io/commons-io/1.3.2/commons-io-1.3.2.jar
[INFO] Downloading from spigot-repo: https://hub.spigotmc.org/nexus/content/repositories/snapshots/org/jetbrains/annotations/19.0.0/annotations-19.0.0.jar
[INFO] Downloading from spigot-repo: https://hub.spigotmc.org/nexus/content/repositories/snapshots/net/guizhanss/GuizhanLib/1.1.0/GuizhanLib-1.1.0.jar
[INFO] Downloading from spigot-repo: https://hub.spigotmc.org/nexus/content/repositories/snapshots/net/guizhanss/GuizhanLib/GuizhanLib-api/1.1.0/GuizhanLib-api-1.1.0.jar
[INFO] Downloading from spigot-repo: https://hub.spigotmc.org/nexus/content/repositories/snapshots/net/guizhanss/GuizhanLib/GuizhanLib-common/1.1.0/GuizhanLib-common-1.1.0.jar
[INFO] Downloading from spigot-repo: https://hub.spigotmc.org/nexus/content/repositories/snapshots/net/guizhanss/GuizhanLib/GuizhanLib-localization/1.1.0/GuizhanLib-localization-1.1.0.jar
[INFO] Downloading from spigot-repo: https://hub.spigotmc.org/nexus/content/repositories/snapshots/net/guizhanss/GuizhanLib/GuizhanLib-minecraft/1.1.0/GuizhanLib-minecraft-1.1.0.jar
[INFO] Downloading from spigot-repo: https://hub.spigotmc.org/nexus/content/repositories/snapshots/net/guizhanss/GuizhanLib/GuizhanLib-slimefun/1.1.0/GuizhanLib-slimefun-1.1.0.jar
[INFO] Downloading from spigot-repo: https://hub.spigotmc.org/nexus/content/repositories/snapshots/net/guizhanss/GuizhanLib/GuizhanLib-updater/1.1.0/GuizhanLib-updater-1.1.0.jar
[INFO] Downloading from jitpack.io: https://jitpack.io/commons-lang/commons-lang/2.6/commons-lang-2.6.jar
[INFO] Downloading from jitpack.io: https://jitpack.io/com/google/guava/guava/21.0/guava-21.0.jar
[INFO] Downloading from jitpack.io: https://jitpack.io/com/google/code/gson/gson/2.8.0/gson-2.8.0.jar
[INFO] Downloading from jitpack.io: https://jitpack.io/org/yaml/snakeyaml/1.28/snakeyaml-1.28.jar
[INFO] Downloading from jitpack.io: https://jitpack.io/com/github/StarWishsama/Slimefun4/2022.06/Slimefun4-2022.06.jar
[INFO] Downloading from jitpack.io: https://jitpack.io/org/projectlombok/lombok/1.18.24/lombok-1.18.24.jar
[INFO] Downloading from jitpack.io: https://jitpack.io/com/arcaniax/HeadDatabase-API/1.3.1/HeadDatabase-API-1.3.1.jar
[INFO] Downloading from jitpack.io: https://jitpack.io/net/guizhanss/InfinityLib/1.3.12/InfinityLib-1.3.12.jar
[INFO] Downloading from jitpack.io: https://jitpack.io/org/junit/jupiter/junit-jupiter/5.9.1/junit-jupiter-5.9.1.jar
[INFO] Downloading from jitpack.io: https://jitpack.io/org/junit/jupiter/junit-jupiter-api/5.9.1/junit-jupiter-api-5.9.1.jar
[INFO] Downloading from jitpack.io: https://jitpack.io/org/opentest4j/opentest4j/1.2.0/opentest4j-1.2.0.jar
[INFO] Downloading from jitpack.io: https://jitpack.io/org/junit/platform/junit-platform-commons/1.9.1/junit-platform-commons-1.9.1.jar
[INFO] Downloading from jitpack.io: https://jitpack.io/org/apiguardian/apiguardian-api/1.1.2/apiguardian-api-1.1.2.jar
[INFO] Downloading from jitpack.io: https://jitpack.io/org/junit/jupiter/junit-jupiter-params/5.9.1/junit-jupiter-params-5.9.1.jar
[INFO] Downloaded from jitpack.io: https://jitpack.io/net/guizhanss/InfinityLib/1.3.12/InfinityLib-1.3.12.jar (153 kB at 1.6 MB/s)
[INFO] Downloading from jitpack.io: https://jitpack.io/org/junit/jupiter/junit-jupiter-engine/5.9.1/junit-jupiter-engine-5.9.1.jar
[INFO] Downloading from jitpack.io: https://jitpack.io/org/junit/platform/junit-platform-engine/1.9.1/junit-platform-engine-1.9.1.jar
[INFO] Downloading from jitpack.io: https://jitpack.io/com/github/seeseemelk/MockBukkit-v1.16/1.5.2/MockBukkit-v1.16-1.5.2.jar
[INFO] Downloading from jitpack.io: https://jitpack.io/org/hamcrest/hamcrest-library/1.3/hamcrest-library-1.3.jar
[INFO] Downloading from jitpack.io: https://jitpack.io/org/hamcrest/hamcrest-core/1.3/hamcrest-core-1.3.jar
[INFO] Downloading from jitpack.io: https://jitpack.io/commons-io/commons-io/1.3.2/commons-io-1.3.2.jar
[INFO] Downloading from jitpack.io: https://jitpack.io/org/jetbrains/annotations/19.0.0/annotations-19.0.0.jar
[INFO] Downloading from jitpack.io: https://jitpack.io/net/guizhanss/GuizhanLib/1.1.0/GuizhanLib-1.1.0.jar
[INFO] Downloading from jitpack.io: https://jitpack.io/net/guizhanss/GuizhanLib/GuizhanLib-api/1.1.0/GuizhanLib-api-1.1.0.jar
[INFO] Downloading from jitpack.io: https://jitpack.io/net/guizhanss/GuizhanLib/GuizhanLib-common/1.1.0/GuizhanLib-common-1.1.0.jar
[INFO] Downloading from jitpack.io: https://jitpack.io/net/guizhanss/GuizhanLib/GuizhanLib-localization/1.1.0/GuizhanLib-localization-1.1.0.jar
[INFO] Downloaded from jitpack.io: https://jitpack.io/net/guizhanss/GuizhanLib/1.1.0/GuizhanLib-1.1.0.jar (316 B at 1.5 kB/s)
[INFO] Downloading from jitpack.io: https://jitpack.io/net/guizhanss/GuizhanLib/GuizhanLib-minecraft/1.1.0/GuizhanLib-minecraft-1.1.0.jar
[INFO] Downloaded from jitpack.io: https://jitpack.io/net/guizhanss/GuizhanLib/GuizhanLib-common/1.1.0/GuizhanLib-common-1.1.0.jar (10 kB at 43 kB/s)
[INFO] Downloading from jitpack.io: https://jitpack.io/net/guizhanss/GuizhanLib/GuizhanLib-slimefun/1.1.0/GuizhanLib-slimefun-1.1.0.jar
[INFO] Downloaded from jitpack.io: https://jitpack.io/net/guizhanss/GuizhanLib/GuizhanLib-localization/1.1.0/GuizhanLib-localization-1.1.0.jar (6.9 kB at 28 kB/s)
[INFO] Downloading from jitpack.io: https://jitpack.io/net/guizhanss/GuizhanLib/GuizhanLib-updater/1.1.0/GuizhanLib-updater-1.1.0.jar
[INFO] Downloaded from jitpack.io: https://jitpack.io/net/guizhanss/GuizhanLib/GuizhanLib-minecraft/1.1.0/GuizhanLib-minecraft-1.1.0.jar (63 kB at 248 kB/s)
[INFO] Downloaded from jitpack.io: https://jitpack.io/net/guizhanss/GuizhanLib/GuizhanLib-api/1.1.0/GuizhanLib-api-1.1.0.jar (122 kB at 442 kB/s)
[INFO] Downloaded from jitpack.io: https://jitpack.io/com/github/StarWishsama/Slimefun4/2022.06/Slimefun4-2022.06.jar (4.7 MB at 15 MB/s)
[INFO] Downloaded from jitpack.io: https://jitpack.io/net/guizhanss/GuizhanLib/GuizhanLib-slimefun/1.1.0/GuizhanLib-slimefun-1.1.0.jar (28 kB at 87 kB/s)
[INFO] Downloaded from jitpack.io: https://jitpack.io/net/guizhanss/GuizhanLib/GuizhanLib-updater/1.1.0/GuizhanLib-updater-1.1.0.jar (15 kB at 44 kB/s)
[INFO] Downloading from papermc: https://repo.papermc.io/repository/maven-public/commons-lang/commons-lang/2.6/commons-lang-2.6.jar
[INFO] Downloading from papermc: https://repo.papermc.io/repository/maven-public/com/google/guava/guava/21.0/guava-21.0.jar
[INFO] Downloading from papermc: https://repo.papermc.io/repository/maven-public/com/google/code/gson/gson/2.8.0/gson-2.8.0.jar
[INFO] Downloading from papermc: https://repo.papermc.io/repository/maven-public/org/yaml/snakeyaml/1.28/snakeyaml-1.28.jar
[INFO] Downloading from papermc: https://repo.papermc.io/repository/maven-public/org/projectlombok/lombok/1.18.24/lombok-1.18.24.jar
[INFO] Downloaded from papermc: https://repo.papermc.io/repository/maven-public/commons-lang/commons-lang/2.6/commons-lang-2.6.jar (284 kB at 417 kB/s)
[INFO] Downloading from papermc: https://repo.papermc.io/repository/maven-public/com/arcaniax/HeadDatabase-API/1.3.1/HeadDatabase-API-1.3.1.jar
[INFO] Downloaded from papermc: https://repo.papermc.io/repository/maven-public/com/google/code/gson/gson/2.8.0/gson-2.8.0.jar (232 kB at 217 kB/s)
[INFO] Downloading from papermc: https://repo.papermc.io/repository/maven-public/org/junit/jupiter/junit-jupiter/5.9.1/junit-jupiter-5.9.1.jar
[INFO] Downloaded from papermc: https://repo.papermc.io/repository/maven-public/org/projectlombok/lombok/1.18.24/lombok-1.18.24.jar (2.0 MB at 1.7 MB/s)
[INFO] Downloading from papermc: https://repo.papermc.io/repository/maven-public/org/junit/jupiter/junit-jupiter-api/5.9.1/junit-jupiter-api-5.9.1.jar
[INFO] Downloaded from papermc: https://repo.papermc.io/repository/maven-public/com/google/guava/guava/21.0/guava-21.0.jar (2.5 MB at 2.1 MB/s)
[INFO] Downloading from papermc: https://repo.papermc.io/repository/maven-public/org/opentest4j/opentest4j/1.2.0/opentest4j-1.2.0.jar
[INFO] Downloaded from papermc: https://repo.papermc.io/repository/maven-public/com/arcaniax/HeadDatabase-API/1.3.1/HeadDatabase-API-1.3.1.jar (24 kB at 18 kB/s)
[INFO] Downloading from papermc: https://repo.papermc.io/repository/maven-public/org/junit/platform/junit-platform-commons/1.9.1/junit-platform-commons-1.9.1.jar
[INFO] Downloaded from papermc: https://repo.papermc.io/repository/maven-public/org/yaml/snakeyaml/1.28/snakeyaml-1.28.jar (327 kB at 206 kB/s)
[INFO] Downloading from papermc: https://repo.papermc.io/repository/maven-public/org/apiguardian/apiguardian-api/1.1.2/apiguardian-api-1.1.2.jar
[INFO] Downloaded from papermc: https://repo.papermc.io/repository/maven-public/org/junit/jupiter/junit-jupiter/5.9.1/junit-jupiter-5.9.1.jar (6.4 kB at 3.6 kB/s)
[INFO] Downloading from papermc: https://repo.papermc.io/repository/maven-public/org/junit/jupiter/junit-jupiter-params/5.9.1/junit-jupiter-params-5.9.1.jar
[INFO] Downloaded from papermc: https://repo.papermc.io/repository/maven-public/org/opentest4j/opentest4j/1.2.0/opentest4j-1.2.0.jar (7.7 kB at 4.1 kB/s)
[INFO] Downloading from papermc: https://repo.papermc.io/repository/maven-public/org/junit/jupiter/junit-jupiter-engine/5.9.1/junit-jupiter-engine-5.9.1.jar
[INFO] Downloaded from papermc: https://repo.papermc.io/repository/maven-public/org/junit/platform/junit-platform-commons/1.9.1/junit-platform-commons-1.9.1.jar (103 kB at 52 kB/s)
[INFO] Downloading from papermc: https://repo.papermc.io/repository/maven-public/org/junit/platform/junit-platform-engine/1.9.1/junit-platform-engine-1.9.1.jar
[INFO] Downloaded from papermc: https://repo.papermc.io/repository/maven-public/org/apiguardian/apiguardian-api/1.1.2/apiguardian-api-1.1.2.jar (6.8 kB at 3.0 kB/s)
[INFO] Downloading from papermc: https://repo.papermc.io/repository/maven-public/com/github/seeseemelk/MockBukkit-v1.16/1.5.2/MockBukkit-v1.16-1.5.2.jar
[INFO] Downloaded from papermc: https://repo.papermc.io/repository/maven-public/org/junit/jupiter/junit-jupiter-params/5.9.1/junit-jupiter-params-5.9.1.jar (579 kB at 240 kB/s)
[INFO] Downloaded from papermc: https://repo.papermc.io/repository/maven-public/org/junit/jupiter/junit-jupiter-api/5.9.1/junit-jupiter-api-5.9.1.jar (208 kB at 86 kB/s)
[INFO] Downloading from papermc: https://repo.papermc.io/repository/maven-public/org/hamcrest/hamcrest-core/1.3/hamcrest-core-1.3.jar
[INFO] Downloading from papermc: https://repo.papermc.io/repository/maven-public/org/hamcrest/hamcrest-library/1.3/hamcrest-library-1.3.jar
[INFO] Downloaded from papermc: https://repo.papermc.io/repository/maven-public/org/junit/jupiter/junit-jupiter-engine/5.9.1/junit-jupiter-engine-5.9.1.jar (247 kB at 98 kB/s)
[INFO] Downloading from papermc: https://repo.papermc.io/repository/maven-public/commons-io/commons-io/1.3.2/commons-io-1.3.2.jar
[INFO] Downloaded from papermc: https://repo.papermc.io/repository/maven-public/org/junit/platform/junit-platform-engine/1.9.1/junit-platform-engine-1.9.1.jar (188 kB at 71 kB/s)
[INFO] Downloading from papermc: https://repo.papermc.io/repository/maven-public/org/jetbrains/annotations/19.0.0/annotations-19.0.0.jar
[INFO] Downloaded from papermc: https://repo.papermc.io/repository/maven-public/org/hamcrest/hamcrest-core/1.3/hamcrest-core-1.3.jar (45 kB at 15 kB/s)
[INFO] Downloaded from papermc: https://repo.papermc.io/repository/maven-public/org/hamcrest/hamcrest-library/1.3/hamcrest-library-1.3.jar (53 kB at 17 kB/s)
[INFO] Downloaded from papermc: https://repo.papermc.io/repository/maven-public/commons-io/commons-io/1.3.2/commons-io-1.3.2.jar (88 kB at 28 kB/s)
[INFO] Downloaded from papermc: https://repo.papermc.io/repository/maven-public/org/jetbrains/annotations/19.0.0/annotations-19.0.0.jar (25 kB at 7.4 kB/s)
[INFO] Downloaded from papermc: https://repo.papermc.io/repository/maven-public/com/github/seeseemelk/MockBukkit-v1.16/1.5.2/MockBukkit-v1.16-1.5.2.jar (271 kB at 79 kB/s)
[INFO] 
[INFO] --- maven-clean-plugin:2.5:clean (default-clean) @ Mineralgenerator ---
[INFO] 
[INFO] --- maven-resources-plugin:2.6:resources (default-resources) @ Mineralgenerator ---
[INFO] Using 'UTF-8' encoding to copy filtered resources.
[INFO] Copying 2 resources
[INFO] Copying 1 resource
[INFO] 
[INFO] --- maven-compiler-plugin:3.1:compile (default-compile) @ Mineralgenerator ---
[INFO] Downloading from central: https://repo.maven.apache.org/maven2/org/codehaus/plexus/plexus-utils/1.5.1/plexus-utils-1.5.1.pom
[INFO] Downloaded from central: https://repo.maven.apache.org/maven2/org/codehaus/plexus/plexus-utils/1.5.1/plexus-utils-1.5.1.pom (2.3 kB at 177 kB/s)
[INFO] Downloading from central: https://repo.maven.apache.org/maven2/org/apache/maven/maven-toolchain/1.0/maven-toolchain-1.0.pom
[INFO] Downloaded from central: https://repo.maven.apache.org/maven2/org/apache/maven/maven-toolchain/1.0/maven-toolchain-1.0.pom (3.4 kB at 263 kB/s)
[INFO] Downloading from central: https://repo.maven.apache.org/maven2/org/apache/maven/shared/maven-shared-utils/0.1/maven-shared-utils-0.1.pom
[INFO] Downloaded from central: https://repo.maven.apache.org/maven2/org/apache/maven/shared/maven-shared-utils/0.1/maven-shared-utils-0.1.pom (4.0 kB at 311 kB/s)
[INFO] Downloading from central: https://repo.maven.apache.org/maven2/org/apache/maven/shared/maven-shared-components/18/maven-shared-components-18.pom
[INFO] Downloaded from central: https://repo.maven.apache.org/maven2/org/apache/maven/shared/maven-shared-components/18/maven-shared-components-18.pom (4.9 kB at 380 kB/s)
[INFO] Downloading from central: https://repo.maven.apache.org/maven2/com/google/code/findbugs/jsr305/2.0.1/jsr305-2.0.1.pom
[INFO] Downloaded from central: https://repo.maven.apache.org/maven2/com/google/code/findbugs/jsr305/2.0.1/jsr305-2.0.1.pom (965 B at 69 kB/s)
[INFO] Downloading from central: https://repo.maven.apache.org/maven2/org/apache/maven/maven-plugin-api/2.2.1/maven-plugin-api-2.2.1.pom
[INFO] Downloaded from central: https://repo.maven.apache.org/maven2/org/apache/maven/maven-plugin-api/2.2.1/maven-plugin-api-2.2.1.pom (1.5 kB at 122 kB/s)
[INFO] Downloading from central: https://repo.maven.apache.org/maven2/org/apache/maven/maven/2.2.1/maven-2.2.1.pom
[INFO] Downloaded from central: https://repo.maven.apache.org/maven2/org/apache/maven/maven/2.2.1/maven-2.2.1.pom (22 kB at 1.6 MB/s)
[INFO] Downloading from central: https://repo.maven.apache.org/maven2/org/apache/maven/maven-parent/11/maven-parent-11.pom
[INFO] Downloaded from central: https://repo.maven.apache.org/maven2/org/apache/maven/maven-parent/11/maven-parent-11.pom (32 kB at 2.3 MB/s)
[INFO] Downloading from central: https://repo.maven.apache.org/maven2/org/apache/apache/5/apache-5.pom
[INFO] Downloaded from central: https://repo.maven.apache.org/maven2/org/apache/apache/5/apache-5.pom (4.1 kB at 273 kB/s)
[INFO] Downloading from central: https://repo.maven.apache.org/maven2/org/apache/maven/maven-core/2.2.1/maven-core-2.2.1.pom
[INFO] Downloaded from central: https://repo.maven.apache.org/maven2/org/apache/maven/maven-core/2.2.1/maven-core-2.2.1.pom (12 kB at 831 kB/s)
[INFO] Downloading from central: https://repo.maven.apache.org/maven2/org/apache/maven/maven-settings/2.2.1/maven-settings-2.2.1.pom
[INFO] Downloaded from central: https://repo.maven.apache.org/maven2/org/apache/maven/maven-settings/2.2.1/maven-settings-2.2.1.pom (2.2 kB at 136 kB/s)
[INFO] Downloading from central: https://repo.maven.apache.org/maven2/org/apache/maven/maven-model/2.2.1/maven-model-2.2.1.pom
[INFO] Downloaded from central: https://repo.maven.apache.org/maven2/org/apache/maven/maven-model/2.2.1/maven-model-2.2.1.pom (3.2 kB at 270 kB/s)
[INFO] Downloading from central: https://repo.maven.apache.org/maven2/org/codehaus/plexus/plexus-interpolation/1.11/plexus-interpolation-1.11.pom
[INFO] Downloaded from central: https://repo.maven.apache.org/maven2/org/codehaus/plexus/plexus-interpolation/1.11/plexus-interpolation-1.11.pom (889 B at 74 kB/s)
[INFO] Downloading from central: https://repo.maven.apache.org/maven2/org/apache/maven/maven-plugin-parameter-documenter/2.2.1/maven-plugin-parameter-documenter-2.2.1.pom
[INFO] Downloaded from central: https://repo.maven.apache.org/maven2/org/apache/maven/maven-plugin-parameter-documenter/2.2.1/maven-plugin-parameter-documenter-2.2.1.pom (2.0 kB at 151 kB/s)
[INFO] Downloading from central: https://repo.maven.apache.org/maven2/org/slf4j/slf4j-jdk14/1.5.6/slf4j-jdk14-1.5.6.pom
[INFO] Downloaded from central: https://repo.maven.apache.org/maven2/org/slf4j/slf4j-jdk14/1.5.6/slf4j-jdk14-1.5.6.pom (1.9 kB at 158 kB/s)
[INFO] Downloading from central: https://repo.maven.apache.org/maven2/org/slf4j/slf4j-parent/1.5.6/slf4j-parent-1.5.6.pom
[INFO] Downloaded from central: https://repo.maven.apache.org/maven2/org/slf4j/slf4j-parent/1.5.6/slf4j-parent-1.5.6.pom (7.9 kB at 660 kB/s)
[INFO] Downloading from central: https://repo.maven.apache.org/maven2/org/slf4j/slf4j-api/1.5.6/slf4j-api-1.5.6.pom
[INFO] Downloaded from central: https://repo.maven.apache.org/maven2/org/slf4j/slf4j-api/1.5.6/slf4j-api-1.5.6.pom (3.0 kB at 249 kB/s)
[INFO] Downloading from central: https://repo.maven.apache.org/maven2/org/slf4j/jcl-over-slf4j/1.5.6/jcl-over-slf4j-1.5.6.pom
[INFO] Downloaded from central: https://repo.maven.apache.org/maven2/org/slf4j/jcl-over-slf4j/1.5.6/jcl-over-slf4j-1.5.6.pom (2.2 kB at 167 kB/s)
[INFO] Downloading from central: https://repo.maven.apache.org/maven2/org/apache/maven/maven-profile/2.2.1/maven-profile-2.2.1.pom
[INFO] Downloaded from central: https://repo.maven.apache.org/maven2/org/apache/maven/maven-profile/2.2.1/maven-profile-2.2.1.pom (2.2 kB at 181 kB/s)
[INFO] Downloading from central: https://repo.maven.apache.org/maven2/org/apache/maven/maven-artifact/2.2.1/maven-artifact-2.2.1.pom
[INFO] Downloaded from central: https://repo.maven.apache.org/maven2/org/apache/maven/maven-artifact/2.2.1/maven-artifact-2.2.1.pom (1.6 kB at 93 kB/s)
[INFO] Downloading from central: https://repo.maven.apache.org/maven2/org/apache/maven/maven-repository-metadata/2.2.1/maven-repository-metadata-2.2.1.pom
[INFO] Downloaded from central: https://repo.maven.apache.org/maven2/org/apache/maven/maven-repository-metadata/2.2.1/maven-repository-metadata-2.2.1.pom (1.9 kB at 144 kB/s)
[INFO] Downloading from central: https://repo.maven.apache.org/maven2/org/apache/maven/maven-error-diagnostics/2.2.1/maven-error-diagnostics-2.2.1.pom
[INFO] Downloaded from central: https://repo.maven.apache.org/maven2/org/apache/maven/maven-error-diagnostics/2.2.1/maven-error-diagnostics-2.2.1.pom (1.7 kB at 142 kB/s)
[INFO] Downloading from central: https://repo.maven.apache.org/maven2/org/apache/maven/maven-project/2.2.1/maven-project-2.2.1.pom
[INFO] Downloaded from central: https://repo.maven.apache.org/maven2/org/apache/maven/maven-project/2.2.1/maven-project-2.2.1.pom (2.8 kB at 231 kB/s)
[INFO] Downloading from central: https://repo.maven.apache.org/maven2/org/apache/maven/maven-artifact-manager/2.2.1/maven-artifact-manager-2.2.1.pom
[INFO] Downloaded from central: https://repo.maven.apache.org/maven2/org/apache/maven/maven-artifact-manager/2.2.1/maven-artifact-manager-2.2.1.pom (3.1 kB at 259 kB/s)
[INFO] Downloading from central: https://repo.maven.apache.org/maven2/backport-util-concurrent/backport-util-concurrent/3.1/backport-util-concurrent-3.1.pom
[INFO] Downloaded from central: https://repo.maven.apache.org/maven2/backport-util-concurrent/backport-util-concurrent/3.1/backport-util-concurrent-3.1.pom (880 B at 73 kB/s)
[INFO] Downloading from central: https://repo.maven.apache.org/maven2/org/apache/maven/maven-plugin-registry/2.2.1/maven-plugin-registry-2.2.1.pom
[INFO] Downloaded from central: https://repo.maven.apache.org/maven2/org/apache/maven/maven-plugin-registry/2.2.1/maven-plugin-registry-2.2.1.pom (1.9 kB at 161 kB/s)
[INFO] Downloading from central: https://repo.maven.apache.org/maven2/org/apache/maven/maven-plugin-descriptor/2.2.1/maven-plugin-descriptor-2.2.1.pom
[INFO] Downloaded from central: https://repo.maven.apache.org/maven2/org/apache/maven/maven-plugin-descriptor/2.2.1/maven-plugin-descriptor-2.2.1.pom (2.1 kB at 159 kB/s)
[INFO] Downloading from central: https://repo.maven.apache.org/maven2/org/apache/maven/maven-monitor/2.2.1/maven-monitor-2.2.1.pom
[INFO] Downloaded from central: https://repo.maven.apache.org/maven2/org/apache/maven/maven-monitor/2.2.1/maven-monitor-2.2.1.pom (1.3 kB at 90 kB/s)
[INFO] Downloading from central: https://repo.maven.apache.org/maven2/org/codehaus/plexus/plexus-utils/1.5.5/plexus-utils-1.5.5.pom
[INFO] Downloaded from central: https://repo.maven.apache.org/maven2/org/codehaus/plexus/plexus-utils/1.5.5/plexus-utils-1.5.5.pom (5.1 kB at 343 kB/s)
[INFO] Downloading from central: https://repo.maven.apache.org/maven2/org/codehaus/plexus/plexus-component-annotations/1.5.5/plexus-component-annotations-1.5.5.pom
[INFO] Downloaded from central: https://repo.maven.apache.org/maven2/org/codehaus/plexus/plexus-component-annotations/1.5.5/plexus-component-annotations-1.5.5.pom (815 B at 54 kB/s)
[INFO] Downloading from central: https://repo.maven.apache.org/maven2/org/codehaus/plexus/plexus-containers/1.5.5/plexus-containers-1.5.5.pom
[INFO] Downloaded from central: https://repo.maven.apache.org/maven2/org/codehaus/plexus/plexus-containers/1.5.5/plexus-containers-1.5.5.pom (4.2 kB at 326 kB/s)
[INFO] Downloading from central: https://repo.maven.apache.org/maven2/org/codehaus/plexus/plexus-compiler-api/2.2/plexus-compiler-api-2.2.pom
[INFO] Downloaded from central: https://repo.maven.apache.org/maven2/org/codehaus/plexus/plexus-compiler-api/2.2/plexus-compiler-api-2.2.pom (865 B at 26 kB/s)
[INFO] Downloading from central: https://repo.maven.apache.org/maven2/org/codehaus/plexus/plexus-compiler/2.2/plexus-compiler-2.2.pom
[INFO] Downloaded from central: https://repo.maven.apache.org/maven2/org/codehaus/plexus/plexus-compiler/2.2/plexus-compiler-2.2.pom (3.6 kB at 90 kB/s)
[INFO] Downloading from central: https://repo.maven.apache.org/maven2/org/codehaus/plexus/plexus-components/1.3.1/plexus-components-1.3.1.pom
[INFO] Downloaded from central: https://repo.maven.apache.org/maven2/org/codehaus/plexus/plexus-components/1.3.1/plexus-components-1.3.1.pom (3.1 kB at 236 kB/s)
[INFO] Downloading from central: https://repo.maven.apache.org/maven2/org/codehaus/plexus/plexus/3.3.1/plexus-3.3.1.pom
[INFO] Downloaded from central: https://repo.maven.apache.org/maven2/org/codehaus/plexus/plexus/3.3.1/plexus-3.3.1.pom (20 kB at 1.7 MB/s)
[INFO] Downloading from central: https://repo.maven.apache.org/maven2/org/codehaus/plexus/plexus-compiler-manager/2.2/plexus-compiler-manager-2.2.pom
[INFO] Downloaded from central: https://repo.maven.apache.org/maven2/org/codehaus/plexus/plexus-compiler-manager/2.2/plexus-compiler-manager-2.2.pom (690 B at 43 kB/s)
[INFO] Downloading from central: https://repo.maven.apache.org/maven2/org/codehaus/plexus/plexus-compiler-javac/2.2/plexus-compiler-javac-2.2.pom
[INFO] Downloaded from central: https://repo.maven.apache.org/maven2/org/codehaus/plexus/plexus-compiler-javac/2.2/plexus-compiler-javac-2.2.pom (769 B at 48 kB/s)
[INFO] Downloading from central: https://repo.maven.apache.org/maven2/org/codehaus/plexus/plexus-compilers/2.2/plexus-compilers-2.2.pom
[INFO] Downloaded from central: https://repo.maven.apache.org/maven2/org/codehaus/plexus/plexus-compilers/2.2/plexus-compilers-2.2.pom (1.2 kB at 103 kB/s)
[INFO] Downloading from central: https://repo.maven.apache.org/maven2/org/codehaus/plexus/plexus-container-default/1.5.5/plexus-container-default-1.5.5.pom
[INFO] Downloaded from central: https://repo.maven.apache.org/maven2/org/codehaus/plexus/plexus-container-default/1.5.5/plexus-container-default-1.5.5.pom (2.8 kB at 172 kB/s)
[INFO] Downloading from central: https://repo.maven.apache.org/maven2/org/codehaus/plexus/plexus-utils/1.4.5/plexus-utils-1.4.5.pom
[INFO] Downloaded from central: https://repo.maven.apache.org/maven2/org/codehaus/plexus/plexus-utils/1.4.5/plexus-utils-1.4.5.pom (2.3 kB at 162 kB/s)
[INFO] Downloading from central: https://repo.maven.apache.org/maven2/org/codehaus/plexus/plexus-classworlds/2.2.2/plexus-classworlds-2.2.2.pom
[INFO] Downloaded from central: https://repo.maven.apache.org/maven2/org/codehaus/plexus/plexus-classworlds/2.2.2/plexus-classworlds-2.2.2.pom (4.0 kB at 269 kB/s)
[INFO] Downloading from central: https://repo.maven.apache.org/maven2/org/apache/xbean/xbean-reflect/3.4/xbean-reflect-3.4.pom
[INFO] Downloaded from central: https://repo.maven.apache.org/maven2/org/apache/xbean/xbean-reflect/3.4/xbean-reflect-3.4.pom (2.8 kB at 234 kB/s)
[INFO] Downloading from central: https://repo.maven.apache.org/maven2/org/apache/xbean/xbean/3.4/xbean-3.4.pom
[INFO] Downloaded from central: https://repo.maven.apache.org/maven2/org/apache/xbean/xbean/3.4/xbean-3.4.pom (19 kB at 1.3 MB/s)
[INFO] Downloading from central: https://repo.maven.apache.org/maven2/log4j/log4j/1.2.12/log4j-1.2.12.pom
[INFO] Downloaded from central: https://repo.maven.apache.org/maven2/log4j/log4j/1.2.12/log4j-1.2.12.pom (145 B at 12 kB/s)
[INFO] Downloading from central: https://repo.maven.apache.org/maven2/commons-logging/commons-logging-api/1.1/commons-logging-api-1.1.pom
[INFO] Downloaded from central: https://repo.maven.apache.org/maven2/commons-logging/commons-logging-api/1.1/commons-logging-api-1.1.pom (5.3 kB at 446 kB/s)
[INFO] Downloading from central: https://repo.maven.apache.org/maven2/com/google/collections/google-collections/1.0/google-collections-1.0.pom
[INFO] Downloaded from central: https://repo.maven.apache.org/maven2/com/google/collections/google-collections/1.0/google-collections-1.0.pom (2.5 kB at 191 kB/s)
[INFO] Downloading from central: https://repo.maven.apache.org/maven2/com/google/google/1/google-1.pom
[INFO] Downloaded from central: https://repo.maven.apache.org/maven2/com/google/google/1/google-1.pom (1.6 kB at 74 kB/s)
[INFO] Downloading from central: https://repo.maven.apache.org/maven2/junit/junit/3.8.2/junit-3.8.2.pom
[INFO] Downloaded from central: https://repo.maven.apache.org/maven2/junit/junit/3.8.2/junit-3.8.2.pom (747 B at 47 kB/s)
[INFO] Downloading from central: https://repo.maven.apache.org/maven2/org/codehaus/plexus/plexus-utils/1.5.1/plexus-utils-1.5.1.jar
[INFO] Downloading from central: https://repo.maven.apache.org/maven2/org/apache/maven/maven-toolchain/1.0/maven-toolchain-1.0.jar
[INFO] Downloading from central: https://repo.maven.apache.org/maven2/org/apache/maven/shared/maven-shared-utils/0.1/maven-shared-utils-0.1.jar
[INFO] Downloading from central: https://repo.maven.apache.org/maven2/com/google/code/findbugs/jsr305/2.0.1/jsr305-2.0.1.jar
[INFO] Downloading from central: https://repo.maven.apache.org/maven2/org/codehaus/plexus/plexus-component-annotations/1.5.5/plexus-component-annotations-1.5.5.jar
[INFO] Downloaded from central: https://repo.maven.apache.org/maven2/org/codehaus/plexus/plexus-utils/1.5.1/plexus-utils-1.5.1.jar (211 kB at 6.0 MB/s)
[INFO] Downloading from central: https://repo.maven.apache.org/maven2/org/codehaus/plexus/plexus-compiler-api/2.2/plexus-compiler-api-2.2.jar
[INFO] Downloaded from central: https://repo.maven.apache.org/maven2/org/apache/maven/maven-toolchain/1.0/maven-toolchain-1.0.jar (33 kB at 844 kB/s)
[INFO] Downloading from central: https://repo.maven.apache.org/maven2/org/codehaus/plexus/plexus-compiler-manager/2.2/plexus-compiler-manager-2.2.jar
[INFO] Downloaded from central: https://repo.maven.apache.org/maven2/com/google/code/findbugs/jsr305/2.0.1/jsr305-2.0.1.jar (32 kB at 839 kB/s)
[INFO] Downloading from central: https://repo.maven.apache.org/maven2/org/codehaus/plexus/plexus-compiler-javac/2.2/plexus-compiler-javac-2.2.jar
[INFO] Downloaded from central: https://repo.maven.apache.org/maven2/org/codehaus/plexus/plexus-compiler-api/2.2/plexus-compiler-api-2.2.jar (25 kB at 568 kB/s)
[INFO] Downloading from central: https://repo.maven.apache.org/maven2/org/codehaus/plexus/plexus-container-default/1.5.5/plexus-container-default-1.5.5.jar
[INFO] Downloaded from central: https://repo.maven.apache.org/maven2/org/codehaus/plexus/plexus-compiler-manager/2.2/plexus-compiler-manager-2.2.jar (4.6 kB at 97 kB/s)
[INFO] Downloading from central: https://repo.maven.apache.org/maven2/org/codehaus/plexus/plexus-classworlds/2.2.2/plexus-classworlds-2.2.2.jar
[INFO] Downloaded from central: https://repo.maven.apache.org/maven2/org/codehaus/plexus/plexus-compiler-javac/2.2/plexus-compiler-javac-2.2.jar (19 kB at 395 kB/s)
[INFO] Downloading from central: https://repo.maven.apache.org/maven2/org/apache/xbean/xbean-reflect/3.4/xbean-reflect-3.4.jar
[INFO] Downloaded from central: https://repo.maven.apache.org/maven2/org/codehaus/plexus/plexus-classworlds/2.2.2/plexus-classworlds-2.2.2.jar (46 kB at 756 kB/s)
[INFO] Downloading from central: https://repo.maven.apache.org/maven2/log4j/log4j/1.2.12/log4j-1.2.12.jar
[INFO] Downloaded from central: https://repo.maven.apache.org/maven2/org/codehaus/plexus/plexus-container-default/1.5.5/plexus-container-default-1.5.5.jar (217 kB at 3.5 MB/s)
[INFO] Downloading from central: https://repo.maven.apache.org/maven2/commons-logging/commons-logging-api/1.1/commons-logging-api-1.1.jar
[INFO] Downloaded from central: https://repo.maven.apache.org/maven2/org/apache/xbean/xbean-reflect/3.4/xbean-reflect-3.4.jar (134 kB at 2.0 MB/s)
[INFO] Downloading from central: https://repo.maven.apache.org/maven2/com/google/collections/google-collections/1.0/google-collections-1.0.jar
[INFO] Downloaded from central: https://repo.maven.apache.org/maven2/org/codehaus/plexus/plexus-component-annotations/1.5.5/plexus-component-annotations-1.5.5.jar (4.2 kB at 55 kB/s)
[INFO] Downloading from central: https://repo.maven.apache.org/maven2/junit/junit/3.8.2/junit-3.8.2.jar
[INFO] Downloaded from central: https://repo.maven.apache.org/maven2/commons-logging/commons-logging-api/1.1/commons-logging-api-1.1.jar (45 kB at 587 kB/s)
[INFO] Downloaded from central: https://repo.maven.apache.org/maven2/log4j/log4j/1.2.12/log4j-1.2.12.jar (358 kB at 4.2 MB/s)
[INFO] Downloaded from central: https://repo.maven.apache.org/maven2/org/apache/maven/shared/maven-shared-utils/0.1/maven-shared-utils-0.1.jar (155 kB at 1.6 MB/s)
[INFO] Downloaded from central: https://repo.maven.apache.org/maven2/com/google/collections/google-collections/1.0/google-collections-1.0.jar (640 kB at 6.7 MB/s)
[INFO] Downloaded from central: https://repo.maven.apache.org/maven2/junit/junit/3.8.2/junit-3.8.2.jar (121 kB at 1.1 MB/s)
[INFO] Changes detected - recompiling the module!
[INFO] Compiling 4 source files to /home/runner/work/guizhan-builds/guizhan-builds/static/f/shixinzia/Mineralgenerator/master/workspace/target/classes
[WARNING] /home/runner/work/guizhan-builds/guizhan-builds/static/f/shixinzia/Mineralgenerator/master/workspace/src/main/java/io/github/shixinzia/mineralgenerator/items/materials/Mineralgenerators.java: /home/runner/work/guizhan-builds/guizhan-builds/static/f/shixinzia/Mineralgenerator/master/workspace/src/main/java/io/github/shixinzia/mineralgenerator/items/materials/Mineralgenerators.java uses or overrides a deprecated API.
[WARNING] /home/runner/work/guizhan-builds/guizhan-builds/static/f/shixinzia/Mineralgenerator/master/workspace/src/main/java/io/github/shixinzia/mineralgenerator/items/materials/Mineralgenerators.java: Recompile with -Xlint:deprecation for details.
[INFO] 
[INFO] --- maven-resources-plugin:2.6:testResources (default-testResources) @ Mineralgenerator ---
[INFO] Using 'UTF-8' encoding to copy filtered resources.
[INFO] skip non existing resourceDirectory /home/runner/work/guizhan-builds/guizhan-builds/static/f/shixinzia/Mineralgenerator/master/workspace/src/test/resources
[INFO] 
[INFO] --- maven-compiler-plugin:3.1:testCompile (default-testCompile) @ Mineralgenerator ---
[INFO] No sources to compile
[INFO] 
[INFO] --- maven-surefire-plugin:2.12.4:test (default-test) @ Mineralgenerator ---
[INFO] No tests to run.
[INFO] 
[INFO] --- maven-jar-plugin:2.4:jar (default-jar) @ Mineralgenerator ---
[INFO] Building jar: /home/runner/work/guizhan-builds/guizhan-builds/static/f/shixinzia/Mineralgenerator/master/workspace/target/Mineralgenerator-Build 1 (shixinzia) (git 9924fd3).jar
[INFO] 
[INFO] --- maven-shade-plugin:3.4.1:shade (default) @ Mineralgenerator ---
[INFO] Including net.guizhanss:InfinityLib:jar:1.3.12 in the shaded jar.
[INFO] Including net.guizhanss:GuizhanLib:jar:1.1.0 in the shaded jar.
[INFO] Including net.guizhanss.GuizhanLib:GuizhanLib-api:jar:1.1.0 in the shaded jar.
[INFO] Including net.guizhanss.GuizhanLib:GuizhanLib-common:jar:1.1.0 in the shaded jar.
[INFO] Including net.guizhanss.GuizhanLib:GuizhanLib-localization:jar:1.1.0 in the shaded jar.
[INFO] Including net.guizhanss.GuizhanLib:GuizhanLib-minecraft:jar:1.1.0 in the shaded jar.
[INFO] Including net.guizhanss.GuizhanLib:GuizhanLib-slimefun:jar:1.1.0 in the shaded jar.
[INFO] Including net.guizhanss.GuizhanLib:GuizhanLib-updater:jar:1.1.0 in the shaded jar.
[INFO] Minimizing jar io.github.shixinzia:Mineralgenerator:jar:Build 1 (shixinzia) (git 9924fd3)
[INFO] Dependency-reduced POM written at: /home/runner/work/guizhan-builds/guizhan-builds/static/f/shixinzia/Mineralgenerator/master/workspace/dependency-reduced-pom.xml
[WARNING] GuizhanLib-api-1.1.0.jar, GuizhanLib-minecraft-1.1.0.jar define 2 overlapping resources: 
[WARNING]   - META-INF/maven/net.guizhanss/GuizhanLib-minecraft/pom.properties
[WARNING]   - META-INF/maven/net.guizhanss/GuizhanLib-minecraft/pom.xml
[WARNING] GuizhanLib-api-1.1.0.jar, GuizhanLib-localization-1.1.0.jar define 2 overlapping resources: 
[WARNING]   - META-INF/maven/net.guizhanss/GuizhanLib-localization/pom.properties
[WARNING]   - META-INF/maven/net.guizhanss/GuizhanLib-localization/pom.xml
[WARNING] GuizhanLib-api-1.1.0.jar, GuizhanLib-updater-1.1.0.jar, InfinityLib-1.3.12.jar define 2 overlapping classes: 
[WARNING]   - net.guizhanss.guizhanlib.updater.GuizhanBuildsUpdater
[WARNING]   - net.guizhanss.guizhanlib.updater.UpdaterTask
[WARNING] GuizhanLib-api-1.1.0.jar, GuizhanLib-slimefun-1.1.0.jar define 2 overlapping resources: 
[WARNING]   - META-INF/maven/net.guizhanss/GuizhanLib-slimefun/pom.properties
[WARNING]   - META-INF/maven/net.guizhanss/GuizhanLib-slimefun/pom.xml
[WARNING] GuizhanLib-api-1.1.0.jar, GuizhanLib-common-1.1.0.jar define 2 overlapping resources: 
[WARNING]   - META-INF/maven/net.guizhanss/GuizhanLib-common/pom.properties
[WARNING]   - META-INF/maven/net.guizhanss/GuizhanLib-common/pom.xml
[WARNING] GuizhanLib-api-1.1.0.jar, GuizhanLib-updater-1.1.0.jar define 5 overlapping classes and resources: 
[WARNING]   - META-INF/maven/net.guizhanss/GuizhanLib-updater/pom.properties
[WARNING]   - META-INF/maven/net.guizhanss/GuizhanLib-updater/pom.xml
[WARNING]   - net.guizhanss.guizhanlib.updater.AbstractGuizhanBuildsUpdater
[WARNING]   - net.guizhanss.guizhanlib.updater.Locales
[WARNING]   - net.guizhanss.guizhanlib.updater.UpdaterLocalizations
[WARNING] GuizhanLib-api-1.1.0.jar, GuizhanLib-common-1.1.0.jar, InfinityLib-1.3.12.jar define 1 overlapping classes: 
[WARNING]   - net.guizhanss.guizhanlib.utils.JsonUtil
[WARNING] maven-shade-plugin has detected that some class files are
[WARNING] present in two or more JARs. When this happens, only one
[WARNING] single version of the class is copied to the uber jar.
[WARNING] Usually this is not harmful and you can skip these warnings,
[WARNING] otherwise try to manually exclude artifacts based on
[WARNING] mvn dependency:tree -Ddetail=true and the above output.
[WARNING] See https://maven.apache.org/plugins/maven-shade-plugin/
[INFO] Minimized 283 -> 74 (26%)
[INFO] Replacing original artifact with shaded artifact.
[INFO] Replacing /home/runner/work/guizhan-builds/guizhan-builds/static/f/shixinzia/Mineralgenerator/master/workspace/target/Mineralgenerator-Build 1 (shixinzia) (git 9924fd3).jar with /home/runner/work/guizhan-builds/guizhan-builds/static/f/shixinzia/Mineralgenerator/master/workspace/target/Mineralgenerator-Build 1 (shixinzia) (git 9924fd3)-shaded.jar
[INFO] ------------------------------------------------------------------------
[INFO] BUILD SUCCESS
[INFO] ------------------------------------------------------------------------
[INFO] Total time:  23.469 s
[INFO] Finished at: 2022-11-27T06:08:07Z
[INFO] ------------------------------------------------------------------------
