[INFO] Scanning for projects...
[INFO] 
[INFO] -----------------< io.github.mooy1:InfinityExpansion >------------------
[INFO] Building InfinityExpansion Test 3 zh-CN(baoad) (git aa441d1)
[INFO] --------------------------------[ jar ]---------------------------------
[INFO] Downloading from spigot-repo: https://hub.spigotmc.org/nexus/content/repositories/snapshots/com/github/StarWishsama/Slimefun4/1543157e4c/Slimefun4-1543157e4c.pom
[INFO] Downloading from jitpack.io: https://jitpack.io/com/github/StarWishsama/Slimefun4/1543157e4c/Slimefun4-1543157e4c.pom
[INFO] Downloaded from jitpack.io: https://jitpack.io/com/github/StarWishsama/Slimefun4/1543157e4c/Slimefun4-1543157e4c.pom (11 kB at 61 kB/s)
[WARNING] The POM for com.github.StarWishsama:Slimefun4:jar:1543157e4c is invalid, transitive dependencies (if any) will not be available, enable debug logging for more details
[WARNING] The artifact org.apache.commons:commons-io:jar:1.3.2 has been relocated to commons-io:commons-io:jar:1.3.2: https://issues.sonatype.org/browse/MVNCENTRAL-244
[INFO] Downloading from spigot-repo: https://hub.spigotmc.org/nexus/content/repositories/snapshots/com/github/StarWishsama/Slimefun4/1543157e4c/Slimefun4-1543157e4c.jar
[INFO] Downloading from jitpack.io: https://jitpack.io/com/github/StarWishsama/Slimefun4/1543157e4c/Slimefun4-1543157e4c.jar
[INFO] Downloaded from jitpack.io: https://jitpack.io/com/github/StarWishsama/Slimefun4/1543157e4c/Slimefun4-1543157e4c.jar (4.4 MB at 11 MB/s)
[INFO] 
[INFO] --- maven-clean-plugin:2.5:clean (default-clean) @ InfinityExpansion ---
[INFO] 
[INFO] --- maven-resources-plugin:2.6:resources (default-resources) @ InfinityExpansion ---
[INFO] Using 'UTF-8' encoding to copy filtered resources.
[INFO] Copying 2 resources
[INFO] Copying 1 resource
[INFO] 
[INFO] --- maven-compiler-plugin:3.1:compile (default-compile) @ InfinityExpansion ---
[INFO] Changes detected - recompiling the module!
[INFO] Compiling 53 source files to /home/runner/work/maven-builds/maven-builds/static/f/baoad/InfinityExpansion/fix/workspace/target/classes
[WARNING] /home/runner/work/maven-builds/maven-builds/static/f/baoad/InfinityExpansion/fix/workspace/src/main/java/io/github/mooy1/infinityexpansion/items/machines/PoweredBedrock.java: Some input files use or override a deprecated API.
[WARNING] /home/runner/work/maven-builds/maven-builds/static/f/baoad/InfinityExpansion/fix/workspace/src/main/java/io/github/mooy1/infinityexpansion/items/machines/PoweredBedrock.java: Recompile with -Xlint:deprecation for details.
[INFO] 
[INFO] --- maven-resources-plugin:2.6:testResources (default-testResources) @ InfinityExpansion ---
[INFO] Using 'UTF-8' encoding to copy filtered resources.
[INFO] skip non existing resourceDirectory /home/runner/work/maven-builds/maven-builds/static/f/baoad/InfinityExpansion/fix/workspace/src/test/resources
[INFO] 
[INFO] --- maven-compiler-plugin:3.1:testCompile (default-testCompile) @ InfinityExpansion ---
[INFO] Changes detected - recompiling the module!
[INFO] Compiling 1 source file to /home/runner/work/maven-builds/maven-builds/static/f/baoad/InfinityExpansion/fix/workspace/target/test-classes
[INFO] 
[INFO] --- maven-surefire-plugin:3.0.0-M5:test (default-test) @ InfinityExpansion ---
[INFO] 
[INFO] -------------------------------------------------------
[INFO]  T E S T S
[INFO] -------------------------------------------------------
[INFO] 
[INFO] Results:
[INFO] 
[INFO] Tests run: 0, Failures: 0, Errors: 0, Skipped: 0
[INFO] 
[INFO] 
[INFO] --- maven-jar-plugin:2.4:jar (default-jar) @ InfinityExpansion ---
[INFO] Building jar: /home/runner/work/maven-builds/maven-builds/static/f/baoad/InfinityExpansion/fix/workspace/target/InfinityExpansion-Test 3 zh-CN(baoad) (git aa441d1).jar
[INFO] 
[INFO] --- maven-shade-plugin:3.2.4:shade (default) @ InfinityExpansion ---
[INFO] Including net.guizhanss:InfinityLib:jar:1.3.4 in the shaded jar.
[INFO] Including net.guizhanss:GuizhanLib:jar:0.5.3 in the shaded jar.
[INFO] Minimizing jar io.github.mooy1:InfinityExpansion:jar:Test 3 zh-CN(baoad) (git aa441d1)
[WARNING] /home/runner/work/maven-builds/maven-builds/static/f/baoad/InfinityExpansion/fix/workspace/target/classes (Is a directory)
[INFO] Minimized 164 -> 131 (79%)
[INFO] Replacing original artifact with shaded artifact.
[INFO] Replacing /home/runner/work/maven-builds/maven-builds/static/f/baoad/InfinityExpansion/fix/workspace/target/InfinityExpansion-Test 3 zh-CN(baoad) (git aa441d1).jar with /home/runner/work/maven-builds/maven-builds/static/f/baoad/InfinityExpansion/fix/workspace/target/InfinityExpansion-Test 3 zh-CN(baoad) (git aa441d1)-shaded.jar
[INFO] Dependency-reduced POM written at: /home/runner/work/maven-builds/maven-builds/static/f/baoad/InfinityExpansion/fix/workspace/dependency-reduced-pom.xml
[INFO] ------------------------------------------------------------------------
[INFO] BUILD SUCCESS
[INFO] ------------------------------------------------------------------------
[INFO] Total time:  8.106 s
[INFO] Finished at: 2022-02-18T11:29:25Z
[INFO] ------------------------------------------------------------------------
