Downloading https://services.gradle.org/distributions/gradle-7.3.3-bin.zip
...........10%...........20%...........30%...........40%...........50%...........60%...........70%...........80%...........90%...........100%

Welcome to Gradle 7.3.3!

Here are the highlights of this release:
 - Easily declare new test suites in Java projects
 - Support for Java 17
 - Support for Scala 3

For more details see https://docs.gradle.org/7.3.3/release-notes.html

Starting a Gradle Daemon (subsequent builds will be faster)
> Task :clean UP-TO-DATE
> Task :compileJava
> Task :processResources
> Task :classes
> Task :jar
> Task :assemble
> Task :compileTestJava NO-SOURCE
> Task :processTestResources NO-SOURCE
> Task :testClasses UP-TO-DATE
> Task :test NO-SOURCE
> Task :check UP-TO-DATE
> Task :build

BUILD SUCCESSFUL in 15s
4 actionable tasks: 3 executed, 1 up-to-date
