[INFO] Scanning for projects...
[INFO] 
[INFO] ------------------------< me.ezcoins:EzSFAddon >------------------------
[INFO] Building EzSFAddon Build 2 zh-CN(haiman233) (git 97407e2)
[INFO] --------------------------------[ jar ]---------------------------------
[INFO] 
[INFO] --- maven-clean-plugin:2.5:clean (default-clean) @ EzSFAddon ---
[INFO] 
[INFO] --- maven-resources-plugin:2.6:resources (default-resources) @ EzSFAddon ---
[INFO] Using 'UTF-8' encoding to copy filtered resources.
[INFO] Copying 2 resources
[INFO] 
[INFO] --- maven-compiler-plugin:3.1:compile (default-compile) @ EzSFAddon ---
[INFO] Changes detected - recompiling the module!
[INFO] Compiling 19 source files to /home/runner/work/maven-builds/maven-builds/static/f/haiman233/EzTech-CN/master/workspace/target/classes
[INFO] 
[INFO] --- maven-resources-plugin:2.6:testResources (default-testResources) @ EzSFAddon ---
[INFO] Using 'UTF-8' encoding to copy filtered resources.
[INFO] skip non existing resourceDirectory /home/runner/work/maven-builds/maven-builds/static/f/haiman233/EzTech-CN/master/workspace/src/test/resources
[INFO] 
[INFO] --- maven-compiler-plugin:3.1:testCompile (default-testCompile) @ EzSFAddon ---
[INFO] No sources to compile
[INFO] 
[INFO] --- maven-surefire-plugin:2.12.4:test (default-test) @ EzSFAddon ---
[INFO] No tests to run.
[INFO] 
[INFO] --- maven-jar-plugin:2.4:jar (default-jar) @ EzSFAddon ---
[INFO] Building jar: /home/runner/work/maven-builds/maven-builds/static/f/haiman233/EzTech-CN/master/workspace/target/EzSFAddon-Build 2 zh-CN(haiman233) (git 97407e2).jar
[INFO] ------------------------------------------------------------------------
[INFO] BUILD SUCCESS
[INFO] ------------------------------------------------------------------------
[INFO] Total time:  2.968 s
[INFO] Finished at: 2022-02-13T05:39:43Z
[INFO] ------------------------------------------------------------------------
