[INFO] Scanning for projects...
[INFO] 
[INFO] ---------------< io.github.thebusybiscuit:ExoticGarden >----------------
[INFO] Building ExoticGarden Build 1 X (git 6f7ecf0)
[INFO] --------------------------------[ jar ]---------------------------------
[INFO] 
[INFO] --- maven-clean-plugin:2.5:clean (default-clean) @ ExoticGarden ---
[INFO] 
[INFO] --- maven-resources-plugin:2.6:resources (default-resources) @ ExoticGarden ---
[INFO] Using 'UTF-8' encoding to copy filtered resources.
[INFO] Copying 2 resources
[INFO] Copying 1 resource
[INFO] Copying 11 resources
[INFO] 
[INFO] --- maven-compiler-plugin:3.1:compile (default-compile) @ ExoticGarden ---
[INFO] Changes detected - recompiling the module!
[INFO] Compiling 33 source files to /home/runner/work/guizhan-builds/guizhan-builds/static/f/SlimefunGuguProject/ExoticGarden-changed/master/workspace/target/classes
[INFO] 
[INFO] --- maven-resources-plugin:2.6:testResources (default-testResources) @ ExoticGarden ---
[INFO] Using 'UTF-8' encoding to copy filtered resources.
[INFO] skip non existing resourceDirectory /home/runner/work/guizhan-builds/guizhan-builds/static/f/SlimefunGuguProject/ExoticGarden-changed/master/workspace/src/test/resources
[INFO] 
[INFO] --- maven-compiler-plugin:3.1:testCompile (default-testCompile) @ ExoticGarden ---
[INFO] No sources to compile
[INFO] 
[INFO] --- maven-surefire-plugin:2.12.4:test (default-test) @ ExoticGarden ---
[INFO] No tests to run.
[INFO] 
[INFO] --- maven-jar-plugin:2.4:jar (default-jar) @ ExoticGarden ---
[INFO] Building jar: /home/runner/work/guizhan-builds/guizhan-builds/static/f/SlimefunGuguProject/ExoticGarden-changed/master/workspace/target/ExoticGarden-Build 1 X (git 6f7ecf0).jar
[INFO] 
[INFO] --- maven-shade-plugin:3.3.0:shade (default) @ ExoticGarden ---
[INFO] Including org.bstats:bstats-bukkit:jar:2.2.1 in the shaded jar.
[INFO] Including org.bstats:bstats-base:jar:2.2.1 in the shaded jar.
[INFO] Dependency-reduced POM written at: /home/runner/work/guizhan-builds/guizhan-builds/static/f/SlimefunGuguProject/ExoticGarden-changed/master/workspace/dependency-reduced-pom.xml
[INFO] Replacing original artifact with shaded artifact.
[INFO] Replacing /home/runner/work/guizhan-builds/guizhan-builds/static/f/SlimefunGuguProject/ExoticGarden-changed/master/workspace/target/ExoticGarden-Build 1 X (git 6f7ecf0).jar with /home/runner/work/guizhan-builds/guizhan-builds/static/f/SlimefunGuguProject/ExoticGarden-changed/master/workspace/target/ExoticGarden-Build 1 X (git 6f7ecf0)-shaded.jar
[INFO] ------------------------------------------------------------------------
[INFO] BUILD SUCCESS
[INFO] ------------------------------------------------------------------------
[INFO] Total time:  4.499 s
[INFO] Finished at: 2023-01-28T01:49:15Z
[INFO] ------------------------------------------------------------------------
