[INFO] Scanning for projects...
[INFO] 
[INFO] ---------------------< dev.sefiraat:Netheopoiesis >---------------------
[INFO] Building Netheopoiesis Build 7 zh-CN(SlimefunGuguProject) (git 95f4ae1)
[INFO] --------------------------------[ jar ]---------------------------------
[INFO] Downloading from aikar: https://repo.aikar.co/content/groups/aikar/org/spigotmc/spigot-api/1.19-R0.1-SNAPSHOT/maven-metadata.xml
[INFO] Downloading from papermc: https://papermc.io/repo/repository/maven-public/org/spigotmc/spigot-api/1.19-R0.1-SNAPSHOT/maven-metadata.xml
[INFO] Downloaded from aikar: https://repo.aikar.co/content/groups/aikar/org/spigotmc/spigot-api/1.19-R0.1-SNAPSHOT/maven-metadata.xml (1.4 kB at 2.0 kB/s)
[INFO] Downloaded from papermc: https://papermc.io/repo/repository/maven-public/org/spigotmc/spigot-api/1.19-R0.1-SNAPSHOT/maven-metadata.xml (1.4 kB at 1.1 kB/s)
[INFO] Downloading from spigot-repo: https://hub.spigotmc.org/nexus/content/repositories/snapshots/com/github/Slimefun/Slimefun4/b1aae439f3/Slimefun4-b1aae439f3.pom
[INFO] Downloading from jitpack.io: https://jitpack.io/com/github/Slimefun/Slimefun4/b1aae439f3/Slimefun4-b1aae439f3.pom
[INFO] Downloaded from jitpack.io: https://jitpack.io/com/github/Slimefun/Slimefun4/b1aae439f3/Slimefun4-b1aae439f3.pom (15 kB at 39 kB/s)
[INFO] Downloading from spigot-repo: https://hub.spigotmc.org/nexus/content/repositories/snapshots/io/github/baked-libs/dough-api/1.2.0/dough-api-1.2.0.pom
[INFO] Downloading from jitpack.io: https://jitpack.io/io/github/baked-libs/dough-api/1.2.0/dough-api-1.2.0.pom
[INFO] Downloading from papermc: https://papermc.io/repo/repository/maven-public/io/github/baked-libs/dough-api/1.2.0/dough-api-1.2.0.pom
[INFO] Downloaded from papermc: https://papermc.io/repo/repository/maven-public/io/github/baked-libs/dough-api/1.2.0/dough-api-1.2.0.pom (17 kB at 28 kB/s)
[INFO] Downloading from spigot-repo: https://hub.spigotmc.org/nexus/content/repositories/snapshots/io/github/baked-libs/dough/1.2.0/dough-1.2.0.pom
[INFO] Downloading from jitpack.io: https://jitpack.io/io/github/baked-libs/dough/1.2.0/dough-1.2.0.pom
[INFO] Downloading from papermc: https://papermc.io/repo/repository/maven-public/io/github/baked-libs/dough/1.2.0/dough-1.2.0.pom
[INFO] Downloaded from papermc: https://papermc.io/repo/repository/maven-public/io/github/baked-libs/dough/1.2.0/dough-1.2.0.pom (11 kB at 26 kB/s)
[INFO] Downloading from spigot-repo: https://hub.spigotmc.org/nexus/content/repositories/snapshots/com/google/code/findbugs/annotations/3.0.1u2/annotations-3.0.1u2.pom
[INFO] Downloading from jitpack.io: https://jitpack.io/com/google/code/findbugs/annotations/3.0.1u2/annotations-3.0.1u2.pom
[INFO] Downloading from papermc: https://papermc.io/repo/repository/maven-public/com/google/code/findbugs/annotations/3.0.1u2/annotations-3.0.1u2.pom
[INFO] Downloaded from papermc: https://papermc.io/repo/repository/maven-public/com/google/code/findbugs/annotations/3.0.1u2/annotations-3.0.1u2.pom (7.0 kB at 17 kB/s)
[INFO] Downloading from spigot-repo: https://hub.spigotmc.org/nexus/content/repositories/snapshots/net/jcip/jcip-annotations/1.0/jcip-annotations-1.0.pom
[INFO] Downloading from jitpack.io: https://jitpack.io/net/jcip/jcip-annotations/1.0/jcip-annotations-1.0.pom
[INFO] Downloading from papermc: https://papermc.io/repo/repository/maven-public/net/jcip/jcip-annotations/1.0/jcip-annotations-1.0.pom
[INFO] Downloaded from papermc: https://papermc.io/repo/repository/maven-public/net/jcip/jcip-annotations/1.0/jcip-annotations-1.0.pom (491 B at 1.1 kB/s)
[INFO] Downloading from spigot-repo: https://hub.spigotmc.org/nexus/content/repositories/snapshots/com/google/code/findbugs/jsr305/3.0.1/jsr305-3.0.1.pom
[INFO] Downloading from jitpack.io: https://jitpack.io/com/google/code/findbugs/jsr305/3.0.1/jsr305-3.0.1.pom
[INFO] Downloading from papermc: https://papermc.io/repo/repository/maven-public/com/google/code/findbugs/jsr305/3.0.1/jsr305-3.0.1.pom
[INFO] Downloaded from papermc: https://papermc.io/repo/repository/maven-public/com/google/code/findbugs/jsr305/3.0.1/jsr305-3.0.1.pom (4.3 kB at 10 kB/s)
[INFO] Downloading from spigot-repo: https://hub.spigotmc.org/nexus/content/repositories/snapshots/io/papermc/paperlib/1.0.7/paperlib-1.0.7.pom
[INFO] Downloading from jitpack.io: https://jitpack.io/io/papermc/paperlib/1.0.7/paperlib-1.0.7.pom
[INFO] Downloading from papermc: https://papermc.io/repo/repository/maven-public/io/papermc/paperlib/1.0.7/paperlib-1.0.7.pom
[INFO] Downloaded from papermc: https://papermc.io/repo/repository/maven-public/io/papermc/paperlib/1.0.7/paperlib-1.0.7.pom (1.3 kB at 3.2 kB/s)
[WARNING] The POM for net.guizhanss:GuizhanLib-api:jar:1.1.0 is invalid, transitive dependencies (if any) will not be available, enable debug logging for more details
[INFO] Downloading from spigot-repo: https://hub.spigotmc.org/nexus/content/repositories/snapshots/org/jetbrains/annotations/23.0.0/annotations-23.0.0.pom
[INFO] Downloading from jitpack.io: https://jitpack.io/org/jetbrains/annotations/23.0.0/annotations-23.0.0.pom
[INFO] Downloading from papermc: https://papermc.io/repo/repository/maven-public/org/jetbrains/annotations/23.0.0/annotations-23.0.0.pom
[INFO] Downloaded from papermc: https://papermc.io/repo/repository/maven-public/org/jetbrains/annotations/23.0.0/annotations-23.0.0.pom (1.4 kB at 3.3 kB/s)
[INFO] Downloading from jitpack.io: https://jitpack.io/co/aikar/acf-paper/0.5.1-SNAPSHOT/maven-metadata.xml
[INFO] Downloading from papermc: https://papermc.io/repo/repository/maven-public/co/aikar/acf-paper/0.5.1-SNAPSHOT/maven-metadata.xml
[INFO] Downloading from spigot-repo: https://hub.spigotmc.org/nexus/content/repositories/snapshots/co/aikar/acf-paper/0.5.1-SNAPSHOT/maven-metadata.xml
[INFO] Downloading from aikar: https://repo.aikar.co/content/groups/aikar/co/aikar/acf-paper/0.5.1-SNAPSHOT/maven-metadata.xml
[INFO] Downloaded from aikar: https://repo.aikar.co/content/groups/aikar/co/aikar/acf-paper/0.5.1-SNAPSHOT/maven-metadata.xml (985 B at 5.6 kB/s)
[INFO] Downloading from spigot-repo: https://hub.spigotmc.org/nexus/content/repositories/snapshots/co/aikar/acf-paper/0.5.1-SNAPSHOT/acf-paper-0.5.1-20221114.001801-21.pom
[INFO] Downloading from jitpack.io: https://jitpack.io/co/aikar/acf-paper/0.5.1-SNAPSHOT/acf-paper-0.5.1-20221114.001801-21.pom
[INFO] Downloading from papermc: https://papermc.io/repo/repository/maven-public/co/aikar/acf-paper/0.5.1-SNAPSHOT/acf-paper-0.5.1-20221114.001801-21.pom
[INFO] Downloading from aikar: https://repo.aikar.co/content/groups/aikar/co/aikar/acf-paper/0.5.1-SNAPSHOT/acf-paper-0.5.1-20221114.001801-21.pom
[INFO] Downloaded from aikar: https://repo.aikar.co/content/groups/aikar/co/aikar/acf-paper/0.5.1-SNAPSHOT/acf-paper-0.5.1-20221114.001801-21.pom (3.8 kB at 21 kB/s)
[INFO] Downloading from spigot-repo: https://hub.spigotmc.org/nexus/content/repositories/snapshots/co/aikar/acf-parent/0.5.1-SNAPSHOT/maven-metadata.xml
[INFO] Downloading from jitpack.io: https://jitpack.io/co/aikar/acf-parent/0.5.1-SNAPSHOT/maven-metadata.xml
[INFO] Downloading from papermc: https://papermc.io/repo/repository/maven-public/co/aikar/acf-parent/0.5.1-SNAPSHOT/maven-metadata.xml
[INFO] Downloading from aikar: https://repo.aikar.co/content/groups/aikar/co/aikar/acf-parent/0.5.1-SNAPSHOT/maven-metadata.xml
[INFO] Downloaded from aikar: https://repo.aikar.co/content/groups/aikar/co/aikar/acf-parent/0.5.1-SNAPSHOT/maven-metadata.xml (597 B at 3.4 kB/s)
[INFO] Downloading from aikar: https://repo.aikar.co/content/groups/aikar/co/aikar/acf-parent/0.5.1-SNAPSHOT/acf-parent-0.5.1-20221114.001801-23.pom
[INFO] Downloaded from aikar: https://repo.aikar.co/content/groups/aikar/co/aikar/acf-parent/0.5.1-SNAPSHOT/acf-parent-0.5.1-20221114.001801-23.pom (8.4 kB at 48 kB/s)
[INFO] Downloading from spigot-repo: https://hub.spigotmc.org/nexus/content/repositories/snapshots/com/github/Slimefun/Slimefun4/b1aae439f3/Slimefun4-b1aae439f3.jar
[INFO] Downloading from spigot-repo: https://hub.spigotmc.org/nexus/content/repositories/snapshots/io/github/baked-libs/dough-api/1.2.0/dough-api-1.2.0.jar
[INFO] Downloading from spigot-repo: https://hub.spigotmc.org/nexus/content/repositories/snapshots/com/google/code/findbugs/annotations/3.0.1u2/annotations-3.0.1u2.jar
[INFO] Downloading from spigot-repo: https://hub.spigotmc.org/nexus/content/repositories/snapshots/com/google/code/findbugs/jsr305/3.0.1/jsr305-3.0.1.jar
[INFO] Downloading from spigot-repo: https://hub.spigotmc.org/nexus/content/repositories/snapshots/net/jcip/jcip-annotations/1.0/jcip-annotations-1.0.jar
[INFO] Downloading from spigot-repo: https://hub.spigotmc.org/nexus/content/repositories/snapshots/io/papermc/paperlib/1.0.7/paperlib-1.0.7.jar
[INFO] Downloading from spigot-repo: https://hub.spigotmc.org/nexus/content/repositories/snapshots/org/jetbrains/annotations/23.0.0/annotations-23.0.0.jar
[INFO] Downloading from jitpack.io: https://jitpack.io/com/github/Slimefun/Slimefun4/b1aae439f3/Slimefun4-b1aae439f3.jar
[INFO] Downloading from jitpack.io: https://jitpack.io/io/github/baked-libs/dough-api/1.2.0/dough-api-1.2.0.jar
[INFO] Downloading from jitpack.io: https://jitpack.io/net/jcip/jcip-annotations/1.0/jcip-annotations-1.0.jar
[INFO] Downloading from jitpack.io: https://jitpack.io/com/google/code/findbugs/annotations/3.0.1u2/annotations-3.0.1u2.jar
[INFO] Downloading from jitpack.io: https://jitpack.io/com/google/code/findbugs/jsr305/3.0.1/jsr305-3.0.1.jar
[INFO] Downloading from jitpack.io: https://jitpack.io/io/papermc/paperlib/1.0.7/paperlib-1.0.7.jar
[INFO] Downloading from jitpack.io: https://jitpack.io/org/jetbrains/annotations/23.0.0/annotations-23.0.0.jar
[INFO] Downloaded from jitpack.io: https://jitpack.io/com/github/Slimefun/Slimefun4/b1aae439f3/Slimefun4-b1aae439f3.jar (4.7 MB at 5.2 MB/s)
[INFO] Downloading from papermc: https://papermc.io/repo/repository/maven-public/io/github/baked-libs/dough-api/1.2.0/dough-api-1.2.0.jar
[INFO] Downloading from papermc: https://papermc.io/repo/repository/maven-public/com/google/code/findbugs/annotations/3.0.1u2/annotations-3.0.1u2.jar
[INFO] Downloading from papermc: https://papermc.io/repo/repository/maven-public/net/jcip/jcip-annotations/1.0/jcip-annotations-1.0.jar
[INFO] Downloading from papermc: https://papermc.io/repo/repository/maven-public/com/google/code/findbugs/jsr305/3.0.1/jsr305-3.0.1.jar
[INFO] Downloading from papermc: https://papermc.io/repo/repository/maven-public/io/papermc/paperlib/1.0.7/paperlib-1.0.7.jar
[INFO] Downloaded from papermc: https://papermc.io/repo/repository/maven-public/io/github/baked-libs/dough-api/1.2.0/dough-api-1.2.0.jar (192 kB at 469 kB/s)
[INFO] Downloading from papermc: https://papermc.io/repo/repository/maven-public/org/jetbrains/annotations/23.0.0/annotations-23.0.0.jar
[INFO] Downloaded from papermc: https://papermc.io/repo/repository/maven-public/com/google/code/findbugs/annotations/3.0.1u2/annotations-3.0.1u2.jar (40 kB at 96 kB/s)
[INFO] Downloaded from papermc: https://papermc.io/repo/repository/maven-public/org/jetbrains/annotations/23.0.0/annotations-23.0.0.jar (29 kB at 38 kB/s)
[INFO] Downloaded from papermc: https://papermc.io/repo/repository/maven-public/io/papermc/paperlib/1.0.7/paperlib-1.0.7.jar (23 kB at 23 kB/s)
[INFO] Downloaded from papermc: https://papermc.io/repo/repository/maven-public/net/jcip/jcip-annotations/1.0/jcip-annotations-1.0.jar (2.3 kB at 2.3 kB/s)
[INFO] Downloaded from papermc: https://papermc.io/repo/repository/maven-public/com/google/code/findbugs/jsr305/3.0.1/jsr305-3.0.1.jar (20 kB at 20 kB/s)
[INFO] Downloading from aikar: https://repo.aikar.co/content/groups/aikar/co/aikar/acf-paper/0.5.1-SNAPSHOT/acf-paper-0.5.1-20221114.001801-21.jar
[INFO] Downloaded from aikar: https://repo.aikar.co/content/groups/aikar/co/aikar/acf-paper/0.5.1-SNAPSHOT/acf-paper-0.5.1-20221114.001801-21.jar (336 kB at 552 kB/s)
[INFO] 
[INFO] --- maven-clean-plugin:2.5:clean (default-clean) @ Netheopoiesis ---
[INFO] 
[INFO] --- maven-resources-plugin:2.6:resources (default-resources) @ Netheopoiesis ---
[INFO] Using 'UTF-8' encoding to copy filtered resources.
[INFO] Copying 3 resources
[INFO] 
[INFO] --- maven-compiler-plugin:3.10.1:compile (default-compile) @ Netheopoiesis ---
[INFO] Changes detected - recompiling the module!
[INFO] Compiling 95 source files to /home/runner/work/guizhan-builds/guizhan-builds/static/f/SlimefunGuguProject/Netheopoiesis/master/workspace/target/classes
[INFO] /home/runner/work/guizhan-builds/guizhan-builds/static/f/SlimefunGuguProject/Netheopoiesis/master/workspace/src/main/java/dev/sefiraat/netheopoiesis/api/items/NetherSeed.java: Some input files use or override a deprecated API.
[INFO] /home/runner/work/guizhan-builds/guizhan-builds/static/f/SlimefunGuguProject/Netheopoiesis/master/workspace/src/main/java/dev/sefiraat/netheopoiesis/api/items/NetherSeed.java: Recompile with -Xlint:deprecation for details.
[INFO] 
[INFO] --- maven-resources-plugin:2.6:testResources (default-testResources) @ Netheopoiesis ---
[INFO] Using 'UTF-8' encoding to copy filtered resources.
[INFO] skip non existing resourceDirectory /home/runner/work/guizhan-builds/guizhan-builds/static/f/SlimefunGuguProject/Netheopoiesis/master/workspace/src/test/resources
[INFO] 
[INFO] --- maven-compiler-plugin:3.10.1:testCompile (default-testCompile) @ Netheopoiesis ---
[INFO] No sources to compile
[INFO] 
[INFO] --- maven-surefire-plugin:2.12.4:test (default-test) @ Netheopoiesis ---
[INFO] No tests to run.
[INFO] 
[INFO] --- maven-jar-plugin:2.4:jar (default-jar) @ Netheopoiesis ---
[INFO] Building jar: /home/runner/work/guizhan-builds/guizhan-builds/static/f/SlimefunGuguProject/Netheopoiesis/master/workspace/target/Netheopoiesis-Build 7 zh-CN(SlimefunGuguProject) (git 95f4ae1).jar
[INFO] 
[INFO] --- maven-shade-plugin:3.3.0:shade (default) @ Netheopoiesis ---
[INFO] Including io.github.baked-libs:dough-api:jar:1.2.0 in the shaded jar.
[INFO] Including org.bstats:bstats-bukkit:jar:3.0.0 in the shaded jar.
[INFO] Including org.bstats:bstats-base:jar:3.0.0 in the shaded jar.
[INFO] Including com.google.code.findbugs:annotations:jar:3.0.1u2 in the shaded jar.
[INFO] Including net.jcip:jcip-annotations:jar:1.0 in the shaded jar.
[INFO] Including com.google.code.findbugs:jsr305:jar:3.0.1 in the shaded jar.
[INFO] Including io.papermc:paperlib:jar:1.0.7 in the shaded jar.
[INFO] Including org.jetbrains:annotations:jar:23.0.0 in the shaded jar.
[INFO] Including co.aikar:acf-paper:jar:0.5.1-SNAPSHOT in the shaded jar.
[INFO] Minimizing jar dev.sefiraat:Netheopoiesis:jar:Build 7 zh-CN(SlimefunGuguProject) (git 95f4ae1)
[WARNING] /home/runner/work/guizhan-builds/guizhan-builds/static/f/SlimefunGuguProject/Netheopoiesis/master/workspace/target/classes (Is a directory)
[INFO] Dependency-reduced POM written at: /home/runner/work/guizhan-builds/guizhan-builds/static/f/SlimefunGuguProject/Netheopoiesis/master/workspace/dependency-reduced-pom.xml
[WARNING] annotations-3.0.1u2.jar, jsr305-3.0.1.jar define 12 overlapping classes and resources: 
[WARNING]   - META-INF/maven/com.google.code.findbugs/jsr305/pom.properties
[WARNING]   - META-INF/maven/com.google.code.findbugs/jsr305/pom.xml
[WARNING]   - javax.annotation.Nonnull
[WARNING]   - javax.annotation.Nonnull$Checker
[WARNING]   - javax.annotation.Nullable
[WARNING]   - javax.annotation.OverridingMethodsMustInvokeSuper
[WARNING]   - javax.annotation.ParametersAreNonnullByDefault
[WARNING]   - javax.annotation.meta.TypeQualifier
[WARNING]   - javax.annotation.meta.TypeQualifierDefault
[WARNING]   - javax.annotation.meta.TypeQualifierNickname
[WARNING]   - 2 more...
[WARNING] maven-shade-plugin has detected that some class files are
[WARNING] present in two or more JARs. When this happens, only one
[WARNING] single version of the class is copied to the uber jar.
[WARNING] Usually this is not harmful and you can skip these warnings,
[WARNING] otherwise try to manually exclude artifacts based on
[WARNING] mvn dependency:tree -Ddetail=true and the above output.
[WARNING] See https://maven.apache.org/plugins/maven-shade-plugin/
[INFO] Minimized 663 -> 435 (65%)
[INFO] Replacing original artifact with shaded artifact.
[INFO] Replacing /home/runner/work/guizhan-builds/guizhan-builds/static/f/SlimefunGuguProject/Netheopoiesis/master/workspace/target/Netheopoiesis-Build 7 zh-CN(SlimefunGuguProject) (git 95f4ae1).jar with /home/runner/work/guizhan-builds/guizhan-builds/static/f/SlimefunGuguProject/Netheopoiesis/master/workspace/target/Netheopoiesis-Build 7 zh-CN(SlimefunGuguProject) (git 95f4ae1)-shaded.jar
[INFO] ------------------------------------------------------------------------
[INFO] BUILD SUCCESS
[INFO] ------------------------------------------------------------------------
[INFO] Total time:  17.234 s
[INFO] Finished at: 2023-01-07T01:46:05Z
[INFO] ------------------------------------------------------------------------
