[INFO] Scanning for projects...
[INFO] 
[INFO] ----------------< me.lucasgithuber:ElementManipulation >----------------
[INFO] Building Element-Manipulation Build 5 zh-CN(haiman233) (git 9764734)
[INFO]   from pom.xml
[INFO] --------------------------------[ jar ]---------------------------------
[INFO] Downloading from maven-snapshots: https://repository.apache.org/content/repositories/snapshots/org/apache/maven/plugins/maven-shade-plugin/3.3.1-SNAPSHOT/maven-metadata.xml
[INFO] Downloaded from maven-snapshots: https://repository.apache.org/content/repositories/snapshots/org/apache/maven/plugins/maven-shade-plugin/3.3.1-SNAPSHOT/maven-metadata.xml (1.0 kB at 1.5 kB/s)
[INFO] Downloading from maven-snapshots: https://repository.apache.org/content/repositories/snapshots/org/apache/maven/plugins/maven-shade-plugin/3.3.1-SNAPSHOT/maven-shade-plugin-3.3.1-20220911.102530-65.pom
[INFO] Downloaded from maven-snapshots: https://repository.apache.org/content/repositories/snapshots/org/apache/maven/plugins/maven-shade-plugin/3.3.1-SNAPSHOT/maven-shade-plugin-3.3.1-20220911.102530-65.pom (13 kB at 52 kB/s)
[INFO] Downloading from maven-snapshots: https://repository.apache.org/content/repositories/snapshots/org/apache/maven/plugins/maven-plugins/37/maven-plugins-37.pom
[INFO] Downloading from central: https://repo.maven.apache.org/maven2/org/apache/maven/plugins/maven-plugins/37/maven-plugins-37.pom
[INFO] Downloaded from central: https://repo.maven.apache.org/maven2/org/apache/maven/plugins/maven-plugins/37/maven-plugins-37.pom (9.9 kB at 124 kB/s)
[INFO] Downloading from maven-snapshots: https://repository.apache.org/content/repositories/snapshots/org/apache/maven/plugins/maven-shade-plugin/3.3.1-SNAPSHOT/maven-shade-plugin-3.3.1-20220911.102530-65.jar
[INFO] Downloaded from maven-snapshots: https://repository.apache.org/content/repositories/snapshots/org/apache/maven/plugins/maven-shade-plugin/3.3.1-SNAPSHOT/maven-shade-plugin-3.3.1-20220911.102530-65.jar (142 kB at 296 kB/s)
[INFO] Downloading from papermc: https://papermc.io/repo/repository/maven-public/org/spigotmc/spigot-api/1.17.1-R0.1-SNAPSHOT/maven-metadata.xml
[INFO] Downloading from spigot-repo: https://hub.spigotmc.org/nexus/content/repositories/snapshots/org/spigotmc/spigot-api/1.17.1-R0.1-SNAPSHOT/maven-metadata.xml
[INFO] Downloading from jitpack.io: https://jitpack.io/org/spigotmc/spigot-api/1.17.1-R0.1-SNAPSHOT/maven-metadata.xml
[INFO] Downloading from sonatype-oss-snapshots1: https://s01.oss.sonatype.org/content/repositories/snapshots/org/spigotmc/spigot-api/1.17.1-R0.1-SNAPSHOT/maven-metadata.xml
[INFO] Downloaded from spigot-repo: https://hub.spigotmc.org/nexus/content/repositories/snapshots/org/spigotmc/spigot-api/1.17.1-R0.1-SNAPSHOT/maven-metadata.xml (1.5 kB at 12 kB/s)
[INFO] Downloaded from papermc: https://papermc.io/repo/repository/maven-public/org/spigotmc/spigot-api/1.17.1-R0.1-SNAPSHOT/maven-metadata.xml (1.5 kB at 1.8 kB/s)
[INFO] Downloading from papermc: https://papermc.io/repo/repository/maven-public/org/spigotmc/spigot-api/1.17.1-R0.1-SNAPSHOT/spigot-api-1.17.1-R0.1-20211121.234319-104.pom
[INFO] Downloaded from papermc: https://papermc.io/repo/repository/maven-public/org/spigotmc/spigot-api/1.17.1-R0.1-SNAPSHOT/spigot-api-1.17.1-R0.1-20211121.234319-104.pom (10 kB at 38 kB/s)
[INFO] Downloading from papermc: https://papermc.io/repo/repository/maven-public/commons-lang/commons-lang/2.6/commons-lang-2.6.pom
[INFO] Downloaded from papermc: https://papermc.io/repo/repository/maven-public/commons-lang/commons-lang/2.6/commons-lang-2.6.pom (0 B at 0 B/s)
[INFO] Downloading from papermc: https://papermc.io/repo/repository/maven-public/org/apache/commons/commons-parent/17/commons-parent-17.pom
[INFO] Downloaded from papermc: https://papermc.io/repo/repository/maven-public/org/apache/commons/commons-parent/17/commons-parent-17.pom (0 B at 0 B/s)
[INFO] Downloading from papermc: https://papermc.io/repo/repository/maven-public/org/apache/apache/7/apache-7.pom
[INFO] Downloaded from papermc: https://papermc.io/repo/repository/maven-public/org/apache/apache/7/apache-7.pom (0 B at 0 B/s)
[INFO] Downloading from papermc: https://papermc.io/repo/repository/maven-public/com/google/guava/guava/21.0/guava-21.0.pom
[INFO] Downloaded from papermc: https://papermc.io/repo/repository/maven-public/com/google/guava/guava/21.0/guava-21.0.pom (0 B at 0 B/s)
[INFO] Downloading from papermc: https://papermc.io/repo/repository/maven-public/com/google/guava/guava-parent/21.0/guava-parent-21.0.pom
[INFO] Downloaded from papermc: https://papermc.io/repo/repository/maven-public/com/google/guava/guava-parent/21.0/guava-parent-21.0.pom (0 B at 0 B/s)
[INFO] Downloading from papermc: https://papermc.io/repo/repository/maven-public/org/sonatype/oss/oss-parent/7/oss-parent-7.pom
[INFO] Downloaded from papermc: https://papermc.io/repo/repository/maven-public/org/sonatype/oss/oss-parent/7/oss-parent-7.pom (0 B at 0 B/s)
[INFO] Downloading from papermc: https://papermc.io/repo/repository/maven-public/com/google/code/gson/gson/2.8.0/gson-2.8.0.pom
[INFO] Downloaded from papermc: https://papermc.io/repo/repository/maven-public/com/google/code/gson/gson/2.8.0/gson-2.8.0.pom (0 B at 0 B/s)
[INFO] Downloading from papermc: https://papermc.io/repo/repository/maven-public/com/google/code/gson/gson-parent/2.8.0/gson-parent-2.8.0.pom
[INFO] Downloaded from papermc: https://papermc.io/repo/repository/maven-public/com/google/code/gson/gson-parent/2.8.0/gson-parent-2.8.0.pom (0 B at 0 B/s)
[INFO] Downloading from papermc: https://papermc.io/repo/repository/maven-public/net/md-5/bungeecord-chat/1.16-R0.4/bungeecord-chat-1.16-R0.4.pom
[INFO] Downloaded from papermc: https://papermc.io/repo/repository/maven-public/net/md-5/bungeecord-chat/1.16-R0.4/bungeecord-chat-1.16-R0.4.pom (0 B at 0 B/s)
[INFO] Downloading from papermc: https://papermc.io/repo/repository/maven-public/net/md-5/bungeecord-parent/1.16-R0.4/bungeecord-parent-1.16-R0.4.pom
[INFO] Downloaded from papermc: https://papermc.io/repo/repository/maven-public/net/md-5/bungeecord-parent/1.16-R0.4/bungeecord-parent-1.16-R0.4.pom (0 B at 0 B/s)
[INFO] Downloading from papermc: https://papermc.io/repo/repository/maven-public/org/yaml/snakeyaml/1.28/snakeyaml-1.28.pom
[INFO] Downloaded from papermc: https://papermc.io/repo/repository/maven-public/org/yaml/snakeyaml/1.28/snakeyaml-1.28.pom (37 kB at 98 kB/s)
[INFO] Downloading from papermc: https://papermc.io/repo/repository/maven-public/com/github/Slimefun/Slimefun4/RC-28/Slimefun4-RC-28.pom
[INFO] Downloading from spigot-repo: https://hub.spigotmc.org/nexus/content/repositories/snapshots/com/github/Slimefun/Slimefun4/RC-28/Slimefun4-RC-28.pom
[INFO] Downloading from sonatype-oss-snapshots1: https://s01.oss.sonatype.org/content/repositories/snapshots/com/github/Slimefun/Slimefun4/RC-28/Slimefun4-RC-28.pom
[INFO] Downloading from jitpack.io: https://jitpack.io/com/github/Slimefun/Slimefun4/RC-28/Slimefun4-RC-28.pom
[INFO] Downloaded from jitpack.io: https://jitpack.io/com/github/Slimefun/Slimefun4/RC-28/Slimefun4-RC-28.pom (14 kB at 127 kB/s)
[INFO] Downloading from papermc: https://papermc.io/repo/repository/maven-public/org/projectlombok/lombok/1.18.20/lombok-1.18.20.pom
[INFO] Downloaded from papermc: https://papermc.io/repo/repository/maven-public/org/projectlombok/lombok/1.18.20/lombok-1.18.20.pom (1.5 kB at 5.5 kB/s)
[INFO] Downloading from papermc: https://papermc.io/repo/repository/maven-public/com/google/code/findbugs/jsr305/3.0.2/jsr305-3.0.2.pom
[INFO] Downloaded from papermc: https://papermc.io/repo/repository/maven-public/com/google/code/findbugs/jsr305/3.0.2/jsr305-3.0.2.pom (0 B at 0 B/s)
[INFO] Downloading from papermc: https://papermc.io/repo/repository/maven-public/com/github/SlimefunGuguProject/InfinityLib/1.3.9/InfinityLib-1.3.9.pom
[INFO] Downloading from spigot-repo: https://hub.spigotmc.org/nexus/content/repositories/snapshots/com/github/SlimefunGuguProject/InfinityLib/1.3.9/InfinityLib-1.3.9.pom
[INFO] Downloading from sonatype-oss-snapshots1: https://s01.oss.sonatype.org/content/repositories/snapshots/com/github/SlimefunGuguProject/InfinityLib/1.3.9/InfinityLib-1.3.9.pom
[INFO] Downloading from jitpack.io: https://jitpack.io/com/github/SlimefunGuguProject/InfinityLib/1.3.9/InfinityLib-1.3.9.pom
[INFO] Downloaded from jitpack.io: https://jitpack.io/com/github/SlimefunGuguProject/InfinityLib/1.3.9/InfinityLib-1.3.9.pom (5.1 kB at 108 kB/s)
[INFO] Downloading from papermc: https://papermc.io/repo/repository/maven-public/javax/annotation/javax.annotation-api/1.3.2/javax.annotation-api-1.3.2.pom
[INFO] Downloaded from papermc: https://papermc.io/repo/repository/maven-public/javax/annotation/javax.annotation-api/1.3.2/javax.annotation-api-1.3.2.pom (14 kB at 53 kB/s)
[INFO] Downloading from papermc: https://papermc.io/repo/repository/maven-public/net/java/jvnet-parent/3/jvnet-parent-3.pom
[INFO] Downloaded from papermc: https://papermc.io/repo/repository/maven-public/net/java/jvnet-parent/3/jvnet-parent-3.pom (0 B at 0 B/s)
[INFO] Downloading from papermc: https://papermc.io/repo/repository/maven-public/io/github/baked-libs/dough-api/1.1.3/dough-api-1.1.3.pom
[INFO] Downloaded from papermc: https://papermc.io/repo/repository/maven-public/io/github/baked-libs/dough-api/1.1.3/dough-api-1.1.3.pom (16 kB at 60 kB/s)
[INFO] Downloading from papermc: https://papermc.io/repo/repository/maven-public/io/github/baked-libs/dough/1.1.3/dough-1.1.3.pom
[INFO] Downloaded from papermc: https://papermc.io/repo/repository/maven-public/io/github/baked-libs/dough/1.1.3/dough-1.1.3.pom (11 kB at 41 kB/s)
[INFO] Downloading from papermc: https://papermc.io/repo/repository/maven-public/io/papermc/paper/paper-api/1.18.2-R0.1-SNAPSHOT/maven-metadata.xml
[INFO] Downloading from spigot-repo: https://hub.spigotmc.org/nexus/content/repositories/snapshots/io/papermc/paper/paper-api/1.18.2-R0.1-SNAPSHOT/maven-metadata.xml
[INFO] Downloading from sonatype-oss-snapshots1: https://s01.oss.sonatype.org/content/repositories/snapshots/io/papermc/paper/paper-api/1.18.2-R0.1-SNAPSHOT/maven-metadata.xml
[INFO] Downloading from jitpack.io: https://jitpack.io/io/papermc/paper/paper-api/1.18.2-R0.1-SNAPSHOT/maven-metadata.xml
[INFO] Downloaded from papermc: https://papermc.io/repo/repository/maven-public/io/papermc/paper/paper-api/1.18.2-R0.1-SNAPSHOT/maven-metadata.xml (1.4 kB at 5.3 kB/s)
[INFO] Downloading from papermc: https://papermc.io/repo/repository/maven-public/io/papermc/paper/paper-api/1.18.2-R0.1-SNAPSHOT/paper-api-1.18.2-R0.1-20220920.010157-167.pom
[INFO] Downloaded from papermc: https://papermc.io/repo/repository/maven-public/io/papermc/paper/paper-api/1.18.2-R0.1-SNAPSHOT/paper-api-1.18.2-R0.1-20220920.010157-167.pom (4.4 kB at 16 kB/s)
[INFO] Downloading from papermc: https://papermc.io/repo/repository/maven-public/net/kyori/adventure-bom/4.11.0/adventure-bom-4.11.0.pom
[INFO] Downloaded from papermc: https://papermc.io/repo/repository/maven-public/net/kyori/adventure-bom/4.11.0/adventure-bom-4.11.0.pom (4.6 kB at 17 kB/s)
[INFO] Downloading from papermc: https://papermc.io/repo/repository/maven-public/com/google/guava/guava/31.0.1-jre/guava-31.0.1-jre.pom
[INFO] Downloaded from papermc: https://papermc.io/repo/repository/maven-public/com/google/guava/guava/31.0.1-jre/guava-31.0.1-jre.pom (0 B at 0 B/s)
[INFO] Downloading from papermc: https://papermc.io/repo/repository/maven-public/com/google/guava/guava-parent/31.0.1-jre/guava-parent-31.0.1-jre.pom
[INFO] Downloaded from papermc: https://papermc.io/repo/repository/maven-public/com/google/guava/guava-parent/31.0.1-jre/guava-parent-31.0.1-jre.pom (0 B at 0 B/s)
[INFO] Downloading from papermc: https://papermc.io/repo/repository/maven-public/com/google/guava/failureaccess/1.0.1/failureaccess-1.0.1.pom
[INFO] Downloaded from papermc: https://papermc.io/repo/repository/maven-public/com/google/guava/failureaccess/1.0.1/failureaccess-1.0.1.pom (0 B at 0 B/s)
[INFO] Downloading from papermc: https://papermc.io/repo/repository/maven-public/com/google/guava/guava-parent/26.0-android/guava-parent-26.0-android.pom
[INFO] Downloaded from papermc: https://papermc.io/repo/repository/maven-public/com/google/guava/guava-parent/26.0-android/guava-parent-26.0-android.pom (0 B at 0 B/s)
[INFO] Downloading from papermc: https://papermc.io/repo/repository/maven-public/org/sonatype/oss/oss-parent/9/oss-parent-9.pom
[INFO] Downloaded from papermc: https://papermc.io/repo/repository/maven-public/org/sonatype/oss/oss-parent/9/oss-parent-9.pom (0 B at 0 B/s)
[INFO] Downloading from papermc: https://papermc.io/repo/repository/maven-public/com/google/guava/listenablefuture/9999.0-empty-to-avoid-conflict-with-guava/listenablefuture-9999.0-empty-to-avoid-conflict-with-guava.pom
[INFO] Downloaded from papermc: https://papermc.io/repo/repository/maven-public/com/google/guava/listenablefuture/9999.0-empty-to-avoid-conflict-with-guava/listenablefuture-9999.0-empty-to-avoid-conflict-with-guava.pom (0 B at 0 B/s)
[INFO] Downloading from papermc: https://papermc.io/repo/repository/maven-public/org/checkerframework/checker-qual/3.12.0/checker-qual-3.12.0.pom
[INFO] Downloaded from papermc: https://papermc.io/repo/repository/maven-public/org/checkerframework/checker-qual/3.12.0/checker-qual-3.12.0.pom (0 B at 0 B/s)
[INFO] Downloading from papermc: https://papermc.io/repo/repository/maven-public/com/google/errorprone/error_prone_annotations/2.7.1/error_prone_annotations-2.7.1.pom
[INFO] Downloaded from papermc: https://papermc.io/repo/repository/maven-public/com/google/errorprone/error_prone_annotations/2.7.1/error_prone_annotations-2.7.1.pom (0 B at 0 B/s)
[INFO] Downloading from papermc: https://papermc.io/repo/repository/maven-public/com/google/errorprone/error_prone_parent/2.7.1/error_prone_parent-2.7.1.pom
[INFO] Downloaded from papermc: https://papermc.io/repo/repository/maven-public/com/google/errorprone/error_prone_parent/2.7.1/error_prone_parent-2.7.1.pom (0 B at 0 B/s)
[INFO] Downloading from papermc: https://papermc.io/repo/repository/maven-public/com/google/j2objc/j2objc-annotations/1.3/j2objc-annotations-1.3.pom
[INFO] Downloaded from papermc: https://papermc.io/repo/repository/maven-public/com/google/j2objc/j2objc-annotations/1.3/j2objc-annotations-1.3.pom (0 B at 0 B/s)
[INFO] Downloading from papermc: https://papermc.io/repo/repository/maven-public/com/google/code/gson/gson/2.8.9/gson-2.8.9.pom
[INFO] Downloaded from papermc: https://papermc.io/repo/repository/maven-public/com/google/code/gson/gson/2.8.9/gson-2.8.9.pom (0 B at 0 B/s)
[INFO] Downloading from papermc: https://papermc.io/repo/repository/maven-public/com/google/code/gson/gson-parent/2.8.9/gson-parent-2.8.9.pom
[INFO] Downloaded from papermc: https://papermc.io/repo/repository/maven-public/com/google/code/gson/gson-parent/2.8.9/gson-parent-2.8.9.pom (0 B at 0 B/s)
[INFO] Downloading from papermc: https://papermc.io/repo/repository/maven-public/net/md-5/bungeecord-chat/1.16-R0.4-deprecated+build.6/bungeecord-chat-1.16-R0.4-deprecated+build.6.pom
[INFO] Downloaded from papermc: https://papermc.io/repo/repository/maven-public/net/md-5/bungeecord-chat/1.16-R0.4-deprecated+build.6/bungeecord-chat-1.16-R0.4-deprecated+build.6.pom (1.2 kB at 4.4 kB/s)
[INFO] Downloading from papermc: https://papermc.io/repo/repository/maven-public/com/google/code/gson/gson/2.8.8/gson-2.8.8.pom
[INFO] Downloaded from papermc: https://papermc.io/repo/repository/maven-public/com/google/code/gson/gson/2.8.8/gson-2.8.8.pom (6.0 kB at 20 kB/s)
[INFO] Downloading from papermc: https://papermc.io/repo/repository/maven-public/com/google/code/gson/gson-parent/2.8.8/gson-parent-2.8.8.pom
[INFO] Downloaded from papermc: https://papermc.io/repo/repository/maven-public/com/google/code/gson/gson-parent/2.8.8/gson-parent-2.8.8.pom (4.6 kB at 17 kB/s)
[INFO] Downloading from papermc: https://papermc.io/repo/repository/maven-public/org/yaml/snakeyaml/1.30/snakeyaml-1.30.pom
[INFO] Downloaded from papermc: https://papermc.io/repo/repository/maven-public/org/yaml/snakeyaml/1.30/snakeyaml-1.30.pom (0 B at 0 B/s)
[INFO] Downloading from papermc: https://papermc.io/repo/repository/maven-public/com/googlecode/json-simple/json-simple/1.1.1/json-simple-1.1.1.pom
[INFO] Downloaded from papermc: https://papermc.io/repo/repository/maven-public/com/googlecode/json-simple/json-simple/1.1.1/json-simple-1.1.1.pom (0 B at 0 B/s)
[INFO] Downloading from papermc: https://papermc.io/repo/repository/maven-public/it/unimi/dsi/fastutil/8.5.6/fastutil-8.5.6.pom
[INFO] Downloaded from papermc: https://papermc.io/repo/repository/maven-public/it/unimi/dsi/fastutil/8.5.6/fastutil-8.5.6.pom (1.5 kB at 5.8 kB/s)
[INFO] Downloading from papermc: https://papermc.io/repo/repository/maven-public/org/apache/logging/log4j/log4j-api/2.17.1/log4j-api-2.17.1.pom
[INFO] Downloaded from papermc: https://papermc.io/repo/repository/maven-public/org/apache/logging/log4j/log4j-api/2.17.1/log4j-api-2.17.1.pom (14 kB at 52 kB/s)
[INFO] Downloading from papermc: https://papermc.io/repo/repository/maven-public/org/apache/logging/log4j/log4j/2.17.1/log4j-2.17.1.pom
[INFO] Downloaded from papermc: https://papermc.io/repo/repository/maven-public/org/apache/logging/log4j/log4j/2.17.1/log4j-2.17.1.pom (69 kB at 181 kB/s)
[INFO] Downloading from papermc: https://papermc.io/repo/repository/maven-public/org/apache/logging/logging-parent/3/logging-parent-3.pom
[INFO] Downloaded from papermc: https://papermc.io/repo/repository/maven-public/org/apache/logging/logging-parent/3/logging-parent-3.pom (0 B at 0 B/s)
[INFO] Downloading from papermc: https://papermc.io/repo/repository/maven-public/org/apache/apache/23/apache-23.pom
[INFO] Downloaded from papermc: https://papermc.io/repo/repository/maven-public/org/apache/apache/23/apache-23.pom (0 B at 0 B/s)
[INFO] Downloading from papermc: https://papermc.io/repo/repository/maven-public/org/slf4j/slf4j-api/1.8.0-beta4/slf4j-api-1.8.0-beta4.pom
[INFO] Downloaded from papermc: https://papermc.io/repo/repository/maven-public/org/slf4j/slf4j-api/1.8.0-beta4/slf4j-api-1.8.0-beta4.pom (1.7 kB at 6.2 kB/s)
[INFO] Downloading from papermc: https://papermc.io/repo/repository/maven-public/org/slf4j/slf4j-parent/1.8.0-beta4/slf4j-parent-1.8.0-beta4.pom
[INFO] Downloaded from papermc: https://papermc.io/repo/repository/maven-public/org/slf4j/slf4j-parent/1.8.0-beta4/slf4j-parent-1.8.0-beta4.pom (17 kB at 62 kB/s)
[INFO] Downloading from papermc: https://papermc.io/repo/repository/maven-public/net/kyori/adventure-api/4.11.0/adventure-api-4.11.0.pom
[INFO] Downloaded from papermc: https://papermc.io/repo/repository/maven-public/net/kyori/adventure-api/4.11.0/adventure-api-4.11.0.pom (3.5 kB at 13 kB/s)
[INFO] Downloading from papermc: https://papermc.io/repo/repository/maven-public/net/kyori/adventure-key/4.11.0/adventure-key-4.11.0.pom
[INFO] Downloaded from papermc: https://papermc.io/repo/repository/maven-public/net/kyori/adventure-key/4.11.0/adventure-key-4.11.0.pom (3.3 kB at 12 kB/s)
[INFO] Downloading from papermc: https://papermc.io/repo/repository/maven-public/net/kyori/examination-api/1.3.0/examination-api-1.3.0.pom
[INFO] Downloaded from papermc: https://papermc.io/repo/repository/maven-public/net/kyori/examination-api/1.3.0/examination-api-1.3.0.pom (2.1 kB at 7.6 kB/s)
[INFO] Downloading from papermc: https://papermc.io/repo/repository/maven-public/org/jetbrains/annotations/22.0.0/annotations-22.0.0.pom
[INFO] Downloaded from papermc: https://papermc.io/repo/repository/maven-public/org/jetbrains/annotations/22.0.0/annotations-22.0.0.pom (1.3 kB at 5.0 kB/s)
[INFO] Downloading from papermc: https://papermc.io/repo/repository/maven-public/net/kyori/examination-string/1.3.0/examination-string-1.3.0.pom
[INFO] Downloaded from papermc: https://papermc.io/repo/repository/maven-public/net/kyori/examination-string/1.3.0/examination-string-1.3.0.pom (2.1 kB at 7.7 kB/s)
[INFO] Downloading from papermc: https://papermc.io/repo/repository/maven-public/org/jetbrains/annotations/23.0.0/annotations-23.0.0.pom
[INFO] Downloaded from papermc: https://papermc.io/repo/repository/maven-public/org/jetbrains/annotations/23.0.0/annotations-23.0.0.pom (0 B at 0 B/s)
[INFO] Downloading from papermc: https://papermc.io/repo/repository/maven-public/net/kyori/adventure-text-minimessage/4.11.0/adventure-text-minimessage-4.11.0.pom
[INFO] Downloaded from papermc: https://papermc.io/repo/repository/maven-public/net/kyori/adventure-text-minimessage/4.11.0/adventure-text-minimessage-4.11.0.pom (3.0 kB at 11 kB/s)
[INFO] Downloading from papermc: https://papermc.io/repo/repository/maven-public/net/kyori/adventure-text-serializer-gson/4.11.0/adventure-text-serializer-gson-4.11.0.pom
[INFO] Downloaded from papermc: https://papermc.io/repo/repository/maven-public/net/kyori/adventure-text-serializer-gson/4.11.0/adventure-text-serializer-gson-4.11.0.pom (3.1 kB at 11 kB/s)
[INFO] Downloading from papermc: https://papermc.io/repo/repository/maven-public/net/kyori/adventure-text-serializer-legacy/4.11.0/adventure-text-serializer-legacy-4.11.0.pom
[INFO] Downloaded from papermc: https://papermc.io/repo/repository/maven-public/net/kyori/adventure-text-serializer-legacy/4.11.0/adventure-text-serializer-legacy-4.11.0.pom (2.9 kB at 11 kB/s)
[INFO] Downloading from papermc: https://papermc.io/repo/repository/maven-public/net/kyori/adventure-text-serializer-plain/4.11.0/adventure-text-serializer-plain-4.11.0.pom
[INFO] Downloaded from papermc: https://papermc.io/repo/repository/maven-public/net/kyori/adventure-text-serializer-plain/4.11.0/adventure-text-serializer-plain-4.11.0.pom (2.9 kB at 11 kB/s)
[INFO] Downloading from papermc: https://papermc.io/repo/repository/maven-public/net/kyori/adventure-text-logger-slf4j/4.11.0/adventure-text-logger-slf4j-4.11.0.pom
[INFO] Downloaded from papermc: https://papermc.io/repo/repository/maven-public/net/kyori/adventure-text-logger-slf4j/4.11.0/adventure-text-logger-slf4j-4.11.0.pom (3.1 kB at 12 kB/s)
[INFO] Downloading from papermc: https://papermc.io/repo/repository/maven-public/org/checkerframework/checker-qual/3.21.0/checker-qual-3.21.0.pom
[INFO] Downloaded from papermc: https://papermc.io/repo/repository/maven-public/org/checkerframework/checker-qual/3.21.0/checker-qual-3.21.0.pom (2.1 kB at 7.8 kB/s)
[INFO] Downloading from papermc: https://papermc.io/repo/repository/maven-public/org/ow2/asm/asm/9.2/asm-9.2.pom
[INFO] Downloaded from papermc: https://papermc.io/repo/repository/maven-public/org/ow2/asm/asm/9.2/asm-9.2.pom (2.4 kB at 6.4 kB/s)
[INFO] Downloading from papermc: https://papermc.io/repo/repository/maven-public/org/ow2/ow2/1.5/ow2-1.5.pom
[INFO] Downloaded from papermc: https://papermc.io/repo/repository/maven-public/org/ow2/ow2/1.5/ow2-1.5.pom (11 kB at 42 kB/s)
[INFO] Downloading from papermc: https://papermc.io/repo/repository/maven-public/org/ow2/asm/asm-commons/9.2/asm-commons-9.2.pom
[INFO] Downloaded from papermc: https://papermc.io/repo/repository/maven-public/org/ow2/asm/asm-commons/9.2/asm-commons-9.2.pom (3.0 kB at 11 kB/s)
[INFO] Downloading from papermc: https://papermc.io/repo/repository/maven-public/org/ow2/asm/asm-tree/9.2/asm-tree-9.2.pom
[INFO] Downloaded from papermc: https://papermc.io/repo/repository/maven-public/org/ow2/asm/asm-tree/9.2/asm-tree-9.2.pom (2.6 kB at 9.7 kB/s)
[INFO] Downloading from papermc: https://papermc.io/repo/repository/maven-public/org/ow2/asm/asm-analysis/9.2/asm-analysis-9.2.pom
[INFO] Downloaded from papermc: https://papermc.io/repo/repository/maven-public/org/ow2/asm/asm-analysis/9.2/asm-analysis-9.2.pom (2.6 kB at 9.8 kB/s)
[INFO] Downloading from papermc: https://papermc.io/repo/repository/maven-public/net/kyori/adventure-text-minimessage/4.10.1/adventure-text-minimessage-4.10.1.pom
[INFO] Downloaded from papermc: https://papermc.io/repo/repository/maven-public/net/kyori/adventure-text-minimessage/4.10.1/adventure-text-minimessage-4.10.1.pom (3.0 kB at 11 kB/s)
[INFO] Downloading from papermc: https://papermc.io/repo/repository/maven-public/net/kyori/adventure-bom/4.10.1/adventure-bom-4.10.1.pom
[INFO] Downloaded from papermc: https://papermc.io/repo/repository/maven-public/net/kyori/adventure-bom/4.10.1/adventure-bom-4.10.1.pom (4.4 kB at 17 kB/s)
[INFO] Downloading from papermc: https://papermc.io/repo/repository/maven-public/net/kyori/adventure-api/4.10.1/adventure-api-4.10.1.pom
[INFO] Downloaded from papermc: https://papermc.io/repo/repository/maven-public/net/kyori/adventure-api/4.10.1/adventure-api-4.10.1.pom (3.5 kB at 13 kB/s)
[INFO] Downloading from papermc: https://papermc.io/repo/repository/maven-public/net/kyori/adventure-key/4.10.1/adventure-key-4.10.1.pom
[INFO] Downloaded from papermc: https://papermc.io/repo/repository/maven-public/net/kyori/adventure-key/4.10.1/adventure-key-4.10.1.pom (3.3 kB at 12 kB/s)
[INFO] Downloading from papermc: https://papermc.io/repo/repository/maven-public/net/kyori/adventure-platform-bukkit/4.0.1/adventure-platform-bukkit-4.0.1.pom
[INFO] Downloaded from papermc: https://papermc.io/repo/repository/maven-public/net/kyori/adventure-platform-bukkit/4.0.1/adventure-platform-bukkit-4.0.1.pom (4.1 kB at 15 kB/s)
[INFO] Downloading from papermc: https://papermc.io/repo/repository/maven-public/net/kyori/adventure-platform-api/4.0.1/adventure-platform-api-4.0.1.pom
[INFO] Downloaded from papermc: https://papermc.io/repo/repository/maven-public/net/kyori/adventure-platform-api/4.0.1/adventure-platform-api-4.0.1.pom (2.4 kB at 7.1 kB/s)
[INFO] Downloading from papermc: https://papermc.io/repo/repository/maven-public/net/kyori/adventure-api/4.9.1/adventure-api-4.9.1.pom
[INFO] Downloaded from papermc: https://papermc.io/repo/repository/maven-public/net/kyori/adventure-api/4.9.1/adventure-api-4.9.1.pom (3.2 kB at 12 kB/s)
[INFO] Downloading from papermc: https://papermc.io/repo/repository/maven-public/net/kyori/adventure-bom/4.9.1/adventure-bom-4.9.1.pom
[INFO] Downloaded from papermc: https://papermc.io/repo/repository/maven-public/net/kyori/adventure-bom/4.9.1/adventure-bom-4.9.1.pom (4.0 kB at 15 kB/s)
[INFO] Downloading from papermc: https://papermc.io/repo/repository/maven-public/net/kyori/adventure-key/4.9.1/adventure-key-4.9.1.pom
[INFO] Downloaded from papermc: https://papermc.io/repo/repository/maven-public/net/kyori/adventure-key/4.9.1/adventure-key-4.9.1.pom (3.0 kB at 11 kB/s)
[INFO] Downloading from papermc: https://papermc.io/repo/repository/maven-public/net/kyori/adventure-text-serializer-bungeecord/4.0.1/adventure-text-serializer-bungeecord-4.0.1.pom
[INFO] Downloaded from papermc: https://papermc.io/repo/repository/maven-public/net/kyori/adventure-text-serializer-bungeecord/4.0.1/adventure-text-serializer-bungeecord-4.0.1.pom (3.0 kB at 11 kB/s)
[INFO] Downloading from papermc: https://papermc.io/repo/repository/maven-public/net/kyori/adventure-text-serializer-legacy/4.9.1/adventure-text-serializer-legacy-4.9.1.pom
[INFO] Downloaded from papermc: https://papermc.io/repo/repository/maven-public/net/kyori/adventure-text-serializer-legacy/4.9.1/adventure-text-serializer-legacy-4.9.1.pom (2.7 kB at 9.8 kB/s)
[INFO] Downloading from papermc: https://papermc.io/repo/repository/maven-public/net/kyori/adventure-text-serializer-gson/4.9.1/adventure-text-serializer-gson-4.9.1.pom
[INFO] Downloaded from papermc: https://papermc.io/repo/repository/maven-public/net/kyori/adventure-text-serializer-gson/4.9.1/adventure-text-serializer-gson-4.9.1.pom (2.9 kB at 11 kB/s)
[INFO] Downloading from papermc: https://papermc.io/repo/repository/maven-public/net/kyori/adventure-nbt/4.9.1/adventure-nbt-4.9.1.pom
[INFO] Downloaded from papermc: https://papermc.io/repo/repository/maven-public/net/kyori/adventure-nbt/4.9.1/adventure-nbt-4.9.1.pom (3.0 kB at 11 kB/s)
[INFO] Downloading from papermc: https://papermc.io/repo/repository/maven-public/net/kyori/adventure-text-serializer-gson-legacy-impl/4.9.1/adventure-text-serializer-gson-legacy-impl-4.9.1.pom
[INFO] Downloaded from papermc: https://papermc.io/repo/repository/maven-public/net/kyori/adventure-text-serializer-gson-legacy-impl/4.9.1/adventure-text-serializer-gson-legacy-impl-4.9.1.pom (3.1 kB at 11 kB/s)
[INFO] Downloading from papermc: https://papermc.io/repo/repository/maven-public/net/kyori/adventure-platform-facet/4.0.1/adventure-platform-facet-4.0.1.pom
[INFO] Downloaded from papermc: https://papermc.io/repo/repository/maven-public/net/kyori/adventure-platform-facet/4.0.1/adventure-platform-facet-4.0.1.pom (2.6 kB at 9.6 kB/s)
[INFO] Downloading from papermc: https://papermc.io/repo/repository/maven-public/net/kyori/adventure-platform-viaversion/4.0.1/adventure-platform-viaversion-4.0.1.pom
[INFO] Downloaded from papermc: https://papermc.io/repo/repository/maven-public/net/kyori/adventure-platform-viaversion/4.0.1/adventure-platform-viaversion-4.0.1.pom (3.0 kB at 11 kB/s)
[INFO] Downloading from papermc: https://papermc.io/repo/repository/maven-public/org/bstats/bstats-bukkit/3.0.0/bstats-bukkit-3.0.0.pom
[INFO] Downloaded from papermc: https://papermc.io/repo/repository/maven-public/org/bstats/bstats-bukkit/3.0.0/bstats-bukkit-3.0.0.pom (0 B at 0 B/s)
[INFO] Downloading from papermc: https://papermc.io/repo/repository/maven-public/org/bstats/bstats-base/3.0.0/bstats-base-3.0.0.pom
[INFO] Downloaded from papermc: https://papermc.io/repo/repository/maven-public/org/bstats/bstats-base/3.0.0/bstats-base-3.0.0.pom (0 B at 0 B/s)
[INFO] Downloading from papermc: https://papermc.io/repo/repository/maven-public/net/guizhanss/GuizhanLibPlugin/1.2.2/GuizhanLibPlugin-1.2.2.pom
[INFO] Downloaded from papermc: https://papermc.io/repo/repository/maven-public/net/guizhanss/GuizhanLibPlugin/1.2.2/GuizhanLibPlugin-1.2.2.pom (10 kB at 39 kB/s)
[INFO] Downloading from papermc: https://papermc.io/repo/repository/maven-public/org/bstats/bstats-bukkit/3.0.2/bstats-bukkit-3.0.2.pom
[INFO] Downloaded from papermc: https://papermc.io/repo/repository/maven-public/org/bstats/bstats-bukkit/3.0.2/bstats-bukkit-3.0.2.pom (0 B at 0 B/s)
[INFO] Downloading from papermc: https://papermc.io/repo/repository/maven-public/org/bstats/bstats-base/3.0.2/bstats-base-3.0.2.pom
[INFO] Downloaded from papermc: https://papermc.io/repo/repository/maven-public/org/bstats/bstats-base/3.0.2/bstats-base-3.0.2.pom (0 B at 0 B/s)
[INFO] Downloading from papermc: https://papermc.io/repo/repository/maven-public/net/guizhanss/GuizhanLib-api/1.2.2/GuizhanLib-api-1.2.2.pom
[INFO] Downloaded from papermc: https://papermc.io/repo/repository/maven-public/net/guizhanss/GuizhanLib-api/1.2.2/GuizhanLib-api-1.2.2.pom (8.1 kB at 29 kB/s)
[INFO] Downloading from papermc: https://papermc.io/repo/repository/maven-public/net/guizhanss/GuizhanLib/1.2.2/GuizhanLib-1.2.2.pom
[INFO] Downloaded from papermc: https://papermc.io/repo/repository/maven-public/net/guizhanss/GuizhanLib/1.2.2/GuizhanLib-1.2.2.pom (9.8 kB at 37 kB/s)
[INFO] Downloading from papermc: https://papermc.io/repo/repository/maven-public/org/spigotmc/spigot-api/1.17.1-R0.1-SNAPSHOT/spigot-api-1.17.1-R0.1-20211121.234319-104.jar
[INFO] Downloading from papermc: https://papermc.io/repo/repository/maven-public/commons-lang/commons-lang/2.6/commons-lang-2.6.jar
[INFO] Downloading from papermc: https://papermc.io/repo/repository/maven-public/com/google/guava/guava/21.0/guava-21.0.jar
[INFO] Downloading from papermc: https://papermc.io/repo/repository/maven-public/com/google/code/gson/gson/2.8.0/gson-2.8.0.jar
[INFO] Downloading from papermc: https://papermc.io/repo/repository/maven-public/net/md-5/bungeecord-chat/1.16-R0.4/bungeecord-chat-1.16-R0.4.jar
[INFO] Downloaded from papermc: https://papermc.io/repo/repository/maven-public/commons-lang/commons-lang/2.6/commons-lang-2.6.jar (0 B at 0 B/s)
[INFO] Downloading from papermc: https://papermc.io/repo/repository/maven-public/org/yaml/snakeyaml/1.28/snakeyaml-1.28.jar
[INFO] Downloaded from papermc: https://papermc.io/repo/repository/maven-public/net/md-5/bungeecord-chat/1.16-R0.4/bungeecord-chat-1.16-R0.4.jar (0 B at 0 B/s)
[INFO] Downloading from papermc: https://papermc.io/repo/repository/maven-public/com/github/Slimefun/Slimefun4/RC-28/Slimefun4-RC-28.jar
[INFO] Downloading from papermc: https://papermc.io/repo/repository/maven-public/org/projectlombok/lombok/1.18.20/lombok-1.18.20.jar
[INFO] Downloaded from papermc: https://papermc.io/repo/repository/maven-public/org/spigotmc/spigot-api/1.17.1-R0.1-SNAPSHOT/spigot-api-1.17.1-R0.1-20211121.234319-104.jar (1.4 MB at 4.6 MB/s)
[INFO] Downloading from papermc: https://papermc.io/repo/repository/maven-public/com/google/code/findbugs/jsr305/3.0.2/jsr305-3.0.2.jar
[INFO] Downloaded from papermc: https://papermc.io/repo/repository/maven-public/com/google/code/findbugs/jsr305/3.0.2/jsr305-3.0.2.jar (0 B at 0 B/s)
[INFO] Downloading from papermc: https://papermc.io/repo/repository/maven-public/com/github/SlimefunGuguProject/InfinityLib/1.3.9/InfinityLib-1.3.9.jar
[INFO] Downloading from papermc: https://papermc.io/repo/repository/maven-public/javax/annotation/javax.annotation-api/1.3.2/javax.annotation-api-1.3.2.jar
[INFO] Downloaded from papermc: https://papermc.io/repo/repository/maven-public/org/yaml/snakeyaml/1.28/snakeyaml-1.28.jar (327 kB at 508 kB/s)
[INFO] Downloading from papermc: https://papermc.io/repo/repository/maven-public/io/github/baked-libs/dough-api/1.1.3/dough-api-1.1.3.jar
[INFO] Downloaded from papermc: https://papermc.io/repo/repository/maven-public/javax/annotation/javax.annotation-api/1.3.2/javax.annotation-api-1.3.2.jar (27 kB at 33 kB/s)
[INFO] Downloading from papermc: https://papermc.io/repo/repository/maven-public/io/papermc/paper/paper-api/1.18.2-R0.1-SNAPSHOT/paper-api-1.18.2-R0.1-20220920.010157-167.jar
[INFO] Downloaded from papermc: https://papermc.io/repo/repository/maven-public/com/google/code/gson/gson/2.8.0/gson-2.8.0.jar (232 kB at 222 kB/s)
[INFO] Downloading from papermc: https://papermc.io/repo/repository/maven-public/com/googlecode/json-simple/json-simple/1.1.1/json-simple-1.1.1.jar
[INFO] Downloaded from papermc: https://papermc.io/repo/repository/maven-public/io/papermc/paper/paper-api/1.18.2-R0.1-SNAPSHOT/paper-api-1.18.2-R0.1-20220920.010157-167.jar (1.7 MB at 1.6 MB/s)
[INFO] Downloading from papermc: https://papermc.io/repo/repository/maven-public/it/unimi/dsi/fastutil/8.5.6/fastutil-8.5.6.jar
[INFO] Downloaded from papermc: https://papermc.io/repo/repository/maven-public/io/github/baked-libs/dough-api/1.1.3/dough-api-1.1.3.jar (190 kB at 176 kB/s)
[INFO] Downloading from papermc: https://papermc.io/repo/repository/maven-public/org/apache/logging/log4j/log4j-api/2.17.1/log4j-api-2.17.1.jar
[INFO] Downloaded from papermc: https://papermc.io/repo/repository/maven-public/com/googlecode/json-simple/json-simple/1.1.1/json-simple-1.1.1.jar (24 kB at 19 kB/s)
[INFO] Downloading from papermc: https://papermc.io/repo/repository/maven-public/org/slf4j/slf4j-api/1.8.0-beta4/slf4j-api-1.8.0-beta4.jar
[INFO] Downloaded from papermc: https://papermc.io/repo/repository/maven-public/org/apache/logging/log4j/log4j-api/2.17.1/log4j-api-2.17.1.jar (302 kB at 228 kB/s)
[INFO] Downloading from papermc: https://papermc.io/repo/repository/maven-public/net/kyori/adventure-api/4.11.0/adventure-api-4.11.0.jar
[INFO] Downloaded from papermc: https://papermc.io/repo/repository/maven-public/org/projectlombok/lombok/1.18.20/lombok-1.18.20.jar (1.9 MB at 1.4 MB/s)
[INFO] Downloading from papermc: https://papermc.io/repo/repository/maven-public/net/kyori/adventure-key/4.11.0/adventure-key-4.11.0.jar
[INFO] Downloaded from papermc: https://papermc.io/repo/repository/maven-public/com/google/guava/guava/21.0/guava-21.0.jar (2.5 MB at 1.8 MB/s)
[INFO] Downloading from papermc: https://papermc.io/repo/repository/maven-public/net/kyori/examination-api/1.3.0/examination-api-1.3.0.jar
[INFO] Downloaded from papermc: https://papermc.io/repo/repository/maven-public/net/kyori/adventure-api/4.11.0/adventure-api-4.11.0.jar (318 kB at 202 kB/s)
[INFO] Downloading from papermc: https://papermc.io/repo/repository/maven-public/net/kyori/examination-string/1.3.0/examination-string-1.3.0.jar
[INFO] Downloaded from papermc: https://papermc.io/repo/repository/maven-public/net/kyori/adventure-key/4.11.0/adventure-key-4.11.0.jar (8.4 kB at 5.2 kB/s)
[INFO] Downloading from papermc: https://papermc.io/repo/repository/maven-public/org/jetbrains/annotations/23.0.0/annotations-23.0.0.jar
[INFO] Downloaded from papermc: https://papermc.io/repo/repository/maven-public/it/unimi/dsi/fastutil/8.5.6/fastutil-8.5.6.jar (24 MB at 15 MB/s)
[INFO] Downloading from papermc: https://papermc.io/repo/repository/maven-public/net/kyori/adventure-text-serializer-gson/4.11.0/adventure-text-serializer-gson-4.11.0.jar
[INFO] Downloaded from papermc: https://papermc.io/repo/repository/maven-public/net/kyori/examination-api/1.3.0/examination-api-1.3.0.jar (23 kB at 14 kB/s)
[INFO] Downloading from papermc: https://papermc.io/repo/repository/maven-public/net/kyori/adventure-text-serializer-legacy/4.11.0/adventure-text-serializer-legacy-4.11.0.jar
[INFO] Downloaded from papermc: https://papermc.io/repo/repository/maven-public/net/kyori/examination-string/1.3.0/examination-string-1.3.0.jar (13 kB at 7.6 kB/s)
[INFO] Downloading from papermc: https://papermc.io/repo/repository/maven-public/net/kyori/adventure-text-serializer-plain/4.11.0/adventure-text-serializer-plain-4.11.0.jar
[INFO] Downloaded from papermc: https://papermc.io/repo/repository/maven-public/org/jetbrains/annotations/23.0.0/annotations-23.0.0.jar (0 B at 0 B/s)
[INFO] Downloading from papermc: https://papermc.io/repo/repository/maven-public/net/kyori/adventure-text-logger-slf4j/4.11.0/adventure-text-logger-slf4j-4.11.0.jar
[INFO] Downloaded from papermc: https://papermc.io/repo/repository/maven-public/org/slf4j/slf4j-api/1.8.0-beta4/slf4j-api-1.8.0-beta4.jar (44 kB at 25 kB/s)
[INFO] Downloading from papermc: https://papermc.io/repo/repository/maven-public/org/checkerframework/checker-qual/3.21.0/checker-qual-3.21.0.jar
[INFO] Downloaded from papermc: https://papermc.io/repo/repository/maven-public/net/kyori/adventure-text-serializer-legacy/4.11.0/adventure-text-serializer-legacy-4.11.0.jar (24 kB at 13 kB/s)
[INFO] Downloading from papermc: https://papermc.io/repo/repository/maven-public/org/ow2/asm/asm/9.2/asm-9.2.jar
[INFO] Downloaded from papermc: https://papermc.io/repo/repository/maven-public/net/kyori/adventure-text-serializer-gson/4.11.0/adventure-text-serializer-gson-4.11.0.jar (39 kB at 21 kB/s)
[INFO] Downloading from papermc: https://papermc.io/repo/repository/maven-public/org/ow2/asm/asm-commons/9.2/asm-commons-9.2.jar
[INFO] Downloaded from papermc: https://papermc.io/repo/repository/maven-public/org/checkerframework/checker-qual/3.21.0/checker-qual-3.21.0.jar (222 kB at 115 kB/s)
[INFO] Downloading from papermc: https://papermc.io/repo/repository/maven-public/org/ow2/asm/asm-tree/9.2/asm-tree-9.2.jar
[INFO] Downloaded from papermc: https://papermc.io/repo/repository/maven-public/org/ow2/asm/asm/9.2/asm-9.2.jar (122 kB at 63 kB/s)
[INFO] Downloading from papermc: https://papermc.io/repo/repository/maven-public/org/ow2/asm/asm-analysis/9.2/asm-analysis-9.2.jar
[INFO] Downloaded from papermc: https://papermc.io/repo/repository/maven-public/net/kyori/adventure-text-logger-slf4j/4.11.0/adventure-text-logger-slf4j-4.11.0.jar (20 kB at 10.0 kB/s)
[INFO] Downloading from papermc: https://papermc.io/repo/repository/maven-public/net/kyori/adventure-text-minimessage/4.10.1/adventure-text-minimessage-4.10.1.jar
[INFO] Downloaded from papermc: https://papermc.io/repo/repository/maven-public/net/kyori/adventure-text-serializer-plain/4.11.0/adventure-text-serializer-plain-4.11.0.jar (13 kB at 6.6 kB/s)
[INFO] Downloading from papermc: https://papermc.io/repo/repository/maven-public/net/kyori/adventure-platform-bukkit/4.0.1/adventure-platform-bukkit-4.0.1.jar
[INFO] Downloaded from papermc: https://papermc.io/repo/repository/maven-public/org/ow2/asm/asm-commons/9.2/asm-commons-9.2.jar (73 kB at 35 kB/s)
[INFO] Downloading from papermc: https://papermc.io/repo/repository/maven-public/net/kyori/adventure-platform-api/4.0.1/adventure-platform-api-4.0.1.jar
[INFO] Downloaded from papermc: https://papermc.io/repo/repository/maven-public/org/ow2/asm/asm-tree/9.2/asm-tree-9.2.jar (53 kB at 24 kB/s)
[INFO] Downloading from papermc: https://papermc.io/repo/repository/maven-public/net/kyori/adventure-text-serializer-bungeecord/4.0.1/adventure-text-serializer-bungeecord-4.0.1.jar
[INFO] Downloaded from papermc: https://papermc.io/repo/repository/maven-public/org/ow2/asm/asm-analysis/9.2/asm-analysis-9.2.jar (34 kB at 16 kB/s)
[INFO] Downloading from papermc: https://papermc.io/repo/repository/maven-public/net/kyori/adventure-nbt/4.9.1/adventure-nbt-4.9.1.jar
[INFO] Downloaded from papermc: https://papermc.io/repo/repository/maven-public/net/kyori/adventure-platform-bukkit/4.0.1/adventure-platform-bukkit-4.0.1.jar (110 kB at 50 kB/s)
[INFO] Downloading from papermc: https://papermc.io/repo/repository/maven-public/net/kyori/adventure-text-serializer-gson-legacy-impl/4.9.1/adventure-text-serializer-gson-legacy-impl-4.9.1.jar
[INFO] Downloaded from papermc: https://papermc.io/repo/repository/maven-public/net/kyori/adventure-text-minimessage/4.10.1/adventure-text-minimessage-4.10.1.jar (144 kB at 65 kB/s)
[INFO] Downloading from papermc: https://papermc.io/repo/repository/maven-public/net/kyori/adventure-platform-facet/4.0.1/adventure-platform-facet-4.0.1.jar
[INFO] Downloaded from papermc: https://papermc.io/repo/repository/maven-public/net/kyori/adventure-platform-api/4.0.1/adventure-platform-api-4.0.1.jar (2.5 kB at 1.1 kB/s)
[INFO] Downloading from papermc: https://papermc.io/repo/repository/maven-public/net/kyori/adventure-platform-viaversion/4.0.1/adventure-platform-viaversion-4.0.1.jar
[INFO] Downloaded from papermc: https://papermc.io/repo/repository/maven-public/net/kyori/adventure-text-serializer-bungeecord/4.0.1/adventure-text-serializer-bungeecord-4.0.1.jar (9.6 kB at 4.0 kB/s)
[INFO] Downloading from papermc: https://papermc.io/repo/repository/maven-public/org/bstats/bstats-bukkit/3.0.0/bstats-bukkit-3.0.0.jar
[INFO] Downloaded from papermc: https://papermc.io/repo/repository/maven-public/net/kyori/adventure-nbt/4.9.1/adventure-nbt-4.9.1.jar (93 kB at 38 kB/s)
[INFO] Downloading from papermc: https://papermc.io/repo/repository/maven-public/org/bstats/bstats-base/3.0.0/bstats-base-3.0.0.jar
[INFO] Downloaded from papermc: https://papermc.io/repo/repository/maven-public/net/kyori/adventure-text-serializer-gson-legacy-impl/4.9.1/adventure-text-serializer-gson-legacy-impl-4.9.1.jar (4.9 kB at 2.0 kB/s)
[INFO] Downloading from papermc: https://papermc.io/repo/repository/maven-public/net/guizhanss/GuizhanLibPlugin/1.2.2/GuizhanLibPlugin-1.2.2.jar
[INFO] Downloaded from papermc: https://papermc.io/repo/repository/maven-public/net/kyori/adventure-platform-facet/4.0.1/adventure-platform-facet-4.0.1.jar (42 kB at 17 kB/s)
[INFO] Downloading from papermc: https://papermc.io/repo/repository/maven-public/net/guizhanss/GuizhanLib-api/1.2.2/GuizhanLib-api-1.2.2.jar
[INFO] Downloaded from papermc: https://papermc.io/repo/repository/maven-public/org/bstats/bstats-bukkit/3.0.0/bstats-bukkit-3.0.0.jar (0 B at 0 B/s)
[INFO] Downloaded from papermc: https://papermc.io/repo/repository/maven-public/org/bstats/bstats-base/3.0.0/bstats-base-3.0.0.jar (0 B at 0 B/s)
[INFO] Downloaded from papermc: https://papermc.io/repo/repository/maven-public/net/kyori/adventure-platform-viaversion/4.0.1/adventure-platform-viaversion-4.0.1.jar (20 kB at 7.7 kB/s)
[INFO] Downloaded from papermc: https://papermc.io/repo/repository/maven-public/net/guizhanss/GuizhanLib-api/1.2.2/GuizhanLib-api-1.2.2.jar (128 kB at 48 kB/s)
[INFO] Downloaded from papermc: https://papermc.io/repo/repository/maven-public/net/guizhanss/GuizhanLibPlugin/1.2.2/GuizhanLibPlugin-1.2.2.jar (465 kB at 172 kB/s)
[INFO] Downloading from spigot-repo: https://hub.spigotmc.org/nexus/content/repositories/snapshots/com/github/Slimefun/Slimefun4/RC-28/Slimefun4-RC-28.jar
[INFO] Downloading from spigot-repo: https://hub.spigotmc.org/nexus/content/repositories/snapshots/com/github/SlimefunGuguProject/InfinityLib/1.3.9/InfinityLib-1.3.9.jar
[INFO] Downloading from sonatype-oss-snapshots1: https://s01.oss.sonatype.org/content/repositories/snapshots/com/github/Slimefun/Slimefun4/RC-28/Slimefun4-RC-28.jar
[INFO] Downloading from sonatype-oss-snapshots1: https://s01.oss.sonatype.org/content/repositories/snapshots/com/github/SlimefunGuguProject/InfinityLib/1.3.9/InfinityLib-1.3.9.jar
[INFO] Downloading from jitpack.io: https://jitpack.io/com/github/Slimefun/Slimefun4/RC-28/Slimefun4-RC-28.jar
[INFO] Downloading from jitpack.io: https://jitpack.io/com/github/SlimefunGuguProject/InfinityLib/1.3.9/InfinityLib-1.3.9.jar
[INFO] Downloaded from jitpack.io: https://jitpack.io/com/github/SlimefunGuguProject/InfinityLib/1.3.9/InfinityLib-1.3.9.jar (91 kB at 1.3 MB/s)
[INFO] Downloaded from jitpack.io: https://jitpack.io/com/github/Slimefun/Slimefun4/RC-28/Slimefun4-RC-28.jar (4.3 MB at 32 MB/s)
[INFO] 
[INFO] --- maven-clean-plugin:2.5:clean (default-clean) @ ElementManipulation ---
[INFO] 
[INFO] --- maven-resources-plugin:2.6:resources (default-resources) @ ElementManipulation ---
[INFO] Using 'UTF-8' encoding to copy filtered resources.
[INFO] Copying 2 resources
[INFO] 
[INFO] --- maven-compiler-plugin:3.1:compile (default-compile) @ ElementManipulation ---
[INFO] Changes detected - recompiling the module!
[INFO] Compiling 37 source files to /home/runner/work/guizhan-builds/guizhan-builds/static/f/haiman233/Element-Manipulation-CN/master/workspace/target/classes
[WARNING] /home/runner/work/guizhan-builds/guizhan-builds/static/f/haiman233/Element-Manipulation-CN/master/workspace/src/main/java/me/lucasgithuber/elementmanipulation/gui/DeconstructorGUI.java: Some input files use or override a deprecated API.
[WARNING] /home/runner/work/guizhan-builds/guizhan-builds/static/f/haiman233/Element-Manipulation-CN/master/workspace/src/main/java/me/lucasgithuber/elementmanipulation/gui/DeconstructorGUI.java: Recompile with -Xlint:deprecation for details.
[INFO] 
[INFO] --- maven-resources-plugin:2.6:testResources (default-testResources) @ ElementManipulation ---
[INFO] Using 'UTF-8' encoding to copy filtered resources.
[INFO] skip non existing resourceDirectory /home/runner/work/guizhan-builds/guizhan-builds/static/f/haiman233/Element-Manipulation-CN/master/workspace/src/test/resources
[INFO] 
[INFO] --- maven-compiler-plugin:3.1:testCompile (default-testCompile) @ ElementManipulation ---
[INFO] No sources to compile
[INFO] 
[INFO] --- maven-surefire-plugin:2.12.4:test (default-test) @ ElementManipulation ---
[INFO] No tests to run.
[INFO] 
[INFO] --- maven-jar-plugin:2.4:jar (default-jar) @ ElementManipulation ---
[INFO] Building jar: /home/runner/work/guizhan-builds/guizhan-builds/static/f/haiman233/Element-Manipulation-CN/master/workspace/target/Element-Manipulation-Build 5 zh-CN(haiman233) (git 9764734).jar
[INFO] 
[INFO] --- maven-shade-plugin:3.3.1-SNAPSHOT:shade (default) @ ElementManipulation ---
[INFO] Downloading from maven-snapshots: https://repository.apache.org/content/repositories/snapshots/org/codehaus/plexus/plexus-utils/3.3.0/plexus-utils-3.3.0.pom
[INFO] Downloading from central: https://repo.maven.apache.org/maven2/org/codehaus/plexus/plexus-utils/3.3.0/plexus-utils-3.3.0.pom
[INFO] Downloaded from central: https://repo.maven.apache.org/maven2/org/codehaus/plexus/plexus-utils/3.3.0/plexus-utils-3.3.0.pom (5.2 kB at 370 kB/s)
[INFO] Downloading from maven-snapshots: https://repository.apache.org/content/repositories/snapshots/org/codehaus/plexus/plexus/5.1/plexus-5.1.pom
[INFO] Downloading from central: https://repo.maven.apache.org/maven2/org/codehaus/plexus/plexus/5.1/plexus-5.1.pom
[INFO] Downloaded from central: https://repo.maven.apache.org/maven2/org/codehaus/plexus/plexus/5.1/plexus-5.1.pom (0 B at 0 B/s)
[INFO] Downloading from maven-snapshots: https://repository.apache.org/content/repositories/snapshots/org/apache/maven/shared/maven-artifact-transfer/0.13.1/maven-artifact-transfer-0.13.1.pom
[INFO] Downloading from central: https://repo.maven.apache.org/maven2/org/apache/maven/shared/maven-artifact-transfer/0.13.1/maven-artifact-transfer-0.13.1.pom
[INFO] Downloaded from central: https://repo.maven.apache.org/maven2/org/apache/maven/shared/maven-artifact-transfer/0.13.1/maven-artifact-transfer-0.13.1.pom (11 kB at 803 kB/s)
[INFO] Downloading from maven-snapshots: https://repository.apache.org/content/repositories/snapshots/org/apache/maven/shared/maven-shared-components/34/maven-shared-components-34.pom
[INFO] Downloading from central: https://repo.maven.apache.org/maven2/org/apache/maven/shared/maven-shared-components/34/maven-shared-components-34.pom
[INFO] Downloaded from central: https://repo.maven.apache.org/maven2/org/apache/maven/shared/maven-shared-components/34/maven-shared-components-34.pom (5.1 kB at 392 kB/s)
[INFO] Downloading from maven-snapshots: https://repository.apache.org/content/repositories/snapshots/org/apache/maven/maven-parent/34/maven-parent-34.pom
[INFO] Downloading from central: https://repo.maven.apache.org/maven2/org/apache/maven/maven-parent/34/maven-parent-34.pom
[INFO] Downloaded from central: https://repo.maven.apache.org/maven2/org/apache/maven/maven-parent/34/maven-parent-34.pom (0 B at 0 B/s)
[INFO] Downloading from maven-snapshots: https://repository.apache.org/content/repositories/snapshots/org/apache/maven/maven-core/3.0/maven-core-3.0.pom
[INFO] Downloading from central: https://repo.maven.apache.org/maven2/org/apache/maven/maven-core/3.0/maven-core-3.0.pom
[INFO] Downloaded from central: https://repo.maven.apache.org/maven2/org/apache/maven/maven-core/3.0/maven-core-3.0.pom (6.6 kB at 474 kB/s)
[INFO] Downloading from maven-snapshots: https://repository.apache.org/content/repositories/snapshots/org/apache/maven/maven/3.0/maven-3.0.pom
[INFO] Downloading from central: https://repo.maven.apache.org/maven2/org/apache/maven/maven/3.0/maven-3.0.pom
[INFO] Downloaded from central: https://repo.maven.apache.org/maven2/org/apache/maven/maven/3.0/maven-3.0.pom (22 kB at 1.6 MB/s)
[INFO] Downloading from maven-snapshots: https://repository.apache.org/content/repositories/snapshots/org/apache/maven/maven-parent/15/maven-parent-15.pom
[INFO] Downloading from central: https://repo.maven.apache.org/maven2/org/apache/maven/maven-parent/15/maven-parent-15.pom
[INFO] Downloaded from central: https://repo.maven.apache.org/maven2/org/apache/maven/maven-parent/15/maven-parent-15.pom (24 kB at 1.8 MB/s)
[INFO] Downloading from maven-snapshots: https://repository.apache.org/content/repositories/snapshots/org/apache/maven/maven-model/3.0/maven-model-3.0.pom
[INFO] Downloading from central: https://repo.maven.apache.org/maven2/org/apache/maven/maven-model/3.0/maven-model-3.0.pom
[INFO] Downloaded from central: https://repo.maven.apache.org/maven2/org/apache/maven/maven-model/3.0/maven-model-3.0.pom (3.9 kB at 299 kB/s)
[INFO] Downloading from maven-snapshots: https://repository.apache.org/content/repositories/snapshots/org/apache/maven/maven-settings/3.0/maven-settings-3.0.pom
[INFO] Downloading from central: https://repo.maven.apache.org/maven2/org/apache/maven/maven-settings/3.0/maven-settings-3.0.pom
[INFO] Downloaded from central: https://repo.maven.apache.org/maven2/org/apache/maven/maven-settings/3.0/maven-settings-3.0.pom (1.9 kB at 125 kB/s)
[INFO] Downloading from maven-snapshots: https://repository.apache.org/content/repositories/snapshots/org/apache/maven/maven-settings-builder/3.0/maven-settings-builder-3.0.pom
[INFO] Downloading from central: https://repo.maven.apache.org/maven2/org/apache/maven/maven-settings-builder/3.0/maven-settings-builder-3.0.pom
[INFO] Downloaded from central: https://repo.maven.apache.org/maven2/org/apache/maven/maven-settings-builder/3.0/maven-settings-builder-3.0.pom (2.2 kB at 35 kB/s)
[INFO] Downloading from maven-snapshots: https://repository.apache.org/content/repositories/snapshots/org/codehaus/plexus/plexus-interpolation/1.14/plexus-interpolation-1.14.pom
[INFO] Downloading from central: https://repo.maven.apache.org/maven2/org/codehaus/plexus/plexus-interpolation/1.14/plexus-interpolation-1.14.pom
[INFO] Downloaded from central: https://repo.maven.apache.org/maven2/org/codehaus/plexus/plexus-interpolation/1.14/plexus-interpolation-1.14.pom (910 B at 65 kB/s)
[INFO] Downloading from maven-snapshots: https://repository.apache.org/content/repositories/snapshots/org/codehaus/plexus/plexus-components/1.1.18/plexus-components-1.1.18.pom
[INFO] Downloading from central: https://repo.maven.apache.org/maven2/org/codehaus/plexus/plexus-components/1.1.18/plexus-components-1.1.18.pom
[INFO] Downloaded from central: https://repo.maven.apache.org/maven2/org/codehaus/plexus/plexus-components/1.1.18/plexus-components-1.1.18.pom (5.4 kB at 412 kB/s)
[INFO] Downloading from maven-snapshots: https://repository.apache.org/content/repositories/snapshots/org/codehaus/plexus/plexus-component-annotations/2.1.1/plexus-component-annotations-2.1.1.pom
[INFO] Downloading from central: https://repo.maven.apache.org/maven2/org/codehaus/plexus/plexus-component-annotations/2.1.1/plexus-component-annotations-2.1.1.pom
[INFO] Downloaded from central: https://repo.maven.apache.org/maven2/org/codehaus/plexus/plexus-component-annotations/2.1.1/plexus-component-annotations-2.1.1.pom (770 B at 59 kB/s)
[INFO] Downloading from maven-snapshots: https://repository.apache.org/content/repositories/snapshots/org/codehaus/plexus/plexus-containers/2.1.1/plexus-containers-2.1.1.pom
[INFO] Downloading from central: https://repo.maven.apache.org/maven2/org/codehaus/plexus/plexus-containers/2.1.1/plexus-containers-2.1.1.pom
[INFO] Downloaded from central: https://repo.maven.apache.org/maven2/org/codehaus/plexus/plexus-containers/2.1.1/plexus-containers-2.1.1.pom (6.0 kB at 431 kB/s)
[INFO] Downloading from maven-snapshots: https://repository.apache.org/content/repositories/snapshots/org/codehaus/plexus/plexus/6.5/plexus-6.5.pom
[INFO] Downloading from central: https://repo.maven.apache.org/maven2/org/codehaus/plexus/plexus/6.5/plexus-6.5.pom
[INFO] Downloaded from central: https://repo.maven.apache.org/maven2/org/codehaus/plexus/plexus/6.5/plexus-6.5.pom (26 kB at 2.0 MB/s)
[INFO] Downloading from maven-snapshots: https://repository.apache.org/content/repositories/snapshots/org/apache/maven/maven-repository-metadata/3.0/maven-repository-metadata-3.0.pom
[INFO] Downloading from central: https://repo.maven.apache.org/maven2/org/apache/maven/maven-repository-metadata/3.0/maven-repository-metadata-3.0.pom
[INFO] Downloaded from central: https://repo.maven.apache.org/maven2/org/apache/maven/maven-repository-metadata/3.0/maven-repository-metadata-3.0.pom (1.9 kB at 148 kB/s)
[INFO] Downloading from maven-snapshots: https://repository.apache.org/content/repositories/snapshots/org/apache/maven/maven-artifact/3.0/maven-artifact-3.0.pom
[INFO] Downloading from central: https://repo.maven.apache.org/maven2/org/apache/maven/maven-artifact/3.0/maven-artifact-3.0.pom
[INFO] Downloaded from central: https://repo.maven.apache.org/maven2/org/apache/maven/maven-artifact/3.0/maven-artifact-3.0.pom (1.9 kB at 148 kB/s)
[INFO] Downloading from maven-snapshots: https://repository.apache.org/content/repositories/snapshots/org/apache/maven/maven-plugin-api/3.0/maven-plugin-api-3.0.pom
[INFO] Downloading from central: https://repo.maven.apache.org/maven2/org/apache/maven/maven-plugin-api/3.0/maven-plugin-api-3.0.pom
[INFO] Downloaded from central: https://repo.maven.apache.org/maven2/org/apache/maven/maven-plugin-api/3.0/maven-plugin-api-3.0.pom (2.3 kB at 176 kB/s)
[INFO] Downloading from maven-snapshots: https://repository.apache.org/content/repositories/snapshots/org/apache/maven/maven-model-builder/3.0/maven-model-builder-3.0.pom
[INFO] Downloading from central: https://repo.maven.apache.org/maven2/org/apache/maven/maven-model-builder/3.0/maven-model-builder-3.0.pom
[INFO] Downloaded from central: https://repo.maven.apache.org/maven2/org/apache/maven/maven-model-builder/3.0/maven-model-builder-3.0.pom (2.2 kB at 187 kB/s)
[INFO] Downloading from maven-snapshots: https://repository.apache.org/content/repositories/snapshots/org/apache/maven/maven-aether-provider/3.0/maven-aether-provider-3.0.pom
[INFO] Downloading from central: https://repo.maven.apache.org/maven2/org/apache/maven/maven-aether-provider/3.0/maven-aether-provider-3.0.pom
[INFO] Downloaded from central: https://repo.maven.apache.org/maven2/org/apache/maven/maven-aether-provider/3.0/maven-aether-provider-3.0.pom (2.5 kB at 190 kB/s)
[INFO] Downloading from maven-snapshots: https://repository.apache.org/content/repositories/snapshots/org/sonatype/aether/aether-api/1.7/aether-api-1.7.pom
[INFO] Downloading from central: https://repo.maven.apache.org/maven2/org/sonatype/aether/aether-api/1.7/aether-api-1.7.pom
[INFO] Downloaded from central: https://repo.maven.apache.org/maven2/org/sonatype/aether/aether-api/1.7/aether-api-1.7.pom (1.7 kB at 129 kB/s)
[INFO] Downloading from maven-snapshots: https://repository.apache.org/content/repositories/snapshots/org/sonatype/aether/aether-parent/1.7/aether-parent-1.7.pom
[INFO] Downloading from central: https://repo.maven.apache.org/maven2/org/sonatype/aether/aether-parent/1.7/aether-parent-1.7.pom
[INFO] Downloaded from central: https://repo.maven.apache.org/maven2/org/sonatype/aether/aether-parent/1.7/aether-parent-1.7.pom (7.7 kB at 552 kB/s)
[INFO] Downloading from maven-snapshots: https://repository.apache.org/content/repositories/snapshots/org/sonatype/forge/forge-parent/6/forge-parent-6.pom
[INFO] Downloading from central: https://repo.maven.apache.org/maven2/org/sonatype/forge/forge-parent/6/forge-parent-6.pom
[INFO] Downloaded from central: https://repo.maven.apache.org/maven2/org/sonatype/forge/forge-parent/6/forge-parent-6.pom (11 kB at 768 kB/s)
[INFO] Downloading from maven-snapshots: https://repository.apache.org/content/repositories/snapshots/org/sonatype/aether/aether-util/1.7/aether-util-1.7.pom
[INFO] Downloading from central: https://repo.maven.apache.org/maven2/org/sonatype/aether/aether-util/1.7/aether-util-1.7.pom
[INFO] Downloaded from central: https://repo.maven.apache.org/maven2/org/sonatype/aether/aether-util/1.7/aether-util-1.7.pom (2.1 kB at 147 kB/s)
[INFO] Downloading from maven-snapshots: https://repository.apache.org/content/repositories/snapshots/org/sonatype/aether/aether-impl/1.7/aether-impl-1.7.pom
[INFO] Downloading from central: https://repo.maven.apache.org/maven2/org/sonatype/aether/aether-impl/1.7/aether-impl-1.7.pom
[INFO] Downloaded from central: https://repo.maven.apache.org/maven2/org/sonatype/aether/aether-impl/1.7/aether-impl-1.7.pom (3.7 kB at 284 kB/s)
[INFO] Downloading from maven-snapshots: https://repository.apache.org/content/repositories/snapshots/org/sonatype/aether/aether-spi/1.7/aether-spi-1.7.pom
[INFO] Downloading from central: https://repo.maven.apache.org/maven2/org/sonatype/aether/aether-spi/1.7/aether-spi-1.7.pom
[INFO] Downloaded from central: https://repo.maven.apache.org/maven2/org/sonatype/aether/aether-spi/1.7/aether-spi-1.7.pom (1.7 kB at 124 kB/s)
[INFO] Downloading from maven-snapshots: https://repository.apache.org/content/repositories/snapshots/org/codehaus/plexus/plexus-classworlds/2.2.3/plexus-classworlds-2.2.3.pom
[INFO] Downloading from central: https://repo.maven.apache.org/maven2/org/codehaus/plexus/plexus-classworlds/2.2.3/plexus-classworlds-2.2.3.pom
[INFO] Downloaded from central: https://repo.maven.apache.org/maven2/org/codehaus/plexus/plexus-classworlds/2.2.3/plexus-classworlds-2.2.3.pom (4.0 kB at 286 kB/s)
[INFO] Downloading from maven-snapshots: https://repository.apache.org/content/repositories/snapshots/org/apache/maven/shared/maven-common-artifact-filters/3.1.0/maven-common-artifact-filters-3.1.0.pom
[INFO] Downloading from central: https://repo.maven.apache.org/maven2/org/apache/maven/shared/maven-common-artifact-filters/3.1.0/maven-common-artifact-filters-3.1.0.pom
[INFO] Downloaded from central: https://repo.maven.apache.org/maven2/org/apache/maven/shared/maven-common-artifact-filters/3.1.0/maven-common-artifact-filters-3.1.0.pom (5.3 kB at 352 kB/s)
[INFO] Downloading from maven-snapshots: https://repository.apache.org/content/repositories/snapshots/org/apache/maven/shared/maven-shared-components/33/maven-shared-components-33.pom
[INFO] Downloading from central: https://repo.maven.apache.org/maven2/org/apache/maven/shared/maven-shared-components/33/maven-shared-components-33.pom
[INFO] Downloaded from central: https://repo.maven.apache.org/maven2/org/apache/maven/shared/maven-shared-components/33/maven-shared-components-33.pom (5.1 kB at 392 kB/s)
[INFO] Downloading from maven-snapshots: https://repository.apache.org/content/repositories/snapshots/org/apache/maven/maven-parent/33/maven-parent-33.pom
[INFO] Downloading from central: https://repo.maven.apache.org/maven2/org/apache/maven/maven-parent/33/maven-parent-33.pom
[INFO] Downloaded from central: https://repo.maven.apache.org/maven2/org/apache/maven/maven-parent/33/maven-parent-33.pom (44 kB at 2.9 MB/s)
[INFO] Downloading from maven-snapshots: https://repository.apache.org/content/repositories/snapshots/org/apache/maven/shared/maven-shared-utils/3.1.0/maven-shared-utils-3.1.0.pom
[INFO] Downloading from central: https://repo.maven.apache.org/maven2/org/apache/maven/shared/maven-shared-utils/3.1.0/maven-shared-utils-3.1.0.pom
[INFO] Downloaded from central: https://repo.maven.apache.org/maven2/org/apache/maven/shared/maven-shared-utils/3.1.0/maven-shared-utils-3.1.0.pom (5.0 kB at 178 kB/s)
[INFO] Downloading from maven-snapshots: https://repository.apache.org/content/repositories/snapshots/org/apache/maven/shared/maven-shared-components/30/maven-shared-components-30.pom
[INFO] Downloading from central: https://repo.maven.apache.org/maven2/org/apache/maven/shared/maven-shared-components/30/maven-shared-components-30.pom
[INFO] Downloaded from central: https://repo.maven.apache.org/maven2/org/apache/maven/shared/maven-shared-components/30/maven-shared-components-30.pom (4.6 kB at 148 kB/s)
[INFO] Downloading from maven-snapshots: https://repository.apache.org/content/repositories/snapshots/org/apache/maven/maven-parent/30/maven-parent-30.pom
[INFO] Downloading from central: https://repo.maven.apache.org/maven2/org/apache/maven/maven-parent/30/maven-parent-30.pom
[INFO] Downloaded from central: https://repo.maven.apache.org/maven2/org/apache/maven/maven-parent/30/maven-parent-30.pom (41 kB at 3.0 MB/s)
[INFO] Downloading from maven-snapshots: https://repository.apache.org/content/repositories/snapshots/org/apache/apache/18/apache-18.pom
[INFO] Downloading from central: https://repo.maven.apache.org/maven2/org/apache/apache/18/apache-18.pom
[INFO] Downloaded from central: https://repo.maven.apache.org/maven2/org/apache/apache/18/apache-18.pom (0 B at 0 B/s)
[INFO] Downloading from maven-snapshots: https://repository.apache.org/content/repositories/snapshots/commons-io/commons-io/2.5/commons-io-2.5.pom
[INFO] Downloading from central: https://repo.maven.apache.org/maven2/commons-io/commons-io/2.5/commons-io-2.5.pom
[INFO] Downloaded from central: https://repo.maven.apache.org/maven2/commons-io/commons-io/2.5/commons-io-2.5.pom (13 kB at 1.0 MB/s)
[INFO] Downloading from maven-snapshots: https://repository.apache.org/content/repositories/snapshots/org/apache/commons/commons-parent/39/commons-parent-39.pom
[INFO] Downloading from central: https://repo.maven.apache.org/maven2/org/apache/commons/commons-parent/39/commons-parent-39.pom
[INFO] Downloaded from central: https://repo.maven.apache.org/maven2/org/apache/commons/commons-parent/39/commons-parent-39.pom (62 kB at 4.4 MB/s)
[INFO] Downloading from maven-snapshots: https://repository.apache.org/content/repositories/snapshots/org/apache/apache/16/apache-16.pom
[INFO] Downloading from central: https://repo.maven.apache.org/maven2/org/apache/apache/16/apache-16.pom
[INFO] Downloaded from central: https://repo.maven.apache.org/maven2/org/apache/apache/16/apache-16.pom (15 kB at 1.1 MB/s)
[INFO] Downloading from maven-snapshots: https://repository.apache.org/content/repositories/snapshots/org/slf4j/slf4j-api/1.7.5/slf4j-api-1.7.5.pom
[INFO] Downloading from central: https://repo.maven.apache.org/maven2/org/slf4j/slf4j-api/1.7.5/slf4j-api-1.7.5.pom
[INFO] Downloaded from central: https://repo.maven.apache.org/maven2/org/slf4j/slf4j-api/1.7.5/slf4j-api-1.7.5.pom (2.7 kB at 149 kB/s)
[INFO] Downloading from maven-snapshots: https://repository.apache.org/content/repositories/snapshots/org/slf4j/slf4j-parent/1.7.5/slf4j-parent-1.7.5.pom
[INFO] Downloading from central: https://repo.maven.apache.org/maven2/org/slf4j/slf4j-parent/1.7.5/slf4j-parent-1.7.5.pom
[INFO] Downloaded from central: https://repo.maven.apache.org/maven2/org/slf4j/slf4j-parent/1.7.5/slf4j-parent-1.7.5.pom (12 kB at 843 kB/s)
[INFO] Downloading from maven-snapshots: https://repository.apache.org/content/repositories/snapshots/org/ow2/asm/asm/9.3/asm-9.3.pom
[INFO] Downloading from central: https://repo.maven.apache.org/maven2/org/ow2/asm/asm/9.3/asm-9.3.pom
[INFO] Downloaded from central: https://repo.maven.apache.org/maven2/org/ow2/asm/asm/9.3/asm-9.3.pom (2.4 kB at 139 kB/s)
[INFO] Downloading from maven-snapshots: https://repository.apache.org/content/repositories/snapshots/org/ow2/asm/asm-commons/9.3/asm-commons-9.3.pom
[INFO] Downloading from central: https://repo.maven.apache.org/maven2/org/ow2/asm/asm-commons/9.3/asm-commons-9.3.pom
[INFO] Downloaded from central: https://repo.maven.apache.org/maven2/org/ow2/asm/asm-commons/9.3/asm-commons-9.3.pom (3.0 kB at 110 kB/s)
[INFO] Downloading from maven-snapshots: https://repository.apache.org/content/repositories/snapshots/org/ow2/asm/asm-tree/9.3/asm-tree-9.3.pom
[INFO] Downloading from central: https://repo.maven.apache.org/maven2/org/ow2/asm/asm-tree/9.3/asm-tree-9.3.pom
[INFO] Downloaded from central: https://repo.maven.apache.org/maven2/org/ow2/asm/asm-tree/9.3/asm-tree-9.3.pom (2.6 kB at 152 kB/s)
[INFO] Downloading from maven-snapshots: https://repository.apache.org/content/repositories/snapshots/org/ow2/asm/asm-analysis/9.3/asm-analysis-9.3.pom
[INFO] Downloading from central: https://repo.maven.apache.org/maven2/org/ow2/asm/asm-analysis/9.3/asm-analysis-9.3.pom
[INFO] Downloaded from central: https://repo.maven.apache.org/maven2/org/ow2/asm/asm-analysis/9.3/asm-analysis-9.3.pom (2.6 kB at 164 kB/s)
[INFO] Downloading from maven-snapshots: https://repository.apache.org/content/repositories/snapshots/org/apache/maven/shared/maven-dependency-tree/3.0.1/maven-dependency-tree-3.0.1.pom
[INFO] Downloading from central: https://repo.maven.apache.org/maven2/org/apache/maven/shared/maven-dependency-tree/3.0.1/maven-dependency-tree-3.0.1.pom
[INFO] Downloaded from central: https://repo.maven.apache.org/maven2/org/apache/maven/shared/maven-dependency-tree/3.0.1/maven-dependency-tree-3.0.1.pom (7.5 kB at 536 kB/s)
[INFO] Downloading from maven-snapshots: https://repository.apache.org/content/repositories/snapshots/org/eclipse/aether/aether-util/0.9.0.M2/aether-util-0.9.0.M2.pom
[INFO] Downloading from central: https://repo.maven.apache.org/maven2/org/eclipse/aether/aether-util/0.9.0.M2/aether-util-0.9.0.M2.pom
[INFO] Downloaded from central: https://repo.maven.apache.org/maven2/org/eclipse/aether/aether-util/0.9.0.M2/aether-util-0.9.0.M2.pom (2.0 kB at 145 kB/s)
[INFO] Downloading from maven-snapshots: https://repository.apache.org/content/repositories/snapshots/org/eclipse/aether/aether/0.9.0.M2/aether-0.9.0.M2.pom
[INFO] Downloading from central: https://repo.maven.apache.org/maven2/org/eclipse/aether/aether/0.9.0.M2/aether-0.9.0.M2.pom
[INFO] Downloaded from central: https://repo.maven.apache.org/maven2/org/eclipse/aether/aether/0.9.0.M2/aether-0.9.0.M2.pom (28 kB at 1.7 MB/s)
[INFO] Downloading from maven-snapshots: https://repository.apache.org/content/repositories/snapshots/commons-io/commons-io/2.6/commons-io-2.6.pom
[INFO] Downloading from central: https://repo.maven.apache.org/maven2/commons-io/commons-io/2.6/commons-io-2.6.pom
[INFO] Downloaded from central: https://repo.maven.apache.org/maven2/commons-io/commons-io/2.6/commons-io-2.6.pom (0 B at 0 B/s)
[INFO] Downloading from maven-snapshots: https://repository.apache.org/content/repositories/snapshots/org/apache/commons/commons-parent/42/commons-parent-42.pom
[INFO] Downloading from central: https://repo.maven.apache.org/maven2/org/apache/commons/commons-parent/42/commons-parent-42.pom
[INFO] Downloaded from central: https://repo.maven.apache.org/maven2/org/apache/commons/commons-parent/42/commons-parent-42.pom (0 B at 0 B/s)
[INFO] Downloading from maven-snapshots: https://repository.apache.org/content/repositories/snapshots/org/apache/commons/commons-collections4/4.2/commons-collections4-4.2.pom
[INFO] Downloading from central: https://repo.maven.apache.org/maven2/org/apache/commons/commons-collections4/4.2/commons-collections4-4.2.pom
[INFO] Downloaded from central: https://repo.maven.apache.org/maven2/org/apache/commons/commons-collections4/4.2/commons-collections4-4.2.pom (23 kB at 1.5 MB/s)
[INFO] Downloading from maven-snapshots: https://repository.apache.org/content/repositories/snapshots/org/apache/commons/commons-parent/47/commons-parent-47.pom
[INFO] Downloading from central: https://repo.maven.apache.org/maven2/org/apache/commons/commons-parent/47/commons-parent-47.pom
[INFO] Downloaded from central: https://repo.maven.apache.org/maven2/org/apache/commons/commons-parent/47/commons-parent-47.pom (78 kB at 5.5 MB/s)
[INFO] Downloading from maven-snapshots: https://repository.apache.org/content/repositories/snapshots/org/apache/apache/19/apache-19.pom
[INFO] Downloading from central: https://repo.maven.apache.org/maven2/org/apache/apache/19/apache-19.pom
[INFO] Downloaded from central: https://repo.maven.apache.org/maven2/org/apache/apache/19/apache-19.pom (15 kB at 1.1 MB/s)
[INFO] Downloading from maven-snapshots: https://repository.apache.org/content/repositories/snapshots/org/codehaus/plexus/plexus-utils/3.3.0/plexus-utils-3.3.0.jar
[INFO] Downloading from maven-snapshots: https://repository.apache.org/content/repositories/snapshots/org/apache/maven/shared/maven-artifact-transfer/0.13.1/maven-artifact-transfer-0.13.1.jar
[INFO] Downloading from maven-snapshots: https://repository.apache.org/content/repositories/snapshots/org/apache/maven/maven-core/3.0/maven-core-3.0.jar
[INFO] Downloading from maven-snapshots: https://repository.apache.org/content/repositories/snapshots/org/apache/maven/maven-model/3.0/maven-model-3.0.jar
[INFO] Downloading from maven-snapshots: https://repository.apache.org/content/repositories/snapshots/org/apache/maven/maven-settings/3.0/maven-settings-3.0.jar
[INFO] Downloading from maven-snapshots: https://repository.apache.org/content/repositories/snapshots/org/apache/maven/maven-settings-builder/3.0/maven-settings-builder-3.0.jar
[INFO] Downloading from maven-snapshots: https://repository.apache.org/content/repositories/snapshots/org/apache/maven/maven-repository-metadata/3.0/maven-repository-metadata-3.0.jar
[INFO] Downloading from maven-snapshots: https://repository.apache.org/content/repositories/snapshots/org/apache/maven/maven-plugin-api/3.0/maven-plugin-api-3.0.jar
[INFO] Downloading from maven-snapshots: https://repository.apache.org/content/repositories/snapshots/org/apache/maven/maven-model-builder/3.0/maven-model-builder-3.0.jar
[INFO] Downloading from maven-snapshots: https://repository.apache.org/content/repositories/snapshots/org/apache/maven/maven-aether-provider/3.0/maven-aether-provider-3.0.jar
[INFO] Downloading from maven-snapshots: https://repository.apache.org/content/repositories/snapshots/org/sonatype/aether/aether-impl/1.7/aether-impl-1.7.jar
[INFO] Downloading from maven-snapshots: https://repository.apache.org/content/repositories/snapshots/org/sonatype/aether/aether-spi/1.7/aether-spi-1.7.jar
[INFO] Downloading from maven-snapshots: https://repository.apache.org/content/repositories/snapshots/org/sonatype/aether/aether-api/1.7/aether-api-1.7.jar
[INFO] Downloading from maven-snapshots: https://repository.apache.org/content/repositories/snapshots/org/sonatype/aether/aether-util/1.7/aether-util-1.7.jar
[INFO] Downloading from maven-snapshots: https://repository.apache.org/content/repositories/snapshots/org/codehaus/plexus/plexus-interpolation/1.14/plexus-interpolation-1.14.jar
[INFO] Downloading from maven-snapshots: https://repository.apache.org/content/repositories/snapshots/org/codehaus/plexus/plexus-classworlds/2.2.3/plexus-classworlds-2.2.3.jar
[INFO] Downloading from maven-snapshots: https://repository.apache.org/content/repositories/snapshots/org/sonatype/plexus/plexus-sec-dispatcher/1.3/plexus-sec-dispatcher-1.3.jar
[INFO] Downloading from maven-snapshots: https://repository.apache.org/content/repositories/snapshots/org/sonatype/plexus/plexus-cipher/1.4/plexus-cipher-1.4.jar
[INFO] Downloading from maven-snapshots: https://repository.apache.org/content/repositories/snapshots/org/apache/maven/maven-artifact/3.0/maven-artifact-3.0.jar
[INFO] Downloading from maven-snapshots: https://repository.apache.org/content/repositories/snapshots/org/codehaus/plexus/plexus-component-annotations/2.1.1/plexus-component-annotations-2.1.1.jar
[INFO] Downloading from maven-snapshots: https://repository.apache.org/content/repositories/snapshots/org/apache/maven/shared/maven-common-artifact-filters/3.1.0/maven-common-artifact-filters-3.1.0.jar
[INFO] Downloading from maven-snapshots: https://repository.apache.org/content/repositories/snapshots/org/apache/maven/shared/maven-shared-utils/3.1.0/maven-shared-utils-3.1.0.jar
[INFO] Downloading from maven-snapshots: https://repository.apache.org/content/repositories/snapshots/org/ow2/asm/asm/9.3/asm-9.3.jar
[INFO] Downloading from maven-snapshots: https://repository.apache.org/content/repositories/snapshots/org/ow2/asm/asm-commons/9.3/asm-commons-9.3.jar
[INFO] Downloading from maven-snapshots: https://repository.apache.org/content/repositories/snapshots/org/ow2/asm/asm-tree/9.3/asm-tree-9.3.jar
[INFO] Downloading from maven-snapshots: https://repository.apache.org/content/repositories/snapshots/org/ow2/asm/asm-analysis/9.3/asm-analysis-9.3.jar
[INFO] Downloading from maven-snapshots: https://repository.apache.org/content/repositories/snapshots/org/apache/maven/shared/maven-dependency-tree/3.0.1/maven-dependency-tree-3.0.1.jar
[INFO] Downloading from maven-snapshots: https://repository.apache.org/content/repositories/snapshots/org/eclipse/aether/aether-util/0.9.0.M2/aether-util-0.9.0.M2.jar
[INFO] Downloading from maven-snapshots: https://repository.apache.org/content/repositories/snapshots/commons-io/commons-io/2.6/commons-io-2.6.jar
[INFO] Downloading from maven-snapshots: https://repository.apache.org/content/repositories/snapshots/org/apache/commons/commons-collections4/4.2/commons-collections4-4.2.jar
[INFO] Downloading from central: https://repo.maven.apache.org/maven2/org/codehaus/plexus/plexus-utils/3.3.0/plexus-utils-3.3.0.jar
[INFO] Downloading from central: https://repo.maven.apache.org/maven2/org/apache/maven/shared/maven-artifact-transfer/0.13.1/maven-artifact-transfer-0.13.1.jar
[INFO] Downloading from central: https://repo.maven.apache.org/maven2/org/apache/maven/maven-model/3.0/maven-model-3.0.jar
[INFO] Downloading from central: https://repo.maven.apache.org/maven2/org/apache/maven/maven-settings/3.0/maven-settings-3.0.jar
[INFO] Downloading from central: https://repo.maven.apache.org/maven2/org/apache/maven/maven-core/3.0/maven-core-3.0.jar
[INFO] Downloaded from central: https://repo.maven.apache.org/maven2/org/codehaus/plexus/plexus-utils/3.3.0/plexus-utils-3.3.0.jar (263 kB at 11 MB/s)
[INFO] Downloading from central: https://repo.maven.apache.org/maven2/org/apache/maven/maven-settings-builder/3.0/maven-settings-builder-3.0.jar
[INFO] Downloaded from central: https://repo.maven.apache.org/maven2/org/apache/maven/maven-settings-builder/3.0/maven-settings-builder-3.0.jar (38 kB at 1.1 MB/s)
[INFO] Downloading from central: https://repo.maven.apache.org/maven2/org/apache/maven/maven-repository-metadata/3.0/maven-repository-metadata-3.0.jar
[INFO] Downloaded from central: https://repo.maven.apache.org/maven2/org/apache/maven/maven-settings/3.0/maven-settings-3.0.jar (47 kB at 1.0 MB/s)
[INFO] Downloading from central: https://repo.maven.apache.org/maven2/org/apache/maven/maven-plugin-api/3.0/maven-plugin-api-3.0.jar
[INFO] Downloaded from central: https://repo.maven.apache.org/maven2/org/apache/maven/maven-repository-metadata/3.0/maven-repository-metadata-3.0.jar (30 kB at 627 kB/s)
[INFO] Downloading from central: https://repo.maven.apache.org/maven2/org/apache/maven/maven-model-builder/3.0/maven-model-builder-3.0.jar
[INFO] Downloaded from central: https://repo.maven.apache.org/maven2/org/apache/maven/maven-model/3.0/maven-model-3.0.jar (165 kB at 3.2 MB/s)
[INFO] Downloading from central: https://repo.maven.apache.org/maven2/org/apache/maven/maven-aether-provider/3.0/maven-aether-provider-3.0.jar
[INFO] Downloaded from central: https://repo.maven.apache.org/maven2/org/apache/maven/shared/maven-artifact-transfer/0.13.1/maven-artifact-transfer-0.13.1.jar (159 kB at 2.5 MB/s)
[INFO] Downloading from central: https://repo.maven.apache.org/maven2/org/sonatype/aether/aether-impl/1.7/aether-impl-1.7.jar
[INFO] Downloaded from central: https://repo.maven.apache.org/maven2/org/apache/maven/maven-model-builder/3.0/maven-model-builder-3.0.jar (148 kB at 2.3 MB/s)
[INFO] Downloading from central: https://repo.maven.apache.org/maven2/org/sonatype/aether/aether-spi/1.7/aether-spi-1.7.jar
[INFO] Downloaded from central: https://repo.maven.apache.org/maven2/org/apache/maven/maven-aether-provider/3.0/maven-aether-provider-3.0.jar (51 kB at 764 kB/s)
[INFO] Downloading from central: https://repo.maven.apache.org/maven2/org/sonatype/aether/aether-api/1.7/aether-api-1.7.jar
[INFO] Downloaded from central: https://repo.maven.apache.org/maven2/org/apache/maven/maven-core/3.0/maven-core-3.0.jar (527 kB at 7.4 MB/s)
[INFO] Downloading from central: https://repo.maven.apache.org/maven2/org/sonatype/aether/aether-util/1.7/aether-util-1.7.jar
[INFO] Downloaded from central: https://repo.maven.apache.org/maven2/org/apache/maven/maven-plugin-api/3.0/maven-plugin-api-3.0.jar (49 kB at 689 kB/s)
[INFO] Downloading from central: https://repo.maven.apache.org/maven2/org/codehaus/plexus/plexus-interpolation/1.14/plexus-interpolation-1.14.jar
[INFO] Downloaded from central: https://repo.maven.apache.org/maven2/org/sonatype/aether/aether-impl/1.7/aether-impl-1.7.jar (106 kB at 1.4 MB/s)
[INFO] Downloading from central: https://repo.maven.apache.org/maven2/org/codehaus/plexus/plexus-classworlds/2.2.3/plexus-classworlds-2.2.3.jar
[INFO] Downloaded from central: https://repo.maven.apache.org/maven2/org/sonatype/aether/aether-spi/1.7/aether-spi-1.7.jar (14 kB at 176 kB/s)
[INFO] Downloading from central: https://repo.maven.apache.org/maven2/org/sonatype/plexus/plexus-sec-dispatcher/1.3/plexus-sec-dispatcher-1.3.jar
[INFO] Downloaded from central: https://repo.maven.apache.org/maven2/org/sonatype/aether/aether-api/1.7/aether-api-1.7.jar (74 kB at 916 kB/s)
[INFO] Downloading from central: https://repo.maven.apache.org/maven2/org/sonatype/plexus/plexus-cipher/1.4/plexus-cipher-1.4.jar
[INFO] Downloaded from central: https://repo.maven.apache.org/maven2/org/codehaus/plexus/plexus-interpolation/1.14/plexus-interpolation-1.14.jar (61 kB at 727 kB/s)
[INFO] Downloading from central: https://repo.maven.apache.org/maven2/org/apache/maven/maven-artifact/3.0/maven-artifact-3.0.jar
[INFO] Downloaded from central: https://repo.maven.apache.org/maven2/org/sonatype/aether/aether-util/1.7/aether-util-1.7.jar (108 kB at 1.3 MB/s)
[INFO] Downloading from central: https://repo.maven.apache.org/maven2/org/codehaus/plexus/plexus-component-annotations/2.1.1/plexus-component-annotations-2.1.1.jar
[INFO] Downloaded from central: https://repo.maven.apache.org/maven2/org/codehaus/plexus/plexus-classworlds/2.2.3/plexus-classworlds-2.2.3.jar (46 kB at 530 kB/s)
[INFO] Downloading from central: https://repo.maven.apache.org/maven2/org/apache/maven/shared/maven-common-artifact-filters/3.1.0/maven-common-artifact-filters-3.1.0.jar
[INFO] Downloaded from central: https://repo.maven.apache.org/maven2/org/sonatype/plexus/plexus-sec-dispatcher/1.3/plexus-sec-dispatcher-1.3.jar (29 kB at 317 kB/s)
[INFO] Downloading from central: https://repo.maven.apache.org/maven2/org/apache/maven/shared/maven-shared-utils/3.1.0/maven-shared-utils-3.1.0.jar
[INFO] Downloaded from central: https://repo.maven.apache.org/maven2/org/sonatype/plexus/plexus-cipher/1.4/plexus-cipher-1.4.jar (13 kB at 145 kB/s)
[INFO] Downloading from central: https://repo.maven.apache.org/maven2/org/ow2/asm/asm/9.3/asm-9.3.jar
[INFO] Downloaded from central: https://repo.maven.apache.org/maven2/org/codehaus/plexus/plexus-component-annotations/2.1.1/plexus-component-annotations-2.1.1.jar (4.1 kB at 42 kB/s)
[INFO] Downloading from central: https://repo.maven.apache.org/maven2/org/ow2/asm/asm-commons/9.3/asm-commons-9.3.jar
[INFO] Downloaded from central: https://repo.maven.apache.org/maven2/org/apache/maven/maven-artifact/3.0/maven-artifact-3.0.jar (52 kB at 524 kB/s)
[INFO] Downloading from central: https://repo.maven.apache.org/maven2/org/ow2/asm/asm-tree/9.3/asm-tree-9.3.jar
[INFO] Downloaded from central: https://repo.maven.apache.org/maven2/org/apache/maven/shared/maven-shared-utils/3.1.0/maven-shared-utils-3.1.0.jar (164 kB at 1.5 MB/s)
[INFO] Downloading from central: https://repo.maven.apache.org/maven2/org/ow2/asm/asm-analysis/9.3/asm-analysis-9.3.jar
[INFO] Downloaded from central: https://repo.maven.apache.org/maven2/org/ow2/asm/asm/9.3/asm-9.3.jar (122 kB at 1.1 MB/s)
[INFO] Downloading from central: https://repo.maven.apache.org/maven2/org/apache/maven/shared/maven-dependency-tree/3.0.1/maven-dependency-tree-3.0.1.jar
[INFO] Downloaded from central: https://repo.maven.apache.org/maven2/org/apache/maven/shared/maven-common-artifact-filters/3.1.0/maven-common-artifact-filters-3.1.0.jar (61 kB at 567 kB/s)
[INFO] Downloading from central: https://repo.maven.apache.org/maven2/org/eclipse/aether/aether-util/0.9.0.M2/aether-util-0.9.0.M2.jar
[INFO] Downloaded from central: https://repo.maven.apache.org/maven2/org/ow2/asm/asm-commons/9.3/asm-commons-9.3.jar (73 kB at 649 kB/s)
[INFO] Downloading from central: https://repo.maven.apache.org/maven2/commons-io/commons-io/2.6/commons-io-2.6.jar
[INFO] Downloaded from central: https://repo.maven.apache.org/maven2/org/apache/maven/shared/maven-dependency-tree/3.0.1/maven-dependency-tree-3.0.1.jar (37 kB at 306 kB/s)
[INFO] Downloading from central: https://repo.maven.apache.org/maven2/org/apache/commons/commons-collections4/4.2/commons-collections4-4.2.jar
[INFO] Downloaded from central: https://repo.maven.apache.org/maven2/commons-io/commons-io/2.6/commons-io-2.6.jar (0 B at 0 B/s)
[INFO] Downloaded from central: https://repo.maven.apache.org/maven2/org/ow2/asm/asm-analysis/9.3/asm-analysis-9.3.jar (34 kB at 283 kB/s)
[INFO] Downloaded from central: https://repo.maven.apache.org/maven2/org/eclipse/aether/aether-util/0.9.0.M2/aether-util-0.9.0.M2.jar (134 kB at 1.1 MB/s)
[INFO] Downloaded from central: https://repo.maven.apache.org/maven2/org/ow2/asm/asm-tree/9.3/asm-tree-9.3.jar (53 kB at 415 kB/s)
[INFO] Downloaded from central: https://repo.maven.apache.org/maven2/org/apache/commons/commons-collections4/4.2/commons-collections4-4.2.jar (753 kB at 5.2 MB/s)
[INFO] Including com.google.code.gson:gson:jar:2.8.0 in the shaded jar.
[INFO] Including com.github.SlimefunGuguProject:InfinityLib:jar:1.3.9 in the shaded jar.
[INFO] Including javax.annotation:javax.annotation-api:jar:1.3.2 in the shaded jar.
[INFO] Including io.github.baked-libs:dough-api:jar:1.1.3 in the shaded jar.
[INFO] Including net.kyori:adventure-api:jar:4.11.0 in the shaded jar.
[INFO] Including net.kyori:adventure-key:jar:4.11.0 in the shaded jar.
[INFO] Including net.kyori:examination-api:jar:1.3.0 in the shaded jar.
[INFO] Including net.kyori:examination-string:jar:1.3.0 in the shaded jar.
[INFO] Including org.jetbrains:annotations:jar:23.0.0 in the shaded jar.
[INFO] Including net.kyori:adventure-text-serializer-gson:jar:4.11.0 in the shaded jar.
[INFO] Including net.kyori:adventure-text-serializer-legacy:jar:4.11.0 in the shaded jar.
[INFO] Including net.kyori:adventure-text-minimessage:jar:4.10.1 in the shaded jar.
[INFO] Including net.kyori:adventure-platform-bukkit:jar:4.0.1 in the shaded jar.
[INFO] Including net.kyori:adventure-platform-api:jar:4.0.1 in the shaded jar.
[INFO] Including net.kyori:adventure-text-serializer-bungeecord:jar:4.0.1 in the shaded jar.
[INFO] Including net.kyori:adventure-nbt:jar:4.9.1 in the shaded jar.
[INFO] Including net.kyori:adventure-text-serializer-gson-legacy-impl:jar:4.9.1 in the shaded jar.
[INFO] Including net.kyori:adventure-platform-facet:jar:4.0.1 in the shaded jar.
[INFO] Including net.kyori:adventure-platform-viaversion:jar:4.0.1 in the shaded jar.
[INFO] Including org.bstats:bstats-bukkit:jar:3.0.0 in the shaded jar.
[INFO] Including org.bstats:bstats-base:jar:3.0.0 in the shaded jar.
[INFO] Minimizing jar me.lucasgithuber:ElementManipulation:jar:Build 5 zh-CN(haiman233) (git 9764734)
[WARNING] /home/runner/work/guizhan-builds/guizhan-builds/static/f/haiman233/Element-Manipulation-CN/master/workspace/target/classes (Is a directory)
[INFO] Dependency-reduced POM written at: /home/runner/work/guizhan-builds/guizhan-builds/static/f/haiman233/Element-Manipulation-CN/master/workspace/dependency-reduced-pom.xml
[INFO] Downloading from papermc: https://papermc.io/repo/repository/maven-public/net/kyori/adventure-text-minimessage/4.11.0/adventure-text-minimessage-4.11.0.jar
[INFO] Downloading from papermc: https://papermc.io/repo/repository/maven-public/org/bstats/bstats-bukkit/3.0.2/bstats-bukkit-3.0.2.jar
[INFO] Downloading from papermc: https://papermc.io/repo/repository/maven-public/org/bstats/bstats-base/3.0.2/bstats-base-3.0.2.jar
[INFO] Downloaded from papermc: https://papermc.io/repo/repository/maven-public/org/bstats/bstats-base/3.0.2/bstats-base-3.0.2.jar (22 kB at 92 kB/s)
[INFO] Downloaded from papermc: https://papermc.io/repo/repository/maven-public/net/kyori/adventure-text-minimessage/4.11.0/adventure-text-minimessage-4.11.0.jar (150 kB at 617 kB/s)
[INFO] Downloaded from papermc: https://papermc.io/repo/repository/maven-public/org/bstats/bstats-bukkit/3.0.2/bstats-bukkit-3.0.2.jar (4.1 kB at 16 kB/s)
[WARNING] annotations-23.0.0.jar, examination-api-1.3.0.jar, examination-string-1.3.0.jar define 1 overlapping classes: 
[WARNING]   - META-INF.versions.9.module-info
[WARNING] maven-shade-plugin has detected that some class files are
[WARNING] present in two or more JARs. When this happens, only one
[WARNING] single version of the class is copied to the uber jar.
[WARNING] Usually this is not harmful and you can skip these warnings,
[WARNING] otherwise try to manually exclude artifacts based on
[WARNING] mvn dependency:tree -Ddetail=true and the above output.
[WARNING] See https://maven.apache.org/plugins/maven-shade-plugin/
[INFO] Minimized 1075 -> 888 (82%)
[INFO] Replacing original artifact with shaded artifact.
[INFO] Replacing /home/runner/work/guizhan-builds/guizhan-builds/static/f/haiman233/Element-Manipulation-CN/master/workspace/target/Element-Manipulation-Build 5 zh-CN(haiman233) (git 9764734).jar with /home/runner/work/guizhan-builds/guizhan-builds/static/f/haiman233/Element-Manipulation-CN/master/workspace/target/ElementManipulation-Build 5 zh-CN(haiman233) (git 9764734)-shaded.jar
[INFO] ------------------------------------------------------------------------
[INFO] BUILD SUCCESS
[INFO] ------------------------------------------------------------------------
[INFO] Total time:  40.545 s
[INFO] Finished at: 2023-06-26T02:27:00Z
[INFO] ------------------------------------------------------------------------
