Downloading https://services.gradle.org/distributions/gradle-7.6.1-bin.zip
...........10%............20%...........30%............40%............50%...........60%............70%............80%...........90%............100%

Welcome to Gradle 7.6.1!

Here are the highlights of this release:
 - Added support for Java 19.
 - Introduced `--rerun` flag for individual task rerun.
 - Improved dependency block for test suites to be strongly typed.
 - Added a pluggable system for Java toolchains provisioning.

For more details see https://docs.gradle.org/7.6.1/release-notes.html

Starting a Gradle Daemon (subsequent builds will be faster)
> Task :clean UP-TO-DATE

> Task :compileJava
Note: Some input files use or override a deprecated API.
Note: Recompile with -Xlint:deprecation for details.

> Task :processResources
> Task :classes
> Task :jar
> Task :assemble
> Task :compileTestJava NO-SOURCE
> Task :processTestResources NO-SOURCE
> Task :testClasses UP-TO-DATE
> Task :shadowJar
> Task :test NO-SOURCE
> Task :check UP-TO-DATE
> Task :build

BUILD SUCCESSFUL in 22s
5 actionable tasks: 4 executed, 1 up-to-date
