[INFO] Scanning for projects...
[INFO] 
[INFO] ----------------------< me.apeiros:AlchimiaVitae >----------------------
[INFO] Building AlchimiaVitae Build 6 zh-CN(ybw0014) (git af0d0ac)
[INFO] --------------------------------[ jar ]---------------------------------
[INFO] Downloading from sonatype-oss-snapshots: https://oss.sonatype.org/content/repositories/snapshots/org/spigotmc/spigot-api/1.16.5-R0.1-SNAPSHOT/maven-metadata.xml
[INFO] Downloading from spigot-repo: https://hub.spigotmc.org/nexus/content/repositories/snapshots/org/spigotmc/spigot-api/1.16.5-R0.1-SNAPSHOT/maven-metadata.xml
[INFO] Downloading from papermc: https://papermc.io/repo/repository/maven-public/org/spigotmc/spigot-api/1.16.5-R0.1-SNAPSHOT/maven-metadata.xml
[INFO] Downloading from jitpack.io: https://jitpack.io/org/spigotmc/spigot-api/1.16.5-R0.1-SNAPSHOT/maven-metadata.xml
[INFO] Downloaded from spigot-repo: https://hub.spigotmc.org/nexus/content/repositories/snapshots/org/spigotmc/spigot-api/1.16.5-R0.1-SNAPSHOT/maven-metadata.xml (1.5 kB at 2.6 kB/s)
[INFO] Downloaded from papermc: https://papermc.io/repo/repository/maven-public/org/spigotmc/spigot-api/1.16.5-R0.1-SNAPSHOT/maven-metadata.xml (1.5 kB at 1.9 kB/s)
[INFO] Downloading from jitpack.io: https://jitpack.io/org/spigotmc/spigot-api/1.16.5-R0.1-SNAPSHOT/spigot-api-1.16.5-R0.1-20210611.041013-99.pom
[INFO] Downloading from sonatype-oss-snapshots: https://oss.sonatype.org/content/repositories/snapshots/org/spigotmc/spigot-api/1.16.5-R0.1-SNAPSHOT/spigot-api-1.16.5-R0.1-20210611.041013-99.pom
[INFO] Downloading from papermc: https://papermc.io/repo/repository/maven-public/org/spigotmc/spigot-api/1.16.5-R0.1-SNAPSHOT/spigot-api-1.16.5-R0.1-20210611.041013-99.pom
[INFO] Downloaded from papermc: https://papermc.io/repo/repository/maven-public/org/spigotmc/spigot-api/1.16.5-R0.1-SNAPSHOT/spigot-api-1.16.5-R0.1-20210611.041013-99.pom (10 kB at 26 kB/s)
[INFO] Downloading from jitpack.io: https://jitpack.io/org/yaml/snakeyaml/1.27/snakeyaml-1.27.pom
[INFO] Downloading from sonatype-oss-snapshots: https://oss.sonatype.org/content/repositories/snapshots/org/yaml/snakeyaml/1.27/snakeyaml-1.27.pom
[INFO] Downloading from papermc: https://papermc.io/repo/repository/maven-public/org/yaml/snakeyaml/1.27/snakeyaml-1.27.pom
[INFO] Downloaded from papermc: https://papermc.io/repo/repository/maven-public/org/yaml/snakeyaml/1.27/snakeyaml-1.27.pom (37 kB at 66 kB/s)
[INFO] Downloading from jitpack.io: https://jitpack.io/org/projectlombok/lombok/1.18.22/lombok-1.18.22.pom
[INFO] Downloading from sonatype-oss-snapshots: https://oss.sonatype.org/content/repositories/snapshots/org/projectlombok/lombok/1.18.22/lombok-1.18.22.pom
[INFO] Downloading from papermc: https://papermc.io/repo/repository/maven-public/org/projectlombok/lombok/1.18.22/lombok-1.18.22.pom
[INFO] Downloaded from papermc: https://papermc.io/repo/repository/maven-public/org/projectlombok/lombok/1.18.22/lombok-1.18.22.pom (1.5 kB at 3.8 kB/s)
[INFO] Downloading from jitpack.io: https://jitpack.io/net/guizhanss/InfinityLib/1.3.12/InfinityLib-1.3.12.pom
[INFO] Downloaded from jitpack.io: https://jitpack.io/net/guizhanss/InfinityLib/1.3.12/InfinityLib-1.3.12.pom (5.9 kB at 19 kB/s)
[INFO] Downloading from jitpack.io: https://jitpack.io/net/kyori/adventure-text-minimessage/4.10.1/adventure-text-minimessage-4.10.1.pom
[INFO] Downloading from sonatype-oss-snapshots: https://oss.sonatype.org/content/repositories/snapshots/net/kyori/adventure-text-minimessage/4.10.1/adventure-text-minimessage-4.10.1.pom
[INFO] Downloading from papermc: https://papermc.io/repo/repository/maven-public/net/kyori/adventure-text-minimessage/4.10.1/adventure-text-minimessage-4.10.1.pom
[INFO] Downloaded from papermc: https://papermc.io/repo/repository/maven-public/net/kyori/adventure-text-minimessage/4.10.1/adventure-text-minimessage-4.10.1.pom (3.0 kB at 7.4 kB/s)
[INFO] Downloading from jitpack.io: https://jitpack.io/net/kyori/adventure-bom/4.10.1/adventure-bom-4.10.1.pom
[INFO] Downloading from sonatype-oss-snapshots: https://oss.sonatype.org/content/repositories/snapshots/net/kyori/adventure-bom/4.10.1/adventure-bom-4.10.1.pom
[INFO] Downloading from papermc: https://papermc.io/repo/repository/maven-public/net/kyori/adventure-bom/4.10.1/adventure-bom-4.10.1.pom
[INFO] Downloaded from papermc: https://papermc.io/repo/repository/maven-public/net/kyori/adventure-bom/4.10.1/adventure-bom-4.10.1.pom (4.4 kB at 11 kB/s)
[INFO] Downloading from jitpack.io: https://jitpack.io/net/kyori/adventure-api/4.10.1/adventure-api-4.10.1.pom
[INFO] Downloading from sonatype-oss-snapshots: https://oss.sonatype.org/content/repositories/snapshots/net/kyori/adventure-api/4.10.1/adventure-api-4.10.1.pom
[INFO] Downloading from papermc: https://papermc.io/repo/repository/maven-public/net/kyori/adventure-api/4.10.1/adventure-api-4.10.1.pom
[INFO] Downloaded from papermc: https://papermc.io/repo/repository/maven-public/net/kyori/adventure-api/4.10.1/adventure-api-4.10.1.pom (3.5 kB at 8.8 kB/s)
[INFO] Downloading from jitpack.io: https://jitpack.io/net/kyori/adventure-key/4.10.1/adventure-key-4.10.1.pom
[INFO] Downloading from sonatype-oss-snapshots: https://oss.sonatype.org/content/repositories/snapshots/net/kyori/adventure-key/4.10.1/adventure-key-4.10.1.pom
[INFO] Downloading from papermc: https://papermc.io/repo/repository/maven-public/net/kyori/adventure-key/4.10.1/adventure-key-4.10.1.pom
[INFO] Downloaded from papermc: https://papermc.io/repo/repository/maven-public/net/kyori/adventure-key/4.10.1/adventure-key-4.10.1.pom (3.3 kB at 8.0 kB/s)
[INFO] Downloading from jitpack.io: https://jitpack.io/net/kyori/examination-api/1.3.0/examination-api-1.3.0.pom
[INFO] Downloading from sonatype-oss-snapshots: https://oss.sonatype.org/content/repositories/snapshots/net/kyori/examination-api/1.3.0/examination-api-1.3.0.pom
[INFO] Downloading from papermc: https://papermc.io/repo/repository/maven-public/net/kyori/examination-api/1.3.0/examination-api-1.3.0.pom
[INFO] Downloaded from papermc: https://papermc.io/repo/repository/maven-public/net/kyori/examination-api/1.3.0/examination-api-1.3.0.pom (2.1 kB at 5.3 kB/s)
[INFO] Downloading from jitpack.io: https://jitpack.io/org/jetbrains/annotations/22.0.0/annotations-22.0.0.pom
[INFO] Downloading from sonatype-oss-snapshots: https://oss.sonatype.org/content/repositories/snapshots/org/jetbrains/annotations/22.0.0/annotations-22.0.0.pom
[INFO] Downloading from papermc: https://papermc.io/repo/repository/maven-public/org/jetbrains/annotations/22.0.0/annotations-22.0.0.pom
[INFO] Downloaded from papermc: https://papermc.io/repo/repository/maven-public/org/jetbrains/annotations/22.0.0/annotations-22.0.0.pom (1.3 kB at 3.5 kB/s)
[INFO] Downloading from jitpack.io: https://jitpack.io/net/kyori/examination-string/1.3.0/examination-string-1.3.0.pom
[INFO] Downloading from sonatype-oss-snapshots: https://oss.sonatype.org/content/repositories/snapshots/net/kyori/examination-string/1.3.0/examination-string-1.3.0.pom
[INFO] Downloading from papermc: https://papermc.io/repo/repository/maven-public/net/kyori/examination-string/1.3.0/examination-string-1.3.0.pom
[INFO] Downloaded from papermc: https://papermc.io/repo/repository/maven-public/net/kyori/examination-string/1.3.0/examination-string-1.3.0.pom (2.1 kB at 5.3 kB/s)
[INFO] Downloading from jitpack.io: https://jitpack.io/org/jetbrains/annotations/23.0.0/annotations-23.0.0.pom
[INFO] Downloading from sonatype-oss-snapshots: https://oss.sonatype.org/content/repositories/snapshots/org/jetbrains/annotations/23.0.0/annotations-23.0.0.pom
[INFO] Downloading from papermc: https://papermc.io/repo/repository/maven-public/org/jetbrains/annotations/23.0.0/annotations-23.0.0.pom
[INFO] Downloaded from papermc: https://papermc.io/repo/repository/maven-public/org/jetbrains/annotations/23.0.0/annotations-23.0.0.pom (0 B at 0 B/s)
[INFO] Downloading from jitpack.io: https://jitpack.io/net/kyori/adventure-platform-bukkit/4.0.1/adventure-platform-bukkit-4.0.1.pom
[INFO] Downloading from sonatype-oss-snapshots: https://oss.sonatype.org/content/repositories/snapshots/net/kyori/adventure-platform-bukkit/4.0.1/adventure-platform-bukkit-4.0.1.pom
[INFO] Downloading from papermc: https://papermc.io/repo/repository/maven-public/net/kyori/adventure-platform-bukkit/4.0.1/adventure-platform-bukkit-4.0.1.pom
[INFO] Downloaded from papermc: https://papermc.io/repo/repository/maven-public/net/kyori/adventure-platform-bukkit/4.0.1/adventure-platform-bukkit-4.0.1.pom (4.1 kB at 11 kB/s)
[INFO] Downloading from jitpack.io: https://jitpack.io/net/kyori/adventure-platform-api/4.0.1/adventure-platform-api-4.0.1.pom
[INFO] Downloading from sonatype-oss-snapshots: https://oss.sonatype.org/content/repositories/snapshots/net/kyori/adventure-platform-api/4.0.1/adventure-platform-api-4.0.1.pom
[INFO] Downloading from papermc: https://papermc.io/repo/repository/maven-public/net/kyori/adventure-platform-api/4.0.1/adventure-platform-api-4.0.1.pom
[INFO] Downloaded from papermc: https://papermc.io/repo/repository/maven-public/net/kyori/adventure-platform-api/4.0.1/adventure-platform-api-4.0.1.pom (2.4 kB at 5.7 kB/s)
[INFO] Downloading from jitpack.io: https://jitpack.io/net/kyori/adventure-api/4.9.1/adventure-api-4.9.1.pom
[INFO] Downloading from sonatype-oss-snapshots: https://oss.sonatype.org/content/repositories/snapshots/net/kyori/adventure-api/4.9.1/adventure-api-4.9.1.pom
[INFO] Downloading from papermc: https://papermc.io/repo/repository/maven-public/net/kyori/adventure-api/4.9.1/adventure-api-4.9.1.pom
[INFO] Downloaded from papermc: https://papermc.io/repo/repository/maven-public/net/kyori/adventure-api/4.9.1/adventure-api-4.9.1.pom (3.2 kB at 7.9 kB/s)
[INFO] Downloading from jitpack.io: https://jitpack.io/net/kyori/adventure-bom/4.9.1/adventure-bom-4.9.1.pom
[INFO] Downloading from sonatype-oss-snapshots: https://oss.sonatype.org/content/repositories/snapshots/net/kyori/adventure-bom/4.9.1/adventure-bom-4.9.1.pom
[INFO] Downloading from papermc: https://papermc.io/repo/repository/maven-public/net/kyori/adventure-bom/4.9.1/adventure-bom-4.9.1.pom
[INFO] Downloaded from papermc: https://papermc.io/repo/repository/maven-public/net/kyori/adventure-bom/4.9.1/adventure-bom-4.9.1.pom (4.0 kB at 10 kB/s)
[INFO] Downloading from jitpack.io: https://jitpack.io/net/kyori/adventure-key/4.9.1/adventure-key-4.9.1.pom
[INFO] Downloading from sonatype-oss-snapshots: https://oss.sonatype.org/content/repositories/snapshots/net/kyori/adventure-key/4.9.1/adventure-key-4.9.1.pom
[INFO] Downloading from papermc: https://papermc.io/repo/repository/maven-public/net/kyori/adventure-key/4.9.1/adventure-key-4.9.1.pom
[INFO] Downloaded from papermc: https://papermc.io/repo/repository/maven-public/net/kyori/adventure-key/4.9.1/adventure-key-4.9.1.pom (3.0 kB at 7.7 kB/s)
[INFO] Downloading from jitpack.io: https://jitpack.io/net/kyori/adventure-text-serializer-bungeecord/4.0.1/adventure-text-serializer-bungeecord-4.0.1.pom
[INFO] Downloading from sonatype-oss-snapshots: https://oss.sonatype.org/content/repositories/snapshots/net/kyori/adventure-text-serializer-bungeecord/4.0.1/adventure-text-serializer-bungeecord-4.0.1.pom
[INFO] Downloading from papermc: https://papermc.io/repo/repository/maven-public/net/kyori/adventure-text-serializer-bungeecord/4.0.1/adventure-text-serializer-bungeecord-4.0.1.pom
[INFO] Downloaded from papermc: https://papermc.io/repo/repository/maven-public/net/kyori/adventure-text-serializer-bungeecord/4.0.1/adventure-text-serializer-bungeecord-4.0.1.pom (3.0 kB at 7.8 kB/s)
[INFO] Downloading from jitpack.io: https://jitpack.io/net/kyori/adventure-text-serializer-legacy/4.9.1/adventure-text-serializer-legacy-4.9.1.pom
[INFO] Downloading from sonatype-oss-snapshots: https://oss.sonatype.org/content/repositories/snapshots/net/kyori/adventure-text-serializer-legacy/4.9.1/adventure-text-serializer-legacy-4.9.1.pom
[INFO] Downloading from papermc: https://papermc.io/repo/repository/maven-public/net/kyori/adventure-text-serializer-legacy/4.9.1/adventure-text-serializer-legacy-4.9.1.pom
[INFO] Downloaded from papermc: https://papermc.io/repo/repository/maven-public/net/kyori/adventure-text-serializer-legacy/4.9.1/adventure-text-serializer-legacy-4.9.1.pom (2.7 kB at 6.8 kB/s)
[INFO] Downloading from jitpack.io: https://jitpack.io/net/kyori/adventure-text-serializer-gson/4.9.1/adventure-text-serializer-gson-4.9.1.pom
[INFO] Downloading from sonatype-oss-snapshots: https://oss.sonatype.org/content/repositories/snapshots/net/kyori/adventure-text-serializer-gson/4.9.1/adventure-text-serializer-gson-4.9.1.pom
[INFO] Downloading from papermc: https://papermc.io/repo/repository/maven-public/net/kyori/adventure-text-serializer-gson/4.9.1/adventure-text-serializer-gson-4.9.1.pom
[INFO] Downloaded from papermc: https://papermc.io/repo/repository/maven-public/net/kyori/adventure-text-serializer-gson/4.9.1/adventure-text-serializer-gson-4.9.1.pom (2.9 kB at 7.4 kB/s)
[INFO] Downloading from jitpack.io: https://jitpack.io/net/kyori/adventure-nbt/4.9.1/adventure-nbt-4.9.1.pom
[INFO] Downloading from sonatype-oss-snapshots: https://oss.sonatype.org/content/repositories/snapshots/net/kyori/adventure-nbt/4.9.1/adventure-nbt-4.9.1.pom
[INFO] Downloading from papermc: https://papermc.io/repo/repository/maven-public/net/kyori/adventure-nbt/4.9.1/adventure-nbt-4.9.1.pom
[INFO] Downloaded from papermc: https://papermc.io/repo/repository/maven-public/net/kyori/adventure-nbt/4.9.1/adventure-nbt-4.9.1.pom (3.0 kB at 7.7 kB/s)
[INFO] Downloading from jitpack.io: https://jitpack.io/net/kyori/adventure-text-serializer-gson-legacy-impl/4.9.1/adventure-text-serializer-gson-legacy-impl-4.9.1.pom
[INFO] Downloading from sonatype-oss-snapshots: https://oss.sonatype.org/content/repositories/snapshots/net/kyori/adventure-text-serializer-gson-legacy-impl/4.9.1/adventure-text-serializer-gson-legacy-impl-4.9.1.pom
[INFO] Downloading from papermc: https://papermc.io/repo/repository/maven-public/net/kyori/adventure-text-serializer-gson-legacy-impl/4.9.1/adventure-text-serializer-gson-legacy-impl-4.9.1.pom
[INFO] Downloaded from papermc: https://papermc.io/repo/repository/maven-public/net/kyori/adventure-text-serializer-gson-legacy-impl/4.9.1/adventure-text-serializer-gson-legacy-impl-4.9.1.pom (3.1 kB at 7.7 kB/s)
[INFO] Downloading from jitpack.io: https://jitpack.io/net/kyori/adventure-platform-facet/4.0.1/adventure-platform-facet-4.0.1.pom
[INFO] Downloading from sonatype-oss-snapshots: https://oss.sonatype.org/content/repositories/snapshots/net/kyori/adventure-platform-facet/4.0.1/adventure-platform-facet-4.0.1.pom
[INFO] Downloading from papermc: https://papermc.io/repo/repository/maven-public/net/kyori/adventure-platform-facet/4.0.1/adventure-platform-facet-4.0.1.pom
[INFO] Downloaded from papermc: https://papermc.io/repo/repository/maven-public/net/kyori/adventure-platform-facet/4.0.1/adventure-platform-facet-4.0.1.pom (2.6 kB at 6.6 kB/s)
[INFO] Downloading from jitpack.io: https://jitpack.io/net/kyori/adventure-platform-viaversion/4.0.1/adventure-platform-viaversion-4.0.1.pom
[INFO] Downloading from sonatype-oss-snapshots: https://oss.sonatype.org/content/repositories/snapshots/net/kyori/adventure-platform-viaversion/4.0.1/adventure-platform-viaversion-4.0.1.pom
[INFO] Downloading from papermc: https://papermc.io/repo/repository/maven-public/net/kyori/adventure-platform-viaversion/4.0.1/adventure-platform-viaversion-4.0.1.pom
[INFO] Downloaded from papermc: https://papermc.io/repo/repository/maven-public/net/kyori/adventure-platform-viaversion/4.0.1/adventure-platform-viaversion-4.0.1.pom (3.0 kB at 7.7 kB/s)
[INFO] Downloading from papermc: https://papermc.io/repo/repository/maven-public/org/spigotmc/spigot-api/1.16.5-R0.1-SNAPSHOT/spigot-api-1.16.5-R0.1-20210611.041013-99.jar
[INFO] Downloaded from papermc: https://papermc.io/repo/repository/maven-public/org/spigotmc/spigot-api/1.16.5-R0.1-SNAPSHOT/spigot-api-1.16.5-R0.1-20210611.041013-99.jar (1.3 MB at 685 kB/s)
[INFO] Downloading from jitpack.io: https://jitpack.io/com/google/guava/guava/21.0/guava-21.0.jar
[INFO] Downloading from jitpack.io: https://jitpack.io/com/google/code/gson/gson/2.8.0/gson-2.8.0.jar
[INFO] Downloading from jitpack.io: https://jitpack.io/org/yaml/snakeyaml/1.27/snakeyaml-1.27.jar
[INFO] Downloading from jitpack.io: https://jitpack.io/org/projectlombok/lombok/1.18.22/lombok-1.18.22.jar
[INFO] Downloading from jitpack.io: https://jitpack.io/net/guizhanss/InfinityLib/1.3.12/InfinityLib-1.3.12.jar
[INFO] Downloading from jitpack.io: https://jitpack.io/net/kyori/adventure-text-minimessage/4.10.1/adventure-text-minimessage-4.10.1.jar
[INFO] Downloading from jitpack.io: https://jitpack.io/net/kyori/adventure-api/4.10.1/adventure-api-4.10.1.jar
[INFO] Downloading from jitpack.io: https://jitpack.io/net/kyori/adventure-key/4.10.1/adventure-key-4.10.1.jar
[INFO] Downloaded from jitpack.io: https://jitpack.io/net/guizhanss/InfinityLib/1.3.12/InfinityLib-1.3.12.jar (153 kB at 1.4 MB/s)
[INFO] Downloading from jitpack.io: https://jitpack.io/net/kyori/examination-api/1.3.0/examination-api-1.3.0.jar
[INFO] Downloading from jitpack.io: https://jitpack.io/net/kyori/examination-string/1.3.0/examination-string-1.3.0.jar
[INFO] Downloading from jitpack.io: https://jitpack.io/org/jetbrains/annotations/23.0.0/annotations-23.0.0.jar
[INFO] Downloading from jitpack.io: https://jitpack.io/net/kyori/adventure-platform-bukkit/4.0.1/adventure-platform-bukkit-4.0.1.jar
[INFO] Downloading from jitpack.io: https://jitpack.io/net/kyori/adventure-platform-api/4.0.1/adventure-platform-api-4.0.1.jar
[INFO] Downloading from jitpack.io: https://jitpack.io/net/kyori/adventure-text-serializer-bungeecord/4.0.1/adventure-text-serializer-bungeecord-4.0.1.jar
[INFO] Downloading from jitpack.io: https://jitpack.io/net/kyori/adventure-text-serializer-legacy/4.9.1/adventure-text-serializer-legacy-4.9.1.jar
[INFO] Downloading from jitpack.io: https://jitpack.io/net/kyori/adventure-nbt/4.9.1/adventure-nbt-4.9.1.jar
[INFO] Downloading from jitpack.io: https://jitpack.io/net/kyori/adventure-text-serializer-gson/4.9.1/adventure-text-serializer-gson-4.9.1.jar
[INFO] Downloading from jitpack.io: https://jitpack.io/net/kyori/adventure-text-serializer-gson-legacy-impl/4.9.1/adventure-text-serializer-gson-legacy-impl-4.9.1.jar
[INFO] Downloading from jitpack.io: https://jitpack.io/net/kyori/adventure-platform-facet/4.0.1/adventure-platform-facet-4.0.1.jar
[INFO] Downloading from jitpack.io: https://jitpack.io/net/kyori/adventure-platform-viaversion/4.0.1/adventure-platform-viaversion-4.0.1.jar
[INFO] Downloading from sonatype-oss-snapshots: https://oss.sonatype.org/content/repositories/snapshots/com/google/guava/guava/21.0/guava-21.0.jar
[INFO] Downloading from sonatype-oss-snapshots: https://oss.sonatype.org/content/repositories/snapshots/com/google/code/gson/gson/2.8.0/gson-2.8.0.jar
[INFO] Downloading from sonatype-oss-snapshots: https://oss.sonatype.org/content/repositories/snapshots/org/yaml/snakeyaml/1.27/snakeyaml-1.27.jar
[INFO] Downloading from sonatype-oss-snapshots: https://oss.sonatype.org/content/repositories/snapshots/org/projectlombok/lombok/1.18.22/lombok-1.18.22.jar
[INFO] Downloading from sonatype-oss-snapshots: https://oss.sonatype.org/content/repositories/snapshots/net/kyori/adventure-text-minimessage/4.10.1/adventure-text-minimessage-4.10.1.jar
[INFO] Downloading from sonatype-oss-snapshots: https://oss.sonatype.org/content/repositories/snapshots/net/kyori/adventure-api/4.10.1/adventure-api-4.10.1.jar
[INFO] Downloading from sonatype-oss-snapshots: https://oss.sonatype.org/content/repositories/snapshots/net/kyori/adventure-key/4.10.1/adventure-key-4.10.1.jar
[INFO] Downloading from sonatype-oss-snapshots: https://oss.sonatype.org/content/repositories/snapshots/net/kyori/examination-api/1.3.0/examination-api-1.3.0.jar
[INFO] Downloading from sonatype-oss-snapshots: https://oss.sonatype.org/content/repositories/snapshots/net/kyori/examination-string/1.3.0/examination-string-1.3.0.jar
[INFO] Downloading from sonatype-oss-snapshots: https://oss.sonatype.org/content/repositories/snapshots/org/jetbrains/annotations/23.0.0/annotations-23.0.0.jar
[INFO] Downloading from sonatype-oss-snapshots: https://oss.sonatype.org/content/repositories/snapshots/net/kyori/adventure-platform-bukkit/4.0.1/adventure-platform-bukkit-4.0.1.jar
[INFO] Downloading from sonatype-oss-snapshots: https://oss.sonatype.org/content/repositories/snapshots/net/kyori/adventure-platform-api/4.0.1/adventure-platform-api-4.0.1.jar
[INFO] Downloading from sonatype-oss-snapshots: https://oss.sonatype.org/content/repositories/snapshots/net/kyori/adventure-text-serializer-bungeecord/4.0.1/adventure-text-serializer-bungeecord-4.0.1.jar
[INFO] Downloading from sonatype-oss-snapshots: https://oss.sonatype.org/content/repositories/snapshots/net/kyori/adventure-text-serializer-legacy/4.9.1/adventure-text-serializer-legacy-4.9.1.jar
[INFO] Downloading from sonatype-oss-snapshots: https://oss.sonatype.org/content/repositories/snapshots/net/kyori/adventure-nbt/4.9.1/adventure-nbt-4.9.1.jar
[INFO] Downloading from sonatype-oss-snapshots: https://oss.sonatype.org/content/repositories/snapshots/net/kyori/adventure-text-serializer-gson/4.9.1/adventure-text-serializer-gson-4.9.1.jar
[INFO] Downloading from sonatype-oss-snapshots: https://oss.sonatype.org/content/repositories/snapshots/net/kyori/adventure-text-serializer-gson-legacy-impl/4.9.1/adventure-text-serializer-gson-legacy-impl-4.9.1.jar
[INFO] Downloading from sonatype-oss-snapshots: https://oss.sonatype.org/content/repositories/snapshots/net/kyori/adventure-platform-facet/4.0.1/adventure-platform-facet-4.0.1.jar
[INFO] Downloading from sonatype-oss-snapshots: https://oss.sonatype.org/content/repositories/snapshots/net/kyori/adventure-platform-viaversion/4.0.1/adventure-platform-viaversion-4.0.1.jar
[INFO] Downloading from papermc: https://papermc.io/repo/repository/maven-public/com/google/guava/guava/21.0/guava-21.0.jar
[INFO] Downloading from papermc: https://papermc.io/repo/repository/maven-public/com/google/code/gson/gson/2.8.0/gson-2.8.0.jar
[INFO] Downloading from papermc: https://papermc.io/repo/repository/maven-public/org/yaml/snakeyaml/1.27/snakeyaml-1.27.jar
[INFO] Downloading from papermc: https://papermc.io/repo/repository/maven-public/org/projectlombok/lombok/1.18.22/lombok-1.18.22.jar
[INFO] Downloading from papermc: https://papermc.io/repo/repository/maven-public/net/kyori/adventure-text-minimessage/4.10.1/adventure-text-minimessage-4.10.1.jar
[INFO] Downloaded from papermc: https://papermc.io/repo/repository/maven-public/com/google/guava/guava/21.0/guava-21.0.jar (0 B at 0 B/s)
[INFO] Downloading from papermc: https://papermc.io/repo/repository/maven-public/net/kyori/adventure-api/4.10.1/adventure-api-4.10.1.jar
[INFO] Downloaded from papermc: https://papermc.io/repo/repository/maven-public/com/google/code/gson/gson/2.8.0/gson-2.8.0.jar (0 B at 0 B/s)
[INFO] Downloading from papermc: https://papermc.io/repo/repository/maven-public/net/kyori/adventure-key/4.10.1/adventure-key-4.10.1.jar
[INFO] Downloaded from papermc: https://papermc.io/repo/repository/maven-public/net/kyori/adventure-key/4.10.1/adventure-key-4.10.1.jar (8.5 kB at 33 kB/s)
[INFO] Downloading from papermc: https://papermc.io/repo/repository/maven-public/net/kyori/examination-api/1.3.0/examination-api-1.3.0.jar
[INFO] Downloaded from papermc: https://papermc.io/repo/repository/maven-public/org/yaml/snakeyaml/1.27/snakeyaml-1.27.jar (310 kB at 1.1 MB/s)
[INFO] Downloading from papermc: https://papermc.io/repo/repository/maven-public/net/kyori/examination-string/1.3.0/examination-string-1.3.0.jar
[INFO] Downloaded from papermc: https://papermc.io/repo/repository/maven-public/net/kyori/adventure-text-minimessage/4.10.1/adventure-text-minimessage-4.10.1.jar (144 kB at 357 kB/s)
[INFO] Downloading from papermc: https://papermc.io/repo/repository/maven-public/org/jetbrains/annotations/23.0.0/annotations-23.0.0.jar
[INFO] Downloaded from papermc: https://papermc.io/repo/repository/maven-public/org/jetbrains/annotations/23.0.0/annotations-23.0.0.jar (0 B at 0 B/s)
[INFO] Downloading from papermc: https://papermc.io/repo/repository/maven-public/net/kyori/adventure-platform-bukkit/4.0.1/adventure-platform-bukkit-4.0.1.jar
[INFO] Downloaded from papermc: https://papermc.io/repo/repository/maven-public/net/kyori/examination-api/1.3.0/examination-api-1.3.0.jar (23 kB at 49 kB/s)
[INFO] Downloading from papermc: https://papermc.io/repo/repository/maven-public/net/kyori/adventure-platform-api/4.0.1/adventure-platform-api-4.0.1.jar
[INFO] Downloaded from papermc: https://papermc.io/repo/repository/maven-public/net/kyori/adventure-platform-api/4.0.1/adventure-platform-api-4.0.1.jar (2.5 kB at 3.6 kB/s)
[INFO] Downloading from papermc: https://papermc.io/repo/repository/maven-public/net/kyori/adventure-text-serializer-bungeecord/4.0.1/adventure-text-serializer-bungeecord-4.0.1.jar
[INFO] Downloaded from papermc: https://papermc.io/repo/repository/maven-public/net/kyori/adventure-text-serializer-bungeecord/4.0.1/adventure-text-serializer-bungeecord-4.0.1.jar (9.6 kB at 9.7 kB/s)
[INFO] Downloading from papermc: https://papermc.io/repo/repository/maven-public/net/kyori/adventure-text-serializer-legacy/4.9.1/adventure-text-serializer-legacy-4.9.1.jar
[INFO] Downloaded from papermc: https://papermc.io/repo/repository/maven-public/net/kyori/adventure-api/4.10.1/adventure-api-4.10.1.jar (309 kB at 308 kB/s)
[INFO] Downloading from papermc: https://papermc.io/repo/repository/maven-public/net/kyori/adventure-nbt/4.9.1/adventure-nbt-4.9.1.jar
[INFO] Downloaded from papermc: https://papermc.io/repo/repository/maven-public/net/kyori/adventure-text-serializer-legacy/4.9.1/adventure-text-serializer-legacy-4.9.1.jar (24 kB at 20 kB/s)
[INFO] Downloading from papermc: https://papermc.io/repo/repository/maven-public/net/kyori/adventure-text-serializer-gson/4.9.1/adventure-text-serializer-gson-4.9.1.jar
[INFO] Downloaded from papermc: https://papermc.io/repo/repository/maven-public/net/kyori/examination-string/1.3.0/examination-string-1.3.0.jar (13 kB at 11 kB/s)
[INFO] Downloading from papermc: https://papermc.io/repo/repository/maven-public/net/kyori/adventure-text-serializer-gson-legacy-impl/4.9.1/adventure-text-serializer-gson-legacy-impl-4.9.1.jar
[INFO] Downloaded from papermc: https://papermc.io/repo/repository/maven-public/net/kyori/adventure-nbt/4.9.1/adventure-nbt-4.9.1.jar (93 kB at 74 kB/s)
[INFO] Downloading from papermc: https://papermc.io/repo/repository/maven-public/net/kyori/adventure-platform-facet/4.0.1/adventure-platform-facet-4.0.1.jar
[INFO] Downloaded from papermc: https://papermc.io/repo/repository/maven-public/net/kyori/adventure-text-serializer-gson/4.9.1/adventure-text-serializer-gson-4.9.1.jar (38 kB at 26 kB/s)
[INFO] Downloading from papermc: https://papermc.io/repo/repository/maven-public/net/kyori/adventure-platform-viaversion/4.0.1/adventure-platform-viaversion-4.0.1.jar
[INFO] Downloaded from papermc: https://papermc.io/repo/repository/maven-public/net/kyori/adventure-text-serializer-gson-legacy-impl/4.9.1/adventure-text-serializer-gson-legacy-impl-4.9.1.jar (4.9 kB at 3.4 kB/s)
[INFO] Downloaded from papermc: https://papermc.io/repo/repository/maven-public/net/kyori/adventure-platform-viaversion/4.0.1/adventure-platform-viaversion-4.0.1.jar (20 kB at 12 kB/s)
[INFO] Downloaded from papermc: https://papermc.io/repo/repository/maven-public/net/kyori/adventure-platform-bukkit/4.0.1/adventure-platform-bukkit-4.0.1.jar (110 kB at 58 kB/s)
[INFO] Downloaded from papermc: https://papermc.io/repo/repository/maven-public/org/projectlombok/lombok/1.18.22/lombok-1.18.22.jar (2.0 MB at 915 kB/s)
[INFO] Downloaded from papermc: https://papermc.io/repo/repository/maven-public/net/kyori/adventure-platform-facet/4.0.1/adventure-platform-facet-4.0.1.jar (42 kB at 17 kB/s)
[INFO] 
[INFO] --- maven-clean-plugin:2.5:clean (default-clean) @ AlchimiaVitae ---
[INFO] 
[INFO] --- maven-resources-plugin:2.6:resources (default-resources) @ AlchimiaVitae ---
[INFO] Using 'UTF-8' encoding to copy filtered resources.
[INFO] Copying 2 resources
[INFO] 
[INFO] --- maven-compiler-plugin:3.8.1:compile (default-compile) @ AlchimiaVitae ---
[INFO] Changes detected - recompiling the module!
[INFO] Compiling 30 source files to /home/runner/work/maven-builds/maven-builds/static/f/ybw0014/AlchimiaVitae/master/workspace/target/classes
[INFO] /home/runner/work/maven-builds/maven-builds/static/f/ybw0014/AlchimiaVitae/master/workspace/src/main/java/me/apeiros/alchimiavitae/setup/items/crafters/DivineAltar.java: Some input files use or override a deprecated API.
[INFO] /home/runner/work/maven-builds/maven-builds/static/f/ybw0014/AlchimiaVitae/master/workspace/src/main/java/me/apeiros/alchimiavitae/setup/items/crafters/DivineAltar.java: Recompile with -Xlint:deprecation for details.
[INFO] 
[INFO] --- maven-resources-plugin:2.6:testResources (default-testResources) @ AlchimiaVitae ---
[INFO] Using 'UTF-8' encoding to copy filtered resources.
[INFO] skip non existing resourceDirectory /home/runner/work/maven-builds/maven-builds/static/f/ybw0014/AlchimiaVitae/master/workspace/src/test/resources
[INFO] 
[INFO] --- maven-compiler-plugin:3.8.1:testCompile (default-testCompile) @ AlchimiaVitae ---
[INFO] No sources to compile
[INFO] 
[INFO] --- maven-surefire-plugin:2.12.4:test (default-test) @ AlchimiaVitae ---
[INFO] No tests to run.
[INFO] 
[INFO] --- maven-jar-plugin:2.4:jar (default-jar) @ AlchimiaVitae ---
[INFO] Building jar: /home/runner/work/maven-builds/maven-builds/static/f/ybw0014/AlchimiaVitae/master/workspace/target/AlchimiaVitae-Build 6 zh-CN(ybw0014) (git af0d0ac).jar
[INFO] 
[INFO] --- maven-shade-plugin:3.3.0:shade (default) @ AlchimiaVitae ---
[INFO] Including net.guizhanss:InfinityLib:jar:1.3.12 in the shaded jar.
[INFO] Including net.kyori:adventure-text-minimessage:jar:4.10.1 in the shaded jar.
[INFO] Including net.kyori:adventure-api:jar:4.10.1 in the shaded jar.
[INFO] Including net.kyori:adventure-key:jar:4.10.1 in the shaded jar.
[INFO] Including net.kyori:examination-api:jar:1.3.0 in the shaded jar.
[INFO] Including net.kyori:examination-string:jar:1.3.0 in the shaded jar.
[INFO] Including org.jetbrains:annotations:jar:23.0.0 in the shaded jar.
[INFO] Including net.kyori:adventure-platform-bukkit:jar:4.0.1 in the shaded jar.
[INFO] Including net.kyori:adventure-platform-api:jar:4.0.1 in the shaded jar.
[INFO] Including net.kyori:adventure-text-serializer-bungeecord:jar:4.0.1 in the shaded jar.
[INFO] Including net.kyori:adventure-text-serializer-legacy:jar:4.9.1 in the shaded jar.
[INFO] Including net.kyori:adventure-nbt:jar:4.9.1 in the shaded jar.
[INFO] Including net.kyori:adventure-text-serializer-gson:jar:4.9.1 in the shaded jar.
[INFO] Including net.kyori:adventure-text-serializer-gson-legacy-impl:jar:4.9.1 in the shaded jar.
[INFO] Including net.kyori:adventure-platform-facet:jar:4.0.1 in the shaded jar.
[INFO] Including net.kyori:adventure-platform-viaversion:jar:4.0.1 in the shaded jar.
[INFO] Including net.guizhanss:GuizhanLib:jar:0.8.5 in the shaded jar.
[INFO] Minimizing jar me.apeiros:AlchimiaVitae:jar:Build 6 zh-CN(ybw0014) (git af0d0ac)
[WARNING] /home/runner/work/maven-builds/maven-builds/static/f/ybw0014/AlchimiaVitae/master/workspace/target/classes (Is a directory)
[INFO] Dependency-reduced POM written at: /home/runner/work/maven-builds/maven-builds/static/f/ybw0014/AlchimiaVitae/master/workspace/dependency-reduced-pom.xml
[WARNING] annotations-23.0.0.jar, examination-api-1.3.0.jar, examination-string-1.3.0.jar define 1 overlapping classes: 
[WARNING]   - META-INF.versions.9.module-info
[WARNING] GuizhanLib-0.8.5.jar, InfinityLib-1.3.12.jar define 5 overlapping classes and resources: 
[WARNING]   - META-INF/maven/net.guizhanss/GuizhanLib/pom.properties
[WARNING]   - META-INF/maven/net.guizhanss/GuizhanLib/pom.xml
[WARNING]   - net.guizhanss.guizhanlib.updater.GuizhanBuildsUpdater
[WARNING]   - net.guizhanss.guizhanlib.updater.UpdaterTask
[WARNING]   - net.guizhanss.guizhanlib.utils.JsonUtil
[WARNING] maven-shade-plugin has detected that some class files are
[WARNING] present in two or more JARs. When this happens, only one
[WARNING] single version of the class is copied to the uber jar.
[WARNING] Usually this is not harmful and you can skip these warnings,
[WARNING] otherwise try to manually exclude artifacts based on
[WARNING] mvn dependency:tree -Ddetail=true and the above output.
[WARNING] See https://maven.apache.org/plugins/maven-shade-plugin/
[INFO] Minimized 835 -> 384 (45%)
[INFO] Replacing original artifact with shaded artifact.
[INFO] Replacing /home/runner/work/maven-builds/maven-builds/static/f/ybw0014/AlchimiaVitae/master/workspace/target/AlchimiaVitae-Build 6 zh-CN(ybw0014) (git af0d0ac).jar with /home/runner/work/maven-builds/maven-builds/static/f/ybw0014/AlchimiaVitae/master/workspace/target/AlchimiaVitae-Build 6 zh-CN(ybw0014) (git af0d0ac)-shaded.jar
[INFO] ------------------------------------------------------------------------
[INFO] BUILD SUCCESS
[INFO] ------------------------------------------------------------------------
[INFO] Total time:  26.192 s
[INFO] Finished at: 2022-05-02T04:19:09Z
[INFO] ------------------------------------------------------------------------
