Downloading https://services.gradle.org/distributions/gradle-7.4.2-bin.zip
...........10%...........20%...........30%...........40%...........50%...........60%...........70%...........80%...........90%...........100%

Welcome to Gradle 7.4.2!

Here are the highlights of this release:
 - Aggregated test and JaCoCo reports
 - Marking additional test source directories as tests in IntelliJ
 - Support for Adoptium JDKs in Java toolchains

For more details see https://docs.gradle.org/7.4.2/release-notes.html

Starting a Gradle Daemon (subsequent builds will be faster)
> Task :clean UP-TO-DATE

> Task :compileJava
Note: Some input files use or override a deprecated API.
Note: Recompile with -Xlint:deprecation for details.

> Task :processResources
> Task :classes
> Task :jar
> Task :assemble
> Task :compileTestJava NO-SOURCE
> Task :processTestResources NO-SOURCE
> Task :testClasses UP-TO-DATE
> Task :test NO-SOURCE
> Task :check UP-TO-DATE
> Task :build
> Task :shadowJar

BUILD SUCCESSFUL in 26s
5 actionable tasks: 4 executed, 1 up-to-date
