[INFO] Scanning for projects...
[INFO] 
[INFO] ---------------< io.github.thebusybiscuit:ChestTerminal >---------------
[INFO] Building ChestTerminal Build 1 zh-CN(ybw0014) (git 634c650)
[INFO] --------------------------------[ jar ]---------------------------------
[INFO] Downloading from paper-repo: https://repo.destroystokyo.com/repository/maven-public/org/bstats/bstats-bukkit/2.2.1/bstats-bukkit-2.2.1.pom
[INFO] Downloaded from paper-repo: https://repo.destroystokyo.com/repository/maven-public/org/bstats/bstats-bukkit/2.2.1/bstats-bukkit-2.2.1.pom (1.7 kB at 661 B/s)
[INFO] Downloading from paper-repo: https://repo.destroystokyo.com/repository/maven-public/org/bstats/bstats-base/2.2.1/bstats-base-2.2.1.pom
[INFO] Downloaded from paper-repo: https://repo.destroystokyo.com/repository/maven-public/org/bstats/bstats-base/2.2.1/bstats-base-2.2.1.pom (1.5 kB at 851 B/s)
[INFO] Downloading from paper-repo: https://repo.destroystokyo.com/repository/maven-public/org/bstats/bstats-bukkit/2.2.1/bstats-bukkit-2.2.1.jar
[INFO] Downloading from paper-repo: https://repo.destroystokyo.com/repository/maven-public/org/bstats/bstats-base/2.2.1/bstats-base-2.2.1.jar
[INFO] Downloaded from paper-repo: https://repo.destroystokyo.com/repository/maven-public/org/bstats/bstats-bukkit/2.2.1/bstats-bukkit-2.2.1.jar (4.1 kB at 1.7 kB/s)
[INFO] Downloaded from paper-repo: https://repo.destroystokyo.com/repository/maven-public/org/bstats/bstats-base/2.2.1/bstats-base-2.2.1.jar (22 kB at 8.8 kB/s)
[INFO] 
[INFO] --- maven-clean-plugin:2.5:clean (default-clean) @ ChestTerminal ---
[INFO] 
[INFO] --- maven-resources-plugin:2.6:resources (default-resources) @ ChestTerminal ---
[INFO] Using 'UTF-8' encoding to copy filtered resources.
[INFO] Copying 2 resources
[INFO] Copying 1 resource
[INFO] 
[INFO] --- maven-compiler-plugin:3.1:compile (default-compile) @ ChestTerminal ---
[INFO] Changes detected - recompiling the module!
[INFO] Compiling 7 source files to /home/runner/work/maven-builds/maven-builds/static/f/ybw0014/ChestTerminal-CN/master/workspace/target/classes
[WARNING] /home/runner/work/maven-builds/maven-builds/static/f/ybw0014/ChestTerminal-CN/master/workspace/src/main/java/io/github/thebusybiscuit/chestterminal/items/ExportBus.java: Some input files use or override a deprecated API.
[WARNING] /home/runner/work/maven-builds/maven-builds/static/f/ybw0014/ChestTerminal-CN/master/workspace/src/main/java/io/github/thebusybiscuit/chestterminal/items/ExportBus.java: Recompile with -Xlint:deprecation for details.
[INFO] 
[INFO] --- maven-resources-plugin:2.6:testResources (default-testResources) @ ChestTerminal ---
[INFO] Using 'UTF-8' encoding to copy filtered resources.
[INFO] skip non existing resourceDirectory /home/runner/work/maven-builds/maven-builds/static/f/ybw0014/ChestTerminal-CN/master/workspace/src/test/resources
[INFO] 
[INFO] --- maven-compiler-plugin:3.1:testCompile (default-testCompile) @ ChestTerminal ---
[INFO] No sources to compile
[INFO] 
[INFO] --- maven-surefire-plugin:2.12.4:test (default-test) @ ChestTerminal ---
[INFO] No tests to run.
[INFO] 
[INFO] --- maven-jar-plugin:2.4:jar (default-jar) @ ChestTerminal ---
[INFO] Building jar: /home/runner/work/maven-builds/maven-builds/static/f/ybw0014/ChestTerminal-CN/master/workspace/target/ChestTerminal-Build 1 zh-CN(ybw0014) (git 634c650).jar
[INFO] 
[INFO] --- maven-shade-plugin:3.2.4:shade (default) @ ChestTerminal ---
[INFO] Including org.bstats:bstats-bukkit:jar:2.2.1 in the shaded jar.
[INFO] Including org.bstats:bstats-base:jar:2.2.1 in the shaded jar.
[INFO] Replacing original artifact with shaded artifact.
[INFO] Replacing /home/runner/work/maven-builds/maven-builds/static/f/ybw0014/ChestTerminal-CN/master/workspace/target/ChestTerminal-Build 1 zh-CN(ybw0014) (git 634c650).jar with /home/runner/work/maven-builds/maven-builds/static/f/ybw0014/ChestTerminal-CN/master/workspace/target/ChestTerminal-Build 1 zh-CN(ybw0014) (git 634c650)-shaded.jar
[INFO] Dependency-reduced POM written at: /home/runner/work/maven-builds/maven-builds/static/f/ybw0014/ChestTerminal-CN/master/workspace/dependency-reduced-pom.xml
[INFO] ------------------------------------------------------------------------
[INFO] BUILD SUCCESS
[INFO] ------------------------------------------------------------------------
[INFO] Total time:  9.254 s
[INFO] Finished at: 2021-10-14T00:30:29Z
[INFO] ------------------------------------------------------------------------
