[INFO] Scanning for projects...
[INFO] 
[INFO] -----------< io.github.addoncommunity.galactifun:Galactifun >-----------
[INFO] Building Galactifun Build 1 zh-CN(baoad) (git 5e715bc)
[INFO] --------------------------------[ jar ]---------------------------------
[INFO] Downloading from maven-snapshots: https://repository.apache.org/content/repositories/snapshots/org/apache/maven/plugins/maven-surefire-plugin/2.12.4/maven-surefire-plugin-2.12.4.pom
[INFO] Downloading from central: https://repo.maven.apache.org/maven2/org/apache/maven/plugins/maven-surefire-plugin/2.12.4/maven-surefire-plugin-2.12.4.pom
[INFO] Downloaded from central: https://repo.maven.apache.org/maven2/org/apache/maven/plugins/maven-surefire-plugin/2.12.4/maven-surefire-plugin-2.12.4.pom (10 kB at 114 kB/s)
[INFO] Downloading from maven-snapshots: https://repository.apache.org/content/repositories/snapshots/org/apache/maven/surefire/surefire/2.12.4/surefire-2.12.4.pom
[INFO] Downloading from central: https://repo.maven.apache.org/maven2/org/apache/maven/surefire/surefire/2.12.4/surefire-2.12.4.pom
[INFO] Downloaded from central: https://repo.maven.apache.org/maven2/org/apache/maven/surefire/surefire/2.12.4/surefire-2.12.4.pom (14 kB at 766 kB/s)
[INFO] Downloading from maven-snapshots: https://repository.apache.org/content/repositories/snapshots/org/apache/maven/plugins/maven-surefire-plugin/2.12.4/maven-surefire-plugin-2.12.4.jar
[INFO] Downloading from central: https://repo.maven.apache.org/maven2/org/apache/maven/plugins/maven-surefire-plugin/2.12.4/maven-surefire-plugin-2.12.4.jar
[INFO] Downloaded from central: https://repo.maven.apache.org/maven2/org/apache/maven/plugins/maven-surefire-plugin/2.12.4/maven-surefire-plugin-2.12.4.jar (30 kB at 1.9 MB/s)
[INFO] Downloading from maven-snapshots: https://repository.apache.org/content/repositories/snapshots/org/apache/maven/plugins/maven-shade-plugin/3.3.1-SNAPSHOT/maven-metadata.xml
[INFO] Downloaded from maven-snapshots: https://repository.apache.org/content/repositories/snapshots/org/apache/maven/plugins/maven-shade-plugin/3.3.1-SNAPSHOT/maven-metadata.xml (1.0 kB at 2.9 kB/s)
[INFO] Downloading from maven-snapshots: https://repository.apache.org/content/repositories/snapshots/org/apache/maven/plugins/maven-shade-plugin/3.3.1-SNAPSHOT/maven-shade-plugin-3.3.1-20220104.184601-37.pom
[INFO] Downloaded from maven-snapshots: https://repository.apache.org/content/repositories/snapshots/org/apache/maven/plugins/maven-shade-plugin/3.3.1-SNAPSHOT/maven-shade-plugin-3.3.1-20220104.184601-37.pom (13 kB at 38 kB/s)
[INFO] Downloading from maven-snapshots: https://repository.apache.org/content/repositories/snapshots/org/apache/maven/plugins/maven-shade-plugin/3.3.1-SNAPSHOT/maven-shade-plugin-3.3.1-20220104.184601-37.jar
[INFO] Downloaded from maven-snapshots: https://repository.apache.org/content/repositories/snapshots/org/apache/maven/plugins/maven-shade-plugin/3.3.1-SNAPSHOT/maven-shade-plugin-3.3.1-20220104.184601-37.jar (142 kB at 172 kB/s)
[INFO] Downloading from jitpack.io: https://jitpack.io/io/papermc/paper/paper-api/1.18-R0.1-SNAPSHOT/maven-metadata.xml
[INFO] Downloading from papermc: https://papermc.io/repo/repository/maven-public/io/papermc/paper/paper-api/1.18-R0.1-SNAPSHOT/maven-metadata.xml
[INFO] Downloaded from papermc: https://papermc.io/repo/repository/maven-public/io/papermc/paper/paper-api/1.18-R0.1-SNAPSHOT/maven-metadata.xml (1.4 kB at 860 B/s)
[INFO] Downloading from papermc: https://papermc.io/repo/repository/maven-public/io/papermc/paper/paper-api/1.18-R0.1-SNAPSHOT/paper-api-1.18-R0.1-20211210.020702-61.pom
[INFO] Downloaded from papermc: https://papermc.io/repo/repository/maven-public/io/papermc/paper/paper-api/1.18-R0.1-SNAPSHOT/paper-api-1.18-R0.1-20211210.020702-61.pom (4.0 kB at 4.0 kB/s)
[INFO] Downloading from papermc: https://papermc.io/repo/repository/maven-public/net/kyori/adventure-bom/4.9.3/adventure-bom-4.9.3.pom
[INFO] Downloaded from papermc: https://papermc.io/repo/repository/maven-public/net/kyori/adventure-bom/4.9.3/adventure-bom-4.9.3.pom (4.0 kB at 2.7 kB/s)
[INFO] Downloading from papermc: https://papermc.io/repo/repository/maven-public/com/google/guava/guava/31.0.1-jre/guava-31.0.1-jre.pom
[INFO] Downloaded from papermc: https://papermc.io/repo/repository/maven-public/com/google/guava/guava/31.0.1-jre/guava-31.0.1-jre.pom (11 kB at 7.0 kB/s)
[INFO] Downloading from papermc: https://papermc.io/repo/repository/maven-public/com/google/guava/guava-parent/31.0.1-jre/guava-parent-31.0.1-jre.pom
[INFO] Downloaded from papermc: https://papermc.io/repo/repository/maven-public/com/google/guava/guava-parent/31.0.1-jre/guava-parent-31.0.1-jre.pom (14 kB at 7.8 kB/s)
[INFO] Downloading from papermc: https://papermc.io/repo/repository/maven-public/org/checkerframework/checker-qual/3.12.0/checker-qual-3.12.0.pom
[INFO] Downloaded from papermc: https://papermc.io/repo/repository/maven-public/org/checkerframework/checker-qual/3.12.0/checker-qual-3.12.0.pom (2.1 kB at 1.4 kB/s)
[INFO] Downloading from papermc: https://papermc.io/repo/repository/maven-public/com/google/errorprone/error_prone_annotations/2.7.1/error_prone_annotations-2.7.1.pom
[INFO] Downloaded from papermc: https://papermc.io/repo/repository/maven-public/com/google/errorprone/error_prone_annotations/2.7.1/error_prone_annotations-2.7.1.pom (2.1 kB at 2.0 kB/s)
[INFO] Downloading from papermc: https://papermc.io/repo/repository/maven-public/com/google/errorprone/error_prone_parent/2.7.1/error_prone_parent-2.7.1.pom
[INFO] Downloaded from papermc: https://papermc.io/repo/repository/maven-public/com/google/errorprone/error_prone_parent/2.7.1/error_prone_parent-2.7.1.pom (7.0 kB at 4.4 kB/s)
[INFO] Downloading from papermc: https://papermc.io/repo/repository/maven-public/com/google/code/gson/gson/2.8.8/gson-2.8.8.pom
[INFO] Downloaded from papermc: https://papermc.io/repo/repository/maven-public/com/google/code/gson/gson/2.8.8/gson-2.8.8.pom (6.0 kB at 3.8 kB/s)
[INFO] Downloading from papermc: https://papermc.io/repo/repository/maven-public/com/google/code/gson/gson-parent/2.8.8/gson-parent-2.8.8.pom
[INFO] Downloaded from papermc: https://papermc.io/repo/repository/maven-public/com/google/code/gson/gson-parent/2.8.8/gson-parent-2.8.8.pom (4.6 kB at 3.0 kB/s)
[INFO] Downloading from papermc: https://papermc.io/repo/repository/maven-public/com/googlecode/json-simple/json-simple/1.1.1/json-simple-1.1.1.pom
[INFO] Downloaded from papermc: https://papermc.io/repo/repository/maven-public/com/googlecode/json-simple/json-simple/1.1.1/json-simple-1.1.1.pom (3.5 kB at 3.4 kB/s)
[INFO] Downloading from papermc: https://papermc.io/repo/repository/maven-public/org/apache/logging/log4j/log4j-api/2.14.1/log4j-api-2.14.1.pom
[INFO] Downloaded from papermc: https://papermc.io/repo/repository/maven-public/org/apache/logging/log4j/log4j-api/2.14.1/log4j-api-2.14.1.pom (14 kB at 7.9 kB/s)
[INFO] Downloading from papermc: https://papermc.io/repo/repository/maven-public/org/apache/logging/log4j/log4j/2.14.1/log4j-2.14.1.pom
[INFO] Downloaded from papermc: https://papermc.io/repo/repository/maven-public/org/apache/logging/log4j/log4j/2.14.1/log4j-2.14.1.pom (68 kB at 36 kB/s)
[INFO] Downloading from papermc: https://papermc.io/repo/repository/maven-public/org/apache/logging/logging-parent/3/logging-parent-3.pom
[INFO] Downloaded from papermc: https://papermc.io/repo/repository/maven-public/org/apache/logging/logging-parent/3/logging-parent-3.pom (3.1 kB at 2.0 kB/s)
[INFO] Downloading from papermc: https://papermc.io/repo/repository/maven-public/org/slf4j/slf4j-api/1.8.0-beta4/slf4j-api-1.8.0-beta4.pom
[INFO] Downloaded from papermc: https://papermc.io/repo/repository/maven-public/org/slf4j/slf4j-api/1.8.0-beta4/slf4j-api-1.8.0-beta4.pom (1.7 kB at 1.6 kB/s)
[INFO] Downloading from papermc: https://papermc.io/repo/repository/maven-public/org/slf4j/slf4j-parent/1.8.0-beta4/slf4j-parent-1.8.0-beta4.pom
[INFO] Downloaded from papermc: https://papermc.io/repo/repository/maven-public/org/slf4j/slf4j-parent/1.8.0-beta4/slf4j-parent-1.8.0-beta4.pom (17 kB at 10 kB/s)
[INFO] Downloading from papermc: https://papermc.io/repo/repository/maven-public/net/kyori/adventure-api/4.9.3/adventure-api-4.9.3.pom
[INFO] Downloaded from papermc: https://papermc.io/repo/repository/maven-public/net/kyori/adventure-api/4.9.3/adventure-api-4.9.3.pom (3.2 kB at 6.8 kB/s)
[INFO] Downloading from papermc: https://papermc.io/repo/repository/maven-public/net/kyori/adventure-key/4.9.3/adventure-key-4.9.3.pom
[INFO] Downloaded from papermc: https://papermc.io/repo/repository/maven-public/net/kyori/adventure-key/4.9.3/adventure-key-4.9.3.pom (3.0 kB at 2.0 kB/s)
[INFO] Downloading from papermc: https://papermc.io/repo/repository/maven-public/net/kyori/examination-api/1.3.0/examination-api-1.3.0.pom
[INFO] Downloaded from papermc: https://papermc.io/repo/repository/maven-public/net/kyori/examination-api/1.3.0/examination-api-1.3.0.pom (2.1 kB at 1.3 kB/s)
[INFO] Downloading from papermc: https://papermc.io/repo/repository/maven-public/net/kyori/examination-string/1.3.0/examination-string-1.3.0.pom
[INFO] Downloaded from papermc: https://papermc.io/repo/repository/maven-public/net/kyori/examination-string/1.3.0/examination-string-1.3.0.pom (2.1 kB at 1.4 kB/s)
[INFO] Downloading from papermc: https://papermc.io/repo/repository/maven-public/net/kyori/adventure-text-serializer-gson/4.9.3/adventure-text-serializer-gson-4.9.3.pom
[INFO] Downloaded from papermc: https://papermc.io/repo/repository/maven-public/net/kyori/adventure-text-serializer-gson/4.9.3/adventure-text-serializer-gson-4.9.3.pom (2.9 kB at 2.8 kB/s)
[INFO] Downloading from papermc: https://papermc.io/repo/repository/maven-public/net/kyori/adventure-text-serializer-legacy/4.9.3/adventure-text-serializer-legacy-4.9.3.pom
[INFO] Downloaded from papermc: https://papermc.io/repo/repository/maven-public/net/kyori/adventure-text-serializer-legacy/4.9.3/adventure-text-serializer-legacy-4.9.3.pom (2.7 kB at 1.7 kB/s)
[INFO] Downloading from papermc: https://papermc.io/repo/repository/maven-public/net/kyori/adventure-text-serializer-plain/4.9.3/adventure-text-serializer-plain-4.9.3.pom
[INFO] Downloaded from papermc: https://papermc.io/repo/repository/maven-public/net/kyori/adventure-text-serializer-plain/4.9.3/adventure-text-serializer-plain-4.9.3.pom (2.7 kB at 1.7 kB/s)
[INFO] Downloading from papermc: https://papermc.io/repo/repository/maven-public/org/checkerframework/checker-qual/3.19.0/checker-qual-3.19.0.pom
[INFO] Downloaded from papermc: https://papermc.io/repo/repository/maven-public/org/checkerframework/checker-qual/3.19.0/checker-qual-3.19.0.pom (2.1 kB at 1.9 kB/s)
[INFO] Downloading from papermc: https://papermc.io/repo/repository/maven-public/org/ow2/asm/asm/9.2/asm-9.2.pom
[INFO] Downloaded from papermc: https://papermc.io/repo/repository/maven-public/org/ow2/asm/asm/9.2/asm-9.2.pom (2.4 kB at 1.5 kB/s)
[INFO] Downloading from papermc: https://papermc.io/repo/repository/maven-public/org/ow2/asm/asm-commons/9.2/asm-commons-9.2.pom
[INFO] Downloaded from papermc: https://papermc.io/repo/repository/maven-public/org/ow2/asm/asm-commons/9.2/asm-commons-9.2.pom (3.0 kB at 2.0 kB/s)
[INFO] Downloading from papermc: https://papermc.io/repo/repository/maven-public/org/ow2/asm/asm-tree/9.2/asm-tree-9.2.pom
[INFO] Downloaded from papermc: https://papermc.io/repo/repository/maven-public/org/ow2/asm/asm-tree/9.2/asm-tree-9.2.pom (2.6 kB at 2.5 kB/s)
[INFO] Downloading from papermc: https://papermc.io/repo/repository/maven-public/org/ow2/asm/asm-analysis/9.2/asm-analysis-9.2.pom
[INFO] Downloaded from papermc: https://papermc.io/repo/repository/maven-public/org/ow2/asm/asm-analysis/9.2/asm-analysis-9.2.pom (2.6 kB at 2.7 kB/s)
[INFO] Downloading from papermc: https://papermc.io/repo/repository/maven-public/io/github/TheBusyBiscuit/Slimefun4/RC-29/Slimefun4-RC-29.pom
[INFO] Downloading from jitpack.io: https://jitpack.io/io/github/TheBusyBiscuit/Slimefun4/RC-29/Slimefun4-RC-29.pom
[INFO] Downloaded from jitpack.io: https://jitpack.io/io/github/TheBusyBiscuit/Slimefun4/RC-29/Slimefun4-RC-29.pom (14 kB at 25 kB/s)
[INFO] Downloading from papermc: https://papermc.io/repo/repository/maven-public/org/projectlombok/lombok/1.18.22/lombok-1.18.22.pom
[INFO] Downloaded from papermc: https://papermc.io/repo/repository/maven-public/org/projectlombok/lombok/1.18.22/lombok-1.18.22.pom (1.5 kB at 1.4 kB/s)
[INFO] Downloading from papermc: https://papermc.io/repo/repository/maven-public/io/github/mooy1/InfinityLib/1.3.7/InfinityLib-1.3.7.pom
[INFO] Downloading from jitpack.io: https://jitpack.io/io/github/mooy1/InfinityLib/1.3.7/InfinityLib-1.3.7.pom
[INFO] Downloaded from jitpack.io: https://jitpack.io/io/github/mooy1/InfinityLib/1.3.7/InfinityLib-1.3.7.pom (5.1 kB at 8.3 kB/s)
[INFO] Downloading from papermc: https://papermc.io/repo/repository/maven-public/it/unimi/dsi/fastutil/8.5.6/fastutil-8.5.6.pom
[INFO] Downloaded from papermc: https://papermc.io/repo/repository/maven-public/it/unimi/dsi/fastutil/8.5.6/fastutil-8.5.6.pom (1.5 kB at 967 B/s)
[INFO] Downloading from papermc: https://papermc.io/repo/repository/maven-public/com/github/seeseemelk/MockBukkit-v1.18/1.14.0/MockBukkit-v1.18-1.14.0.pom
[INFO] Downloaded from papermc: https://papermc.io/repo/repository/maven-public/com/github/seeseemelk/MockBukkit-v1.18/1.14.0/MockBukkit-v1.18-1.14.0.pom (2.5 kB at 1.6 kB/s)
[INFO] Downloading from papermc: https://papermc.io/repo/repository/maven-public/org/spigotmc/spigot-api/1.18.1-R0.1-SNAPSHOT/maven-metadata.xml
[INFO] Downloading from jitpack.io: https://jitpack.io/org/spigotmc/spigot-api/1.18.1-R0.1-SNAPSHOT/maven-metadata.xml
[INFO] Downloaded from papermc: https://papermc.io/repo/repository/maven-public/org/spigotmc/spigot-api/1.18.1-R0.1-SNAPSHOT/maven-metadata.xml (1.5 kB at 910 B/s)
[INFO] Downloading from papermc: https://papermc.io/repo/repository/maven-public/org/spigotmc/spigot-api/1.18.1-R0.1-SNAPSHOT/spigot-api-1.18.1-R0.1-20220130.000032-56.pom
[INFO] Downloaded from papermc: https://papermc.io/repo/repository/maven-public/org/spigotmc/spigot-api/1.18.1-R0.1-SNAPSHOT/spigot-api-1.18.1-R0.1-20220130.000032-56.pom (10 kB at 10 kB/s)
[INFO] Downloading from papermc: https://papermc.io/repo/repository/maven-public/org/yaml/snakeyaml/1.30/snakeyaml-1.30.pom
[INFO] Downloaded from papermc: https://papermc.io/repo/repository/maven-public/org/yaml/snakeyaml/1.30/snakeyaml-1.30.pom (37 kB at 57 kB/s)
[INFO] Downloading from papermc: https://papermc.io/repo/repository/maven-public/org/hamcrest/hamcrest-library/2.2/hamcrest-library-2.2.pom
[INFO] Downloaded from papermc: https://papermc.io/repo/repository/maven-public/org/hamcrest/hamcrest-library/2.2/hamcrest-library-2.2.pom (1.4 kB at 1.4 kB/s)
[INFO] Downloading from papermc: https://papermc.io/repo/repository/maven-public/org/hamcrest/hamcrest-core/2.2/hamcrest-core-2.2.pom
[INFO] Downloaded from papermc: https://papermc.io/repo/repository/maven-public/org/hamcrest/hamcrest-core/2.2/hamcrest-core-2.2.pom (1.4 kB at 891 B/s)
[INFO] Downloading from papermc: https://papermc.io/repo/repository/maven-public/org/hamcrest/hamcrest/2.2/hamcrest-2.2.pom
[INFO] Downloaded from papermc: https://papermc.io/repo/repository/maven-public/org/hamcrest/hamcrest/2.2/hamcrest-2.2.pom (1.1 kB at 1.1 kB/s)
[INFO] Downloading from papermc: https://papermc.io/repo/repository/maven-public/commons-io/commons-io/2.11.0/commons-io-2.11.0.pom
[INFO] Downloaded from papermc: https://papermc.io/repo/repository/maven-public/commons-io/commons-io/2.11.0/commons-io-2.11.0.pom (20 kB at 31 kB/s)
[INFO] Downloading from papermc: https://papermc.io/repo/repository/maven-public/org/apache/commons/commons-parent/52/commons-parent-52.pom
[INFO] Downloaded from papermc: https://papermc.io/repo/repository/maven-public/org/apache/commons/commons-parent/52/commons-parent-52.pom (79 kB at 40 kB/s)
[INFO] Downloading from papermc: https://papermc.io/repo/repository/maven-public/org/jetbrains/annotations/21.0.1/annotations-21.0.1.pom
[INFO] Downloaded from papermc: https://papermc.io/repo/repository/maven-public/org/jetbrains/annotations/21.0.1/annotations-21.0.1.pom (1.3 kB at 1.3 kB/s)
[INFO] Downloading from papermc: https://papermc.io/repo/repository/maven-public/io/papermc/paper/paper-api/1.18-R0.1-SNAPSHOT/paper-api-1.18-R0.1-20211210.020702-61.jar
[INFO] Downloading from papermc: https://papermc.io/repo/repository/maven-public/com/google/guava/guava/31.0.1-jre/guava-31.0.1-jre.jar
[INFO] Downloading from papermc: https://papermc.io/repo/repository/maven-public/com/google/errorprone/error_prone_annotations/2.7.1/error_prone_annotations-2.7.1.jar
[INFO] Downloading from papermc: https://papermc.io/repo/repository/maven-public/com/google/code/gson/gson/2.8.8/gson-2.8.8.jar
[INFO] Downloading from papermc: https://papermc.io/repo/repository/maven-public/com/googlecode/json-simple/json-simple/1.1.1/json-simple-1.1.1.jar
[INFO] Downloaded from papermc: https://papermc.io/repo/repository/maven-public/com/googlecode/json-simple/json-simple/1.1.1/json-simple-1.1.1.jar (24 kB at 28 kB/s)
[INFO] Downloading from papermc: https://papermc.io/repo/repository/maven-public/org/apache/logging/log4j/log4j-api/2.14.1/log4j-api-2.14.1.jar
[INFO] Downloaded from papermc: https://papermc.io/repo/repository/maven-public/com/google/guava/guava/31.0.1-jre/guava-31.0.1-jre.jar (3.0 MB at 2.5 MB/s)
[INFO] Downloading from papermc: https://papermc.io/repo/repository/maven-public/org/slf4j/slf4j-api/1.8.0-beta4/slf4j-api-1.8.0-beta4.jar
[INFO] Downloaded from papermc: https://papermc.io/repo/repository/maven-public/io/papermc/paper/paper-api/1.18-R0.1-SNAPSHOT/paper-api-1.18-R0.1-20211210.020702-61.jar (1.7 MB at 1.0 MB/s)
[INFO] Downloading from papermc: https://papermc.io/repo/repository/maven-public/net/kyori/adventure-api/4.9.3/adventure-api-4.9.3.jar
[INFO] Downloaded from papermc: https://papermc.io/repo/repository/maven-public/com/google/errorprone/error_prone_annotations/2.7.1/error_prone_annotations-2.7.1.jar (15 kB at 8.4 kB/s)
[INFO] Downloading from papermc: https://papermc.io/repo/repository/maven-public/net/kyori/adventure-key/4.9.3/adventure-key-4.9.3.jar
[INFO] Downloaded from papermc: https://papermc.io/repo/repository/maven-public/com/google/code/gson/gson/2.8.8/gson-2.8.8.jar (242 kB at 135 kB/s)
[INFO] Downloading from papermc: https://papermc.io/repo/repository/maven-public/net/kyori/examination-api/1.3.0/examination-api-1.3.0.jar
[INFO] Downloaded from papermc: https://papermc.io/repo/repository/maven-public/org/apache/logging/log4j/log4j-api/2.14.1/log4j-api-2.14.1.jar (300 kB at 161 kB/s)
[INFO] Downloading from papermc: https://papermc.io/repo/repository/maven-public/net/kyori/examination-string/1.3.0/examination-string-1.3.0.jar
[INFO] Downloaded from papermc: https://papermc.io/repo/repository/maven-public/net/kyori/examination-string/1.3.0/examination-string-1.3.0.jar (13 kB at 6.1 kB/s)
[INFO] Downloading from papermc: https://papermc.io/repo/repository/maven-public/net/kyori/adventure-text-serializer-gson/4.9.3/adventure-text-serializer-gson-4.9.3.jar
[INFO] Downloaded from papermc: https://papermc.io/repo/repository/maven-public/org/slf4j/slf4j-api/1.8.0-beta4/slf4j-api-1.8.0-beta4.jar (44 kB at 17 kB/s)
[INFO] Downloading from papermc: https://papermc.io/repo/repository/maven-public/net/kyori/adventure-text-serializer-legacy/4.9.3/adventure-text-serializer-legacy-4.9.3.jar
[INFO] Downloaded from papermc: https://papermc.io/repo/repository/maven-public/net/kyori/adventure-key/4.9.3/adventure-key-4.9.3.jar (8.2 kB at 3.0 kB/s)
[INFO] Downloading from papermc: https://papermc.io/repo/repository/maven-public/net/kyori/adventure-text-serializer-plain/4.9.3/adventure-text-serializer-plain-4.9.3.jar
[INFO] Downloaded from papermc: https://papermc.io/repo/repository/maven-public/net/kyori/adventure-api/4.9.3/adventure-api-4.9.3.jar (286 kB at 87 kB/s)
[INFO] Downloading from papermc: https://papermc.io/repo/repository/maven-public/org/checkerframework/checker-qual/3.19.0/checker-qual-3.19.0.jar
[INFO] Downloaded from papermc: https://papermc.io/repo/repository/maven-public/net/kyori/examination-api/1.3.0/examination-api-1.3.0.jar (23 kB at 6.9 kB/s)
[INFO] Downloading from papermc: https://papermc.io/repo/repository/maven-public/org/ow2/asm/asm/9.2/asm-9.2.jar
[INFO] Downloaded from papermc: https://papermc.io/repo/repository/maven-public/net/kyori/adventure-text-serializer-gson/4.9.3/adventure-text-serializer-gson-4.9.3.jar (38 kB at 10 kB/s)
[INFO] Downloading from papermc: https://papermc.io/repo/repository/maven-public/org/ow2/asm/asm-commons/9.2/asm-commons-9.2.jar
[INFO] Downloaded from papermc: https://papermc.io/repo/repository/maven-public/net/kyori/adventure-text-serializer-legacy/4.9.3/adventure-text-serializer-legacy-4.9.3.jar (24 kB at 5.6 kB/s)
[INFO] Downloading from papermc: https://papermc.io/repo/repository/maven-public/org/ow2/asm/asm-tree/9.2/asm-tree-9.2.jar
[INFO] Downloaded from papermc: https://papermc.io/repo/repository/maven-public/net/kyori/adventure-text-serializer-plain/4.9.3/adventure-text-serializer-plain-4.9.3.jar (13 kB at 3.0 kB/s)
[INFO] Downloading from papermc: https://papermc.io/repo/repository/maven-public/org/ow2/asm/asm-analysis/9.2/asm-analysis-9.2.jar
[INFO] Downloaded from papermc: https://papermc.io/repo/repository/maven-public/org/ow2/asm/asm/9.2/asm-9.2.jar (122 kB at 28 kB/s)
[INFO] Downloading from papermc: https://papermc.io/repo/repository/maven-public/io/github/TheBusyBiscuit/Slimefun4/RC-29/Slimefun4-RC-29.jar
[INFO] Downloaded from papermc: https://papermc.io/repo/repository/maven-public/org/ow2/asm/asm-analysis/9.2/asm-analysis-9.2.jar (34 kB at 6.5 kB/s)
[INFO] Downloading from papermc: https://papermc.io/repo/repository/maven-public/org/projectlombok/lombok/1.18.22/lombok-1.18.22.jar
[INFO] Downloaded from papermc: https://papermc.io/repo/repository/maven-public/org/ow2/asm/asm-commons/9.2/asm-commons-9.2.jar (73 kB at 14 kB/s)
[INFO] Downloading from papermc: https://papermc.io/repo/repository/maven-public/io/github/mooy1/InfinityLib/1.3.7/InfinityLib-1.3.7.jar
[INFO] Downloaded from papermc: https://papermc.io/repo/repository/maven-public/org/checkerframework/checker-qual/3.19.0/checker-qual-3.19.0.jar (222 kB at 40 kB/s)
[INFO] Downloading from papermc: https://papermc.io/repo/repository/maven-public/it/unimi/dsi/fastutil/8.5.6/fastutil-8.5.6.jar
[INFO] Downloading from papermc: https://papermc.io/repo/repository/maven-public/com/github/seeseemelk/MockBukkit-v1.18/1.14.0/MockBukkit-v1.18-1.14.0.jar
[INFO] Downloaded from papermc: https://papermc.io/repo/repository/maven-public/org/ow2/asm/asm-tree/9.2/asm-tree-9.2.jar (53 kB at 8.5 kB/s)
[INFO] Downloading from papermc: https://papermc.io/repo/repository/maven-public/org/spigotmc/spigot-api/1.18.1-R0.1-SNAPSHOT/spigot-api-1.18.1-R0.1-20220130.000032-56.jar
[INFO] Downloading from papermc: https://papermc.io/repo/repository/maven-public/org/hamcrest/hamcrest-library/2.2/hamcrest-library-2.2.jar
[INFO] Downloaded from papermc: https://papermc.io/repo/repository/maven-public/it/unimi/dsi/fastutil/8.5.6/fastutil-8.5.6.jar (24 MB at 3.4 MB/s)
[INFO] Downloading from papermc: https://papermc.io/repo/repository/maven-public/org/hamcrest/hamcrest-core/2.2/hamcrest-core-2.2.jar
[INFO] Downloaded from papermc: https://papermc.io/repo/repository/maven-public/org/projectlombok/lombok/1.18.22/lombok-1.18.22.jar (2.0 MB at 259 kB/s)
[INFO] Downloading from papermc: https://papermc.io/repo/repository/maven-public/org/hamcrest/hamcrest/2.2/hamcrest-2.2.jar
[INFO] Downloaded from papermc: https://papermc.io/repo/repository/maven-public/org/hamcrest/hamcrest-library/2.2/hamcrest-library-2.2.jar (1.5 kB at 189 B/s)
[INFO] Downloading from papermc: https://papermc.io/repo/repository/maven-public/commons-io/commons-io/2.11.0/commons-io-2.11.0.jar
[INFO] Downloaded from papermc: https://papermc.io/repo/repository/maven-public/org/spigotmc/spigot-api/1.18.1-R0.1-SNAPSHOT/spigot-api-1.18.1-R0.1-20220130.000032-56.jar (1.4 MB at 165 kB/s)
[INFO] Downloading from papermc: https://papermc.io/repo/repository/maven-public/org/jetbrains/annotations/21.0.1/annotations-21.0.1.jar
[INFO] Downloaded from papermc: https://papermc.io/repo/repository/maven-public/com/github/seeseemelk/MockBukkit-v1.18/1.14.0/MockBukkit-v1.18-1.14.0.jar (306 kB at 36 kB/s)
[INFO] Downloaded from papermc: https://papermc.io/repo/repository/maven-public/org/hamcrest/hamcrest-core/2.2/hamcrest-core-2.2.jar (1.5 kB at 175 B/s)
[INFO] Downloaded from papermc: https://papermc.io/repo/repository/maven-public/org/jetbrains/annotations/21.0.1/annotations-21.0.1.jar (28 kB at 3.0 kB/s)
[INFO] Downloaded from papermc: https://papermc.io/repo/repository/maven-public/org/hamcrest/hamcrest/2.2/hamcrest-2.2.jar (123 kB at 13 kB/s)
[INFO] Downloaded from papermc: https://papermc.io/repo/repository/maven-public/commons-io/commons-io/2.11.0/commons-io-2.11.0.jar (327 kB at 34 kB/s)
[INFO] Downloading from jitpack.io: https://jitpack.io/io/github/TheBusyBiscuit/Slimefun4/RC-29/Slimefun4-RC-29.jar
[INFO] Downloading from jitpack.io: https://jitpack.io/io/github/mooy1/InfinityLib/1.3.7/InfinityLib-1.3.7.jar
[INFO] Downloaded from jitpack.io: https://jitpack.io/io/github/mooy1/InfinityLib/1.3.7/InfinityLib-1.3.7.jar (91 kB at 166 kB/s)
[INFO] Downloaded from jitpack.io: https://jitpack.io/io/github/TheBusyBiscuit/Slimefun4/RC-29/Slimefun4-RC-29.jar (4.3 MB at 3.4 MB/s)
[INFO] 
[INFO] --- maven-clean-plugin:2.5:clean (default-clean) @ Galactifun ---
[INFO] 
[INFO] --- maven-resources-plugin:2.6:resources (default-resources) @ Galactifun ---
[INFO] Using 'UTF-8' encoding to copy filtered resources.
[INFO] Copying 3 resources
[INFO] Copying 1 resource
[INFO] 
[INFO] --- maven-compiler-plugin:3.1:compile (default-compile) @ Galactifun ---
[INFO] Changes detected - recompiling the module!
[INFO] Compiling 114 source files to /home/runner/work/maven-builds/maven-builds/static/f/baoad/Galactifun/master/workspace/target/classes
[WARNING] /home/runner/work/maven-builds/maven-builds/static/f/baoad/Galactifun/master/workspace/src/main/java/io/github/addoncommunity/galactifun/core/categories/GalacticItemGroup.java: Some input files use or override a deprecated API.
[WARNING] /home/runner/work/maven-builds/maven-builds/static/f/baoad/Galactifun/master/workspace/src/main/java/io/github/addoncommunity/galactifun/core/categories/GalacticItemGroup.java: Recompile with -Xlint:deprecation for details.
[WARNING] /home/runner/work/maven-builds/maven-builds/static/f/baoad/Galactifun/master/workspace/src/main/java/io/github/addoncommunity/galactifun/Galactifun.java: /home/runner/work/maven-builds/maven-builds/static/f/baoad/Galactifun/master/workspace/src/main/java/io/github/addoncommunity/galactifun/Galactifun.java uses unchecked or unsafe operations.
[WARNING] /home/runner/work/maven-builds/maven-builds/static/f/baoad/Galactifun/master/workspace/src/main/java/io/github/addoncommunity/galactifun/Galactifun.java: Recompile with -Xlint:unchecked for details.
[INFO] 
[INFO] --- maven-resources-plugin:2.6:testResources (default-testResources) @ Galactifun ---
[INFO] Using 'UTF-8' encoding to copy filtered resources.
[INFO] skip non existing resourceDirectory /home/runner/work/maven-builds/maven-builds/static/f/baoad/Galactifun/master/workspace/src/test/resources
[INFO] 
[INFO] --- maven-compiler-plugin:3.1:testCompile (default-testCompile) @ Galactifun ---
[INFO] No sources to compile
[INFO] 
[INFO] --- maven-surefire-plugin:2.12.4:test (default-test) @ Galactifun ---
[INFO] Downloading from maven-snapshots: https://repository.apache.org/content/repositories/snapshots/org/apache/maven/surefire/surefire-booter/2.12.4/surefire-booter-2.12.4.pom
[INFO] Downloading from central: https://repo.maven.apache.org/maven2/org/apache/maven/surefire/surefire-booter/2.12.4/surefire-booter-2.12.4.pom
[INFO] Downloaded from central: https://repo.maven.apache.org/maven2/org/apache/maven/surefire/surefire-booter/2.12.4/surefire-booter-2.12.4.pom (3.0 kB at 505 kB/s)
[INFO] Downloading from maven-snapshots: https://repository.apache.org/content/repositories/snapshots/org/apache/maven/surefire/surefire-api/2.12.4/surefire-api-2.12.4.pom
[INFO] Downloading from central: https://repo.maven.apache.org/maven2/org/apache/maven/surefire/surefire-api/2.12.4/surefire-api-2.12.4.pom
[INFO] Downloaded from central: https://repo.maven.apache.org/maven2/org/apache/maven/surefire/surefire-api/2.12.4/surefire-api-2.12.4.pom (2.5 kB at 415 kB/s)
[INFO] Downloading from maven-snapshots: https://repository.apache.org/content/repositories/snapshots/org/apache/maven/surefire/maven-surefire-common/2.12.4/maven-surefire-common-2.12.4.pom
[INFO] Downloading from central: https://repo.maven.apache.org/maven2/org/apache/maven/surefire/maven-surefire-common/2.12.4/maven-surefire-common-2.12.4.pom
[INFO] Downloaded from central: https://repo.maven.apache.org/maven2/org/apache/maven/surefire/maven-surefire-common/2.12.4/maven-surefire-common-2.12.4.pom (5.5 kB at 922 kB/s)
[INFO] Downloading from maven-snapshots: https://repository.apache.org/content/repositories/snapshots/org/apache/maven/plugin-tools/maven-plugin-annotations/3.1/maven-plugin-annotations-3.1.pom
[INFO] Downloading from central: https://repo.maven.apache.org/maven2/org/apache/maven/plugin-tools/maven-plugin-annotations/3.1/maven-plugin-annotations-3.1.pom
[INFO] Downloaded from central: https://repo.maven.apache.org/maven2/org/apache/maven/plugin-tools/maven-plugin-annotations/3.1/maven-plugin-annotations-3.1.pom (1.6 kB at 102 kB/s)
[INFO] Downloading from maven-snapshots: https://repository.apache.org/content/repositories/snapshots/org/apache/maven/plugin-tools/maven-plugin-tools/3.1/maven-plugin-tools-3.1.pom
[INFO] Downloading from central: https://repo.maven.apache.org/maven2/org/apache/maven/plugin-tools/maven-plugin-tools/3.1/maven-plugin-tools-3.1.pom
[INFO] Downloaded from central: https://repo.maven.apache.org/maven2/org/apache/maven/plugin-tools/maven-plugin-tools/3.1/maven-plugin-tools-3.1.pom (16 kB at 2.3 MB/s)
[INFO] Downloading from maven-snapshots: https://repository.apache.org/content/repositories/snapshots/org/apache/maven/reporting/maven-reporting-api/2.0.9/maven-reporting-api-2.0.9.pom
[INFO] Downloading from central: https://repo.maven.apache.org/maven2/org/apache/maven/reporting/maven-reporting-api/2.0.9/maven-reporting-api-2.0.9.pom
[INFO] Downloaded from central: https://repo.maven.apache.org/maven2/org/apache/maven/reporting/maven-reporting-api/2.0.9/maven-reporting-api-2.0.9.pom (1.8 kB at 200 kB/s)
[INFO] Downloading from maven-snapshots: https://repository.apache.org/content/repositories/snapshots/org/apache/maven/reporting/maven-reporting/2.0.9/maven-reporting-2.0.9.pom
[INFO] Downloading from central: https://repo.maven.apache.org/maven2/org/apache/maven/reporting/maven-reporting/2.0.9/maven-reporting-2.0.9.pom
[INFO] Downloaded from central: https://repo.maven.apache.org/maven2/org/apache/maven/reporting/maven-reporting/2.0.9/maven-reporting-2.0.9.pom (1.5 kB at 211 kB/s)
[INFO] Downloading from maven-snapshots: https://repository.apache.org/content/repositories/snapshots/org/apache/maven/maven-toolchain/2.0.9/maven-toolchain-2.0.9.pom
[INFO] Downloading from central: https://repo.maven.apache.org/maven2/org/apache/maven/maven-toolchain/2.0.9/maven-toolchain-2.0.9.pom
[INFO] Downloaded from central: https://repo.maven.apache.org/maven2/org/apache/maven/maven-toolchain/2.0.9/maven-toolchain-2.0.9.pom (3.5 kB at 434 kB/s)
[INFO] Downloading from maven-snapshots: https://repository.apache.org/content/repositories/snapshots/org/apache/commons/commons-lang3/3.1/commons-lang3-3.1.pom
[INFO] Downloading from central: https://repo.maven.apache.org/maven2/org/apache/commons/commons-lang3/3.1/commons-lang3-3.1.pom
[INFO] Downloaded from central: https://repo.maven.apache.org/maven2/org/apache/commons/commons-lang3/3.1/commons-lang3-3.1.pom (17 kB at 2.8 MB/s)
[INFO] Downloading from maven-snapshots: https://repository.apache.org/content/repositories/snapshots/org/apache/commons/commons-parent/22/commons-parent-22.pom
[INFO] Downloading from central: https://repo.maven.apache.org/maven2/org/apache/commons/commons-parent/22/commons-parent-22.pom
[INFO] Downloaded from central: https://repo.maven.apache.org/maven2/org/apache/commons/commons-parent/22/commons-parent-22.pom (42 kB at 6.0 MB/s)
[INFO] Downloading from maven-snapshots: https://repository.apache.org/content/repositories/snapshots/org/apache/apache/9/apache-9.pom
[INFO] Downloading from central: https://repo.maven.apache.org/maven2/org/apache/apache/9/apache-9.pom
[INFO] Downloaded from central: https://repo.maven.apache.org/maven2/org/apache/apache/9/apache-9.pom (15 kB at 2.5 MB/s)
[INFO] Downloading from maven-snapshots: https://repository.apache.org/content/repositories/snapshots/org/apache/maven/shared/maven-common-artifact-filters/1.3/maven-common-artifact-filters-1.3.pom
[INFO] Downloading from central: https://repo.maven.apache.org/maven2/org/apache/maven/shared/maven-common-artifact-filters/1.3/maven-common-artifact-filters-1.3.pom
[INFO] Downloaded from central: https://repo.maven.apache.org/maven2/org/apache/maven/shared/maven-common-artifact-filters/1.3/maven-common-artifact-filters-1.3.pom (3.7 kB at 176 kB/s)
[INFO] Downloading from maven-snapshots: https://repository.apache.org/content/repositories/snapshots/org/apache/maven/shared/maven-shared-components/12/maven-shared-components-12.pom
[INFO] Downloading from central: https://repo.maven.apache.org/maven2/org/apache/maven/shared/maven-shared-components/12/maven-shared-components-12.pom
[INFO] Downloaded from central: https://repo.maven.apache.org/maven2/org/apache/maven/shared/maven-shared-components/12/maven-shared-components-12.pom (9.3 kB at 1.6 MB/s)
[INFO] Downloading from maven-snapshots: https://repository.apache.org/content/repositories/snapshots/org/apache/maven/maven-parent/13/maven-parent-13.pom
[INFO] Downloading from central: https://repo.maven.apache.org/maven2/org/apache/maven/maven-parent/13/maven-parent-13.pom
[INFO] Downloaded from central: https://repo.maven.apache.org/maven2/org/apache/maven/maven-parent/13/maven-parent-13.pom (23 kB at 3.8 MB/s)
[INFO] Downloading from maven-snapshots: https://repository.apache.org/content/repositories/snapshots/org/codehaus/plexus/plexus-container-default/1.0-alpha-9/plexus-container-default-1.0-alpha-9.pom
[INFO] Downloading from central: https://repo.maven.apache.org/maven2/org/codehaus/plexus/plexus-container-default/1.0-alpha-9/plexus-container-default-1.0-alpha-9.pom
[INFO] Downloaded from central: https://repo.maven.apache.org/maven2/org/codehaus/plexus/plexus-container-default/1.0-alpha-9/plexus-container-default-1.0-alpha-9.pom (1.2 kB at 247 kB/s)
[INFO] Downloading from maven-snapshots: https://repository.apache.org/content/repositories/snapshots/org/apache/maven/surefire/surefire-booter/2.12.4/surefire-booter-2.12.4.jar
[INFO] Downloading from maven-snapshots: https://repository.apache.org/content/repositories/snapshots/org/apache/maven/surefire/surefire-api/2.12.4/surefire-api-2.12.4.jar
[INFO] Downloading from maven-snapshots: https://repository.apache.org/content/repositories/snapshots/org/apache/maven/surefire/maven-surefire-common/2.12.4/maven-surefire-common-2.12.4.jar
[INFO] Downloading from maven-snapshots: https://repository.apache.org/content/repositories/snapshots/org/apache/commons/commons-lang3/3.1/commons-lang3-3.1.jar
[INFO] Downloading from maven-snapshots: https://repository.apache.org/content/repositories/snapshots/org/apache/maven/shared/maven-common-artifact-filters/1.3/maven-common-artifact-filters-1.3.jar
[INFO] Downloading from maven-snapshots: https://repository.apache.org/content/repositories/snapshots/org/codehaus/plexus/plexus-utils/3.0.8/plexus-utils-3.0.8.jar
[INFO] Downloading from maven-snapshots: https://repository.apache.org/content/repositories/snapshots/org/apache/maven/reporting/maven-reporting-api/2.0.9/maven-reporting-api-2.0.9.jar
[INFO] Downloading from maven-snapshots: https://repository.apache.org/content/repositories/snapshots/org/apache/maven/maven-toolchain/2.0.9/maven-toolchain-2.0.9.jar
[INFO] Downloading from maven-snapshots: https://repository.apache.org/content/repositories/snapshots/org/apache/maven/plugin-tools/maven-plugin-annotations/3.1/maven-plugin-annotations-3.1.jar
[INFO] Downloading from central: https://repo.maven.apache.org/maven2/org/apache/maven/surefire/surefire-booter/2.12.4/surefire-booter-2.12.4.jar
[INFO] Downloading from central: https://repo.maven.apache.org/maven2/org/apache/maven/surefire/surefire-api/2.12.4/surefire-api-2.12.4.jar
[INFO] Downloading from central: https://repo.maven.apache.org/maven2/org/apache/maven/surefire/maven-surefire-common/2.12.4/maven-surefire-common-2.12.4.jar
[INFO] Downloading from central: https://repo.maven.apache.org/maven2/org/apache/commons/commons-lang3/3.1/commons-lang3-3.1.jar
[INFO] Downloading from central: https://repo.maven.apache.org/maven2/org/apache/maven/shared/maven-common-artifact-filters/1.3/maven-common-artifact-filters-1.3.jar
[INFO] Downloaded from central: https://repo.maven.apache.org/maven2/org/apache/maven/surefire/surefire-booter/2.12.4/surefire-booter-2.12.4.jar (35 kB at 3.5 MB/s)
[INFO] Downloading from central: https://repo.maven.apache.org/maven2/org/codehaus/plexus/plexus-utils/3.0.8/plexus-utils-3.0.8.jar
[INFO] Downloaded from central: https://repo.maven.apache.org/maven2/org/codehaus/plexus/plexus-utils/3.0.8/plexus-utils-3.0.8.jar (232 kB at 17 MB/s)
[INFO] Downloading from central: https://repo.maven.apache.org/maven2/org/apache/maven/reporting/maven-reporting-api/2.0.9/maven-reporting-api-2.0.9.jar
[INFO] Downloaded from central: https://repo.maven.apache.org/maven2/org/apache/maven/reporting/maven-reporting-api/2.0.9/maven-reporting-api-2.0.9.jar (10 kB at 461 kB/s)
[INFO] Downloading from central: https://repo.maven.apache.org/maven2/org/apache/maven/maven-toolchain/2.0.9/maven-toolchain-2.0.9.jar
[INFO] Downloaded from central: https://repo.maven.apache.org/maven2/org/apache/maven/surefire/surefire-api/2.12.4/surefire-api-2.12.4.jar (118 kB at 2.9 MB/s)
[INFO] Downloading from central: https://repo.maven.apache.org/maven2/org/apache/maven/plugin-tools/maven-plugin-annotations/3.1/maven-plugin-annotations-3.1.jar
[INFO] Downloaded from central: https://repo.maven.apache.org/maven2/org/apache/maven/shared/maven-common-artifact-filters/1.3/maven-common-artifact-filters-1.3.jar (31 kB at 839 kB/s)
[INFO] Downloaded from central: https://repo.maven.apache.org/maven2/org/apache/maven/maven-toolchain/2.0.9/maven-toolchain-2.0.9.jar (38 kB at 1.0 MB/s)
[INFO] Downloaded from central: https://repo.maven.apache.org/maven2/org/apache/commons/commons-lang3/3.1/commons-lang3-3.1.jar (316 kB at 7.3 MB/s)
[INFO] Downloaded from central: https://repo.maven.apache.org/maven2/org/apache/maven/surefire/maven-surefire-common/2.12.4/maven-surefire-common-2.12.4.jar (263 kB at 5.7 MB/s)
[INFO] Downloaded from central: https://repo.maven.apache.org/maven2/org/apache/maven/plugin-tools/maven-plugin-annotations/3.1/maven-plugin-annotations-3.1.jar (14 kB at 292 kB/s)
[INFO] No tests to run.
[INFO] 
[INFO] --- maven-jar-plugin:2.4:jar (default-jar) @ Galactifun ---
[INFO] Building jar: /home/runner/work/maven-builds/maven-builds/static/f/baoad/Galactifun/master/workspace/target/Galactifun-Build 1 zh-CN(baoad) (git 5e715bc).jar
[INFO] 
[INFO] --- maven-shade-plugin:3.3.1-SNAPSHOT:shade (default) @ Galactifun ---
[INFO] Downloading from maven-snapshots: https://repository.apache.org/content/repositories/snapshots/org/apache/maven/shared/maven-artifact-transfer/0.13.1/maven-artifact-transfer-0.13.1.pom
[INFO] Downloading from central: https://repo.maven.apache.org/maven2/org/apache/maven/shared/maven-artifact-transfer/0.13.1/maven-artifact-transfer-0.13.1.pom
[INFO] Downloaded from central: https://repo.maven.apache.org/maven2/org/apache/maven/shared/maven-artifact-transfer/0.13.1/maven-artifact-transfer-0.13.1.pom (11 kB at 937 kB/s)
[INFO] Downloading from maven-snapshots: https://repository.apache.org/content/repositories/snapshots/org/apache/maven/shared/maven-shared-components/34/maven-shared-components-34.pom
[INFO] Downloading from central: https://repo.maven.apache.org/maven2/org/apache/maven/shared/maven-shared-components/34/maven-shared-components-34.pom
[INFO] Downloaded from central: https://repo.maven.apache.org/maven2/org/apache/maven/shared/maven-shared-components/34/maven-shared-components-34.pom (5.1 kB at 1.0 MB/s)
[INFO] Downloading from maven-snapshots: https://repository.apache.org/content/repositories/snapshots/org/slf4j/slf4j-api/1.7.32/slf4j-api-1.7.32.pom
[INFO] Downloading from central: https://repo.maven.apache.org/maven2/org/slf4j/slf4j-api/1.7.32/slf4j-api-1.7.32.pom
[INFO] Downloaded from central: https://repo.maven.apache.org/maven2/org/slf4j/slf4j-api/1.7.32/slf4j-api-1.7.32.pom (3.8 kB at 548 kB/s)
[INFO] Downloading from maven-snapshots: https://repository.apache.org/content/repositories/snapshots/org/slf4j/slf4j-parent/1.7.32/slf4j-parent-1.7.32.pom
[INFO] Downloading from central: https://repo.maven.apache.org/maven2/org/slf4j/slf4j-parent/1.7.32/slf4j-parent-1.7.32.pom
[INFO] Downloaded from central: https://repo.maven.apache.org/maven2/org/slf4j/slf4j-parent/1.7.32/slf4j-parent-1.7.32.pom (14 kB at 2.0 MB/s)
[INFO] Downloading from maven-snapshots: https://repository.apache.org/content/repositories/snapshots/org/jdom/jdom2/2.0.6.1/jdom2-2.0.6.1.pom
[INFO] Downloading from central: https://repo.maven.apache.org/maven2/org/jdom/jdom2/2.0.6.1/jdom2-2.0.6.1.pom
[INFO] Downloaded from central: https://repo.maven.apache.org/maven2/org/jdom/jdom2/2.0.6.1/jdom2-2.0.6.1.pom (4.6 kB at 36 kB/s)
[INFO] Downloading from maven-snapshots: https://repository.apache.org/content/repositories/snapshots/org/vafer/jdependency/2.7.0/jdependency-2.7.0.pom
[INFO] Downloading from central: https://repo.maven.apache.org/maven2/org/vafer/jdependency/2.7.0/jdependency-2.7.0.pom
[INFO] Downloaded from central: https://repo.maven.apache.org/maven2/org/vafer/jdependency/2.7.0/jdependency-2.7.0.pom (14 kB at 1.7 MB/s)
[INFO] Downloading from maven-snapshots: https://repository.apache.org/content/repositories/snapshots/org/apache/commons/commons-lang3/3.8.1/commons-lang3-3.8.1.pom
[INFO] Downloading from central: https://repo.maven.apache.org/maven2/org/apache/commons/commons-lang3/3.8.1/commons-lang3-3.8.1.pom
[INFO] Downloaded from central: https://repo.maven.apache.org/maven2/org/apache/commons/commons-lang3/3.8.1/commons-lang3-3.8.1.pom (28 kB at 4.0 MB/s)
[INFO] Downloading from maven-snapshots: https://repository.apache.org/content/repositories/snapshots/org/apache/commons/commons-parent/47/commons-parent-47.pom
[INFO] Downloading from central: https://repo.maven.apache.org/maven2/org/apache/commons/commons-parent/47/commons-parent-47.pom
[INFO] Downloaded from central: https://repo.maven.apache.org/maven2/org/apache/commons/commons-parent/47/commons-parent-47.pom (78 kB at 9.7 MB/s)
[INFO] Downloading from maven-snapshots: https://repository.apache.org/content/repositories/snapshots/org/apache/apache/19/apache-19.pom
[INFO] Downloading from central: https://repo.maven.apache.org/maven2/org/apache/apache/19/apache-19.pom
[INFO] Downloaded from central: https://repo.maven.apache.org/maven2/org/apache/apache/19/apache-19.pom (15 kB at 2.2 MB/s)
[INFO] Downloading from maven-snapshots: https://repository.apache.org/content/repositories/snapshots/org/apache/commons/commons-collections4/4.2/commons-collections4-4.2.pom
[INFO] Downloading from central: https://repo.maven.apache.org/maven2/org/apache/commons/commons-collections4/4.2/commons-collections4-4.2.pom
[INFO] Downloaded from central: https://repo.maven.apache.org/maven2/org/apache/commons/commons-collections4/4.2/commons-collections4-4.2.pom (23 kB at 2.6 MB/s)
[INFO] Downloading from maven-snapshots: https://repository.apache.org/content/repositories/snapshots/org/apache/maven/shared/maven-artifact-transfer/0.13.1/maven-artifact-transfer-0.13.1.jar
[INFO] Downloading from maven-snapshots: https://repository.apache.org/content/repositories/snapshots/org/slf4j/slf4j-api/1.7.32/slf4j-api-1.7.32.jar
[INFO] Downloading from maven-snapshots: https://repository.apache.org/content/repositories/snapshots/org/ow2/asm/asm/9.2/asm-9.2.jar
[INFO] Downloading from maven-snapshots: https://repository.apache.org/content/repositories/snapshots/org/ow2/asm/asm-commons/9.2/asm-commons-9.2.jar
[INFO] Downloading from maven-snapshots: https://repository.apache.org/content/repositories/snapshots/org/ow2/asm/asm-tree/9.2/asm-tree-9.2.jar
[INFO] Downloading from maven-snapshots: https://repository.apache.org/content/repositories/snapshots/org/ow2/asm/asm-analysis/9.2/asm-analysis-9.2.jar
[INFO] Downloading from maven-snapshots: https://repository.apache.org/content/repositories/snapshots/org/jdom/jdom2/2.0.6.1/jdom2-2.0.6.1.jar
[INFO] Downloading from maven-snapshots: https://repository.apache.org/content/repositories/snapshots/org/vafer/jdependency/2.7.0/jdependency-2.7.0.jar
[INFO] Downloading from maven-snapshots: https://repository.apache.org/content/repositories/snapshots/org/apache/commons/commons-lang3/3.8.1/commons-lang3-3.8.1.jar
[INFO] Downloading from maven-snapshots: https://repository.apache.org/content/repositories/snapshots/org/apache/commons/commons-collections4/4.2/commons-collections4-4.2.jar
[INFO] Downloading from central: https://repo.maven.apache.org/maven2/org/apache/maven/shared/maven-artifact-transfer/0.13.1/maven-artifact-transfer-0.13.1.jar
[INFO] Downloading from central: https://repo.maven.apache.org/maven2/org/slf4j/slf4j-api/1.7.32/slf4j-api-1.7.32.jar
[INFO] Downloading from central: https://repo.maven.apache.org/maven2/org/ow2/asm/asm/9.2/asm-9.2.jar
[INFO] Downloading from central: https://repo.maven.apache.org/maven2/org/ow2/asm/asm-commons/9.2/asm-commons-9.2.jar
[INFO] Downloading from central: https://repo.maven.apache.org/maven2/org/ow2/asm/asm-tree/9.2/asm-tree-9.2.jar
[INFO] Downloaded from central: https://repo.maven.apache.org/maven2/org/ow2/asm/asm-commons/9.2/asm-commons-9.2.jar (0 B at 0 B/s)
[INFO] Downloading from central: https://repo.maven.apache.org/maven2/org/ow2/asm/asm-analysis/9.2/asm-analysis-9.2.jar
[INFO] Downloaded from central: https://repo.maven.apache.org/maven2/org/ow2/asm/asm/9.2/asm-9.2.jar (0 B at 0 B/s)
[INFO] Downloading from central: https://repo.maven.apache.org/maven2/org/jdom/jdom2/2.0.6.1/jdom2-2.0.6.1.jar
[INFO] Downloaded from central: https://repo.maven.apache.org/maven2/org/slf4j/slf4j-api/1.7.32/slf4j-api-1.7.32.jar (42 kB at 3.2 MB/s)
[INFO] Downloading from central: https://repo.maven.apache.org/maven2/org/vafer/jdependency/2.7.0/jdependency-2.7.0.jar
[INFO] Downloaded from central: https://repo.maven.apache.org/maven2/org/ow2/asm/asm-tree/9.2/asm-tree-9.2.jar (0 B at 0 B/s)
[INFO] Downloaded from central: https://repo.maven.apache.org/maven2/org/apache/maven/shared/maven-artifact-transfer/0.13.1/maven-artifact-transfer-0.13.1.jar (159 kB at 10.0 MB/s)
[INFO] Downloading from central: https://repo.maven.apache.org/maven2/org/apache/commons/commons-lang3/3.8.1/commons-lang3-3.8.1.jar
[INFO] Downloading from central: https://repo.maven.apache.org/maven2/org/apache/commons/commons-collections4/4.2/commons-collections4-4.2.jar
[INFO] Downloaded from central: https://repo.maven.apache.org/maven2/org/ow2/asm/asm-analysis/9.2/asm-analysis-9.2.jar (0 B at 0 B/s)
[INFO] Downloaded from central: https://repo.maven.apache.org/maven2/org/vafer/jdependency/2.7.0/jdependency-2.7.0.jar (233 kB at 11 MB/s)
[INFO] Downloaded from central: https://repo.maven.apache.org/maven2/org/apache/commons/commons-lang3/3.8.1/commons-lang3-3.8.1.jar (502 kB at 18 MB/s)
[INFO] Downloaded from central: https://repo.maven.apache.org/maven2/org/apache/commons/commons-collections4/4.2/commons-collections4-4.2.jar (753 kB at 22 MB/s)
[INFO] Downloaded from central: https://repo.maven.apache.org/maven2/org/jdom/jdom2/2.0.6.1/jdom2-2.0.6.1.jar (328 kB at 3.3 MB/s)
[INFO] Including io.github.mooy1:InfinityLib:jar:1.3.7 in the shaded jar.
[INFO] Including it.unimi.dsi:fastutil:jar:8.5.6 in the shaded jar.
[INFO] Minimizing jar io.github.addoncommunity.galactifun:Galactifun:jar:Build 1 zh-CN(baoad) (git 5e715bc)
[WARNING] /home/runner/work/maven-builds/maven-builds/static/f/baoad/Galactifun/master/workspace/target/classes (Is a directory)
[INFO] Dependency-reduced POM written at: /home/runner/work/maven-builds/maven-builds/static/f/baoad/Galactifun/master/workspace/dependency-reduced-pom.xml
[INFO] Minimized 12988 -> 733 (5%)
[INFO] Replacing original artifact with shaded artifact.
[INFO] Replacing /home/runner/work/maven-builds/maven-builds/static/f/baoad/Galactifun/master/workspace/target/Galactifun-Build 1 zh-CN(baoad) (git 5e715bc).jar with /home/runner/work/maven-builds/maven-builds/static/f/baoad/Galactifun/master/workspace/target/Galactifun-Build 1 zh-CN(baoad) (git 5e715bc)-shaded.jar
[INFO] ------------------------------------------------------------------------
[INFO] BUILD SUCCESS
[INFO] ------------------------------------------------------------------------
[INFO] Total time:  01:29 min
[INFO] Finished at: 2022-02-01T04:58:44Z
[INFO] ------------------------------------------------------------------------
