[INFO] Scanning for projects...
[INFO] 
[INFO] -----------< io.github.addoncommunity.galactifun:Galactifun >-----------
[INFO] Building Galactifun Build 10 zh-CN(baoad) (git a33da3f)
[INFO] --------------------------------[ jar ]---------------------------------
[INFO] Downloading from maven-snapshots: https://repository.apache.org/content/repositories/snapshots/org/apache/maven/plugins/maven-shade-plugin/3.3.1-SNAPSHOT/maven-metadata.xml
[INFO] Downloaded from maven-snapshots: https://repository.apache.org/content/repositories/snapshots/org/apache/maven/plugins/maven-shade-plugin/3.3.1-SNAPSHOT/maven-metadata.xml (1.0 kB at 1.3 kB/s)
[INFO] Downloading from maven-snapshots: https://repository.apache.org/content/repositories/snapshots/org/apache/maven/plugins/maven-shade-plugin/3.3.1-SNAPSHOT/maven-shade-plugin-3.3.1-20220807.095643-58.pom
[INFO] Downloaded from maven-snapshots: https://repository.apache.org/content/repositories/snapshots/org/apache/maven/plugins/maven-shade-plugin/3.3.1-SNAPSHOT/maven-shade-plugin-3.3.1-20220807.095643-58.pom (0 B at 0 B/s)
[INFO] Downloading from maven-snapshots: https://repository.apache.org/content/repositories/snapshots/org/apache/maven/plugins/maven-shade-plugin/3.3.1-SNAPSHOT/maven-shade-plugin-3.3.1-20220807.095643-58.jar
[INFO] Downloaded from maven-snapshots: https://repository.apache.org/content/repositories/snapshots/org/apache/maven/plugins/maven-shade-plugin/3.3.1-SNAPSHOT/maven-shade-plugin-3.3.1-20220807.095643-58.jar (0 B at 0 B/s)
[INFO] Downloading from papermc: https://papermc.io/repo/repository/maven-public/io/papermc/paper/paper-api/1.18-R0.1-SNAPSHOT/maven-metadata.xml
[INFO] Downloading from jitpack.io: https://jitpack.io/io/papermc/paper/paper-api/1.18-R0.1-SNAPSHOT/maven-metadata.xml
[INFO] Downloaded from papermc: https://papermc.io/repo/repository/maven-public/io/papermc/paper/paper-api/1.18-R0.1-SNAPSHOT/maven-metadata.xml (1.4 kB at 1.2 kB/s)
[INFO] Downloading from papermc: https://papermc.io/repo/repository/maven-public/io/papermc/paper/paper-api/1.18-R0.1-SNAPSHOT/paper-api-1.18-R0.1-20211210.020702-61.pom
[INFO] Downloaded from papermc: https://papermc.io/repo/repository/maven-public/io/papermc/paper/paper-api/1.18-R0.1-SNAPSHOT/paper-api-1.18-R0.1-20211210.020702-61.pom (4.0 kB at 8.4 kB/s)
[INFO] Downloading from papermc: https://papermc.io/repo/repository/maven-public/net/kyori/adventure-bom/4.9.3/adventure-bom-4.9.3.pom
[INFO] Downloaded from papermc: https://papermc.io/repo/repository/maven-public/net/kyori/adventure-bom/4.9.3/adventure-bom-4.9.3.pom (4.0 kB at 8.4 kB/s)
[INFO] Downloading from papermc: https://papermc.io/repo/repository/maven-public/commons-lang/commons-lang/2.6/commons-lang-2.6.pom
[INFO] Downloaded from papermc: https://papermc.io/repo/repository/maven-public/commons-lang/commons-lang/2.6/commons-lang-2.6.pom (17 kB at 27 kB/s)
[INFO] Downloading from papermc: https://papermc.io/repo/repository/maven-public/org/apache/commons/commons-parent/17/commons-parent-17.pom
[INFO] Downloaded from papermc: https://papermc.io/repo/repository/maven-public/org/apache/commons/commons-parent/17/commons-parent-17.pom (31 kB at 67 kB/s)
[INFO] Downloading from papermc: https://papermc.io/repo/repository/maven-public/org/apache/apache/7/apache-7.pom
[INFO] Downloaded from papermc: https://papermc.io/repo/repository/maven-public/org/apache/apache/7/apache-7.pom (14 kB at 30 kB/s)
[INFO] Downloading from papermc: https://papermc.io/repo/repository/maven-public/com/google/code/gson/gson/2.8.8/gson-2.8.8.pom
[INFO] Downloaded from papermc: https://papermc.io/repo/repository/maven-public/com/google/code/gson/gson/2.8.8/gson-2.8.8.pom (6.0 kB at 13 kB/s)
[INFO] Downloading from papermc: https://papermc.io/repo/repository/maven-public/com/google/code/gson/gson-parent/2.8.8/gson-parent-2.8.8.pom
[INFO] Downloaded from papermc: https://papermc.io/repo/repository/maven-public/com/google/code/gson/gson-parent/2.8.8/gson-parent-2.8.8.pom (4.6 kB at 9.8 kB/s)
[INFO] Downloading from papermc: https://papermc.io/repo/repository/maven-public/org/yaml/snakeyaml/1.28/snakeyaml-1.28.pom
[INFO] Downloaded from papermc: https://papermc.io/repo/repository/maven-public/org/yaml/snakeyaml/1.28/snakeyaml-1.28.pom (37 kB at 79 kB/s)
[INFO] Downloading from papermc: https://papermc.io/repo/repository/maven-public/com/googlecode/json-simple/json-simple/1.1.1/json-simple-1.1.1.pom
[INFO] Downloaded from papermc: https://papermc.io/repo/repository/maven-public/com/googlecode/json-simple/json-simple/1.1.1/json-simple-1.1.1.pom (3.5 kB at 7.1 kB/s)
[INFO] Downloading from papermc: https://papermc.io/repo/repository/maven-public/org/apache/logging/log4j/log4j-api/2.14.1/log4j-api-2.14.1.pom
[INFO] Downloaded from papermc: https://papermc.io/repo/repository/maven-public/org/apache/logging/log4j/log4j-api/2.14.1/log4j-api-2.14.1.pom (14 kB at 30 kB/s)
[INFO] Downloading from papermc: https://papermc.io/repo/repository/maven-public/org/apache/logging/log4j/log4j/2.14.1/log4j-2.14.1.pom
[INFO] Downloaded from papermc: https://papermc.io/repo/repository/maven-public/org/apache/logging/log4j/log4j/2.14.1/log4j-2.14.1.pom (68 kB at 143 kB/s)
[INFO] Downloading from papermc: https://papermc.io/repo/repository/maven-public/org/apache/logging/logging-parent/3/logging-parent-3.pom
[INFO] Downloaded from papermc: https://papermc.io/repo/repository/maven-public/org/apache/logging/logging-parent/3/logging-parent-3.pom (3.1 kB at 6.8 kB/s)
[INFO] Downloading from papermc: https://papermc.io/repo/repository/maven-public/org/slf4j/slf4j-api/1.8.0-beta4/slf4j-api-1.8.0-beta4.pom
[INFO] Downloaded from papermc: https://papermc.io/repo/repository/maven-public/org/slf4j/slf4j-api/1.8.0-beta4/slf4j-api-1.8.0-beta4.pom (1.7 kB at 3.5 kB/s)
[INFO] Downloading from papermc: https://papermc.io/repo/repository/maven-public/org/slf4j/slf4j-parent/1.8.0-beta4/slf4j-parent-1.8.0-beta4.pom
[INFO] Downloaded from papermc: https://papermc.io/repo/repository/maven-public/org/slf4j/slf4j-parent/1.8.0-beta4/slf4j-parent-1.8.0-beta4.pom (17 kB at 37 kB/s)
[INFO] Downloading from papermc: https://papermc.io/repo/repository/maven-public/net/kyori/adventure-api/4.9.3/adventure-api-4.9.3.pom
[INFO] Downloaded from papermc: https://papermc.io/repo/repository/maven-public/net/kyori/adventure-api/4.9.3/adventure-api-4.9.3.pom (3.2 kB at 6.9 kB/s)
[INFO] Downloading from papermc: https://papermc.io/repo/repository/maven-public/net/kyori/adventure-key/4.9.3/adventure-key-4.9.3.pom
[INFO] Downloaded from papermc: https://papermc.io/repo/repository/maven-public/net/kyori/adventure-key/4.9.3/adventure-key-4.9.3.pom (3.0 kB at 6.5 kB/s)
[INFO] Downloading from papermc: https://papermc.io/repo/repository/maven-public/net/kyori/examination-api/1.3.0/examination-api-1.3.0.pom
[INFO] Downloaded from papermc: https://papermc.io/repo/repository/maven-public/net/kyori/examination-api/1.3.0/examination-api-1.3.0.pom (2.1 kB at 4.3 kB/s)
[INFO] Downloading from papermc: https://papermc.io/repo/repository/maven-public/net/kyori/examination-string/1.3.0/examination-string-1.3.0.pom
[INFO] Downloaded from papermc: https://papermc.io/repo/repository/maven-public/net/kyori/examination-string/1.3.0/examination-string-1.3.0.pom (2.1 kB at 4.3 kB/s)
[INFO] Downloading from papermc: https://papermc.io/repo/repository/maven-public/net/kyori/adventure-text-serializer-gson/4.9.3/adventure-text-serializer-gson-4.9.3.pom
[INFO] Downloaded from papermc: https://papermc.io/repo/repository/maven-public/net/kyori/adventure-text-serializer-gson/4.9.3/adventure-text-serializer-gson-4.9.3.pom (2.9 kB at 6.1 kB/s)
[INFO] Downloading from papermc: https://papermc.io/repo/repository/maven-public/net/kyori/adventure-text-serializer-legacy/4.9.3/adventure-text-serializer-legacy-4.9.3.pom
[INFO] Downloaded from papermc: https://papermc.io/repo/repository/maven-public/net/kyori/adventure-text-serializer-legacy/4.9.3/adventure-text-serializer-legacy-4.9.3.pom (2.7 kB at 5.7 kB/s)
[INFO] Downloading from papermc: https://papermc.io/repo/repository/maven-public/net/kyori/adventure-text-serializer-plain/4.9.3/adventure-text-serializer-plain-4.9.3.pom
[INFO] Downloaded from papermc: https://papermc.io/repo/repository/maven-public/net/kyori/adventure-text-serializer-plain/4.9.3/adventure-text-serializer-plain-4.9.3.pom (2.7 kB at 5.7 kB/s)
[INFO] Downloading from papermc: https://papermc.io/repo/repository/maven-public/org/checkerframework/checker-qual/3.19.0/checker-qual-3.19.0.pom
[INFO] Downloaded from papermc: https://papermc.io/repo/repository/maven-public/org/checkerframework/checker-qual/3.19.0/checker-qual-3.19.0.pom (2.1 kB at 4.5 kB/s)
[INFO] Downloading from papermc: https://papermc.io/repo/repository/maven-public/org/ow2/asm/asm/9.2/asm-9.2.pom
[INFO] Downloaded from papermc: https://papermc.io/repo/repository/maven-public/org/ow2/asm/asm/9.2/asm-9.2.pom (2.4 kB at 5.2 kB/s)
[INFO] Downloading from papermc: https://papermc.io/repo/repository/maven-public/org/ow2/asm/asm-commons/9.2/asm-commons-9.2.pom
[INFO] Downloaded from papermc: https://papermc.io/repo/repository/maven-public/org/ow2/asm/asm-commons/9.2/asm-commons-9.2.pom (3.0 kB at 6.3 kB/s)
[INFO] Downloading from papermc: https://papermc.io/repo/repository/maven-public/org/ow2/asm/asm-tree/9.2/asm-tree-9.2.pom
[INFO] Downloaded from papermc: https://papermc.io/repo/repository/maven-public/org/ow2/asm/asm-tree/9.2/asm-tree-9.2.pom (2.6 kB at 5.5 kB/s)
[INFO] Downloading from papermc: https://papermc.io/repo/repository/maven-public/org/ow2/asm/asm-analysis/9.2/asm-analysis-9.2.pom
[INFO] Downloaded from papermc: https://papermc.io/repo/repository/maven-public/org/ow2/asm/asm-analysis/9.2/asm-analysis-9.2.pom (2.6 kB at 5.5 kB/s)
[INFO] Downloading from papermc: https://papermc.io/repo/repository/maven-public/com/github/StarWishsama/Slimefun4/2022.06/Slimefun4-2022.06.pom
[INFO] Downloading from jitpack.io: https://jitpack.io/com/github/StarWishsama/Slimefun4/2022.06/Slimefun4-2022.06.pom
[INFO] Downloaded from jitpack.io: https://jitpack.io/com/github/StarWishsama/Slimefun4/2022.06/Slimefun4-2022.06.pom (12 kB at 37 kB/s)
[WARNING] The POM for com.github.StarWishsama:Slimefun4:jar:2022.06 is invalid, transitive dependencies (if any) will not be available, enable debug logging for more details
[INFO] Downloading from papermc: https://papermc.io/repo/repository/maven-public/org/projectlombok/lombok/1.18.22/lombok-1.18.22.pom
[INFO] Downloaded from papermc: https://papermc.io/repo/repository/maven-public/org/projectlombok/lombok/1.18.22/lombok-1.18.22.pom (1.5 kB at 3.2 kB/s)
[INFO] Downloading from papermc: https://papermc.io/repo/repository/maven-public/net/guizhanss/InfinityLib/1.3.7/InfinityLib-1.3.7.pom
[INFO] Downloading from jitpack.io: https://jitpack.io/net/guizhanss/InfinityLib/1.3.7/InfinityLib-1.3.7.pom
[INFO] Downloaded from jitpack.io: https://jitpack.io/net/guizhanss/InfinityLib/1.3.7/InfinityLib-1.3.7.pom (5.8 kB at 22 kB/s)
[INFO] Downloading from papermc: https://papermc.io/repo/repository/maven-public/it/unimi/dsi/fastutil/8.5.6/fastutil-8.5.6.pom
[INFO] Downloaded from papermc: https://papermc.io/repo/repository/maven-public/it/unimi/dsi/fastutil/8.5.6/fastutil-8.5.6.pom (1.5 kB at 3.3 kB/s)
[INFO] Downloading from papermc: https://papermc.io/repo/repository/maven-public/com/github/seeseemelk/MockBukkit-v1.18/1.15.5/MockBukkit-v1.18-1.15.5.pom
[INFO] Downloaded from papermc: https://papermc.io/repo/repository/maven-public/com/github/seeseemelk/MockBukkit-v1.18/1.15.5/MockBukkit-v1.18-1.15.5.pom (2.5 kB at 5.5 kB/s)
[INFO] Downloading from papermc: https://papermc.io/repo/repository/maven-public/org/spigotmc/spigot-api/1.18.1-R0.1-SNAPSHOT/maven-metadata.xml
[INFO] Downloading from jitpack.io: https://jitpack.io/org/spigotmc/spigot-api/1.18.1-R0.1-SNAPSHOT/maven-metadata.xml
[INFO] Downloaded from papermc: https://papermc.io/repo/repository/maven-public/org/spigotmc/spigot-api/1.18.1-R0.1-SNAPSHOT/maven-metadata.xml (1.5 kB at 3.1 kB/s)
[INFO] Downloading from papermc: https://papermc.io/repo/repository/maven-public/org/spigotmc/spigot-api/1.18.1-R0.1-SNAPSHOT/spigot-api-1.18.1-R0.1-20220228.150432-81.pom
[INFO] Downloaded from papermc: https://papermc.io/repo/repository/maven-public/org/spigotmc/spigot-api/1.18.1-R0.1-SNAPSHOT/spigot-api-1.18.1-R0.1-20220228.150432-81.pom (11 kB at 22 kB/s)
[INFO] Downloading from papermc: https://papermc.io/repo/repository/maven-public/org/junit/jupiter/junit-jupiter/5.7.2/junit-jupiter-5.7.2.pom
[INFO] Downloaded from papermc: https://papermc.io/repo/repository/maven-public/org/junit/jupiter/junit-jupiter/5.7.2/junit-jupiter-5.7.2.pom (3.2 kB at 6.8 kB/s)
[INFO] Downloading from papermc: https://papermc.io/repo/repository/maven-public/org/junit/junit-bom/5.7.2/junit-bom-5.7.2.pom
[INFO] Downloaded from papermc: https://papermc.io/repo/repository/maven-public/org/junit/junit-bom/5.7.2/junit-bom-5.7.2.pom (5.1 kB at 11 kB/s)
[INFO] Downloading from papermc: https://papermc.io/repo/repository/maven-public/org/junit/jupiter/junit-jupiter-api/5.7.2/junit-jupiter-api-5.7.2.pom
[INFO] Downloaded from papermc: https://papermc.io/repo/repository/maven-public/org/junit/jupiter/junit-jupiter-api/5.7.2/junit-jupiter-api-5.7.2.pom (3.2 kB at 6.8 kB/s)
[INFO] Downloading from papermc: https://papermc.io/repo/repository/maven-public/org/apiguardian/apiguardian-api/1.1.0/apiguardian-api-1.1.0.pom
[INFO] Downloaded from papermc: https://papermc.io/repo/repository/maven-public/org/apiguardian/apiguardian-api/1.1.0/apiguardian-api-1.1.0.pom (1.2 kB at 2.5 kB/s)
[INFO] Downloading from papermc: https://papermc.io/repo/repository/maven-public/org/opentest4j/opentest4j/1.2.0/opentest4j-1.2.0.pom
[INFO] Downloaded from papermc: https://papermc.io/repo/repository/maven-public/org/opentest4j/opentest4j/1.2.0/opentest4j-1.2.0.pom (1.7 kB at 3.5 kB/s)
[INFO] Downloading from papermc: https://papermc.io/repo/repository/maven-public/org/junit/platform/junit-platform-commons/1.7.2/junit-platform-commons-1.7.2.pom
[INFO] Downloaded from papermc: https://papermc.io/repo/repository/maven-public/org/junit/platform/junit-platform-commons/1.7.2/junit-platform-commons-1.7.2.pom (2.8 kB at 6.1 kB/s)
[INFO] Downloading from papermc: https://papermc.io/repo/repository/maven-public/org/junit/jupiter/junit-jupiter-params/5.7.2/junit-jupiter-params-5.7.2.pom
[INFO] Downloaded from papermc: https://papermc.io/repo/repository/maven-public/org/junit/jupiter/junit-jupiter-params/5.7.2/junit-jupiter-params-5.7.2.pom (3.0 kB at 6.5 kB/s)
[INFO] Downloading from papermc: https://papermc.io/repo/repository/maven-public/org/junit/jupiter/junit-jupiter-engine/5.7.2/junit-jupiter-engine-5.7.2.pom
[INFO] Downloaded from papermc: https://papermc.io/repo/repository/maven-public/org/junit/jupiter/junit-jupiter-engine/5.7.2/junit-jupiter-engine-5.7.2.pom (3.2 kB at 6.9 kB/s)
[INFO] Downloading from papermc: https://papermc.io/repo/repository/maven-public/org/junit/platform/junit-platform-engine/1.7.2/junit-platform-engine-1.7.2.pom
[INFO] Downloaded from papermc: https://papermc.io/repo/repository/maven-public/org/junit/platform/junit-platform-engine/1.7.2/junit-platform-engine-1.7.2.pom (3.2 kB at 6.9 kB/s)
[INFO] Downloading from papermc: https://papermc.io/repo/repository/maven-public/org/hamcrest/hamcrest-library/2.2/hamcrest-library-2.2.pom
[INFO] Downloaded from papermc: https://papermc.io/repo/repository/maven-public/org/hamcrest/hamcrest-library/2.2/hamcrest-library-2.2.pom (1.4 kB at 2.9 kB/s)
[INFO] Downloading from papermc: https://papermc.io/repo/repository/maven-public/org/hamcrest/hamcrest-core/2.2/hamcrest-core-2.2.pom
[INFO] Downloaded from papermc: https://papermc.io/repo/repository/maven-public/org/hamcrest/hamcrest-core/2.2/hamcrest-core-2.2.pom (1.4 kB at 2.9 kB/s)
[INFO] Downloading from papermc: https://papermc.io/repo/repository/maven-public/org/hamcrest/hamcrest/2.2/hamcrest-2.2.pom
[INFO] Downloaded from papermc: https://papermc.io/repo/repository/maven-public/org/hamcrest/hamcrest/2.2/hamcrest-2.2.pom (1.1 kB at 2.4 kB/s)
[INFO] Downloading from papermc: https://papermc.io/repo/repository/maven-public/commons-io/commons-io/2.11.0/commons-io-2.11.0.pom
[INFO] Downloaded from papermc: https://papermc.io/repo/repository/maven-public/commons-io/commons-io/2.11.0/commons-io-2.11.0.pom (20 kB at 42 kB/s)
[INFO] Downloading from papermc: https://papermc.io/repo/repository/maven-public/org/apache/commons/commons-parent/52/commons-parent-52.pom
[INFO] Downloaded from papermc: https://papermc.io/repo/repository/maven-public/org/apache/commons/commons-parent/52/commons-parent-52.pom (79 kB at 121 kB/s)
[INFO] Downloading from papermc: https://papermc.io/repo/repository/maven-public/org/jetbrains/annotations/21.0.1/annotations-21.0.1.pom
[INFO] Downloaded from papermc: https://papermc.io/repo/repository/maven-public/org/jetbrains/annotations/21.0.1/annotations-21.0.1.pom (1.3 kB at 2.9 kB/s)
[INFO] Downloading from papermc: https://papermc.io/repo/repository/maven-public/io/papermc/paper/paper-api/1.18-R0.1-SNAPSHOT/paper-api-1.18-R0.1-20211210.020702-61.jar
[INFO] Downloading from papermc: https://papermc.io/repo/repository/maven-public/commons-lang/commons-lang/2.6/commons-lang-2.6.jar
[INFO] Downloading from papermc: https://papermc.io/repo/repository/maven-public/com/google/code/gson/gson/2.8.8/gson-2.8.8.jar
[INFO] Downloading from papermc: https://papermc.io/repo/repository/maven-public/org/yaml/snakeyaml/1.28/snakeyaml-1.28.jar
[INFO] Downloading from papermc: https://papermc.io/repo/repository/maven-public/com/googlecode/json-simple/json-simple/1.1.1/json-simple-1.1.1.jar
[INFO] Downloaded from papermc: https://papermc.io/repo/repository/maven-public/com/google/code/gson/gson/2.8.8/gson-2.8.8.jar (242 kB at 571 kB/s)
[INFO] Downloading from papermc: https://papermc.io/repo/repository/maven-public/org/apache/logging/log4j/log4j-api/2.14.1/log4j-api-2.14.1.jar
[INFO] Downloaded from papermc: https://papermc.io/repo/repository/maven-public/commons-lang/commons-lang/2.6/commons-lang-2.6.jar (284 kB at 622 kB/s)
[INFO] Downloading from papermc: https://papermc.io/repo/repository/maven-public/org/slf4j/slf4j-api/1.8.0-beta4/slf4j-api-1.8.0-beta4.jar
[INFO] Downloaded from papermc: https://papermc.io/repo/repository/maven-public/org/slf4j/slf4j-api/1.8.0-beta4/slf4j-api-1.8.0-beta4.jar (44 kB at 61 kB/s)
[INFO] Downloading from papermc: https://papermc.io/repo/repository/maven-public/net/kyori/adventure-api/4.9.3/adventure-api-4.9.3.jar
[INFO] Downloaded from papermc: https://papermc.io/repo/repository/maven-public/com/googlecode/json-simple/json-simple/1.1.1/json-simple-1.1.1.jar (24 kB at 26 kB/s)
[INFO] Downloading from papermc: https://papermc.io/repo/repository/maven-public/net/kyori/adventure-key/4.9.3/adventure-key-4.9.3.jar
[INFO] Downloaded from papermc: https://papermc.io/repo/repository/maven-public/net/kyori/adventure-api/4.9.3/adventure-api-4.9.3.jar (286 kB at 278 kB/s)
[INFO] Downloading from papermc: https://papermc.io/repo/repository/maven-public/net/kyori/examination-api/1.3.0/examination-api-1.3.0.jar
[INFO] Downloaded from papermc: https://papermc.io/repo/repository/maven-public/io/papermc/paper/paper-api/1.18-R0.1-SNAPSHOT/paper-api-1.18-R0.1-20211210.020702-61.jar (1.7 MB at 1.5 MB/s)
[INFO] Downloading from papermc: https://papermc.io/repo/repository/maven-public/net/kyori/examination-string/1.3.0/examination-string-1.3.0.jar
[INFO] Downloaded from papermc: https://papermc.io/repo/repository/maven-public/org/yaml/snakeyaml/1.28/snakeyaml-1.28.jar (327 kB at 266 kB/s)
[INFO] Downloading from papermc: https://papermc.io/repo/repository/maven-public/net/kyori/adventure-text-serializer-gson/4.9.3/adventure-text-serializer-gson-4.9.3.jar
[INFO] Downloaded from papermc: https://papermc.io/repo/repository/maven-public/net/kyori/examination-string/1.3.0/examination-string-1.3.0.jar (13 kB at 9.2 kB/s)
[INFO] Downloading from papermc: https://papermc.io/repo/repository/maven-public/net/kyori/adventure-text-serializer-legacy/4.9.3/adventure-text-serializer-legacy-4.9.3.jar
[INFO] Downloaded from papermc: https://papermc.io/repo/repository/maven-public/org/apache/logging/log4j/log4j-api/2.14.1/log4j-api-2.14.1.jar (300 kB at 205 kB/s)
[INFO] Downloading from papermc: https://papermc.io/repo/repository/maven-public/net/kyori/adventure-text-serializer-plain/4.9.3/adventure-text-serializer-plain-4.9.3.jar
[INFO] Downloaded from papermc: https://papermc.io/repo/repository/maven-public/net/kyori/adventure-text-serializer-gson/4.9.3/adventure-text-serializer-gson-4.9.3.jar (38 kB at 23 kB/s)
[INFO] Downloading from papermc: https://papermc.io/repo/repository/maven-public/org/checkerframework/checker-qual/3.19.0/checker-qual-3.19.0.jar
[INFO] Downloaded from papermc: https://papermc.io/repo/repository/maven-public/net/kyori/examination-api/1.3.0/examination-api-1.3.0.jar (23 kB at 13 kB/s)
[INFO] Downloading from papermc: https://papermc.io/repo/repository/maven-public/org/ow2/asm/asm/9.2/asm-9.2.jar
[INFO] Downloaded from papermc: https://papermc.io/repo/repository/maven-public/net/kyori/adventure-key/4.9.3/adventure-key-4.9.3.jar (8.2 kB at 4.2 kB/s)
[INFO] Downloading from papermc: https://papermc.io/repo/repository/maven-public/org/ow2/asm/asm-commons/9.2/asm-commons-9.2.jar
[INFO] Downloaded from papermc: https://papermc.io/repo/repository/maven-public/org/checkerframework/checker-qual/3.19.0/checker-qual-3.19.0.jar (222 kB at 112 kB/s)
[INFO] Downloading from papermc: https://papermc.io/repo/repository/maven-public/org/ow2/asm/asm-tree/9.2/asm-tree-9.2.jar
[INFO] Downloaded from papermc: https://papermc.io/repo/repository/maven-public/org/ow2/asm/asm-commons/9.2/asm-commons-9.2.jar (73 kB at 31 kB/s)
[INFO] Downloading from papermc: https://papermc.io/repo/repository/maven-public/org/ow2/asm/asm-analysis/9.2/asm-analysis-9.2.jar
[INFO] Downloaded from papermc: https://papermc.io/repo/repository/maven-public/net/kyori/adventure-text-serializer-legacy/4.9.3/adventure-text-serializer-legacy-4.9.3.jar (24 kB at 9.6 kB/s)
[INFO] Downloading from papermc: https://papermc.io/repo/repository/maven-public/com/github/StarWishsama/Slimefun4/2022.06/Slimefun4-2022.06.jar
[INFO] Downloaded from papermc: https://papermc.io/repo/repository/maven-public/net/kyori/adventure-text-serializer-plain/4.9.3/adventure-text-serializer-plain-4.9.3.jar (13 kB at 5.1 kB/s)
[INFO] Downloading from papermc: https://papermc.io/repo/repository/maven-public/org/projectlombok/lombok/1.18.22/lombok-1.18.22.jar
[INFO] Downloaded from papermc: https://papermc.io/repo/repository/maven-public/org/ow2/asm/asm/9.2/asm-9.2.jar (122 kB at 42 kB/s)
[INFO] Downloading from papermc: https://papermc.io/repo/repository/maven-public/net/guizhanss/InfinityLib/1.3.7/InfinityLib-1.3.7.jar
[INFO] Downloaded from papermc: https://papermc.io/repo/repository/maven-public/org/ow2/asm/asm-tree/9.2/asm-tree-9.2.jar (53 kB at 17 kB/s)
[INFO] Downloading from papermc: https://papermc.io/repo/repository/maven-public/it/unimi/dsi/fastutil/8.5.6/fastutil-8.5.6.jar
[INFO] Downloaded from papermc: https://papermc.io/repo/repository/maven-public/org/ow2/asm/asm-analysis/9.2/asm-analysis-9.2.jar (34 kB at 10 kB/s)
[INFO] Downloading from papermc: https://papermc.io/repo/repository/maven-public/com/github/seeseemelk/MockBukkit-v1.18/1.15.5/MockBukkit-v1.18-1.15.5.jar
[INFO] Downloaded from papermc: https://papermc.io/repo/repository/maven-public/org/projectlombok/lombok/1.18.22/lombok-1.18.22.jar (2.0 MB at 537 kB/s)
[INFO] Downloading from papermc: https://papermc.io/repo/repository/maven-public/org/spigotmc/spigot-api/1.18.1-R0.1-SNAPSHOT/spigot-api-1.18.1-R0.1-20220228.150432-81.jar
[INFO] Downloaded from papermc: https://papermc.io/repo/repository/maven-public/it/unimi/dsi/fastutil/8.5.6/fastutil-8.5.6.jar (24 MB at 6.2 MB/s)
[INFO] Downloading from papermc: https://papermc.io/repo/repository/maven-public/org/junit/jupiter/junit-jupiter/5.7.2/junit-jupiter-5.7.2.jar
[INFO] Downloading from papermc: https://papermc.io/repo/repository/maven-public/org/junit/jupiter/junit-jupiter-api/5.7.2/junit-jupiter-api-5.7.2.jar
[INFO] Downloaded from papermc: https://papermc.io/repo/repository/maven-public/org/junit/jupiter/junit-jupiter/5.7.2/junit-jupiter-5.7.2.jar (6.4 kB at 1.6 kB/s)
[INFO] Downloading from papermc: https://papermc.io/repo/repository/maven-public/org/apiguardian/apiguardian-api/1.1.0/apiguardian-api-1.1.0.jar
[INFO] Downloaded from papermc: https://papermc.io/repo/repository/maven-public/com/github/seeseemelk/MockBukkit-v1.18/1.15.5/MockBukkit-v1.18-1.15.5.jar (307 kB at 70 kB/s)
[INFO] Downloading from papermc: https://papermc.io/repo/repository/maven-public/org/opentest4j/opentest4j/1.2.0/opentest4j-1.2.0.jar
[INFO] Downloading from papermc: https://papermc.io/repo/repository/maven-public/org/junit/platform/junit-platform-commons/1.7.2/junit-platform-commons-1.7.2.jar
[INFO] Downloaded from papermc: https://papermc.io/repo/repository/maven-public/org/spigotmc/spigot-api/1.18.1-R0.1-SNAPSHOT/spigot-api-1.18.1-R0.1-20220228.150432-81.jar (1.4 MB at 295 kB/s)
[INFO] Downloading from papermc: https://papermc.io/repo/repository/maven-public/org/junit/jupiter/junit-jupiter-params/5.7.2/junit-jupiter-params-5.7.2.jar
[INFO] Downloaded from papermc: https://papermc.io/repo/repository/maven-public/org/apiguardian/apiguardian-api/1.1.0/apiguardian-api-1.1.0.jar (2.4 kB at 466 B/s)
[INFO] Downloading from papermc: https://papermc.io/repo/repository/maven-public/org/junit/jupiter/junit-jupiter-engine/5.7.2/junit-jupiter-engine-5.7.2.jar
[INFO] Downloaded from papermc: https://papermc.io/repo/repository/maven-public/org/junit/jupiter/junit-jupiter-api/5.7.2/junit-jupiter-api-5.7.2.jar (176 kB at 34 kB/s)
[INFO] Downloading from papermc: https://papermc.io/repo/repository/maven-public/org/junit/platform/junit-platform-engine/1.7.2/junit-platform-engine-1.7.2.jar
[INFO] Downloaded from papermc: https://papermc.io/repo/repository/maven-public/org/opentest4j/opentest4j/1.2.0/opentest4j-1.2.0.jar (7.7 kB at 1.4 kB/s)
[INFO] Downloading from papermc: https://papermc.io/repo/repository/maven-public/org/hamcrest/hamcrest-library/2.2/hamcrest-library-2.2.jar
[INFO] Downloaded from papermc: https://papermc.io/repo/repository/maven-public/org/junit/jupiter/junit-jupiter-engine/5.7.2/junit-jupiter-engine-5.7.2.jar (213 kB at 38 kB/s)
[INFO] Downloading from papermc: https://papermc.io/repo/repository/maven-public/org/hamcrest/hamcrest-core/2.2/hamcrest-core-2.2.jar
[INFO] Downloaded from papermc: https://papermc.io/repo/repository/maven-public/org/junit/platform/junit-platform-commons/1.7.2/junit-platform-commons-1.7.2.jar (100 kB at 18 kB/s)
[INFO] Downloading from papermc: https://papermc.io/repo/repository/maven-public/org/hamcrest/hamcrest/2.2/hamcrest-2.2.jar
[INFO] Downloaded from papermc: https://papermc.io/repo/repository/maven-public/org/junit/jupiter/junit-jupiter-params/5.7.2/junit-jupiter-params-5.7.2.jar (567 kB at 98 kB/s)
[INFO] Downloading from papermc: https://papermc.io/repo/repository/maven-public/commons-io/commons-io/2.11.0/commons-io-2.11.0.jar
[INFO] Downloaded from papermc: https://papermc.io/repo/repository/maven-public/org/hamcrest/hamcrest-library/2.2/hamcrest-library-2.2.jar (1.5 kB at 265 B/s)
[INFO] Downloading from papermc: https://papermc.io/repo/repository/maven-public/org/jetbrains/annotations/21.0.1/annotations-21.0.1.jar
[INFO] Downloaded from papermc: https://papermc.io/repo/repository/maven-public/org/hamcrest/hamcrest-core/2.2/hamcrest-core-2.2.jar (1.5 kB at 254 B/s)
[INFO] Downloaded from papermc: https://papermc.io/repo/repository/maven-public/org/hamcrest/hamcrest/2.2/hamcrest-2.2.jar (123 kB at 20 kB/s)
[INFO] Downloaded from papermc: https://papermc.io/repo/repository/maven-public/org/junit/platform/junit-platform-engine/1.7.2/junit-platform-engine-1.7.2.jar (181 kB at 29 kB/s)
[INFO] Downloaded from papermc: https://papermc.io/repo/repository/maven-public/org/jetbrains/annotations/21.0.1/annotations-21.0.1.jar (28 kB at 4.0 kB/s)
[INFO] Downloaded from papermc: https://papermc.io/repo/repository/maven-public/commons-io/commons-io/2.11.0/commons-io-2.11.0.jar (327 kB at 48 kB/s)
[INFO] Downloading from jitpack.io: https://jitpack.io/com/github/StarWishsama/Slimefun4/2022.06/Slimefun4-2022.06.jar
[INFO] Downloading from jitpack.io: https://jitpack.io/net/guizhanss/InfinityLib/1.3.7/InfinityLib-1.3.7.jar
[INFO] Downloaded from jitpack.io: https://jitpack.io/net/guizhanss/InfinityLib/1.3.7/InfinityLib-1.3.7.jar (91 kB at 170 kB/s)
[INFO] Downloaded from jitpack.io: https://jitpack.io/com/github/StarWishsama/Slimefun4/2022.06/Slimefun4-2022.06.jar (4.7 MB at 3.8 MB/s)
[INFO] 
[INFO] --- maven-clean-plugin:2.5:clean (default-clean) @ Galactifun ---
[INFO] 
[INFO] --- maven-resources-plugin:2.6:resources (default-resources) @ Galactifun ---
[INFO] Using 'UTF-8' encoding to copy filtered resources.
[INFO] Copying 3 resources
[INFO] Copying 1 resource
[INFO] 
[INFO] --- maven-compiler-plugin:3.1:compile (default-compile) @ Galactifun ---
[INFO] Changes detected - recompiling the module!
[INFO] Compiling 114 source files to /home/runner/work/guizhan-builds/guizhan-builds/static/f/baoad/Galactifun/master/workspace/target/classes
[WARNING] /home/runner/work/guizhan-builds/guizhan-builds/static/f/baoad/Galactifun/master/workspace/src/main/java/io/github/addoncommunity/galactifun/core/categories/AssemblyItemGroup.java: Some input files use or override a deprecated API.
[WARNING] /home/runner/work/guizhan-builds/guizhan-builds/static/f/baoad/Galactifun/master/workspace/src/main/java/io/github/addoncommunity/galactifun/core/categories/AssemblyItemGroup.java: Recompile with -Xlint:deprecation for details.
[WARNING] /home/runner/work/guizhan-builds/guizhan-builds/static/f/baoad/Galactifun/master/workspace/src/main/java/io/github/addoncommunity/galactifun/Galactifun.java: /home/runner/work/guizhan-builds/guizhan-builds/static/f/baoad/Galactifun/master/workspace/src/main/java/io/github/addoncommunity/galactifun/Galactifun.java uses unchecked or unsafe operations.
[WARNING] /home/runner/work/guizhan-builds/guizhan-builds/static/f/baoad/Galactifun/master/workspace/src/main/java/io/github/addoncommunity/galactifun/Galactifun.java: Recompile with -Xlint:unchecked for details.
[INFO] 
[INFO] --- maven-resources-plugin:2.6:testResources (default-testResources) @ Galactifun ---
[INFO] Using 'UTF-8' encoding to copy filtered resources.
[INFO] skip non existing resourceDirectory /home/runner/work/guizhan-builds/guizhan-builds/static/f/baoad/Galactifun/master/workspace/src/test/resources
[INFO] 
[INFO] --- maven-compiler-plugin:3.1:testCompile (default-testCompile) @ Galactifun ---
[INFO] No sources to compile
[INFO] 
[INFO] --- maven-surefire-plugin:2.12.4:test (default-test) @ Galactifun ---
[INFO] No tests to run.
[INFO] 
[INFO] --- maven-jar-plugin:2.4:jar (default-jar) @ Galactifun ---
[INFO] Building jar: /home/runner/work/guizhan-builds/guizhan-builds/static/f/baoad/Galactifun/master/workspace/target/Galactifun-Build 10 zh-CN(baoad) (git a33da3f).jar
[INFO] 
[INFO] --- maven-shade-plugin:3.3.1-SNAPSHOT:shade (default) @ Galactifun ---
[INFO] Including net.guizhanss:InfinityLib:jar:1.3.7 in the shaded jar.
[INFO] Including it.unimi.dsi:fastutil:jar:8.5.6 in the shaded jar.
[INFO] Including net.guizhanss:GuizhanLib:jar:0.9.9 in the shaded jar.
[INFO] Minimizing jar io.github.addoncommunity.galactifun:Galactifun:jar:Build 10 zh-CN(baoad) (git a33da3f)
[WARNING] /home/runner/work/guizhan-builds/guizhan-builds/static/f/baoad/Galactifun/master/workspace/target/classes (Is a directory)
[INFO] Dependency-reduced POM written at: /home/runner/work/guizhan-builds/guizhan-builds/static/f/baoad/Galactifun/master/workspace/dependency-reduced-pom.xml
[INFO] Minimized 13077 -> 740 (5%)
[INFO] Replacing original artifact with shaded artifact.
[INFO] Replacing /home/runner/work/guizhan-builds/guizhan-builds/static/f/baoad/Galactifun/master/workspace/target/Galactifun-Build 10 zh-CN(baoad) (git a33da3f).jar with /home/runner/work/guizhan-builds/guizhan-builds/static/f/baoad/Galactifun/master/workspace/target/Galactifun-Build 10 zh-CN(baoad) (git a33da3f)-shaded.jar
[INFO] ------------------------------------------------------------------------
[INFO] BUILD SUCCESS
[INFO] ------------------------------------------------------------------------
[INFO] Total time:  51.464 s
[INFO] Finished at: 2022-08-07T18:17:30Z
[INFO] ------------------------------------------------------------------------
