[INFO] Scanning for projects...
[INFO] 
[INFO] ----------------------< dev.sefiraat:Cultivation >----------------------
[INFO] Building Cultivation Build 2 zh-CN(SlimefunGuguProject) (git 099c09d)
[INFO]   from pom.xml
[INFO] --------------------------------[ jar ]---------------------------------
[INFO] Downloading from central: https://repo.maven.apache.org/maven2/org/apache/maven/plugins/maven-compiler-plugin/3.10.1/maven-compiler-plugin-3.10.1.pom
[INFO] Downloaded from central: https://repo.maven.apache.org/maven2/org/apache/maven/plugins/maven-compiler-plugin/3.10.1/maven-compiler-plugin-3.10.1.pom (13 kB at 39 kB/s)
[INFO] Downloading from central: https://repo.maven.apache.org/maven2/org/apache/maven/plugins/maven-plugins/34/maven-plugins-34.pom
[INFO] Downloaded from central: https://repo.maven.apache.org/maven2/org/apache/maven/plugins/maven-plugins/34/maven-plugins-34.pom (11 kB at 396 kB/s)
[INFO] Downloading from central: https://repo.maven.apache.org/maven2/org/apache/apache/23/apache-23.pom
[INFO] Downloaded from central: https://repo.maven.apache.org/maven2/org/apache/apache/23/apache-23.pom (0 B at 0 B/s)
[INFO] Downloading from central: https://repo.maven.apache.org/maven2/org/apache/maven/plugins/maven-compiler-plugin/3.10.1/maven-compiler-plugin-3.10.1.jar
[INFO] Downloaded from central: https://repo.maven.apache.org/maven2/org/apache/maven/plugins/maven-compiler-plugin/3.10.1/maven-compiler-plugin-3.10.1.jar (62 kB at 1.5 MB/s)
[INFO] Downloading from central: https://repo.maven.apache.org/maven2/org/apache/maven/plugins/maven-shade-plugin/3.3.0/maven-shade-plugin-3.3.0.pom
[INFO] Downloaded from central: https://repo.maven.apache.org/maven2/org/apache/maven/plugins/maven-shade-plugin/3.3.0/maven-shade-plugin-3.3.0.pom (13 kB at 501 kB/s)
[INFO] Downloading from central: https://repo.maven.apache.org/maven2/org/apache/maven/plugins/maven-shade-plugin/3.3.0/maven-shade-plugin-3.3.0.jar
[INFO] Downloaded from central: https://repo.maven.apache.org/maven2/org/apache/maven/plugins/maven-shade-plugin/3.3.0/maven-shade-plugin-3.3.0.jar (141 kB at 2.7 MB/s)
[INFO] Downloading from spigot-repo: https://hub.spigotmc.org/nexus/content/repositories/snapshots/org/spigotmc/spigot-api/1.19.4-R0.1-SNAPSHOT/maven-metadata.xml
[INFO] Downloading from papermc: https://papermc.io/repo/repository/maven-public/org/spigotmc/spigot-api/1.19.4-R0.1-SNAPSHOT/maven-metadata.xml
[INFO] Downloading from jitpack.io: https://jitpack.io/org/spigotmc/spigot-api/1.19.4-R0.1-SNAPSHOT/maven-metadata.xml
[INFO] Downloading from aikar: https://repo.aikar.co/content/groups/aikar/org/spigotmc/spigot-api/1.19.4-R0.1-SNAPSHOT/maven-metadata.xml
[INFO] Downloaded from aikar: https://repo.aikar.co/content/groups/aikar/org/spigotmc/spigot-api/1.19.4-R0.1-SNAPSHOT/maven-metadata.xml (1.5 kB at 4.0 kB/s)
[INFO] Downloaded from spigot-repo: https://hub.spigotmc.org/nexus/content/repositories/snapshots/org/spigotmc/spigot-api/1.19.4-R0.1-SNAPSHOT/maven-metadata.xml (1.5 kB at 3.7 kB/s)
[INFO] Downloaded from papermc: https://papermc.io/repo/repository/maven-public/org/spigotmc/spigot-api/1.19.4-R0.1-SNAPSHOT/maven-metadata.xml (1.5 kB at 1.4 kB/s)
[INFO] Downloading from spigot-repo: https://hub.spigotmc.org/nexus/content/repositories/snapshots/org/spigotmc/spigot-api/1.19.4-R0.1-SNAPSHOT/spigot-api-1.19.4-R0.1-20230604.013518-87.pom
[INFO] Downloaded from spigot-repo: https://hub.spigotmc.org/nexus/content/repositories/snapshots/org/spigotmc/spigot-api/1.19.4-R0.1-SNAPSHOT/spigot-api-1.19.4-R0.1-20230604.013518-87.pom (11 kB at 80 kB/s)
[INFO] Downloading from spigot-repo: https://hub.spigotmc.org/nexus/content/repositories/snapshots/com/google/guava/guava/31.1-jre/guava-31.1-jre.pom
[INFO] Downloading from jitpack.io: https://jitpack.io/com/google/guava/guava/31.1-jre/guava-31.1-jre.pom
[INFO] Downloading from papermc: https://papermc.io/repo/repository/maven-public/com/google/guava/guava/31.1-jre/guava-31.1-jre.pom
[INFO] Downloaded from papermc: https://papermc.io/repo/repository/maven-public/com/google/guava/guava/31.1-jre/guava-31.1-jre.pom (11 kB at 30 kB/s)
[INFO] Downloading from spigot-repo: https://hub.spigotmc.org/nexus/content/repositories/snapshots/com/google/guava/guava-parent/31.1-jre/guava-parent-31.1-jre.pom
[INFO] Downloading from jitpack.io: https://jitpack.io/com/google/guava/guava-parent/31.1-jre/guava-parent-31.1-jre.pom
[INFO] Downloading from papermc: https://papermc.io/repo/repository/maven-public/com/google/guava/guava-parent/31.1-jre/guava-parent-31.1-jre.pom
[INFO] Downloaded from papermc: https://papermc.io/repo/repository/maven-public/com/google/guava/guava-parent/31.1-jre/guava-parent-31.1-jre.pom (15 kB at 39 kB/s)
[INFO] Downloading from jitpack.io: https://jitpack.io/com/google/guava/failureaccess/1.0.1/failureaccess-1.0.1.pom
[INFO] Downloading from papermc: https://papermc.io/repo/repository/maven-public/com/google/guava/failureaccess/1.0.1/failureaccess-1.0.1.pom
[INFO] Downloaded from papermc: https://papermc.io/repo/repository/maven-public/com/google/guava/failureaccess/1.0.1/failureaccess-1.0.1.pom (0 B at 0 B/s)
[INFO] Downloading from jitpack.io: https://jitpack.io/com/google/guava/guava-parent/26.0-android/guava-parent-26.0-android.pom
[INFO] Downloading from papermc: https://papermc.io/repo/repository/maven-public/com/google/guava/guava-parent/26.0-android/guava-parent-26.0-android.pom
[INFO] Downloaded from papermc: https://papermc.io/repo/repository/maven-public/com/google/guava/guava-parent/26.0-android/guava-parent-26.0-android.pom (0 B at 0 B/s)
[INFO] Downloading from jitpack.io: https://jitpack.io/org/sonatype/oss/oss-parent/9/oss-parent-9.pom
[INFO] Downloading from papermc: https://papermc.io/repo/repository/maven-public/org/sonatype/oss/oss-parent/9/oss-parent-9.pom
[INFO] Downloaded from papermc: https://papermc.io/repo/repository/maven-public/org/sonatype/oss/oss-parent/9/oss-parent-9.pom (0 B at 0 B/s)
[INFO] Downloading from jitpack.io: https://jitpack.io/com/google/guava/listenablefuture/9999.0-empty-to-avoid-conflict-with-guava/listenablefuture-9999.0-empty-to-avoid-conflict-with-guava.pom
[INFO] Downloading from papermc: https://papermc.io/repo/repository/maven-public/com/google/guava/listenablefuture/9999.0-empty-to-avoid-conflict-with-guava/listenablefuture-9999.0-empty-to-avoid-conflict-with-guava.pom
[INFO] Downloaded from papermc: https://papermc.io/repo/repository/maven-public/com/google/guava/listenablefuture/9999.0-empty-to-avoid-conflict-with-guava/listenablefuture-9999.0-empty-to-avoid-conflict-with-guava.pom (0 B at 0 B/s)
[INFO] Downloading from jitpack.io: https://jitpack.io/com/google/code/findbugs/jsr305/3.0.2/jsr305-3.0.2.pom
[INFO] Downloading from papermc: https://papermc.io/repo/repository/maven-public/com/google/code/findbugs/jsr305/3.0.2/jsr305-3.0.2.pom
[INFO] Downloaded from papermc: https://papermc.io/repo/repository/maven-public/com/google/code/findbugs/jsr305/3.0.2/jsr305-3.0.2.pom (0 B at 0 B/s)
[INFO] Downloading from jitpack.io: https://jitpack.io/org/sonatype/oss/oss-parent/7/oss-parent-7.pom
[INFO] Downloading from papermc: https://papermc.io/repo/repository/maven-public/org/sonatype/oss/oss-parent/7/oss-parent-7.pom
[INFO] Downloaded from papermc: https://papermc.io/repo/repository/maven-public/org/sonatype/oss/oss-parent/7/oss-parent-7.pom (0 B at 0 B/s)
[INFO] Downloading from jitpack.io: https://jitpack.io/org/checkerframework/checker-qual/3.12.0/checker-qual-3.12.0.pom
[INFO] Downloading from papermc: https://papermc.io/repo/repository/maven-public/org/checkerframework/checker-qual/3.12.0/checker-qual-3.12.0.pom
[INFO] Downloaded from papermc: https://papermc.io/repo/repository/maven-public/org/checkerframework/checker-qual/3.12.0/checker-qual-3.12.0.pom (0 B at 0 B/s)
[INFO] Downloading from spigot-repo: https://hub.spigotmc.org/nexus/content/repositories/snapshots/com/google/errorprone/error_prone_annotations/2.11.0/error_prone_annotations-2.11.0.pom
[INFO] Downloading from jitpack.io: https://jitpack.io/com/google/errorprone/error_prone_annotations/2.11.0/error_prone_annotations-2.11.0.pom
[INFO] Downloading from papermc: https://papermc.io/repo/repository/maven-public/com/google/errorprone/error_prone_annotations/2.11.0/error_prone_annotations-2.11.0.pom
[INFO] Downloaded from papermc: https://papermc.io/repo/repository/maven-public/com/google/errorprone/error_prone_annotations/2.11.0/error_prone_annotations-2.11.0.pom (2.2 kB at 5.8 kB/s)
[INFO] Downloading from spigot-repo: https://hub.spigotmc.org/nexus/content/repositories/snapshots/com/google/errorprone/error_prone_parent/2.11.0/error_prone_parent-2.11.0.pom
[INFO] Downloading from jitpack.io: https://jitpack.io/com/google/errorprone/error_prone_parent/2.11.0/error_prone_parent-2.11.0.pom
[INFO] Downloading from papermc: https://papermc.io/repo/repository/maven-public/com/google/errorprone/error_prone_parent/2.11.0/error_prone_parent-2.11.0.pom
[INFO] Downloaded from papermc: https://papermc.io/repo/repository/maven-public/com/google/errorprone/error_prone_parent/2.11.0/error_prone_parent-2.11.0.pom (11 kB at 29 kB/s)
[INFO] Downloading from jitpack.io: https://jitpack.io/com/google/j2objc/j2objc-annotations/1.3/j2objc-annotations-1.3.pom
[INFO] Downloading from papermc: https://papermc.io/repo/repository/maven-public/com/google/j2objc/j2objc-annotations/1.3/j2objc-annotations-1.3.pom
[INFO] Downloaded from papermc: https://papermc.io/repo/repository/maven-public/com/google/j2objc/j2objc-annotations/1.3/j2objc-annotations-1.3.pom (0 B at 0 B/s)
[INFO] Downloading from spigot-repo: https://hub.spigotmc.org/nexus/content/repositories/snapshots/com/google/code/gson/gson/2.10/gson-2.10.pom
[INFO] Downloading from jitpack.io: https://jitpack.io/com/google/code/gson/gson/2.10/gson-2.10.pom
[INFO] Downloading from papermc: https://papermc.io/repo/repository/maven-public/com/google/code/gson/gson/2.10/gson-2.10.pom
[INFO] Downloaded from papermc: https://papermc.io/repo/repository/maven-public/com/google/code/gson/gson/2.10/gson-2.10.pom (9.4 kB at 26 kB/s)
[INFO] Downloading from spigot-repo: https://hub.spigotmc.org/nexus/content/repositories/snapshots/com/google/code/gson/gson-parent/2.10/gson-parent-2.10.pom
[INFO] Downloading from jitpack.io: https://jitpack.io/com/google/code/gson/gson-parent/2.10/gson-parent-2.10.pom
[INFO] Downloading from papermc: https://papermc.io/repo/repository/maven-public/com/google/code/gson/gson-parent/2.10/gson-parent-2.10.pom
[INFO] Downloaded from papermc: https://papermc.io/repo/repository/maven-public/com/google/code/gson/gson-parent/2.10/gson-parent-2.10.pom (12 kB at 34 kB/s)
[INFO] Downloading from spigot-repo: https://hub.spigotmc.org/nexus/content/repositories/snapshots/org/joml/joml/1.10.5/joml-1.10.5.pom
[INFO] Downloading from jitpack.io: https://jitpack.io/org/joml/joml/1.10.5/joml-1.10.5.pom
[INFO] Downloading from papermc: https://papermc.io/repo/repository/maven-public/org/joml/joml/1.10.5/joml-1.10.5.pom
[INFO] Downloaded from papermc: https://papermc.io/repo/repository/maven-public/org/joml/joml/1.10.5/joml-1.10.5.pom (29 kB at 79 kB/s)
[INFO] Downloading from jitpack.io: https://jitpack.io/net/md-5/bungeecord-chat/1.16-R0.4/bungeecord-chat-1.16-R0.4.pom
[INFO] Downloading from papermc: https://papermc.io/repo/repository/maven-public/net/md-5/bungeecord-chat/1.16-R0.4/bungeecord-chat-1.16-R0.4.pom
[INFO] Downloaded from papermc: https://papermc.io/repo/repository/maven-public/net/md-5/bungeecord-chat/1.16-R0.4/bungeecord-chat-1.16-R0.4.pom (0 B at 0 B/s)
[INFO] Downloading from jitpack.io: https://jitpack.io/net/md-5/bungeecord-parent/1.16-R0.4/bungeecord-parent-1.16-R0.4.pom
[INFO] Downloading from papermc: https://papermc.io/repo/repository/maven-public/net/md-5/bungeecord-parent/1.16-R0.4/bungeecord-parent-1.16-R0.4.pom
[INFO] Downloaded from papermc: https://papermc.io/repo/repository/maven-public/net/md-5/bungeecord-parent/1.16-R0.4/bungeecord-parent-1.16-R0.4.pom (0 B at 0 B/s)
[INFO] Downloading from jitpack.io: https://jitpack.io/com/google/code/gson/gson/2.8.0/gson-2.8.0.pom
[INFO] Downloading from papermc: https://papermc.io/repo/repository/maven-public/com/google/code/gson/gson/2.8.0/gson-2.8.0.pom
[INFO] Downloaded from papermc: https://papermc.io/repo/repository/maven-public/com/google/code/gson/gson/2.8.0/gson-2.8.0.pom (0 B at 0 B/s)
[INFO] Downloading from jitpack.io: https://jitpack.io/com/google/code/gson/gson-parent/2.8.0/gson-parent-2.8.0.pom
[INFO] Downloading from papermc: https://papermc.io/repo/repository/maven-public/com/google/code/gson/gson-parent/2.8.0/gson-parent-2.8.0.pom
[INFO] Downloaded from papermc: https://papermc.io/repo/repository/maven-public/com/google/code/gson/gson-parent/2.8.0/gson-parent-2.8.0.pom (0 B at 0 B/s)
[INFO] Downloading from jitpack.io: https://jitpack.io/com/google/guava/guava/21.0/guava-21.0.pom
[INFO] Downloading from papermc: https://papermc.io/repo/repository/maven-public/com/google/guava/guava/21.0/guava-21.0.pom
[INFO] Downloaded from papermc: https://papermc.io/repo/repository/maven-public/com/google/guava/guava/21.0/guava-21.0.pom (0 B at 0 B/s)
[INFO] Downloading from jitpack.io: https://jitpack.io/com/google/guava/guava-parent/21.0/guava-parent-21.0.pom
[INFO] Downloading from papermc: https://papermc.io/repo/repository/maven-public/com/google/guava/guava-parent/21.0/guava-parent-21.0.pom
[INFO] Downloaded from papermc: https://papermc.io/repo/repository/maven-public/com/google/guava/guava-parent/21.0/guava-parent-21.0.pom (0 B at 0 B/s)
[INFO] Downloading from spigot-repo: https://hub.spigotmc.org/nexus/content/repositories/snapshots/org/yaml/snakeyaml/1.33/snakeyaml-1.33.pom
[INFO] Downloading from jitpack.io: https://jitpack.io/org/yaml/snakeyaml/1.33/snakeyaml-1.33.pom
[INFO] Downloading from papermc: https://papermc.io/repo/repository/maven-public/org/yaml/snakeyaml/1.33/snakeyaml-1.33.pom
[INFO] Downloaded from papermc: https://papermc.io/repo/repository/maven-public/org/yaml/snakeyaml/1.33/snakeyaml-1.33.pom (39 kB at 105 kB/s)
[INFO] Downloading from spigot-repo: https://hub.spigotmc.org/nexus/content/repositories/snapshots/com/github/StarWishsama/Slimefun4/2023.02/Slimefun4-2023.02.pom
[INFO] Downloading from jitpack.io: https://jitpack.io/com/github/StarWishsama/Slimefun4/2023.02/Slimefun4-2023.02.pom
[INFO] Downloaded from jitpack.io: https://jitpack.io/com/github/StarWishsama/Slimefun4/2023.02/Slimefun4-2023.02.pom (12 kB at 53 kB/s)
[WARNING] The POM for com.github.StarWishsama:Slimefun4:jar:2023.02 is invalid, transitive dependencies (if any) will not be available, enable debug logging for more details
[INFO] Downloading from spigot-repo: https://hub.spigotmc.org/nexus/content/repositories/snapshots/io/github/baked-libs/dough-api/1.2.0/dough-api-1.2.0.pom
[INFO] Downloading from jitpack.io: https://jitpack.io/io/github/baked-libs/dough-api/1.2.0/dough-api-1.2.0.pom
[INFO] Downloading from papermc: https://papermc.io/repo/repository/maven-public/io/github/baked-libs/dough-api/1.2.0/dough-api-1.2.0.pom
[INFO] Downloaded from papermc: https://papermc.io/repo/repository/maven-public/io/github/baked-libs/dough-api/1.2.0/dough-api-1.2.0.pom (17 kB at 45 kB/s)
[INFO] Downloading from spigot-repo: https://hub.spigotmc.org/nexus/content/repositories/snapshots/io/github/baked-libs/dough/1.2.0/dough-1.2.0.pom
[INFO] Downloading from jitpack.io: https://jitpack.io/io/github/baked-libs/dough/1.2.0/dough-1.2.0.pom
[INFO] Downloading from papermc: https://papermc.io/repo/repository/maven-public/io/github/baked-libs/dough/1.2.0/dough-1.2.0.pom
[INFO] Downloaded from papermc: https://papermc.io/repo/repository/maven-public/io/github/baked-libs/dough/1.2.0/dough-1.2.0.pom (11 kB at 30 kB/s)
[INFO] Downloading from spigot-repo: https://hub.spigotmc.org/nexus/content/repositories/snapshots/dev/sefiraat/SefiLib/0.2.6/SefiLib-0.2.6.pom
[INFO] Downloading from jitpack.io: https://jitpack.io/dev/sefiraat/SefiLib/0.2.6/SefiLib-0.2.6.pom
[INFO] Downloading from papermc: https://papermc.io/repo/repository/maven-public/dev/sefiraat/SefiLib/0.2.6/SefiLib-0.2.6.pom
[INFO] Downloaded from papermc: https://papermc.io/repo/repository/maven-public/dev/sefiraat/SefiLib/0.2.6/SefiLib-0.2.6.pom (6.7 kB at 13 kB/s)
[INFO] Downloading from spigot-repo: https://hub.spigotmc.org/nexus/content/repositories/snapshots/com/google/code/findbugs/annotations/3.0.1u2/annotations-3.0.1u2.pom
[INFO] Downloading from jitpack.io: https://jitpack.io/com/google/code/findbugs/annotations/3.0.1u2/annotations-3.0.1u2.pom
[INFO] Downloading from papermc: https://papermc.io/repo/repository/maven-public/com/google/code/findbugs/annotations/3.0.1u2/annotations-3.0.1u2.pom
[INFO] Downloaded from papermc: https://papermc.io/repo/repository/maven-public/com/google/code/findbugs/annotations/3.0.1u2/annotations-3.0.1u2.pom (7.0 kB at 19 kB/s)
[INFO] Downloading from spigot-repo: https://hub.spigotmc.org/nexus/content/repositories/snapshots/net/jcip/jcip-annotations/1.0/jcip-annotations-1.0.pom
[INFO] Downloading from jitpack.io: https://jitpack.io/net/jcip/jcip-annotations/1.0/jcip-annotations-1.0.pom
[INFO] Downloading from papermc: https://papermc.io/repo/repository/maven-public/net/jcip/jcip-annotations/1.0/jcip-annotations-1.0.pom
[INFO] Downloaded from papermc: https://papermc.io/repo/repository/maven-public/net/jcip/jcip-annotations/1.0/jcip-annotations-1.0.pom (491 B at 1.3 kB/s)
[INFO] Downloading from spigot-repo: https://hub.spigotmc.org/nexus/content/repositories/snapshots/com/google/code/findbugs/jsr305/3.0.1/jsr305-3.0.1.pom
[INFO] Downloading from jitpack.io: https://jitpack.io/com/google/code/findbugs/jsr305/3.0.1/jsr305-3.0.1.pom
[INFO] Downloading from papermc: https://papermc.io/repo/repository/maven-public/com/google/code/findbugs/jsr305/3.0.1/jsr305-3.0.1.pom
[INFO] Downloaded from papermc: https://papermc.io/repo/repository/maven-public/com/google/code/findbugs/jsr305/3.0.1/jsr305-3.0.1.pom (4.3 kB at 12 kB/s)
[INFO] Downloading from spigot-repo: https://hub.spigotmc.org/nexus/content/repositories/snapshots/org/bstats/bstats-bukkit/3.0.0/bstats-bukkit-3.0.0.pom
[INFO] Downloading from jitpack.io: https://jitpack.io/org/bstats/bstats-bukkit/3.0.0/bstats-bukkit-3.0.0.pom
[INFO] Downloading from papermc: https://papermc.io/repo/repository/maven-public/org/bstats/bstats-bukkit/3.0.0/bstats-bukkit-3.0.0.pom
[INFO] Downloaded from papermc: https://papermc.io/repo/repository/maven-public/org/bstats/bstats-bukkit/3.0.0/bstats-bukkit-3.0.0.pom (1.7 kB at 4.7 kB/s)
[INFO] Downloading from spigot-repo: https://hub.spigotmc.org/nexus/content/repositories/snapshots/org/bstats/bstats-base/3.0.0/bstats-base-3.0.0.pom
[INFO] Downloading from jitpack.io: https://jitpack.io/org/bstats/bstats-base/3.0.0/bstats-base-3.0.0.pom
[INFO] Downloading from papermc: https://papermc.io/repo/repository/maven-public/org/bstats/bstats-base/3.0.0/bstats-base-3.0.0.pom
[INFO] Downloaded from papermc: https://papermc.io/repo/repository/maven-public/org/bstats/bstats-base/3.0.0/bstats-base-3.0.0.pom (1.5 kB at 4.1 kB/s)
[INFO] Downloading from spigot-repo: https://hub.spigotmc.org/nexus/content/repositories/snapshots/io/papermc/paperlib/1.0.7/paperlib-1.0.7.pom
[INFO] Downloading from jitpack.io: https://jitpack.io/io/papermc/paperlib/1.0.7/paperlib-1.0.7.pom
[INFO] Downloading from papermc: https://papermc.io/repo/repository/maven-public/io/papermc/paperlib/1.0.7/paperlib-1.0.7.pom
[INFO] Downloaded from papermc: https://papermc.io/repo/repository/maven-public/io/papermc/paperlib/1.0.7/paperlib-1.0.7.pom (1.3 kB at 3.5 kB/s)
[INFO] Downloading from spigot-repo: https://hub.spigotmc.org/nexus/content/repositories/snapshots/org/jetbrains/annotations/23.0.0/annotations-23.0.0.pom
[INFO] Downloading from jitpack.io: https://jitpack.io/org/jetbrains/annotations/23.0.0/annotations-23.0.0.pom
[INFO] Downloading from papermc: https://papermc.io/repo/repository/maven-public/org/jetbrains/annotations/23.0.0/annotations-23.0.0.pom
[INFO] Downloaded from papermc: https://papermc.io/repo/repository/maven-public/org/jetbrains/annotations/23.0.0/annotations-23.0.0.pom (1.4 kB at 3.7 kB/s)
[INFO] Downloading from jitpack.io: https://jitpack.io/co/aikar/acf-paper/0.5.1-SNAPSHOT/maven-metadata.xml
[INFO] Downloading from papermc: https://papermc.io/repo/repository/maven-public/co/aikar/acf-paper/0.5.1-SNAPSHOT/maven-metadata.xml
[INFO] Downloading from spigot-repo: https://hub.spigotmc.org/nexus/content/repositories/snapshots/co/aikar/acf-paper/0.5.1-SNAPSHOT/maven-metadata.xml
[INFO] Downloading from aikar: https://repo.aikar.co/content/groups/aikar/co/aikar/acf-paper/0.5.1-SNAPSHOT/maven-metadata.xml
[INFO] Downloaded from aikar: https://repo.aikar.co/content/groups/aikar/co/aikar/acf-paper/0.5.1-SNAPSHOT/maven-metadata.xml (985 B at 9.1 kB/s)
[INFO] Downloading from spigot-repo: https://hub.spigotmc.org/nexus/content/repositories/snapshots/co/aikar/acf-paper/0.5.1-SNAPSHOT/acf-paper-0.5.1-20230402.215239-24.pom
[INFO] Downloading from jitpack.io: https://jitpack.io/co/aikar/acf-paper/0.5.1-SNAPSHOT/acf-paper-0.5.1-20230402.215239-24.pom
[INFO] Downloading from papermc: https://papermc.io/repo/repository/maven-public/co/aikar/acf-paper/0.5.1-SNAPSHOT/acf-paper-0.5.1-20230402.215239-24.pom
[INFO] Downloading from aikar: https://repo.aikar.co/content/groups/aikar/co/aikar/acf-paper/0.5.1-SNAPSHOT/acf-paper-0.5.1-20230402.215239-24.pom
[INFO] Downloaded from aikar: https://repo.aikar.co/content/groups/aikar/co/aikar/acf-paper/0.5.1-SNAPSHOT/acf-paper-0.5.1-20230402.215239-24.pom (4.0 kB at 35 kB/s)
[INFO] Downloading from spigot-repo: https://hub.spigotmc.org/nexus/content/repositories/snapshots/co/aikar/acf-parent/0.5.1-SNAPSHOT/maven-metadata.xml
[INFO] Downloading from jitpack.io: https://jitpack.io/co/aikar/acf-parent/0.5.1-SNAPSHOT/maven-metadata.xml
[INFO] Downloading from papermc: https://papermc.io/repo/repository/maven-public/co/aikar/acf-parent/0.5.1-SNAPSHOT/maven-metadata.xml
[INFO] Downloading from aikar: https://repo.aikar.co/content/groups/aikar/co/aikar/acf-parent/0.5.1-SNAPSHOT/maven-metadata.xml
[INFO] Downloaded from aikar: https://repo.aikar.co/content/groups/aikar/co/aikar/acf-parent/0.5.1-SNAPSHOT/maven-metadata.xml (597 B at 5.6 kB/s)
[INFO] Downloading from aikar: https://repo.aikar.co/content/groups/aikar/co/aikar/acf-parent/0.5.1-SNAPSHOT/acf-parent-0.5.1-20230402.215239-26.pom
[INFO] Downloaded from aikar: https://repo.aikar.co/content/groups/aikar/co/aikar/acf-parent/0.5.1-SNAPSHOT/acf-parent-0.5.1-20230402.215239-26.pom (8.4 kB at 75 kB/s)
[INFO] Downloading from spigot-repo: https://hub.spigotmc.org/nexus/content/repositories/snapshots/net/guizhanss/GuizhanLibPlugin/1.2.1/GuizhanLibPlugin-1.2.1.pom
[INFO] Downloading from jitpack.io: https://jitpack.io/net/guizhanss/GuizhanLibPlugin/1.2.1/GuizhanLibPlugin-1.2.1.pom
[INFO] Downloading from papermc: https://papermc.io/repo/repository/maven-public/net/guizhanss/GuizhanLibPlugin/1.2.1/GuizhanLibPlugin-1.2.1.pom
[INFO] Downloaded from papermc: https://papermc.io/repo/repository/maven-public/net/guizhanss/GuizhanLibPlugin/1.2.1/GuizhanLibPlugin-1.2.1.pom (10 kB at 28 kB/s)
[INFO] Downloading from spigot-repo: https://hub.spigotmc.org/nexus/content/repositories/snapshots/org/bstats/bstats-bukkit/3.0.2/bstats-bukkit-3.0.2.pom
[INFO] Downloading from jitpack.io: https://jitpack.io/org/bstats/bstats-bukkit/3.0.2/bstats-bukkit-3.0.2.pom
[INFO] Downloading from papermc: https://papermc.io/repo/repository/maven-public/org/bstats/bstats-bukkit/3.0.2/bstats-bukkit-3.0.2.pom
[INFO] Downloaded from papermc: https://papermc.io/repo/repository/maven-public/org/bstats/bstats-bukkit/3.0.2/bstats-bukkit-3.0.2.pom (1.7 kB at 4.8 kB/s)
[INFO] Downloading from spigot-repo: https://hub.spigotmc.org/nexus/content/repositories/snapshots/org/bstats/bstats-base/3.0.2/bstats-base-3.0.2.pom
[INFO] Downloading from jitpack.io: https://jitpack.io/org/bstats/bstats-base/3.0.2/bstats-base-3.0.2.pom
[INFO] Downloading from papermc: https://papermc.io/repo/repository/maven-public/org/bstats/bstats-base/3.0.2/bstats-base-3.0.2.pom
[INFO] Downloaded from papermc: https://papermc.io/repo/repository/maven-public/org/bstats/bstats-base/3.0.2/bstats-base-3.0.2.pom (1.5 kB at 4.2 kB/s)
[INFO] Downloading from spigot-repo: https://hub.spigotmc.org/nexus/content/repositories/snapshots/net/guizhanss/GuizhanLib-api/1.2.1/GuizhanLib-api-1.2.1.pom
[INFO] Downloading from jitpack.io: https://jitpack.io/net/guizhanss/GuizhanLib-api/1.2.1/GuizhanLib-api-1.2.1.pom
[INFO] Downloading from papermc: https://papermc.io/repo/repository/maven-public/net/guizhanss/GuizhanLib-api/1.2.1/GuizhanLib-api-1.2.1.pom
[INFO] Downloaded from papermc: https://papermc.io/repo/repository/maven-public/net/guizhanss/GuizhanLib-api/1.2.1/GuizhanLib-api-1.2.1.pom (8.1 kB at 22 kB/s)
[INFO] Downloading from spigot-repo: https://hub.spigotmc.org/nexus/content/repositories/snapshots/net/guizhanss/GuizhanLib/1.2.1/GuizhanLib-1.2.1.pom
[INFO] Downloading from jitpack.io: https://jitpack.io/net/guizhanss/GuizhanLib/1.2.1/GuizhanLib-1.2.1.pom
[INFO] Downloaded from jitpack.io: https://jitpack.io/net/guizhanss/GuizhanLib/1.2.1/GuizhanLib-1.2.1.pom (1.4 kB at 9.5 kB/s)
[WARNING] The POM for net.guizhanss:GuizhanLib-api:jar:1.2.1 is invalid, transitive dependencies (if any) will not be available, enable debug logging for more details
[INFO] Downloading from spigot-repo: https://hub.spigotmc.org/nexus/content/repositories/snapshots/org/spigotmc/spigot-api/1.19.4-R0.1-SNAPSHOT/spigot-api-1.19.4-R0.1-20230604.013518-87.jar
[INFO] Downloading from spigot-repo: https://hub.spigotmc.org/nexus/content/repositories/snapshots/com/google/guava/guava/31.1-jre/guava-31.1-jre.jar
[INFO] Downloading from spigot-repo: https://hub.spigotmc.org/nexus/content/repositories/snapshots/com/google/errorprone/error_prone_annotations/2.11.0/error_prone_annotations-2.11.0.jar
[INFO] Downloading from spigot-repo: https://hub.spigotmc.org/nexus/content/repositories/snapshots/com/google/code/gson/gson/2.10/gson-2.10.jar
[INFO] Downloading from spigot-repo: https://hub.spigotmc.org/nexus/content/repositories/snapshots/org/joml/joml/1.10.5/joml-1.10.5.jar
[INFO] Downloading from spigot-repo: https://hub.spigotmc.org/nexus/content/repositories/snapshots/org/yaml/snakeyaml/1.33/snakeyaml-1.33.jar
[INFO] Downloading from spigot-repo: https://hub.spigotmc.org/nexus/content/repositories/snapshots/com/github/StarWishsama/Slimefun4/2023.02/Slimefun4-2023.02.jar
[INFO] Downloading from spigot-repo: https://hub.spigotmc.org/nexus/content/repositories/snapshots/io/github/baked-libs/dough-api/1.2.0/dough-api-1.2.0.jar
[INFO] Downloading from spigot-repo: https://hub.spigotmc.org/nexus/content/repositories/snapshots/dev/sefiraat/SefiLib/0.2.6/SefiLib-0.2.6.jar
[INFO] Downloaded from spigot-repo: https://hub.spigotmc.org/nexus/content/repositories/snapshots/org/spigotmc/spigot-api/1.19.4-R0.1-SNAPSHOT/spigot-api-1.19.4-R0.1-20230604.013518-87.jar (1.5 MB at 4.9 MB/s)
[INFO] Downloading from spigot-repo: https://hub.spigotmc.org/nexus/content/repositories/snapshots/org/bstats/bstats-bukkit/3.0.0/bstats-bukkit-3.0.0.jar
[INFO] Downloading from spigot-repo: https://hub.spigotmc.org/nexus/content/repositories/snapshots/org/bstats/bstats-base/3.0.0/bstats-base-3.0.0.jar
[INFO] Downloading from spigot-repo: https://hub.spigotmc.org/nexus/content/repositories/snapshots/com/google/code/findbugs/annotations/3.0.1u2/annotations-3.0.1u2.jar
[INFO] Downloading from spigot-repo: https://hub.spigotmc.org/nexus/content/repositories/snapshots/net/jcip/jcip-annotations/1.0/jcip-annotations-1.0.jar
[INFO] Downloading from spigot-repo: https://hub.spigotmc.org/nexus/content/repositories/snapshots/com/google/code/findbugs/jsr305/3.0.1/jsr305-3.0.1.jar
[INFO] Downloading from spigot-repo: https://hub.spigotmc.org/nexus/content/repositories/snapshots/io/papermc/paperlib/1.0.7/paperlib-1.0.7.jar
[INFO] Downloading from spigot-repo: https://hub.spigotmc.org/nexus/content/repositories/snapshots/org/jetbrains/annotations/23.0.0/annotations-23.0.0.jar
[INFO] Downloading from spigot-repo: https://hub.spigotmc.org/nexus/content/repositories/snapshots/net/guizhanss/GuizhanLibPlugin/1.2.1/GuizhanLibPlugin-1.2.1.jar
[INFO] Downloading from spigot-repo: https://hub.spigotmc.org/nexus/content/repositories/snapshots/net/guizhanss/GuizhanLib-api/1.2.1/GuizhanLib-api-1.2.1.jar
[INFO] Downloading from jitpack.io: https://jitpack.io/com/google/guava/guava/31.1-jre/guava-31.1-jre.jar
[INFO] Downloading from jitpack.io: https://jitpack.io/com/google/guava/failureaccess/1.0.1/failureaccess-1.0.1.jar
[INFO] Downloading from jitpack.io: https://jitpack.io/com/google/guava/listenablefuture/9999.0-empty-to-avoid-conflict-with-guava/listenablefuture-9999.0-empty-to-avoid-conflict-with-guava.jar
[INFO] Downloading from jitpack.io: https://jitpack.io/org/checkerframework/checker-qual/3.12.0/checker-qual-3.12.0.jar
[INFO] Downloading from jitpack.io: https://jitpack.io/com/google/errorprone/error_prone_annotations/2.11.0/error_prone_annotations-2.11.0.jar
[INFO] Downloading from jitpack.io: https://jitpack.io/com/google/j2objc/j2objc-annotations/1.3/j2objc-annotations-1.3.jar
[INFO] Downloading from jitpack.io: https://jitpack.io/com/google/code/gson/gson/2.10/gson-2.10.jar
[INFO] Downloading from jitpack.io: https://jitpack.io/org/joml/joml/1.10.5/joml-1.10.5.jar
[INFO] Downloading from jitpack.io: https://jitpack.io/net/md-5/bungeecord-chat/1.16-R0.4/bungeecord-chat-1.16-R0.4.jar
[INFO] Downloading from jitpack.io: https://jitpack.io/org/yaml/snakeyaml/1.33/snakeyaml-1.33.jar
[INFO] Downloading from jitpack.io: https://jitpack.io/com/github/StarWishsama/Slimefun4/2023.02/Slimefun4-2023.02.jar
[INFO] Downloading from jitpack.io: https://jitpack.io/io/github/baked-libs/dough-api/1.2.0/dough-api-1.2.0.jar
[INFO] Downloading from jitpack.io: https://jitpack.io/dev/sefiraat/SefiLib/0.2.6/SefiLib-0.2.6.jar
[INFO] Downloading from jitpack.io: https://jitpack.io/org/bstats/bstats-bukkit/3.0.0/bstats-bukkit-3.0.0.jar
[INFO] Downloading from jitpack.io: https://jitpack.io/org/bstats/bstats-base/3.0.0/bstats-base-3.0.0.jar
[INFO] Downloading from jitpack.io: https://jitpack.io/com/google/code/findbugs/annotations/3.0.1u2/annotations-3.0.1u2.jar
[INFO] Downloading from jitpack.io: https://jitpack.io/net/jcip/jcip-annotations/1.0/jcip-annotations-1.0.jar
[INFO] Downloading from jitpack.io: https://jitpack.io/com/google/code/findbugs/jsr305/3.0.1/jsr305-3.0.1.jar
[INFO] Downloading from jitpack.io: https://jitpack.io/io/papermc/paperlib/1.0.7/paperlib-1.0.7.jar
[INFO] Downloading from jitpack.io: https://jitpack.io/org/jetbrains/annotations/23.0.0/annotations-23.0.0.jar
[INFO] Downloading from jitpack.io: https://jitpack.io/net/guizhanss/GuizhanLibPlugin/1.2.1/GuizhanLibPlugin-1.2.1.jar
[INFO] Downloading from jitpack.io: https://jitpack.io/net/guizhanss/GuizhanLib-api/1.2.1/GuizhanLib-api-1.2.1.jar
[INFO] Downloaded from jitpack.io: https://jitpack.io/com/github/StarWishsama/Slimefun4/2023.02/Slimefun4-2023.02.jar (4.8 MB at 6.1 MB/s)
[INFO] Downloading from papermc: https://papermc.io/repo/repository/maven-public/com/google/guava/guava/31.1-jre/guava-31.1-jre.jar
[INFO] Downloading from papermc: https://papermc.io/repo/repository/maven-public/com/google/guava/failureaccess/1.0.1/failureaccess-1.0.1.jar
[INFO] Downloading from papermc: https://papermc.io/repo/repository/maven-public/com/google/guava/listenablefuture/9999.0-empty-to-avoid-conflict-with-guava/listenablefuture-9999.0-empty-to-avoid-conflict-with-guava.jar
[INFO] Downloading from papermc: https://papermc.io/repo/repository/maven-public/org/checkerframework/checker-qual/3.12.0/checker-qual-3.12.0.jar
[INFO] Downloading from papermc: https://papermc.io/repo/repository/maven-public/com/google/errorprone/error_prone_annotations/2.11.0/error_prone_annotations-2.11.0.jar
[INFO] Downloaded from papermc: https://papermc.io/repo/repository/maven-public/com/google/guava/failureaccess/1.0.1/failureaccess-1.0.1.jar (0 B at 0 B/s)
[INFO] Downloading from papermc: https://papermc.io/repo/repository/maven-public/com/google/j2objc/j2objc-annotations/1.3/j2objc-annotations-1.3.jar
[INFO] Downloaded from papermc: https://papermc.io/repo/repository/maven-public/com/google/j2objc/j2objc-annotations/1.3/j2objc-annotations-1.3.jar (0 B at 0 B/s)
[INFO] Downloading from papermc: https://papermc.io/repo/repository/maven-public/com/google/code/gson/gson/2.10/gson-2.10.jar
[INFO] Downloaded from papermc: https://papermc.io/repo/repository/maven-public/org/checkerframework/checker-qual/3.12.0/checker-qual-3.12.0.jar (0 B at 0 B/s)
[INFO] Downloading from papermc: https://papermc.io/repo/repository/maven-public/org/joml/joml/1.10.5/joml-1.10.5.jar
[INFO] Downloaded from papermc: https://papermc.io/repo/repository/maven-public/com/google/guava/listenablefuture/9999.0-empty-to-avoid-conflict-with-guava/listenablefuture-9999.0-empty-to-avoid-conflict-with-guava.jar (0 B at 0 B/s)
[INFO] Downloading from papermc: https://papermc.io/repo/repository/maven-public/net/md-5/bungeecord-chat/1.16-R0.4/bungeecord-chat-1.16-R0.4.jar
[INFO] Downloaded from papermc: https://papermc.io/repo/repository/maven-public/net/md-5/bungeecord-chat/1.16-R0.4/bungeecord-chat-1.16-R0.4.jar (0 B at 0 B/s)
[INFO] Downloading from papermc: https://papermc.io/repo/repository/maven-public/org/yaml/snakeyaml/1.33/snakeyaml-1.33.jar
[INFO] Downloaded from papermc: https://papermc.io/repo/repository/maven-public/com/google/guava/guava/31.1-jre/guava-31.1-jre.jar (3.0 MB at 6.3 MB/s)
[INFO] Downloading from papermc: https://papermc.io/repo/repository/maven-public/io/github/baked-libs/dough-api/1.2.0/dough-api-1.2.0.jar
[INFO] Downloaded from papermc: https://papermc.io/repo/repository/maven-public/io/github/baked-libs/dough-api/1.2.0/dough-api-1.2.0.jar (192 kB at 236 kB/s)
[INFO] Downloading from papermc: https://papermc.io/repo/repository/maven-public/dev/sefiraat/SefiLib/0.2.6/SefiLib-0.2.6.jar
[INFO] Downloaded from papermc: https://papermc.io/repo/repository/maven-public/com/google/errorprone/error_prone_annotations/2.11.0/error_prone_annotations-2.11.0.jar (16 kB at 19 kB/s)
[INFO] Downloading from papermc: https://papermc.io/repo/repository/maven-public/org/bstats/bstats-bukkit/3.0.0/bstats-bukkit-3.0.0.jar
[INFO] Downloaded from papermc: https://papermc.io/repo/repository/maven-public/com/google/code/gson/gson/2.10/gson-2.10.jar (286 kB at 323 kB/s)
[INFO] Downloading from papermc: https://papermc.io/repo/repository/maven-public/org/bstats/bstats-base/3.0.0/bstats-base-3.0.0.jar
[INFO] Downloaded from papermc: https://papermc.io/repo/repository/maven-public/org/joml/joml/1.10.5/joml-1.10.5.jar (712 kB at 656 kB/s)
[INFO] Downloading from papermc: https://papermc.io/repo/repository/maven-public/com/google/code/findbugs/annotations/3.0.1u2/annotations-3.0.1u2.jar
[INFO] Downloaded from papermc: https://papermc.io/repo/repository/maven-public/org/bstats/bstats-bukkit/3.0.0/bstats-bukkit-3.0.0.jar (4.1 kB at 3.3 kB/s)
[INFO] Downloading from papermc: https://papermc.io/repo/repository/maven-public/net/jcip/jcip-annotations/1.0/jcip-annotations-1.0.jar
[INFO] Downloaded from papermc: https://papermc.io/repo/repository/maven-public/org/yaml/snakeyaml/1.33/snakeyaml-1.33.jar (332 kB at 267 kB/s)
[INFO] Downloading from papermc: https://papermc.io/repo/repository/maven-public/com/google/code/findbugs/jsr305/3.0.1/jsr305-3.0.1.jar
[INFO] Downloaded from papermc: https://papermc.io/repo/repository/maven-public/org/bstats/bstats-base/3.0.0/bstats-base-3.0.0.jar (22 kB at 18 kB/s)
[INFO] Downloading from papermc: https://papermc.io/repo/repository/maven-public/io/papermc/paperlib/1.0.7/paperlib-1.0.7.jar
[INFO] Downloaded from papermc: https://papermc.io/repo/repository/maven-public/dev/sefiraat/SefiLib/0.2.6/SefiLib-0.2.6.jar (93 kB at 73 kB/s)
[INFO] Downloading from papermc: https://papermc.io/repo/repository/maven-public/org/jetbrains/annotations/23.0.0/annotations-23.0.0.jar
[INFO] Downloaded from papermc: https://papermc.io/repo/repository/maven-public/com/google/code/findbugs/annotations/3.0.1u2/annotations-3.0.1u2.jar (40 kB at 28 kB/s)
[INFO] Downloading from papermc: https://papermc.io/repo/repository/maven-public/net/guizhanss/GuizhanLibPlugin/1.2.1/GuizhanLibPlugin-1.2.1.jar
[INFO] Downloaded from papermc: https://papermc.io/repo/repository/maven-public/net/jcip/jcip-annotations/1.0/jcip-annotations-1.0.jar (2.3 kB at 1.4 kB/s)
[INFO] Downloading from papermc: https://papermc.io/repo/repository/maven-public/net/guizhanss/GuizhanLib-api/1.2.1/GuizhanLib-api-1.2.1.jar
[INFO] Downloaded from papermc: https://papermc.io/repo/repository/maven-public/com/google/code/findbugs/jsr305/3.0.1/jsr305-3.0.1.jar (20 kB at 13 kB/s)
[INFO] Downloaded from papermc: https://papermc.io/repo/repository/maven-public/io/papermc/paperlib/1.0.7/paperlib-1.0.7.jar (23 kB at 14 kB/s)
[INFO] Downloaded from papermc: https://papermc.io/repo/repository/maven-public/org/jetbrains/annotations/23.0.0/annotations-23.0.0.jar (29 kB at 18 kB/s)
[INFO] Downloaded from papermc: https://papermc.io/repo/repository/maven-public/net/guizhanss/GuizhanLibPlugin/1.2.1/GuizhanLibPlugin-1.2.1.jar (465 kB at 262 kB/s)
[INFO] Downloaded from papermc: https://papermc.io/repo/repository/maven-public/net/guizhanss/GuizhanLib-api/1.2.1/GuizhanLib-api-1.2.1.jar (128 kB at 67 kB/s)
[INFO] Downloading from aikar: https://repo.aikar.co/content/groups/aikar/co/aikar/acf-paper/0.5.1-SNAPSHOT/acf-paper-0.5.1-20230402.215239-24.jar
[INFO] Downloaded from aikar: https://repo.aikar.co/content/groups/aikar/co/aikar/acf-paper/0.5.1-SNAPSHOT/acf-paper-0.5.1-20230402.215239-24.jar (339 kB at 1.3 MB/s)
[INFO] 
[INFO] --- maven-clean-plugin:2.5:clean (default-clean) @ Cultivation ---
[INFO] 
[INFO] --- maven-resources-plugin:2.6:resources (default-resources) @ Cultivation ---
[INFO] Using 'UTF-8' encoding to copy filtered resources.
[INFO] Copying 20 resources
[INFO] 
[INFO] --- maven-compiler-plugin:3.10.1:compile (default-compile) @ Cultivation ---
[INFO] Downloading from central: https://repo.maven.apache.org/maven2/org/apache/commons/commons-parent/42/commons-parent-42.pom
[INFO] Downloaded from central: https://repo.maven.apache.org/maven2/org/apache/commons/commons-parent/42/commons-parent-42.pom (0 B at 0 B/s)
[INFO] Downloading from central: https://repo.maven.apache.org/maven2/org/apache/apache/18/apache-18.pom
[INFO] Downloaded from central: https://repo.maven.apache.org/maven2/org/apache/apache/18/apache-18.pom (0 B at 0 B/s)
[INFO] Downloading from central: https://repo.maven.apache.org/maven2/org/apache/apache/13/apache-13.pom
[INFO] Downloaded from central: https://repo.maven.apache.org/maven2/org/apache/apache/13/apache-13.pom (0 B at 0 B/s)
[INFO] Downloading from central: https://repo.maven.apache.org/maven2/org/codehaus/plexus/plexus-component-annotations/2.0.0/plexus-component-annotations-2.0.0.pom
[INFO] Downloaded from central: https://repo.maven.apache.org/maven2/org/codehaus/plexus/plexus-component-annotations/2.0.0/plexus-component-annotations-2.0.0.pom (750 B at 42 kB/s)
[INFO] Downloading from central: https://repo.maven.apache.org/maven2/org/codehaus/plexus/plexus-containers/2.0.0/plexus-containers-2.0.0.pom
[INFO] Downloaded from central: https://repo.maven.apache.org/maven2/org/codehaus/plexus/plexus-containers/2.0.0/plexus-containers-2.0.0.pom (4.8 kB at 267 kB/s)
[INFO] Downloading from central: https://repo.maven.apache.org/maven2/org/codehaus/plexus/plexus-java/1.1.1/plexus-java-1.1.1.pom
[INFO] Downloaded from central: https://repo.maven.apache.org/maven2/org/codehaus/plexus/plexus-java/1.1.1/plexus-java-1.1.1.pom (5.0 kB at 276 kB/s)
[INFO] Downloading from central: https://repo.maven.apache.org/maven2/org/codehaus/plexus/plexus-languages/1.1.1/plexus-languages-1.1.1.pom
[INFO] Downloaded from central: https://repo.maven.apache.org/maven2/org/codehaus/plexus/plexus-languages/1.1.1/plexus-languages-1.1.1.pom (4.6 kB at 243 kB/s)
[INFO] Downloading from central: https://repo.maven.apache.org/maven2/org/ow2/asm/asm/9.2/asm-9.2.pom
[INFO] Downloaded from central: https://repo.maven.apache.org/maven2/org/ow2/asm/asm/9.2/asm-9.2.pom (2.4 kB at 139 kB/s)
[INFO] Downloading from central: https://repo.maven.apache.org/maven2/org/ow2/ow2/1.5/ow2-1.5.pom
[INFO] Downloaded from central: https://repo.maven.apache.org/maven2/org/ow2/ow2/1.5/ow2-1.5.pom (11 kB at 661 kB/s)
[INFO] Downloading from central: https://repo.maven.apache.org/maven2/com/thoughtworks/qdox/qdox/2.0.1/qdox-2.0.1.pom
[INFO] Downloaded from central: https://repo.maven.apache.org/maven2/com/thoughtworks/qdox/qdox/2.0.1/qdox-2.0.1.pom (16 kB at 801 kB/s)
[INFO] Downloading from central: https://repo.maven.apache.org/maven2/org/codehaus/plexus/plexus-compiler-api/2.11.1/plexus-compiler-api-2.11.1.pom
[INFO] Downloaded from central: https://repo.maven.apache.org/maven2/org/codehaus/plexus/plexus-compiler-api/2.11.1/plexus-compiler-api-2.11.1.pom (1.1 kB at 56 kB/s)
[INFO] Downloading from central: https://repo.maven.apache.org/maven2/org/codehaus/plexus/plexus-compiler/2.11.1/plexus-compiler-2.11.1.pom
[INFO] Downloaded from central: https://repo.maven.apache.org/maven2/org/codehaus/plexus/plexus-compiler/2.11.1/plexus-compiler-2.11.1.pom (8.1 kB at 451 kB/s)
[INFO] Downloading from central: https://repo.maven.apache.org/maven2/org/codehaus/plexus/plexus-components/6.6/plexus-components-6.6.pom
[INFO] Downloaded from central: https://repo.maven.apache.org/maven2/org/codehaus/plexus/plexus-components/6.6/plexus-components-6.6.pom (2.7 kB at 149 kB/s)
[INFO] Downloading from central: https://repo.maven.apache.org/maven2/org/junit/junit-bom/5.8.2/junit-bom-5.8.2.pom
[INFO] Downloaded from central: https://repo.maven.apache.org/maven2/org/junit/junit-bom/5.8.2/junit-bom-5.8.2.pom (5.6 kB at 331 kB/s)
[INFO] Downloading from central: https://repo.maven.apache.org/maven2/org/codehaus/plexus/plexus-utils/3.4.1/plexus-utils-3.4.1.pom
[INFO] Downloaded from central: https://repo.maven.apache.org/maven2/org/codehaus/plexus/plexus-utils/3.4.1/plexus-utils-3.4.1.pom (8.0 kB at 442 kB/s)
[INFO] Downloading from central: https://repo.maven.apache.org/maven2/org/codehaus/plexus/plexus-compiler-manager/2.11.1/plexus-compiler-manager-2.11.1.pom
[INFO] Downloaded from central: https://repo.maven.apache.org/maven2/org/codehaus/plexus/plexus-compiler-manager/2.11.1/plexus-compiler-manager-2.11.1.pom (1.1 kB at 67 kB/s)
[INFO] Downloading from central: https://repo.maven.apache.org/maven2/org/codehaus/plexus/plexus-compiler-javac/2.11.1/plexus-compiler-javac-2.11.1.pom
[INFO] Downloaded from central: https://repo.maven.apache.org/maven2/org/codehaus/plexus/plexus-compiler-javac/2.11.1/plexus-compiler-javac-2.11.1.pom (1.2 kB at 71 kB/s)
[INFO] Downloading from central: https://repo.maven.apache.org/maven2/org/codehaus/plexus/plexus-compilers/2.11.1/plexus-compilers-2.11.1.pom
[INFO] Downloaded from central: https://repo.maven.apache.org/maven2/org/codehaus/plexus/plexus-compilers/2.11.1/plexus-compilers-2.11.1.pom (1.3 kB at 78 kB/s)
[INFO] Downloading from central: https://repo.maven.apache.org/maven2/org/codehaus/plexus/plexus-component-annotations/2.0.0/plexus-component-annotations-2.0.0.jar
[INFO] Downloading from central: https://repo.maven.apache.org/maven2/org/codehaus/plexus/plexus-java/1.1.1/plexus-java-1.1.1.jar
[INFO] Downloading from central: https://repo.maven.apache.org/maven2/org/ow2/asm/asm/9.2/asm-9.2.jar
[INFO] Downloading from central: https://repo.maven.apache.org/maven2/com/thoughtworks/qdox/qdox/2.0.1/qdox-2.0.1.jar
[INFO] Downloading from central: https://repo.maven.apache.org/maven2/org/codehaus/plexus/plexus-compiler-api/2.11.1/plexus-compiler-api-2.11.1.jar
[INFO] Downloaded from central: https://repo.maven.apache.org/maven2/org/codehaus/plexus/plexus-component-annotations/2.0.0/plexus-component-annotations-2.0.0.jar (4.2 kB at 176 kB/s)
[INFO] Downloading from central: https://repo.maven.apache.org/maven2/org/codehaus/plexus/plexus-utils/3.4.1/plexus-utils-3.4.1.jar
[INFO] Downloaded from central: https://repo.maven.apache.org/maven2/org/codehaus/plexus/plexus-utils/3.4.1/plexus-utils-3.4.1.jar (264 kB at 6.0 MB/s)
[INFO] Downloading from central: https://repo.maven.apache.org/maven2/org/codehaus/plexus/plexus-compiler-manager/2.11.1/plexus-compiler-manager-2.11.1.jar
[INFO] Downloaded from central: https://repo.maven.apache.org/maven2/org/ow2/asm/asm/9.2/asm-9.2.jar (122 kB at 2.0 MB/s)
[INFO] Downloading from central: https://repo.maven.apache.org/maven2/org/codehaus/plexus/plexus-compiler-javac/2.11.1/plexus-compiler-javac-2.11.1.jar
[INFO] Downloaded from central: https://repo.maven.apache.org/maven2/org/codehaus/plexus/plexus-compiler-api/2.11.1/plexus-compiler-api-2.11.1.jar (27 kB at 457 kB/s)
[INFO] Downloaded from central: https://repo.maven.apache.org/maven2/org/codehaus/plexus/plexus-java/1.1.1/plexus-java-1.1.1.jar (54 kB at 840 kB/s)
[INFO] Downloaded from central: https://repo.maven.apache.org/maven2/org/codehaus/plexus/plexus-compiler-manager/2.11.1/plexus-compiler-manager-2.11.1.jar (4.7 kB at 68 kB/s)
[INFO] Downloaded from central: https://repo.maven.apache.org/maven2/org/codehaus/plexus/plexus-compiler-javac/2.11.1/plexus-compiler-javac-2.11.1.jar (23 kB at 269 kB/s)
[INFO] Downloaded from central: https://repo.maven.apache.org/maven2/com/thoughtworks/qdox/qdox/2.0.1/qdox-2.0.1.jar (334 kB at 3.7 MB/s)
[INFO] Changes detected - recompiling the module!
[INFO] Compiling 90 source files to /home/runner/work/guizhan-builds/guizhan-builds/static/f/SlimefunGuguProject/Cultivation/main/workspace/target/classes
[INFO] /home/runner/work/guizhan-builds/guizhan-builds/static/f/SlimefunGuguProject/Cultivation/main/workspace/src/main/java/dev/sefiraat/cultivation/api/slimefun/items/CultivationFloraItem.java: Some input files use or override a deprecated API.
[INFO] /home/runner/work/guizhan-builds/guizhan-builds/static/f/SlimefunGuguProject/Cultivation/main/workspace/src/main/java/dev/sefiraat/cultivation/api/slimefun/items/CultivationFloraItem.java: Recompile with -Xlint:deprecation for details.
[INFO] /home/runner/work/guizhan-builds/guizhan-builds/static/f/SlimefunGuguProject/Cultivation/main/workspace/src/main/java/dev/sefiraat/cultivation/api/slimefun/items/CultivationFloraItem.java: /home/runner/work/guizhan-builds/guizhan-builds/static/f/SlimefunGuguProject/Cultivation/main/workspace/src/main/java/dev/sefiraat/cultivation/api/slimefun/items/CultivationFloraItem.java uses unchecked or unsafe operations.
[INFO] /home/runner/work/guizhan-builds/guizhan-builds/static/f/SlimefunGuguProject/Cultivation/main/workspace/src/main/java/dev/sefiraat/cultivation/api/slimefun/items/CultivationFloraItem.java: Recompile with -Xlint:unchecked for details.
[INFO] 
[INFO] --- maven-resources-plugin:2.6:testResources (default-testResources) @ Cultivation ---
[INFO] Using 'UTF-8' encoding to copy filtered resources.
[INFO] skip non existing resourceDirectory /home/runner/work/guizhan-builds/guizhan-builds/static/f/SlimefunGuguProject/Cultivation/main/workspace/src/test/resources
[INFO] 
[INFO] --- maven-compiler-plugin:3.10.1:testCompile (default-testCompile) @ Cultivation ---
[INFO] No sources to compile
[INFO] 
[INFO] --- maven-surefire-plugin:2.12.4:test (default-test) @ Cultivation ---
[INFO] No tests to run.
[INFO] 
[INFO] --- maven-jar-plugin:2.4:jar (default-jar) @ Cultivation ---
[INFO] Building jar: /home/runner/work/guizhan-builds/guizhan-builds/static/f/SlimefunGuguProject/Cultivation/main/workspace/target/Cultivation-Build 2 zh-CN(SlimefunGuguProject) (git 099c09d).jar
[INFO] 
[INFO] --- maven-shade-plugin:3.3.0:shade (default) @ Cultivation ---
[INFO] Downloading from central: https://repo.maven.apache.org/maven2/org/codehaus/plexus/plexus-utils/2.0.4/plexus-utils-2.0.4.pom
[INFO] Downloaded from central: https://repo.maven.apache.org/maven2/org/codehaus/plexus/plexus-utils/2.0.4/plexus-utils-2.0.4.pom (3.3 kB at 145 kB/s)
[INFO] Downloading from central: https://repo.maven.apache.org/maven2/org/codehaus/plexus/plexus-utils/1.5.5/plexus-utils-1.5.5.pom
[INFO] Downloaded from central: https://repo.maven.apache.org/maven2/org/codehaus/plexus/plexus-utils/1.5.5/plexus-utils-1.5.5.pom (5.1 kB at 234 kB/s)
[INFO] Downloading from central: https://repo.maven.apache.org/maven2/org/apache/apache/21/apache-21.pom
[INFO] Downloaded from central: https://repo.maven.apache.org/maven2/org/apache/apache/21/apache-21.pom (0 B at 0 B/s)
[INFO] Downloading from central: https://repo.maven.apache.org/maven2/org/ow2/asm/asm-commons/9.2/asm-commons-9.2.pom
[INFO] Downloaded from central: https://repo.maven.apache.org/maven2/org/ow2/asm/asm-commons/9.2/asm-commons-9.2.pom (3.0 kB at 129 kB/s)
[INFO] Downloading from central: https://repo.maven.apache.org/maven2/org/ow2/asm/asm-tree/9.2/asm-tree-9.2.pom
[INFO] Downloaded from central: https://repo.maven.apache.org/maven2/org/ow2/asm/asm-tree/9.2/asm-tree-9.2.pom (2.6 kB at 118 kB/s)
[INFO] Downloading from central: https://repo.maven.apache.org/maven2/org/ow2/asm/asm-analysis/9.2/asm-analysis-9.2.pom
[INFO] Downloaded from central: https://repo.maven.apache.org/maven2/org/ow2/asm/asm-analysis/9.2/asm-analysis-9.2.pom (2.6 kB at 90 kB/s)
[INFO] Downloading from central: https://repo.maven.apache.org/maven2/org/apache/maven/shared/maven-dependency-tree/3.0.1/maven-dependency-tree-3.0.1.pom
[INFO] Downloaded from central: https://repo.maven.apache.org/maven2/org/apache/maven/shared/maven-dependency-tree/3.0.1/maven-dependency-tree-3.0.1.pom (7.5 kB at 326 kB/s)
[INFO] Downloading from central: https://repo.maven.apache.org/maven2/org/eclipse/aether/aether-util/0.9.0.M2/aether-util-0.9.0.M2.pom
[INFO] Downloaded from central: https://repo.maven.apache.org/maven2/org/eclipse/aether/aether-util/0.9.0.M2/aether-util-0.9.0.M2.pom (2.0 kB at 88 kB/s)
[INFO] Downloading from central: https://repo.maven.apache.org/maven2/org/eclipse/aether/aether/0.9.0.M2/aether-0.9.0.M2.pom
[INFO] Downloaded from central: https://repo.maven.apache.org/maven2/org/eclipse/aether/aether/0.9.0.M2/aether-0.9.0.M2.pom (28 kB at 1.2 MB/s)
[INFO] Downloading from central: https://repo.maven.apache.org/maven2/org/vafer/jdependency/2.7.0/jdependency-2.7.0.pom
[INFO] Downloaded from central: https://repo.maven.apache.org/maven2/org/vafer/jdependency/2.7.0/jdependency-2.7.0.pom (14 kB at 631 kB/s)
[INFO] Downloading from central: https://repo.maven.apache.org/maven2/org/apache/commons/commons-lang3/3.8.1/commons-lang3-3.8.1.pom
[INFO] Downloaded from central: https://repo.maven.apache.org/maven2/org/apache/commons/commons-lang3/3.8.1/commons-lang3-3.8.1.pom (28 kB at 1.3 MB/s)
[INFO] Downloading from central: https://repo.maven.apache.org/maven2/org/codehaus/plexus/plexus-utils/3.3.0/plexus-utils-3.3.0.jar
[INFO] Downloading from central: https://repo.maven.apache.org/maven2/org/ow2/asm/asm-commons/9.2/asm-commons-9.2.jar
[INFO] Downloading from central: https://repo.maven.apache.org/maven2/org/ow2/asm/asm-tree/9.2/asm-tree-9.2.jar
[INFO] Downloading from central: https://repo.maven.apache.org/maven2/org/ow2/asm/asm-analysis/9.2/asm-analysis-9.2.jar
[INFO] Downloading from central: https://repo.maven.apache.org/maven2/org/apache/maven/shared/maven-dependency-tree/3.0.1/maven-dependency-tree-3.0.1.jar
[INFO] Downloaded from central: https://repo.maven.apache.org/maven2/org/ow2/asm/asm-tree/9.2/asm-tree-9.2.jar (53 kB at 2.2 MB/s)
[INFO] Downloading from central: https://repo.maven.apache.org/maven2/org/eclipse/aether/aether-util/0.9.0.M2/aether-util-0.9.0.M2.jar
[INFO] Downloaded from central: https://repo.maven.apache.org/maven2/org/codehaus/plexus/plexus-utils/3.3.0/plexus-utils-3.3.0.jar (263 kB at 8.0 MB/s)
[INFO] Downloading from central: https://repo.maven.apache.org/maven2/org/vafer/jdependency/2.7.0/jdependency-2.7.0.jar
[INFO] Downloaded from central: https://repo.maven.apache.org/maven2/org/ow2/asm/asm-analysis/9.2/asm-analysis-9.2.jar (34 kB at 1.2 MB/s)
[INFO] Downloading from central: https://repo.maven.apache.org/maven2/org/apache/commons/commons-lang3/3.8.1/commons-lang3-3.8.1.jar
[INFO] Downloaded from central: https://repo.maven.apache.org/maven2/org/apache/maven/shared/maven-dependency-tree/3.0.1/maven-dependency-tree-3.0.1.jar (37 kB at 1.4 MB/s)
[INFO] Downloaded from central: https://repo.maven.apache.org/maven2/org/ow2/asm/asm-commons/9.2/asm-commons-9.2.jar (73 kB at 2.0 MB/s)
[INFO] Downloaded from central: https://repo.maven.apache.org/maven2/org/eclipse/aether/aether-util/0.9.0.M2/aether-util-0.9.0.M2.jar (134 kB at 3.5 MB/s)
[INFO] Downloaded from central: https://repo.maven.apache.org/maven2/org/apache/commons/commons-lang3/3.8.1/commons-lang3-3.8.1.jar (502 kB at 9.1 MB/s)
[INFO] Downloaded from central: https://repo.maven.apache.org/maven2/org/vafer/jdependency/2.7.0/jdependency-2.7.0.jar (233 kB at 3.9 MB/s)
[INFO] Including io.github.baked-libs:dough-api:jar:1.2.0 in the shaded jar.
[INFO] Including dev.sefiraat:SefiLib:jar:0.2.6 in the shaded jar.
[INFO] Including org.bstats:bstats-bukkit:jar:3.0.0 in the shaded jar.
[INFO] Including org.bstats:bstats-base:jar:3.0.0 in the shaded jar.
[INFO] Including com.google.code.findbugs:annotations:jar:3.0.1u2 in the shaded jar.
[INFO] Including net.jcip:jcip-annotations:jar:1.0 in the shaded jar.
[INFO] Including com.google.code.findbugs:jsr305:jar:3.0.1 in the shaded jar.
[INFO] Including io.papermc:paperlib:jar:1.0.7 in the shaded jar.
[INFO] Including org.jetbrains:annotations:jar:23.0.0 in the shaded jar.
[INFO] Including co.aikar:acf-paper:jar:0.5.1-SNAPSHOT in the shaded jar.
[INFO] Minimizing jar dev.sefiraat:Cultivation:jar:Build 2 zh-CN(SlimefunGuguProject) (git 099c09d)
[WARNING] /home/runner/work/guizhan-builds/guizhan-builds/static/f/SlimefunGuguProject/Cultivation/main/workspace/target/classes (Is a directory)
[INFO] Dependency-reduced POM written at: /home/runner/work/guizhan-builds/guizhan-builds/static/f/SlimefunGuguProject/Cultivation/main/workspace/dependency-reduced-pom.xml
[INFO] Downloading from spigot-repo: https://hub.spigotmc.org/nexus/content/repositories/snapshots/org/bstats/bstats-bukkit/3.0.2/bstats-bukkit-3.0.2.jar
[INFO] Downloading from spigot-repo: https://hub.spigotmc.org/nexus/content/repositories/snapshots/org/bstats/bstats-base/3.0.2/bstats-base-3.0.2.jar
[INFO] Downloading from jitpack.io: https://jitpack.io/com/google/code/findbugs/jsr305/3.0.2/jsr305-3.0.2.jar
[INFO] Downloading from jitpack.io: https://jitpack.io/org/bstats/bstats-bukkit/3.0.2/bstats-bukkit-3.0.2.jar
[INFO] Downloading from jitpack.io: https://jitpack.io/org/bstats/bstats-base/3.0.2/bstats-base-3.0.2.jar
[INFO] Downloading from papermc: https://papermc.io/repo/repository/maven-public/com/google/code/findbugs/jsr305/3.0.2/jsr305-3.0.2.jar
[INFO] Downloading from papermc: https://papermc.io/repo/repository/maven-public/org/bstats/bstats-bukkit/3.0.2/bstats-bukkit-3.0.2.jar
[INFO] Downloading from papermc: https://papermc.io/repo/repository/maven-public/org/bstats/bstats-base/3.0.2/bstats-base-3.0.2.jar
[INFO] Downloaded from papermc: https://papermc.io/repo/repository/maven-public/com/google/code/findbugs/jsr305/3.0.2/jsr305-3.0.2.jar (0 B at 0 B/s)
[INFO] Downloaded from papermc: https://papermc.io/repo/repository/maven-public/org/bstats/bstats-bukkit/3.0.2/bstats-bukkit-3.0.2.jar (4.1 kB at 12 kB/s)
[INFO] Downloaded from papermc: https://papermc.io/repo/repository/maven-public/org/bstats/bstats-base/3.0.2/bstats-base-3.0.2.jar (22 kB at 56 kB/s)
[WARNING] annotations-3.0.1u2.jar, jsr305-3.0.1.jar define 13 overlapping classes and resources: 
[WARNING]   - META-INF/maven/com.google.code.findbugs/jsr305/pom.properties
[WARNING]   - META-INF/maven/com.google.code.findbugs/jsr305/pom.xml
[WARNING]   - javax.annotation.Nonnull
[WARNING]   - javax.annotation.Nonnull$Checker
[WARNING]   - javax.annotation.Nullable
[WARNING]   - javax.annotation.OverridingMethodsMustInvokeSuper
[WARNING]   - javax.annotation.ParametersAreNonnullByDefault
[WARNING]   - javax.annotation.ParametersAreNullableByDefault
[WARNING]   - javax.annotation.meta.TypeQualifier
[WARNING]   - javax.annotation.meta.TypeQualifierDefault
[WARNING]   - 3 more...
[WARNING] maven-shade-plugin has detected that some class files are
[WARNING] present in two or more JARs. When this happens, only one
[WARNING] single version of the class is copied to the uber jar.
[WARNING] Usually this is not harmful and you can skip these warnings,
[WARNING] otherwise try to manually exclude artifacts based on
[WARNING] mvn dependency:tree -Ddetail=true and the above output.
[WARNING] See https://maven.apache.org/plugins/maven-shade-plugin/
[INFO] Minimized 735 -> 492 (66%)
[INFO] Replacing original artifact with shaded artifact.
[INFO] Replacing /home/runner/work/guizhan-builds/guizhan-builds/static/f/SlimefunGuguProject/Cultivation/main/workspace/target/Cultivation-Build 2 zh-CN(SlimefunGuguProject) (git 099c09d).jar with /home/runner/work/guizhan-builds/guizhan-builds/static/f/SlimefunGuguProject/Cultivation/main/workspace/target/Cultivation-Build 2 zh-CN(SlimefunGuguProject) (git 099c09d)-shaded.jar
[INFO] ------------------------------------------------------------------------
[INFO] BUILD SUCCESS
[INFO] ------------------------------------------------------------------------
[INFO] Total time:  31.208 s
[INFO] Finished at: 2023-06-06T07:21:11Z
[INFO] ------------------------------------------------------------------------
