[INFO] Scanning for projects...
[WARNING] 
[WARNING] Some problems were encountered while building the effective model for com.github.slimefun:Slimefun:jar:be44051-canary
[WARNING] 'dependencies.dependency.systemPath' for com.bekvon.bukkit:residence:jar should not point at files within the project directory, ${project.basedir}/lib/Residence.jar will be unresolvable by dependent projects @ line 1, column 8966
[WARNING] 
[WARNING] It is highly recommended to fix these problems because they threaten the stability of your build.
[WARNING] 
[WARNING] For this reason, future Maven versions might no longer support building such malformed projects.
[WARNING] 
[INFO] 
[INFO] --------------------< com.github.slimefun:Slimefun >--------------------
[INFO] Building Slimefun be44051-canary
[INFO]   from pom.xml
[INFO] --------------------------------[ jar ]---------------------------------
[INFO] Downloading from central: https://repo.maven.apache.org/maven2/org/apache/maven/plugins/maven-clean-plugin/2.5/maven-clean-plugin-2.5.pom
[INFO] Downloaded from central: https://repo.maven.apache.org/maven2/org/apache/maven/plugins/maven-clean-plugin/2.5/maven-clean-plugin-2.5.pom (3.9 kB at 6.5 kB/s)
[INFO] Downloading from central: https://repo.maven.apache.org/maven2/org/apache/maven/plugins/maven-plugins/22/maven-plugins-22.pom
[INFO] Downloaded from central: https://repo.maven.apache.org/maven2/org/apache/maven/plugins/maven-plugins/22/maven-plugins-22.pom (13 kB at 421 kB/s)
[INFO] Downloading from central: https://repo.maven.apache.org/maven2/org/apache/maven/maven-parent/21/maven-parent-21.pom
[INFO] Downloaded from central: https://repo.maven.apache.org/maven2/org/apache/maven/maven-parent/21/maven-parent-21.pom (26 kB at 573 kB/s)
[INFO] Downloading from central: https://repo.maven.apache.org/maven2/org/apache/apache/10/apache-10.pom
[INFO] Downloaded from central: https://repo.maven.apache.org/maven2/org/apache/apache/10/apache-10.pom (15 kB at 987 kB/s)
[INFO] Downloading from central: https://repo.maven.apache.org/maven2/org/apache/maven/plugins/maven-clean-plugin/2.5/maven-clean-plugin-2.5.jar
[INFO] Downloaded from central: https://repo.maven.apache.org/maven2/org/apache/maven/plugins/maven-clean-plugin/2.5/maven-clean-plugin-2.5.jar (25 kB at 1.2 MB/s)
[INFO] Downloading from central: https://repo.maven.apache.org/maven2/org/apache/maven/plugins/maven-resources-plugin/2.6/maven-resources-plugin-2.6.pom
[INFO] Downloaded from central: https://repo.maven.apache.org/maven2/org/apache/maven/plugins/maven-resources-plugin/2.6/maven-resources-plugin-2.6.pom (8.1 kB at 507 kB/s)
[INFO] Downloading from central: https://repo.maven.apache.org/maven2/org/apache/maven/plugins/maven-plugins/23/maven-plugins-23.pom
[INFO] Downloaded from central: https://repo.maven.apache.org/maven2/org/apache/maven/plugins/maven-plugins/23/maven-plugins-23.pom (9.2 kB at 708 kB/s)
[INFO] Downloading from central: https://repo.maven.apache.org/maven2/org/apache/maven/maven-parent/22/maven-parent-22.pom
[INFO] Downloaded from central: https://repo.maven.apache.org/maven2/org/apache/maven/maven-parent/22/maven-parent-22.pom (30 kB at 2.0 MB/s)
[INFO] Downloading from central: https://repo.maven.apache.org/maven2/org/apache/apache/11/apache-11.pom
[INFO] Downloaded from central: https://repo.maven.apache.org/maven2/org/apache/apache/11/apache-11.pom (15 kB at 926 kB/s)
[INFO] Downloading from central: https://repo.maven.apache.org/maven2/org/apache/maven/plugins/maven-resources-plugin/2.6/maven-resources-plugin-2.6.jar
[INFO] Downloaded from central: https://repo.maven.apache.org/maven2/org/apache/maven/plugins/maven-resources-plugin/2.6/maven-resources-plugin-2.6.jar (30 kB at 2.5 MB/s)
[INFO] Downloading from central: https://repo.maven.apache.org/maven2/org/apache/maven/plugins/maven-compiler-plugin/3.11.0/maven-compiler-plugin-3.11.0.pom
[INFO] Downloaded from central: https://repo.maven.apache.org/maven2/org/apache/maven/plugins/maven-compiler-plugin/3.11.0/maven-compiler-plugin-3.11.0.pom (9.8 kB at 982 kB/s)
[INFO] Downloading from central: https://repo.maven.apache.org/maven2/org/apache/maven/plugins/maven-plugins/39/maven-plugins-39.pom
[INFO] Downloaded from central: https://repo.maven.apache.org/maven2/org/apache/maven/plugins/maven-plugins/39/maven-plugins-39.pom (8.1 kB at 622 kB/s)
[INFO] Downloading from central: https://repo.maven.apache.org/maven2/org/apache/maven/maven-parent/39/maven-parent-39.pom
[INFO] Downloaded from central: https://repo.maven.apache.org/maven2/org/apache/maven/maven-parent/39/maven-parent-39.pom (48 kB at 2.8 MB/s)
[INFO] Downloading from central: https://repo.maven.apache.org/maven2/org/apache/apache/29/apache-29.pom
[INFO] Downloaded from central: https://repo.maven.apache.org/maven2/org/apache/apache/29/apache-29.pom (21 kB at 1.4 MB/s)
[INFO] Downloading from central: https://repo.maven.apache.org/maven2/org/apache/maven/plugins/maven-compiler-plugin/3.11.0/maven-compiler-plugin-3.11.0.jar
[INFO] Downloaded from central: https://repo.maven.apache.org/maven2/org/apache/maven/plugins/maven-compiler-plugin/3.11.0/maven-compiler-plugin-3.11.0.jar (66 kB at 4.7 MB/s)
[INFO] Downloading from central: https://repo.maven.apache.org/maven2/org/apache/maven/plugins/maven-surefire-plugin/2.12.4/maven-surefire-plugin-2.12.4.pom
[INFO] Downloaded from central: https://repo.maven.apache.org/maven2/org/apache/maven/plugins/maven-surefire-plugin/2.12.4/maven-surefire-plugin-2.12.4.pom (10 kB at 499 kB/s)
[INFO] Downloading from central: https://repo.maven.apache.org/maven2/org/apache/maven/surefire/surefire/2.12.4/surefire-2.12.4.pom
[INFO] Downloaded from central: https://repo.maven.apache.org/maven2/org/apache/maven/surefire/surefire/2.12.4/surefire-2.12.4.pom (14 kB at 919 kB/s)
[INFO] Downloading from central: https://repo.maven.apache.org/maven2/org/apache/maven/plugins/maven-surefire-plugin/2.12.4/maven-surefire-plugin-2.12.4.jar
[INFO] Downloaded from central: https://repo.maven.apache.org/maven2/org/apache/maven/plugins/maven-surefire-plugin/2.12.4/maven-surefire-plugin-2.12.4.jar (30 kB at 2.5 MB/s)
[INFO] Downloading from central: https://repo.maven.apache.org/maven2/org/apache/maven/plugins/maven-jar-plugin/2.4/maven-jar-plugin-2.4.pom
[INFO] Downloaded from central: https://repo.maven.apache.org/maven2/org/apache/maven/plugins/maven-jar-plugin/2.4/maven-jar-plugin-2.4.pom (5.8 kB at 449 kB/s)
[INFO] Downloading from central: https://repo.maven.apache.org/maven2/org/apache/maven/plugins/maven-jar-plugin/2.4/maven-jar-plugin-2.4.jar
[INFO] Downloaded from central: https://repo.maven.apache.org/maven2/org/apache/maven/plugins/maven-jar-plugin/2.4/maven-jar-plugin-2.4.jar (34 kB at 2.6 MB/s)
[INFO] Downloading from central: https://repo.maven.apache.org/maven2/org/apache/maven/plugins/maven-shade-plugin/3.4.1/maven-shade-plugin-3.4.1.pom
[INFO] Downloaded from central: https://repo.maven.apache.org/maven2/org/apache/maven/plugins/maven-shade-plugin/3.4.1/maven-shade-plugin-3.4.1.pom (13 kB at 1.2 MB/s)
[INFO] Downloading from central: https://repo.maven.apache.org/maven2/org/apache/maven/plugins/maven-plugins/37/maven-plugins-37.pom
[INFO] Downloaded from central: https://repo.maven.apache.org/maven2/org/apache/maven/plugins/maven-plugins/37/maven-plugins-37.pom (9.9 kB at 1.2 MB/s)
[INFO] Downloading from central: https://repo.maven.apache.org/maven2/org/apache/maven/maven-parent/37/maven-parent-37.pom
[INFO] Downloaded from central: https://repo.maven.apache.org/maven2/org/apache/maven/maven-parent/37/maven-parent-37.pom (46 kB at 5.1 MB/s)
[INFO] Downloading from central: https://repo.maven.apache.org/maven2/org/apache/apache/27/apache-27.pom
[INFO] Downloaded from central: https://repo.maven.apache.org/maven2/org/apache/apache/27/apache-27.pom (20 kB at 2.0 MB/s)
[INFO] Downloading from central: https://repo.maven.apache.org/maven2/org/apache/maven/plugins/maven-shade-plugin/3.4.1/maven-shade-plugin-3.4.1.jar
[INFO] Downloaded from central: https://repo.maven.apache.org/maven2/org/apache/maven/plugins/maven-shade-plugin/3.4.1/maven-shade-plugin-3.4.1.jar (143 kB at 6.8 MB/s)
[INFO] Downloading from spigot-repo: https://hub.spigotmc.org/nexus/content/repositories/snapshots/org/spigotmc/spigot-api/1.19-R0.1-SNAPSHOT/maven-metadata.xml
[INFO] Downloading from paper-repo: https://repo.papermc.io/repository/maven-public/org/spigotmc/spigot-api/1.19-R0.1-SNAPSHOT/maven-metadata.xml
[INFO] Downloading from jitpack.io: https://jitpack.io/org/spigotmc/spigot-api/1.19-R0.1-SNAPSHOT/maven-metadata.xml
[INFO] Downloading from worldedit-repo: https://maven.enginehub.org/repo/org/spigotmc/spigot-api/1.19-R0.1-SNAPSHOT/maven-metadata.xml
[INFO] Downloading from placeholderapi-repo: https://repo.extendedclip.com/content/repositories/placeholderapi/org/spigotmc/spigot-api/1.19-R0.1-SNAPSHOT/maven-metadata.xml
[INFO] Downloading from mcmmo-repo: https://nexus.neetgames.com/repository/maven-public/org/spigotmc/spigot-api/1.19-R0.1-SNAPSHOT/maven-metadata.xml
[INFO] Downloaded from spigot-repo: https://hub.spigotmc.org/nexus/content/repositories/snapshots/org/spigotmc/spigot-api/1.19-R0.1-SNAPSHOT/maven-metadata.xml (1.4 kB at 4.4 kB/s)
[INFO] Downloading from walshy-public: https://repo.walshy.dev/public/org/spigotmc/spigot-api/1.19-R0.1-SNAPSHOT/maven-metadata.xml
[INFO] Downloaded from worldedit-repo: https://maven.enginehub.org/repo/org/spigotmc/spigot-api/1.19-R0.1-SNAPSHOT/maven-metadata.xml (1.4 kB at 4.2 kB/s)
[INFO] Downloading from codemc-repo: https://repo.codemc.io/repository/maven-public/org/spigotmc/spigot-api/1.19-R0.1-SNAPSHOT/maven-metadata.xml
[INFO] Downloaded from paper-repo: https://repo.papermc.io/repository/maven-public/org/spigotmc/spigot-api/1.19-R0.1-SNAPSHOT/maven-metadata.xml (1.4 kB at 2.1 kB/s)
[WARNING] Could not transfer metadata org.spigotmc:spigot-api:1.19-R0.1-SNAPSHOT/maven-metadata.xml from/to codemc-repo (https://repo.codemc.io/repository/maven-public/): transfer failed for https://repo.codemc.io/repository/maven-public/org/spigotmc/spigot-api/1.19-R0.1-SNAPSHOT/maven-metadata.xml
[WARNING] org.spigotmc:spigot-api:1.19-R0.1-SNAPSHOT/maven-metadata.xmlfailed to transfer from https://repo.codemc.io/repository/maven-public/ during a previous attempt. This failure was cached in the local repository and resolution will not be reattempted until the update interval of codemc-repo has elapsed or updates are forced. Original error: Could not transfer metadata org.spigotmc:spigot-api:1.19-R0.1-SNAPSHOT/maven-metadata.xml from/to codemc-repo (https://repo.codemc.io/repository/maven-public/): transfer failed for https://repo.codemc.io/repository/maven-public/org/spigotmc/spigot-api/1.19-R0.1-SNAPSHOT/maven-metadata.xml
[INFO] Downloading from spigot-repo: https://hub.spigotmc.org/nexus/content/repositories/snapshots/org/spigotmc/spigot-api/1.19-R0.1-SNAPSHOT/spigot-api-1.19-R0.1-20220725.090125-47.pom
[INFO] Downloaded from spigot-repo: https://hub.spigotmc.org/nexus/content/repositories/snapshots/org/spigotmc/spigot-api/1.19-R0.1-SNAPSHOT/spigot-api-1.19-R0.1-20220725.090125-47.pom (10 kB at 174 kB/s)
[INFO] Downloading from spigot-repo: https://hub.spigotmc.org/nexus/content/repositories/snapshots/com/google/guava/guava/31.0.1-jre/guava-31.0.1-jre.pom
[INFO] Downloading from paper-repo: https://repo.papermc.io/repository/maven-public/com/google/guava/guava/31.0.1-jre/guava-31.0.1-jre.pom
[INFO] Downloaded from paper-repo: https://repo.papermc.io/repository/maven-public/com/google/guava/guava/31.0.1-jre/guava-31.0.1-jre.pom (11 kB at 40 kB/s)
[INFO] Downloading from spigot-repo: https://hub.spigotmc.org/nexus/content/repositories/snapshots/com/google/guava/guava-parent/31.0.1-jre/guava-parent-31.0.1-jre.pom
[INFO] Downloading from paper-repo: https://repo.papermc.io/repository/maven-public/com/google/guava/guava-parent/31.0.1-jre/guava-parent-31.0.1-jre.pom
[INFO] Downloaded from paper-repo: https://repo.papermc.io/repository/maven-public/com/google/guava/guava-parent/31.0.1-jre/guava-parent-31.0.1-jre.pom (14 kB at 51 kB/s)
[INFO] Downloading from spigot-repo: https://hub.spigotmc.org/nexus/content/repositories/snapshots/com/google/guava/failureaccess/1.0.1/failureaccess-1.0.1.pom
[INFO] Downloading from paper-repo: https://repo.papermc.io/repository/maven-public/com/google/guava/failureaccess/1.0.1/failureaccess-1.0.1.pom
[INFO] Downloaded from paper-repo: https://repo.papermc.io/repository/maven-public/com/google/guava/failureaccess/1.0.1/failureaccess-1.0.1.pom (2.4 kB at 9.3 kB/s)
[INFO] Downloading from spigot-repo: https://hub.spigotmc.org/nexus/content/repositories/snapshots/com/google/guava/guava-parent/26.0-android/guava-parent-26.0-android.pom
[INFO] Downloading from paper-repo: https://repo.papermc.io/repository/maven-public/com/google/guava/guava-parent/26.0-android/guava-parent-26.0-android.pom
[INFO] Downloaded from paper-repo: https://repo.papermc.io/repository/maven-public/com/google/guava/guava-parent/26.0-android/guava-parent-26.0-android.pom (10 kB at 38 kB/s)
[INFO] Downloading from spigot-repo: https://hub.spigotmc.org/nexus/content/repositories/snapshots/org/sonatype/oss/oss-parent/9/oss-parent-9.pom
[INFO] Downloading from paper-repo: https://repo.papermc.io/repository/maven-public/org/sonatype/oss/oss-parent/9/oss-parent-9.pom
[INFO] Downloaded from paper-repo: https://repo.papermc.io/repository/maven-public/org/sonatype/oss/oss-parent/9/oss-parent-9.pom (6.6 kB at 25 kB/s)
[INFO] Downloading from spigot-repo: https://hub.spigotmc.org/nexus/content/repositories/snapshots/com/google/guava/listenablefuture/9999.0-empty-to-avoid-conflict-with-guava/listenablefuture-9999.0-empty-to-avoid-conflict-with-guava.pom
[INFO] Downloading from paper-repo: https://repo.papermc.io/repository/maven-public/com/google/guava/listenablefuture/9999.0-empty-to-avoid-conflict-with-guava/listenablefuture-9999.0-empty-to-avoid-conflict-with-guava.pom
[INFO] Downloaded from paper-repo: https://repo.papermc.io/repository/maven-public/com/google/guava/listenablefuture/9999.0-empty-to-avoid-conflict-with-guava/listenablefuture-9999.0-empty-to-avoid-conflict-with-guava.pom (2.3 kB at 8.5 kB/s)
[INFO] Downloading from spigot-repo: https://hub.spigotmc.org/nexus/content/repositories/snapshots/com/google/code/findbugs/jsr305/3.0.2/jsr305-3.0.2.pom
[INFO] Downloading from paper-repo: https://repo.papermc.io/repository/maven-public/com/google/code/findbugs/jsr305/3.0.2/jsr305-3.0.2.pom
[INFO] Downloaded from paper-repo: https://repo.papermc.io/repository/maven-public/com/google/code/findbugs/jsr305/3.0.2/jsr305-3.0.2.pom (4.3 kB at 16 kB/s)
[INFO] Downloading from spigot-repo: https://hub.spigotmc.org/nexus/content/repositories/snapshots/org/sonatype/oss/oss-parent/7/oss-parent-7.pom
[INFO] Downloading from paper-repo: https://repo.papermc.io/repository/maven-public/org/sonatype/oss/oss-parent/7/oss-parent-7.pom
[INFO] Downloaded from paper-repo: https://repo.papermc.io/repository/maven-public/org/sonatype/oss/oss-parent/7/oss-parent-7.pom (4.8 kB at 18 kB/s)
[INFO] Downloading from spigot-repo: https://hub.spigotmc.org/nexus/content/repositories/snapshots/org/checkerframework/checker-qual/3.12.0/checker-qual-3.12.0.pom
[INFO] Downloading from paper-repo: https://repo.papermc.io/repository/maven-public/org/checkerframework/checker-qual/3.12.0/checker-qual-3.12.0.pom
[INFO] Downloaded from paper-repo: https://repo.papermc.io/repository/maven-public/org/checkerframework/checker-qual/3.12.0/checker-qual-3.12.0.pom (2.1 kB at 7.9 kB/s)
[INFO] Downloading from spigot-repo: https://hub.spigotmc.org/nexus/content/repositories/snapshots/com/google/errorprone/error_prone_annotations/2.7.1/error_prone_annotations-2.7.1.pom
[INFO] Downloading from paper-repo: https://repo.papermc.io/repository/maven-public/com/google/errorprone/error_prone_annotations/2.7.1/error_prone_annotations-2.7.1.pom
[INFO] Downloaded from paper-repo: https://repo.papermc.io/repository/maven-public/com/google/errorprone/error_prone_annotations/2.7.1/error_prone_annotations-2.7.1.pom (2.1 kB at 7.8 kB/s)
[INFO] Downloading from spigot-repo: https://hub.spigotmc.org/nexus/content/repositories/snapshots/com/google/errorprone/error_prone_parent/2.7.1/error_prone_parent-2.7.1.pom
[INFO] Downloading from paper-repo: https://repo.papermc.io/repository/maven-public/com/google/errorprone/error_prone_parent/2.7.1/error_prone_parent-2.7.1.pom
[INFO] Downloaded from paper-repo: https://repo.papermc.io/repository/maven-public/com/google/errorprone/error_prone_parent/2.7.1/error_prone_parent-2.7.1.pom (7.0 kB at 26 kB/s)
[INFO] Downloading from spigot-repo: https://hub.spigotmc.org/nexus/content/repositories/snapshots/com/google/j2objc/j2objc-annotations/1.3/j2objc-annotations-1.3.pom
[INFO] Downloading from paper-repo: https://repo.papermc.io/repository/maven-public/com/google/j2objc/j2objc-annotations/1.3/j2objc-annotations-1.3.pom
[INFO] Downloaded from paper-repo: https://repo.papermc.io/repository/maven-public/com/google/j2objc/j2objc-annotations/1.3/j2objc-annotations-1.3.pom (2.8 kB at 10 kB/s)
[INFO] Downloading from spigot-repo: https://hub.spigotmc.org/nexus/content/repositories/snapshots/com/google/code/gson/gson/2.8.9/gson-2.8.9.pom
[INFO] Downloading from paper-repo: https://repo.papermc.io/repository/maven-public/com/google/code/gson/gson/2.8.9/gson-2.8.9.pom
[INFO] Downloaded from paper-repo: https://repo.papermc.io/repository/maven-public/com/google/code/gson/gson/2.8.9/gson-2.8.9.pom (6.3 kB at 24 kB/s)
[INFO] Downloading from spigot-repo: https://hub.spigotmc.org/nexus/content/repositories/snapshots/com/google/code/gson/gson-parent/2.8.9/gson-parent-2.8.9.pom
[INFO] Downloading from paper-repo: https://repo.papermc.io/repository/maven-public/com/google/code/gson/gson-parent/2.8.9/gson-parent-2.8.9.pom
[INFO] Downloaded from paper-repo: https://repo.papermc.io/repository/maven-public/com/google/code/gson/gson-parent/2.8.9/gson-parent-2.8.9.pom (4.7 kB at 18 kB/s)
[INFO] Downloading from spigot-repo: https://hub.spigotmc.org/nexus/content/repositories/snapshots/net/md-5/bungeecord-chat/1.16-R0.4/bungeecord-chat-1.16-R0.4.pom
[INFO] Downloading from paper-repo: https://repo.papermc.io/repository/maven-public/net/md-5/bungeecord-chat/1.16-R0.4/bungeecord-chat-1.16-R0.4.pom
[INFO] Downloaded from paper-repo: https://repo.papermc.io/repository/maven-public/net/md-5/bungeecord-chat/1.16-R0.4/bungeecord-chat-1.16-R0.4.pom (978 B at 3.7 kB/s)
[INFO] Downloading from spigot-repo: https://hub.spigotmc.org/nexus/content/repositories/snapshots/net/md-5/bungeecord-parent/1.16-R0.4/bungeecord-parent-1.16-R0.4.pom
[INFO] Downloading from paper-repo: https://repo.papermc.io/repository/maven-public/net/md-5/bungeecord-parent/1.16-R0.4/bungeecord-parent-1.16-R0.4.pom
[INFO] Downloaded from paper-repo: https://repo.papermc.io/repository/maven-public/net/md-5/bungeecord-parent/1.16-R0.4/bungeecord-parent-1.16-R0.4.pom (10 kB at 39 kB/s)
[INFO] Downloading from spigot-repo: https://hub.spigotmc.org/nexus/content/repositories/snapshots/com/google/code/gson/gson/2.8.0/gson-2.8.0.pom
[INFO] Downloading from paper-repo: https://repo.papermc.io/repository/maven-public/com/google/code/gson/gson/2.8.0/gson-2.8.0.pom
[INFO] Downloaded from paper-repo: https://repo.papermc.io/repository/maven-public/com/google/code/gson/gson/2.8.0/gson-2.8.0.pom (1.4 kB at 5.4 kB/s)
[INFO] Downloading from spigot-repo: https://hub.spigotmc.org/nexus/content/repositories/snapshots/com/google/code/gson/gson-parent/2.8.0/gson-parent-2.8.0.pom
[INFO] Downloading from paper-repo: https://repo.papermc.io/repository/maven-public/com/google/code/gson/gson-parent/2.8.0/gson-parent-2.8.0.pom
[INFO] Downloaded from paper-repo: https://repo.papermc.io/repository/maven-public/com/google/code/gson/gson-parent/2.8.0/gson-parent-2.8.0.pom (3.5 kB at 13 kB/s)
[INFO] Downloading from spigot-repo: https://hub.spigotmc.org/nexus/content/repositories/snapshots/com/google/guava/guava/21.0/guava-21.0.pom
[INFO] Downloading from paper-repo: https://repo.papermc.io/repository/maven-public/com/google/guava/guava/21.0/guava-21.0.pom
[INFO] Downloaded from paper-repo: https://repo.papermc.io/repository/maven-public/com/google/guava/guava/21.0/guava-21.0.pom (7.0 kB at 26 kB/s)
[INFO] Downloading from spigot-repo: https://hub.spigotmc.org/nexus/content/repositories/snapshots/com/google/guava/guava-parent/21.0/guava-parent-21.0.pom
[INFO] Downloading from paper-repo: https://repo.papermc.io/repository/maven-public/com/google/guava/guava-parent/21.0/guava-parent-21.0.pom
[INFO] Downloaded from paper-repo: https://repo.papermc.io/repository/maven-public/com/google/guava/guava-parent/21.0/guava-parent-21.0.pom (9.7 kB at 36 kB/s)
[INFO] Downloading from spigot-repo: https://hub.spigotmc.org/nexus/content/repositories/snapshots/org/yaml/snakeyaml/1.30/snakeyaml-1.30.pom
[INFO] Downloading from paper-repo: https://repo.papermc.io/repository/maven-public/org/yaml/snakeyaml/1.30/snakeyaml-1.30.pom
[INFO] Downloaded from paper-repo: https://repo.papermc.io/repository/maven-public/org/yaml/snakeyaml/1.30/snakeyaml-1.30.pom (37 kB at 98 kB/s)
[INFO] Downloading from spigot-repo: https://hub.spigotmc.org/nexus/content/repositories/snapshots/io/github/baked-libs/dough-api/1.2.0/dough-api-1.2.0.pom
[INFO] Downloading from paper-repo: https://repo.papermc.io/repository/maven-public/io/github/baked-libs/dough-api/1.2.0/dough-api-1.2.0.pom
[INFO] Downloaded from paper-repo: https://repo.papermc.io/repository/maven-public/io/github/baked-libs/dough-api/1.2.0/dough-api-1.2.0.pom (17 kB at 63 kB/s)
[INFO] Downloading from spigot-repo: https://hub.spigotmc.org/nexus/content/repositories/snapshots/io/github/baked-libs/dough/1.2.0/dough-1.2.0.pom
[INFO] Downloading from paper-repo: https://repo.papermc.io/repository/maven-public/io/github/baked-libs/dough/1.2.0/dough-1.2.0.pom
[INFO] Downloaded from paper-repo: https://repo.papermc.io/repository/maven-public/io/github/baked-libs/dough/1.2.0/dough-1.2.0.pom (11 kB at 42 kB/s)
[INFO] Downloading from spigot-repo: https://hub.spigotmc.org/nexus/content/repositories/snapshots/io/papermc/paperlib/1.0.8/paperlib-1.0.8.pom
[INFO] Downloading from paper-repo: https://repo.papermc.io/repository/maven-public/io/papermc/paperlib/1.0.8/paperlib-1.0.8.pom
[INFO] Downloaded from paper-repo: https://repo.papermc.io/repository/maven-public/io/papermc/paperlib/1.0.8/paperlib-1.0.8.pom (1.3 kB at 4.9 kB/s)
[INFO] Downloading from spigot-repo: https://hub.spigotmc.org/nexus/content/repositories/snapshots/com/konghq/unirest-java/3.14.2/unirest-java-3.14.2.pom
[INFO] Downloading from paper-repo: https://repo.papermc.io/repository/maven-public/com/konghq/unirest-java/3.14.2/unirest-java-3.14.2.pom
[INFO] Downloaded from paper-repo: https://repo.papermc.io/repository/maven-public/com/konghq/unirest-java/3.14.2/unirest-java-3.14.2.pom (3.5 kB at 13 kB/s)
[INFO] Downloading from spigot-repo: https://hub.spigotmc.org/nexus/content/repositories/snapshots/com/konghq/unirest-java-parent/3.14.2/unirest-java-parent-3.14.2.pom
[INFO] Downloading from paper-repo: https://repo.papermc.io/repository/maven-public/com/konghq/unirest-java-parent/3.14.2/unirest-java-parent-3.14.2.pom
[INFO] Downloaded from paper-repo: https://repo.papermc.io/repository/maven-public/com/konghq/unirest-java-parent/3.14.2/unirest-java-parent-3.14.2.pom (19 kB at 72 kB/s)
[INFO] Downloading from spigot-repo: https://hub.spigotmc.org/nexus/content/repositories/snapshots/org/apache/httpcomponents/httpclient/4.5.13/httpclient-4.5.13.pom
[INFO] Downloading from paper-repo: https://repo.papermc.io/repository/maven-public/org/apache/httpcomponents/httpclient/4.5.13/httpclient-4.5.13.pom
[INFO] Downloaded from paper-repo: https://repo.papermc.io/repository/maven-public/org/apache/httpcomponents/httpclient/4.5.13/httpclient-4.5.13.pom (6.6 kB at 25 kB/s)
[INFO] Downloading from spigot-repo: https://hub.spigotmc.org/nexus/content/repositories/snapshots/org/apache/httpcomponents/httpcomponents-client/4.5.13/httpcomponents-client-4.5.13.pom
[INFO] Downloading from paper-repo: https://repo.papermc.io/repository/maven-public/org/apache/httpcomponents/httpcomponents-client/4.5.13/httpcomponents-client-4.5.13.pom
[INFO] Downloaded from paper-repo: https://repo.papermc.io/repository/maven-public/org/apache/httpcomponents/httpcomponents-client/4.5.13/httpcomponents-client-4.5.13.pom (16 kB at 62 kB/s)
[INFO] Downloading from spigot-repo: https://hub.spigotmc.org/nexus/content/repositories/snapshots/org/apache/httpcomponents/httpcomponents-parent/11/httpcomponents-parent-11.pom
[INFO] Downloading from paper-repo: https://repo.papermc.io/repository/maven-public/org/apache/httpcomponents/httpcomponents-parent/11/httpcomponents-parent-11.pom
[INFO] Downloaded from paper-repo: https://repo.papermc.io/repository/maven-public/org/apache/httpcomponents/httpcomponents-parent/11/httpcomponents-parent-11.pom (35 kB at 128 kB/s)
[INFO] Downloading from spigot-repo: https://hub.spigotmc.org/nexus/content/repositories/snapshots/org/apache/apache/21/apache-21.pom
[INFO] Downloading from paper-repo: https://repo.papermc.io/repository/maven-public/org/apache/apache/21/apache-21.pom
[INFO] Downloaded from paper-repo: https://repo.papermc.io/repository/maven-public/org/apache/apache/21/apache-21.pom (17 kB at 64 kB/s)
[INFO] Downloading from spigot-repo: https://hub.spigotmc.org/nexus/content/repositories/snapshots/org/apache/httpcomponents/httpcore/4.4.13/httpcore-4.4.13.pom
[INFO] Downloading from paper-repo: https://repo.papermc.io/repository/maven-public/org/apache/httpcomponents/httpcore/4.4.13/httpcore-4.4.13.pom
[INFO] Downloaded from paper-repo: https://repo.papermc.io/repository/maven-public/org/apache/httpcomponents/httpcore/4.4.13/httpcore-4.4.13.pom (5.0 kB at 19 kB/s)
[INFO] Downloading from spigot-repo: https://hub.spigotmc.org/nexus/content/repositories/snapshots/org/apache/httpcomponents/httpcomponents-core/4.4.13/httpcomponents-core-4.4.13.pom
[INFO] Downloading from paper-repo: https://repo.papermc.io/repository/maven-public/org/apache/httpcomponents/httpcomponents-core/4.4.13/httpcomponents-core-4.4.13.pom
[INFO] Downloaded from paper-repo: https://repo.papermc.io/repository/maven-public/org/apache/httpcomponents/httpcomponents-core/4.4.13/httpcomponents-core-4.4.13.pom (13 kB at 50 kB/s)
[INFO] Downloading from spigot-repo: https://hub.spigotmc.org/nexus/content/repositories/snapshots/commons-logging/commons-logging/1.2/commons-logging-1.2.pom
[INFO] Downloading from paper-repo: https://repo.papermc.io/repository/maven-public/commons-logging/commons-logging/1.2/commons-logging-1.2.pom
[INFO] Downloaded from paper-repo: https://repo.papermc.io/repository/maven-public/commons-logging/commons-logging/1.2/commons-logging-1.2.pom (19 kB at 73 kB/s)
[INFO] Downloading from spigot-repo: https://hub.spigotmc.org/nexus/content/repositories/snapshots/org/apache/commons/commons-parent/34/commons-parent-34.pom
[INFO] Downloading from paper-repo: https://repo.papermc.io/repository/maven-public/org/apache/commons/commons-parent/34/commons-parent-34.pom
[INFO] Downloaded from paper-repo: https://repo.papermc.io/repository/maven-public/org/apache/commons/commons-parent/34/commons-parent-34.pom (56 kB at 210 kB/s)
[INFO] Downloading from spigot-repo: https://hub.spigotmc.org/nexus/content/repositories/snapshots/org/apache/apache/13/apache-13.pom
[INFO] Downloading from paper-repo: https://repo.papermc.io/repository/maven-public/org/apache/apache/13/apache-13.pom
[INFO] Downloaded from paper-repo: https://repo.papermc.io/repository/maven-public/org/apache/apache/13/apache-13.pom (14 kB at 53 kB/s)
[INFO] Downloading from spigot-repo: https://hub.spigotmc.org/nexus/content/repositories/snapshots/commons-codec/commons-codec/1.11/commons-codec-1.11.pom
[INFO] Downloading from paper-repo: https://repo.papermc.io/repository/maven-public/commons-codec/commons-codec/1.11/commons-codec-1.11.pom
[INFO] Downloaded from paper-repo: https://repo.papermc.io/repository/maven-public/commons-codec/commons-codec/1.11/commons-codec-1.11.pom (14 kB at 53 kB/s)
[INFO] Downloading from spigot-repo: https://hub.spigotmc.org/nexus/content/repositories/snapshots/org/apache/commons/commons-parent/42/commons-parent-42.pom
[INFO] Downloading from paper-repo: https://repo.papermc.io/repository/maven-public/org/apache/commons/commons-parent/42/commons-parent-42.pom
[INFO] Downloaded from paper-repo: https://repo.papermc.io/repository/maven-public/org/apache/commons/commons-parent/42/commons-parent-42.pom (68 kB at 257 kB/s)
[INFO] Downloading from spigot-repo: https://hub.spigotmc.org/nexus/content/repositories/snapshots/org/apache/apache/18/apache-18.pom
[INFO] Downloading from paper-repo: https://repo.papermc.io/repository/maven-public/org/apache/apache/18/apache-18.pom
[INFO] Downloaded from paper-repo: https://repo.papermc.io/repository/maven-public/org/apache/apache/18/apache-18.pom (16 kB at 58 kB/s)
[INFO] Downloading from spigot-repo: https://hub.spigotmc.org/nexus/content/repositories/snapshots/org/apache/httpcomponents/httpmime/4.5.13/httpmime-4.5.13.pom
[INFO] Downloading from paper-repo: https://repo.papermc.io/repository/maven-public/org/apache/httpcomponents/httpmime/4.5.13/httpmime-4.5.13.pom
[INFO] Downloaded from paper-repo: https://repo.papermc.io/repository/maven-public/org/apache/httpcomponents/httpmime/4.5.13/httpmime-4.5.13.pom (5.2 kB at 20 kB/s)
[INFO] Downloading from spigot-repo: https://hub.spigotmc.org/nexus/content/repositories/snapshots/org/apache/httpcomponents/httpcore-nio/4.4.13/httpcore-nio-4.4.13.pom
[INFO] Downloading from paper-repo: https://repo.papermc.io/repository/maven-public/org/apache/httpcomponents/httpcore-nio/4.4.13/httpcore-nio-4.4.13.pom
[INFO] Downloaded from paper-repo: https://repo.papermc.io/repository/maven-public/org/apache/httpcomponents/httpcore-nio/4.4.13/httpcore-nio-4.4.13.pom (5.5 kB at 21 kB/s)
[INFO] Downloading from spigot-repo: https://hub.spigotmc.org/nexus/content/repositories/snapshots/org/apache/httpcomponents/httpasyncclient/4.1.5/httpasyncclient-4.1.5.pom
[INFO] Downloading from paper-repo: https://repo.papermc.io/repository/maven-public/org/apache/httpcomponents/httpasyncclient/4.1.5/httpasyncclient-4.1.5.pom
[INFO] Downloaded from paper-repo: https://repo.papermc.io/repository/maven-public/org/apache/httpcomponents/httpasyncclient/4.1.5/httpasyncclient-4.1.5.pom (5.9 kB at 22 kB/s)
[INFO] Downloading from spigot-repo: https://hub.spigotmc.org/nexus/content/repositories/snapshots/org/apache/httpcomponents/httpcomponents-asyncclient/4.1.5/httpcomponents-asyncclient-4.1.5.pom
[INFO] Downloading from paper-repo: https://repo.papermc.io/repository/maven-public/org/apache/httpcomponents/httpcomponents-asyncclient/4.1.5/httpcomponents-asyncclient-4.1.5.pom
[INFO] Downloaded from paper-repo: https://repo.papermc.io/repository/maven-public/org/apache/httpcomponents/httpcomponents-asyncclient/4.1.5/httpcomponents-asyncclient-4.1.5.pom (10 kB at 38 kB/s)
[INFO] Downloading from spigot-repo: https://hub.spigotmc.org/nexus/content/repositories/snapshots/commons-codec/commons-codec/1.15/commons-codec-1.15.pom
[INFO] Downloading from paper-repo: https://repo.papermc.io/repository/maven-public/commons-codec/commons-codec/1.15/commons-codec-1.15.pom
[INFO] Downloaded from paper-repo: https://repo.papermc.io/repository/maven-public/commons-codec/commons-codec/1.15/commons-codec-1.15.pom (15 kB at 57 kB/s)
[INFO] Downloading from spigot-repo: https://hub.spigotmc.org/nexus/content/repositories/snapshots/org/apache/commons/commons-parent/52/commons-parent-52.pom
[INFO] Downloading from paper-repo: https://repo.papermc.io/repository/maven-public/org/apache/commons/commons-parent/52/commons-parent-52.pom
[INFO] Downloaded from paper-repo: https://repo.papermc.io/repository/maven-public/org/apache/commons/commons-parent/52/commons-parent-52.pom (79 kB at 298 kB/s)
[INFO] Downloading from spigot-repo: https://hub.spigotmc.org/nexus/content/repositories/snapshots/org/apache/apache/23/apache-23.pom
[INFO] Downloading from paper-repo: https://repo.papermc.io/repository/maven-public/org/apache/apache/23/apache-23.pom
[INFO] Downloaded from paper-repo: https://repo.papermc.io/repository/maven-public/org/apache/apache/23/apache-23.pom (18 kB at 70 kB/s)
[INFO] Downloading from spigot-repo: https://hub.spigotmc.org/nexus/content/repositories/snapshots/com/sk89q/worldedit/worldedit-core/7.2.14/worldedit-core-7.2.14.pom
[INFO] Downloading from paper-repo: https://repo.papermc.io/repository/maven-public/com/sk89q/worldedit/worldedit-core/7.2.14/worldedit-core-7.2.14.pom
[INFO] Downloading from jitpack.io: https://jitpack.io/com/sk89q/worldedit/worldedit-core/7.2.14/worldedit-core-7.2.14.pom
[INFO] Downloading from worldedit-repo: https://maven.enginehub.org/repo/com/sk89q/worldedit/worldedit-core/7.2.14/worldedit-core-7.2.14.pom
[INFO] Downloaded from worldedit-repo: https://maven.enginehub.org/repo/com/sk89q/worldedit/worldedit-core/7.2.14/worldedit-core-7.2.14.pom (3.3 kB at 37 kB/s)
[INFO] Downloading from spigot-repo: https://hub.spigotmc.org/nexus/content/repositories/snapshots/com/sk89q/worldedit/worldedit-bukkit/7.2.14/worldedit-bukkit-7.2.14.pom
[INFO] Downloading from paper-repo: https://repo.papermc.io/repository/maven-public/com/sk89q/worldedit/worldedit-bukkit/7.2.14/worldedit-bukkit-7.2.14.pom
[INFO] Downloading from jitpack.io: https://jitpack.io/com/sk89q/worldedit/worldedit-bukkit/7.2.14/worldedit-bukkit-7.2.14.pom
[INFO] Downloading from worldedit-repo: https://maven.enginehub.org/repo/com/sk89q/worldedit/worldedit-bukkit/7.2.14/worldedit-bukkit-7.2.14.pom
[INFO] Downloaded from worldedit-repo: https://maven.enginehub.org/repo/com/sk89q/worldedit/worldedit-bukkit/7.2.14/worldedit-bukkit-7.2.14.pom (2.3 kB at 40 kB/s)
[INFO] Downloading from spigot-repo: https://hub.spigotmc.org/nexus/content/repositories/snapshots/com/gmail/nossr50/mcMMO/mcMMO/2.1.218/mcMMO-2.1.218.pom
[INFO] Downloading from paper-repo: https://repo.papermc.io/repository/maven-public/com/gmail/nossr50/mcMMO/mcMMO/2.1.218/mcMMO-2.1.218.pom
[INFO] Downloading from jitpack.io: https://jitpack.io/com/gmail/nossr50/mcMMO/mcMMO/2.1.218/mcMMO-2.1.218.pom
[INFO] Downloading from worldedit-repo: https://maven.enginehub.org/repo/com/gmail/nossr50/mcMMO/mcMMO/2.1.218/mcMMO-2.1.218.pom
[INFO] Downloading from placeholderapi-repo: https://repo.extendedclip.com/content/repositories/placeholderapi/com/gmail/nossr50/mcMMO/mcMMO/2.1.218/mcMMO-2.1.218.pom
[INFO] Downloading from mcmmo-repo: https://nexus.neetgames.com/repository/maven-public/com/gmail/nossr50/mcMMO/mcMMO/2.1.218/mcMMO-2.1.218.pom
[INFO] Downloaded from mcmmo-repo: https://nexus.neetgames.com/repository/maven-public/com/gmail/nossr50/mcMMO/mcMMO/2.1.218/mcMMO-2.1.218.pom (12 kB at 68 kB/s)
[INFO] Downloading from spigot-repo: https://hub.spigotmc.org/nexus/content/repositories/snapshots/me/clip/placeholderapi/2.11.3/placeholderapi-2.11.3.pom
[INFO] Downloading from paper-repo: https://repo.papermc.io/repository/maven-public/me/clip/placeholderapi/2.11.3/placeholderapi-2.11.3.pom
[INFO] Downloading from jitpack.io: https://jitpack.io/me/clip/placeholderapi/2.11.3/placeholderapi-2.11.3.pom
[INFO] Downloading from worldedit-repo: https://maven.enginehub.org/repo/me/clip/placeholderapi/2.11.3/placeholderapi-2.11.3.pom
[INFO] Downloading from placeholderapi-repo: https://repo.extendedclip.com/content/repositories/placeholderapi/me/clip/placeholderapi/2.11.3/placeholderapi-2.11.3.pom
[INFO] Downloaded from placeholderapi-repo: https://repo.extendedclip.com/content/repositories/placeholderapi/me/clip/placeholderapi/2.11.3/placeholderapi-2.11.3.pom (1.3 kB at 25 kB/s)
[INFO] Downloading from spigot-repo: https://hub.spigotmc.org/nexus/content/repositories/snapshots/me/minebuilders/clearlag-core/3.1.6/clearlag-core-3.1.6.pom
[INFO] Downloading from paper-repo: https://repo.papermc.io/repository/maven-public/me/minebuilders/clearlag-core/3.1.6/clearlag-core-3.1.6.pom
[INFO] Downloading from jitpack.io: https://jitpack.io/me/minebuilders/clearlag-core/3.1.6/clearlag-core-3.1.6.pom
[INFO] Downloading from worldedit-repo: https://maven.enginehub.org/repo/me/minebuilders/clearlag-core/3.1.6/clearlag-core-3.1.6.pom
[INFO] Downloading from placeholderapi-repo: https://repo.extendedclip.com/content/repositories/placeholderapi/me/minebuilders/clearlag-core/3.1.6/clearlag-core-3.1.6.pom
[INFO] Downloading from mcmmo-repo: https://nexus.neetgames.com/repository/maven-public/me/minebuilders/clearlag-core/3.1.6/clearlag-core-3.1.6.pom
[INFO] Downloading from walshy-public: https://repo.walshy.dev/public/me/minebuilders/clearlag-core/3.1.6/clearlag-core-3.1.6.pom
[INFO] Downloaded from walshy-public: https://repo.walshy.dev/public/me/minebuilders/clearlag-core/3.1.6/clearlag-core-3.1.6.pom (401 B at 1.9 kB/s)
[INFO] Downloading from spigot-repo: https://hub.spigotmc.org/nexus/content/repositories/snapshots/com/github/LoneDev6/itemsadder-api/3.2.5/itemsadder-api-3.2.5.pom
[INFO] Downloading from paper-repo: https://repo.papermc.io/repository/maven-public/com/github/LoneDev6/itemsadder-api/3.2.5/itemsadder-api-3.2.5.pom
[INFO] Downloading from jitpack.io: https://jitpack.io/com/github/LoneDev6/itemsadder-api/3.2.5/itemsadder-api-3.2.5.pom
[INFO] Downloaded from jitpack.io: https://jitpack.io/com/github/LoneDev6/itemsadder-api/3.2.5/itemsadder-api-3.2.5.pom (2.4 kB at 26 kB/s)
[INFO] Downloading from spigot-repo: https://hub.spigotmc.org/nexus/content/repositories/snapshots/net/imprex/orebfuscator-api/5.3.0/orebfuscator-api-5.3.0.pom
[INFO] Downloading from paper-repo: https://repo.papermc.io/repository/maven-public/net/imprex/orebfuscator-api/5.3.0/orebfuscator-api-5.3.0.pom
[INFO] Downloading from jitpack.io: https://jitpack.io/net/imprex/orebfuscator-api/5.3.0/orebfuscator-api-5.3.0.pom
[INFO] Downloading from worldedit-repo: https://maven.enginehub.org/repo/net/imprex/orebfuscator-api/5.3.0/orebfuscator-api-5.3.0.pom
[INFO] Downloading from placeholderapi-repo: https://repo.extendedclip.com/content/repositories/placeholderapi/net/imprex/orebfuscator-api/5.3.0/orebfuscator-api-5.3.0.pom
[INFO] Downloading from mcmmo-repo: https://nexus.neetgames.com/repository/maven-public/net/imprex/orebfuscator-api/5.3.0/orebfuscator-api-5.3.0.pom
[INFO] Downloading from walshy-public: https://repo.walshy.dev/public/net/imprex/orebfuscator-api/5.3.0/orebfuscator-api-5.3.0.pom
[INFO] Downloading from codemc-repo: https://repo.codemc.io/repository/maven-public/net/imprex/orebfuscator-api/5.3.0/orebfuscator-api-5.3.0.pom
[INFO] Downloading from central: https://repo.maven.apache.org/maven2/net/imprex/orebfuscator-api/5.3.0/orebfuscator-api-5.3.0.pom
[INFO] Downloading from spigot-repo: https://hub.spigotmc.org/nexus/content/repositories/snapshots/com/github/MilkBowl/VaultAPI/1.7.1/VaultAPI-1.7.1.pom
[INFO] Downloading from paper-repo: https://repo.papermc.io/repository/maven-public/com/github/MilkBowl/VaultAPI/1.7.1/VaultAPI-1.7.1.pom
[INFO] Downloading from jitpack.io: https://jitpack.io/com/github/MilkBowl/VaultAPI/1.7.1/VaultAPI-1.7.1.pom
[INFO] Downloaded from jitpack.io: https://jitpack.io/com/github/MilkBowl/VaultAPI/1.7.1/VaultAPI-1.7.1.pom (4.2 kB at 79 kB/s)
[INFO] Downloading from spigot-repo: https://hub.spigotmc.org/nexus/content/repositories/snapshots/org/maxgamer/QuickShop/5.1.0.9/QuickShop-5.1.0.9.pom
[INFO] Downloading from paper-repo: https://repo.papermc.io/repository/maven-public/org/maxgamer/QuickShop/5.1.0.9/QuickShop-5.1.0.9.pom
[INFO] Downloading from jitpack.io: https://jitpack.io/org/maxgamer/QuickShop/5.1.0.9/QuickShop-5.1.0.9.pom
[INFO] Downloading from worldedit-repo: https://maven.enginehub.org/repo/org/maxgamer/QuickShop/5.1.0.9/QuickShop-5.1.0.9.pom
[INFO] Downloading from placeholderapi-repo: https://repo.extendedclip.com/content/repositories/placeholderapi/org/maxgamer/QuickShop/5.1.0.9/QuickShop-5.1.0.9.pom
[INFO] Downloading from mcmmo-repo: https://nexus.neetgames.com/repository/maven-public/org/maxgamer/QuickShop/5.1.0.9/QuickShop-5.1.0.9.pom
[INFO] Downloading from walshy-public: https://repo.walshy.dev/public/org/maxgamer/QuickShop/5.1.0.9/QuickShop-5.1.0.9.pom
[INFO] Downloading from codemc-repo: https://repo.codemc.io/repository/maven-public/org/maxgamer/QuickShop/5.1.0.9/QuickShop-5.1.0.9.pom
[INFO] Downloading from central: https://repo.maven.apache.org/maven2/org/maxgamer/QuickShop/5.1.0.9/QuickShop-5.1.0.9.pom
[INFO] Downloading from spigot-repo: https://hub.spigotmc.org/nexus/content/repositories/snapshots/commons-lang/commons-lang/2.6/commons-lang-2.6.pom
[INFO] Downloading from paper-repo: https://repo.papermc.io/repository/maven-public/commons-lang/commons-lang/2.6/commons-lang-2.6.pom
[INFO] Downloaded from paper-repo: https://repo.papermc.io/repository/maven-public/commons-lang/commons-lang/2.6/commons-lang-2.6.pom (17 kB at 23 kB/s)
[INFO] Downloading from spigot-repo: https://hub.spigotmc.org/nexus/content/repositories/snapshots/org/apache/commons/commons-parent/17/commons-parent-17.pom
[INFO] Downloading from paper-repo: https://repo.papermc.io/repository/maven-public/org/apache/commons/commons-parent/17/commons-parent-17.pom
[INFO] Downloaded from paper-repo: https://repo.papermc.io/repository/maven-public/org/apache/commons/commons-parent/17/commons-parent-17.pom (31 kB at 115 kB/s)
[INFO] Downloading from spigot-repo: https://hub.spigotmc.org/nexus/content/repositories/snapshots/org/apache/apache/7/apache-7.pom
[INFO] Downloading from paper-repo: https://repo.papermc.io/repository/maven-public/org/apache/apache/7/apache-7.pom
[INFO] Downloaded from paper-repo: https://repo.papermc.io/repository/maven-public/org/apache/apache/7/apache-7.pom (14 kB at 54 kB/s)
[INFO] Downloading from spigot-repo: https://hub.spigotmc.org/nexus/content/repositories/snapshots/com/github/Xzavier0722/SlimefunCompLib/b7a2bd8/SlimefunCompLib-b7a2bd8.pom
[INFO] Downloading from paper-repo: https://repo.papermc.io/repository/maven-public/com/github/Xzavier0722/SlimefunCompLib/b7a2bd8/SlimefunCompLib-b7a2bd8.pom
[INFO] Downloading from jitpack.io: https://jitpack.io/com/github/Xzavier0722/SlimefunCompLib/b7a2bd8/SlimefunCompLib-b7a2bd8.pom
[INFO] Downloaded from jitpack.io: https://jitpack.io/com/github/Xzavier0722/SlimefunCompLib/b7a2bd8/SlimefunCompLib-b7a2bd8.pom (1.7 kB at 30 kB/s)
[INFO] Downloading from spigot-repo: https://hub.spigotmc.org/nexus/content/repositories/snapshots/net/guizhanss/GuizhanLib-common/1.1.1/GuizhanLib-common-1.1.1.pom
[INFO] Downloading from paper-repo: https://repo.papermc.io/repository/maven-public/net/guizhanss/GuizhanLib-common/1.1.1/GuizhanLib-common-1.1.1.pom
[INFO] Downloaded from paper-repo: https://repo.papermc.io/repository/maven-public/net/guizhanss/GuizhanLib-common/1.1.1/GuizhanLib-common-1.1.1.pom (537 B at 2.0 kB/s)
[INFO] Downloading from spigot-repo: https://hub.spigotmc.org/nexus/content/repositories/snapshots/net/guizhanss/GuizhanLib/1.1.1/GuizhanLib-1.1.1.pom
[INFO] Downloading from paper-repo: https://repo.papermc.io/repository/maven-public/net/guizhanss/GuizhanLib/1.1.1/GuizhanLib-1.1.1.pom
[INFO] Downloaded from paper-repo: https://repo.papermc.io/repository/maven-public/net/guizhanss/GuizhanLib/1.1.1/GuizhanLib-1.1.1.pom (9.8 kB at 37 kB/s)
[INFO] Downloading from spigot-repo: https://hub.spigotmc.org/nexus/content/repositories/snapshots/net/guizhanss/GuizhanLib-updater/1.1.1/GuizhanLib-updater-1.1.1.pom
[INFO] Downloading from paper-repo: https://repo.papermc.io/repository/maven-public/net/guizhanss/GuizhanLib-updater/1.1.1/GuizhanLib-updater-1.1.1.pom
[INFO] Downloaded from paper-repo: https://repo.papermc.io/repository/maven-public/net/guizhanss/GuizhanLib-updater/1.1.1/GuizhanLib-updater-1.1.1.pom (807 B at 3.0 kB/s)
[INFO] ------------------------------------------------------------------------
[INFO] BUILD FAILURE
[INFO] ------------------------------------------------------------------------
[INFO] Total time:  06:52 min
[INFO] Finished at: 2023-03-26T08:30:50Z
[INFO] ------------------------------------------------------------------------
[ERROR] Failed to execute goal on project Slimefun: Could not resolve dependencies for project com.github.slimefun:Slimefun:jar:be44051-canary: Failed to collect dependencies at net.imprex:orebfuscator-api:jar:5.3.0: Failed to read artifact descriptor for net.imprex:orebfuscator-api:jar:5.3.0: Could not transfer artifact net.imprex:orebfuscator-api:pom:5.3.0 from/to codemc-repo (https://repo.codemc.io/repository/maven-public/): transfer failed for https://repo.codemc.io/repository/maven-public/net/imprex/orebfuscator-api/5.3.0/orebfuscator-api-5.3.0.pom: Connect to repo.codemc.io:443 [repo.codemc.io/45.141.57.117] failed: Connection timed out -> [Help 1]
[ERROR] 
[ERROR] To see the full stack trace of the errors, re-run Maven with the -e switch.
[ERROR] Re-run Maven using the -X switch to enable full debug logging.
[ERROR] 
[ERROR] For more information about the errors and possible solutions, please read the following articles:
[ERROR] [Help 1] http://cwiki.apache.org/confluence/display/MAVEN/DependencyResolutionException
