[INFO] Scanning for projects...
[INFO] 
[INFO] ---------------------< ga.kirzu:InfernalExpansion >---------------------
[INFO] Building InfernalExpansion Build 1 zh-CN(SlimefunGuguProject) (git e54c1c8)
[INFO] --------------------------------[ jar ]---------------------------------
[INFO] Downloading from central: https://repo.maven.apache.org/maven2/org/apache/maven/plugins/maven-compiler-plugin/3.10.1/maven-compiler-plugin-3.10.1.pom
[INFO] Downloaded from central: https://repo.maven.apache.org/maven2/org/apache/maven/plugins/maven-compiler-plugin/3.10.1/maven-compiler-plugin-3.10.1.pom (13 kB at 65 kB/s)
[INFO] Downloading from central: https://repo.maven.apache.org/maven2/org/apache/maven/plugins/maven-compiler-plugin/3.10.1/maven-compiler-plugin-3.10.1.jar
[INFO] Downloaded from central: https://repo.maven.apache.org/maven2/org/apache/maven/plugins/maven-compiler-plugin/3.10.1/maven-compiler-plugin-3.10.1.jar (62 kB at 2.3 MB/s)
[INFO] Downloading from papermc: https://repo.papermc.io/repository/maven-public/io/papermc/paper/paper-api/1.18.2-R0.1-SNAPSHOT/maven-metadata.xml
[INFO] Downloading from jitpack.io: https://jitpack.io/io/papermc/paper/paper-api/1.18.2-R0.1-SNAPSHOT/maven-metadata.xml
[INFO] Downloaded from papermc: https://repo.papermc.io/repository/maven-public/io/papermc/paper/paper-api/1.18.2-R0.1-SNAPSHOT/maven-metadata.xml (1.4 kB at 1.9 kB/s)
[INFO] Downloading from papermc: https://repo.papermc.io/repository/maven-public/io/papermc/paper/paper-api/1.18.2-R0.1-SNAPSHOT/paper-api-1.18.2-R0.1-20220614.230913-165.pom
[INFO] Downloaded from papermc: https://repo.papermc.io/repository/maven-public/io/papermc/paper/paper-api/1.18.2-R0.1-SNAPSHOT/paper-api-1.18.2-R0.1-20220614.230913-165.pom (4.4 kB at 14 kB/s)
[INFO] Downloading from papermc: https://repo.papermc.io/repository/maven-public/net/kyori/adventure-bom/4.11.0/adventure-bom-4.11.0.pom
[INFO] Downloaded from papermc: https://repo.papermc.io/repository/maven-public/net/kyori/adventure-bom/4.11.0/adventure-bom-4.11.0.pom (4.6 kB at 15 kB/s)
[INFO] Downloading from papermc: https://repo.papermc.io/repository/maven-public/net/md-5/bungeecord-chat/1.16-R0.4-deprecated+build.6/bungeecord-chat-1.16-R0.4-deprecated+build.6.pom
[INFO] Downloaded from papermc: https://repo.papermc.io/repository/maven-public/net/md-5/bungeecord-chat/1.16-R0.4-deprecated+build.6/bungeecord-chat-1.16-R0.4-deprecated+build.6.pom (1.2 kB at 3.9 kB/s)
[INFO] Downloading from papermc: https://repo.papermc.io/repository/maven-public/com/google/code/gson/gson/2.8.8/gson-2.8.8.pom
[INFO] Downloaded from papermc: https://repo.papermc.io/repository/maven-public/com/google/code/gson/gson/2.8.8/gson-2.8.8.pom (6.0 kB at 21 kB/s)
[INFO] Downloading from papermc: https://repo.papermc.io/repository/maven-public/com/google/code/gson/gson-parent/2.8.8/gson-parent-2.8.8.pom
[INFO] Downloaded from papermc: https://repo.papermc.io/repository/maven-public/com/google/code/gson/gson-parent/2.8.8/gson-parent-2.8.8.pom (4.6 kB at 15 kB/s)
[INFO] Downloading from papermc: https://repo.papermc.io/repository/maven-public/com/googlecode/json-simple/json-simple/1.1.1/json-simple-1.1.1.pom
[INFO] Downloaded from papermc: https://repo.papermc.io/repository/maven-public/com/googlecode/json-simple/json-simple/1.1.1/json-simple-1.1.1.pom (3.5 kB at 12 kB/s)
[INFO] Downloading from papermc: https://repo.papermc.io/repository/maven-public/it/unimi/dsi/fastutil/8.5.6/fastutil-8.5.6.pom
[INFO] Downloaded from papermc: https://repo.papermc.io/repository/maven-public/it/unimi/dsi/fastutil/8.5.6/fastutil-8.5.6.pom (1.5 kB at 5.1 kB/s)
[INFO] Downloading from papermc: https://repo.papermc.io/repository/maven-public/org/apache/logging/log4j/log4j-api/2.17.1/log4j-api-2.17.1.pom
[INFO] Downloaded from papermc: https://repo.papermc.io/repository/maven-public/org/apache/logging/log4j/log4j-api/2.17.1/log4j-api-2.17.1.pom (14 kB at 33 kB/s)
[INFO] Downloading from papermc: https://repo.papermc.io/repository/maven-public/org/apache/logging/log4j/log4j/2.17.1/log4j-2.17.1.pom
[INFO] Downloaded from papermc: https://repo.papermc.io/repository/maven-public/org/apache/logging/log4j/log4j/2.17.1/log4j-2.17.1.pom (69 kB at 159 kB/s)
[INFO] Downloading from papermc: https://repo.papermc.io/repository/maven-public/org/apache/logging/logging-parent/3/logging-parent-3.pom
[INFO] Downloaded from papermc: https://repo.papermc.io/repository/maven-public/org/apache/logging/logging-parent/3/logging-parent-3.pom (3.1 kB at 11 kB/s)
[INFO] Downloading from papermc: https://repo.papermc.io/repository/maven-public/org/slf4j/slf4j-api/1.8.0-beta4/slf4j-api-1.8.0-beta4.pom
[INFO] Downloaded from papermc: https://repo.papermc.io/repository/maven-public/org/slf4j/slf4j-api/1.8.0-beta4/slf4j-api-1.8.0-beta4.pom (1.7 kB at 5.6 kB/s)
[INFO] Downloading from papermc: https://repo.papermc.io/repository/maven-public/org/slf4j/slf4j-parent/1.8.0-beta4/slf4j-parent-1.8.0-beta4.pom
[INFO] Downloaded from papermc: https://repo.papermc.io/repository/maven-public/org/slf4j/slf4j-parent/1.8.0-beta4/slf4j-parent-1.8.0-beta4.pom (17 kB at 56 kB/s)
[INFO] Downloading from papermc: https://repo.papermc.io/repository/maven-public/net/kyori/adventure-api/4.11.0/adventure-api-4.11.0.pom
[INFO] Downloaded from papermc: https://repo.papermc.io/repository/maven-public/net/kyori/adventure-api/4.11.0/adventure-api-4.11.0.pom (3.5 kB at 12 kB/s)
[INFO] Downloading from papermc: https://repo.papermc.io/repository/maven-public/net/kyori/adventure-key/4.11.0/adventure-key-4.11.0.pom
[INFO] Downloaded from papermc: https://repo.papermc.io/repository/maven-public/net/kyori/adventure-key/4.11.0/adventure-key-4.11.0.pom (3.3 kB at 11 kB/s)
[INFO] Downloading from papermc: https://repo.papermc.io/repository/maven-public/net/kyori/examination-api/1.3.0/examination-api-1.3.0.pom
[INFO] Downloaded from papermc: https://repo.papermc.io/repository/maven-public/net/kyori/examination-api/1.3.0/examination-api-1.3.0.pom (2.1 kB at 7.0 kB/s)
[INFO] Downloading from papermc: https://repo.papermc.io/repository/maven-public/org/jetbrains/annotations/22.0.0/annotations-22.0.0.pom
[INFO] Downloaded from papermc: https://repo.papermc.io/repository/maven-public/org/jetbrains/annotations/22.0.0/annotations-22.0.0.pom (1.3 kB at 4.2 kB/s)
[INFO] Downloading from papermc: https://repo.papermc.io/repository/maven-public/net/kyori/examination-string/1.3.0/examination-string-1.3.0.pom
[INFO] Downloaded from papermc: https://repo.papermc.io/repository/maven-public/net/kyori/examination-string/1.3.0/examination-string-1.3.0.pom (2.1 kB at 7.1 kB/s)
[INFO] Downloading from papermc: https://repo.papermc.io/repository/maven-public/org/jetbrains/annotations/23.0.0/annotations-23.0.0.pom
[INFO] Downloaded from papermc: https://repo.papermc.io/repository/maven-public/org/jetbrains/annotations/23.0.0/annotations-23.0.0.pom (1.4 kB at 4.7 kB/s)
[INFO] Downloading from papermc: https://repo.papermc.io/repository/maven-public/net/kyori/adventure-text-minimessage/4.11.0/adventure-text-minimessage-4.11.0.pom
[INFO] Downloaded from papermc: https://repo.papermc.io/repository/maven-public/net/kyori/adventure-text-minimessage/4.11.0/adventure-text-minimessage-4.11.0.pom (3.0 kB at 10 kB/s)
[INFO] Downloading from papermc: https://repo.papermc.io/repository/maven-public/net/kyori/adventure-text-serializer-gson/4.11.0/adventure-text-serializer-gson-4.11.0.pom
[INFO] Downloaded from papermc: https://repo.papermc.io/repository/maven-public/net/kyori/adventure-text-serializer-gson/4.11.0/adventure-text-serializer-gson-4.11.0.pom (3.1 kB at 11 kB/s)
[INFO] Downloading from papermc: https://repo.papermc.io/repository/maven-public/net/kyori/adventure-text-serializer-legacy/4.11.0/adventure-text-serializer-legacy-4.11.0.pom
[INFO] Downloaded from papermc: https://repo.papermc.io/repository/maven-public/net/kyori/adventure-text-serializer-legacy/4.11.0/adventure-text-serializer-legacy-4.11.0.pom (2.9 kB at 9.6 kB/s)
[INFO] Downloading from papermc: https://repo.papermc.io/repository/maven-public/net/kyori/adventure-text-serializer-plain/4.11.0/adventure-text-serializer-plain-4.11.0.pom
[INFO] Downloaded from papermc: https://repo.papermc.io/repository/maven-public/net/kyori/adventure-text-serializer-plain/4.11.0/adventure-text-serializer-plain-4.11.0.pom (2.9 kB at 10 kB/s)
[INFO] Downloading from papermc: https://repo.papermc.io/repository/maven-public/net/kyori/adventure-text-logger-slf4j/4.11.0/adventure-text-logger-slf4j-4.11.0.pom
[INFO] Downloaded from papermc: https://repo.papermc.io/repository/maven-public/net/kyori/adventure-text-logger-slf4j/4.11.0/adventure-text-logger-slf4j-4.11.0.pom (3.1 kB at 10 kB/s)
[INFO] Downloading from papermc: https://repo.papermc.io/repository/maven-public/org/slf4j/slf4j-api/1.7.36/slf4j-api-1.7.36.pom
[INFO] Downloaded from papermc: https://repo.papermc.io/repository/maven-public/org/slf4j/slf4j-api/1.7.36/slf4j-api-1.7.36.pom (2.7 kB at 9.3 kB/s)
[INFO] Downloading from papermc: https://repo.papermc.io/repository/maven-public/org/slf4j/slf4j-parent/1.7.36/slf4j-parent-1.7.36.pom
[INFO] Downloaded from papermc: https://repo.papermc.io/repository/maven-public/org/slf4j/slf4j-parent/1.7.36/slf4j-parent-1.7.36.pom (14 kB at 47 kB/s)
[INFO] Downloading from papermc: https://repo.papermc.io/repository/maven-public/org/checkerframework/checker-qual/3.21.0/checker-qual-3.21.0.pom
[INFO] Downloaded from papermc: https://repo.papermc.io/repository/maven-public/org/checkerframework/checker-qual/3.21.0/checker-qual-3.21.0.pom (2.1 kB at 7.2 kB/s)
[INFO] Downloading from papermc: https://repo.papermc.io/repository/maven-public/io/papermc/paper/paper-api/1.18.2-R0.1-SNAPSHOT/paper-api-1.18.2-R0.1-20220614.230913-165.jar
[INFO] Downloading from papermc: https://repo.papermc.io/repository/maven-public/net/md-5/bungeecord-chat/1.16-R0.4-deprecated+build.6/bungeecord-chat-1.16-R0.4-deprecated+build.6.jar
[INFO] Downloading from papermc: https://repo.papermc.io/repository/maven-public/com/googlecode/json-simple/json-simple/1.1.1/json-simple-1.1.1.jar
[INFO] Downloading from papermc: https://repo.papermc.io/repository/maven-public/org/apache/logging/log4j/log4j-api/2.17.1/log4j-api-2.17.1.jar
[INFO] Downloading from papermc: https://repo.papermc.io/repository/maven-public/it/unimi/dsi/fastutil/8.5.6/fastutil-8.5.6.jar
[INFO] Downloaded from papermc: https://repo.papermc.io/repository/maven-public/net/md-5/bungeecord-chat/1.16-R0.4-deprecated+build.6/bungeecord-chat-1.16-R0.4-deprecated+build.6.jar (151 kB at 680 kB/s)
[INFO] Downloading from papermc: https://repo.papermc.io/repository/maven-public/org/slf4j/slf4j-api/1.8.0-beta4/slf4j-api-1.8.0-beta4.jar
[INFO] Downloaded from papermc: https://repo.papermc.io/repository/maven-public/org/slf4j/slf4j-api/1.8.0-beta4/slf4j-api-1.8.0-beta4.jar (44 kB at 88 kB/s)
[INFO] Downloading from papermc: https://repo.papermc.io/repository/maven-public/net/kyori/adventure-api/4.11.0/adventure-api-4.11.0.jar
[INFO] Downloaded from papermc: https://repo.papermc.io/repository/maven-public/com/googlecode/json-simple/json-simple/1.1.1/json-simple-1.1.1.jar (24 kB at 34 kB/s)
[INFO] Downloading from papermc: https://repo.papermc.io/repository/maven-public/net/kyori/adventure-key/4.11.0/adventure-key-4.11.0.jar
[INFO] Downloaded from papermc: https://repo.papermc.io/repository/maven-public/io/papermc/paper/paper-api/1.18.2-R0.1-SNAPSHOT/paper-api-1.18.2-R0.1-20220614.230913-165.jar (1.7 MB at 2.1 MB/s)
[INFO] Downloading from papermc: https://repo.papermc.io/repository/maven-public/net/kyori/examination-api/1.3.0/examination-api-1.3.0.jar
[INFO] Downloaded from papermc: https://repo.papermc.io/repository/maven-public/org/apache/logging/log4j/log4j-api/2.17.1/log4j-api-2.17.1.jar (302 kB at 264 kB/s)
[INFO] Downloading from papermc: https://repo.papermc.io/repository/maven-public/net/kyori/examination-string/1.3.0/examination-string-1.3.0.jar
[INFO] Downloaded from papermc: https://repo.papermc.io/repository/maven-public/net/kyori/adventure-api/4.11.0/adventure-api-4.11.0.jar (318 kB at 272 kB/s)
[INFO] Downloading from papermc: https://repo.papermc.io/repository/maven-public/org/jetbrains/annotations/23.0.0/annotations-23.0.0.jar
[INFO] Downloaded from papermc: https://repo.papermc.io/repository/maven-public/org/jetbrains/annotations/23.0.0/annotations-23.0.0.jar (29 kB at 22 kB/s)
[INFO] Downloading from papermc: https://repo.papermc.io/repository/maven-public/net/kyori/adventure-text-minimessage/4.11.0/adventure-text-minimessage-4.11.0.jar
[INFO] Downloaded from papermc: https://repo.papermc.io/repository/maven-public/net/kyori/adventure-key/4.11.0/adventure-key-4.11.0.jar (8.4 kB at 6.1 kB/s)
[INFO] Downloading from papermc: https://repo.papermc.io/repository/maven-public/net/kyori/adventure-text-serializer-gson/4.11.0/adventure-text-serializer-gson-4.11.0.jar
[INFO] Downloaded from papermc: https://repo.papermc.io/repository/maven-public/net/kyori/adventure-text-minimessage/4.11.0/adventure-text-minimessage-4.11.0.jar (150 kB at 101 kB/s)
[INFO] Downloading from papermc: https://repo.papermc.io/repository/maven-public/net/kyori/adventure-text-serializer-legacy/4.11.0/adventure-text-serializer-legacy-4.11.0.jar
[INFO] Downloaded from papermc: https://repo.papermc.io/repository/maven-public/net/kyori/adventure-text-serializer-gson/4.11.0/adventure-text-serializer-gson-4.11.0.jar (39 kB at 25 kB/s)
[INFO] Downloading from papermc: https://repo.papermc.io/repository/maven-public/net/kyori/adventure-text-serializer-plain/4.11.0/adventure-text-serializer-plain-4.11.0.jar
[INFO] Downloaded from papermc: https://repo.papermc.io/repository/maven-public/net/kyori/examination-api/1.3.0/examination-api-1.3.0.jar (23 kB at 15 kB/s)
[INFO] Downloading from papermc: https://repo.papermc.io/repository/maven-public/net/kyori/adventure-text-logger-slf4j/4.11.0/adventure-text-logger-slf4j-4.11.0.jar
[INFO] Downloaded from papermc: https://repo.papermc.io/repository/maven-public/it/unimi/dsi/fastutil/8.5.6/fastutil-8.5.6.jar (24 MB at 15 MB/s)
[INFO] Downloading from papermc: https://repo.papermc.io/repository/maven-public/org/checkerframework/checker-qual/3.21.0/checker-qual-3.21.0.jar
[INFO] Downloaded from papermc: https://repo.papermc.io/repository/maven-public/net/kyori/examination-string/1.3.0/examination-string-1.3.0.jar (13 kB at 7.3 kB/s)
[INFO] Downloaded from papermc: https://repo.papermc.io/repository/maven-public/net/kyori/adventure-text-serializer-legacy/4.11.0/adventure-text-serializer-legacy-4.11.0.jar (24 kB at 11 kB/s)
[INFO] Downloaded from papermc: https://repo.papermc.io/repository/maven-public/net/kyori/adventure-text-serializer-plain/4.11.0/adventure-text-serializer-plain-4.11.0.jar (13 kB at 5.9 kB/s)
[INFO] Downloaded from papermc: https://repo.papermc.io/repository/maven-public/org/checkerframework/checker-qual/3.21.0/checker-qual-3.21.0.jar (222 kB at 98 kB/s)
[INFO] Downloaded from papermc: https://repo.papermc.io/repository/maven-public/net/kyori/adventure-text-logger-slf4j/4.11.0/adventure-text-logger-slf4j-4.11.0.jar (20 kB at 8.4 kB/s)
[INFO] 
[INFO] --- maven-clean-plugin:2.5:clean (default-clean) @ InfernalExpansion ---
[INFO] 
[INFO] --- maven-resources-plugin:2.6:resources (default-resources) @ InfernalExpansion ---
[INFO] Using 'UTF-8' encoding to copy filtered resources.
[INFO] Copying 2 resources
[INFO] 
[INFO] --- maven-compiler-plugin:3.10.1:compile (default-compile) @ InfernalExpansion ---
[INFO] Downloading from central: https://repo.maven.apache.org/maven2/org/apache/maven/shared/maven-shared-utils/3.3.4/maven-shared-utils-3.3.4.pom
[INFO] Downloaded from central: https://repo.maven.apache.org/maven2/org/apache/maven/shared/maven-shared-utils/3.3.4/maven-shared-utils-3.3.4.pom (5.8 kB at 583 kB/s)
[INFO] Downloading from central: https://repo.maven.apache.org/maven2/org/codehaus/plexus/plexus-java/1.1.1/plexus-java-1.1.1.pom
[INFO] Downloaded from central: https://repo.maven.apache.org/maven2/org/codehaus/plexus/plexus-java/1.1.1/plexus-java-1.1.1.pom (5.0 kB at 710 kB/s)
[INFO] Downloading from central: https://repo.maven.apache.org/maven2/org/codehaus/plexus/plexus-languages/1.1.1/plexus-languages-1.1.1.pom
[INFO] Downloaded from central: https://repo.maven.apache.org/maven2/org/codehaus/plexus/plexus-languages/1.1.1/plexus-languages-1.1.1.pom (4.6 kB at 769 kB/s)
[INFO] Downloading from central: https://repo.maven.apache.org/maven2/org/codehaus/plexus/plexus/8/plexus-8.pom
[INFO] Downloaded from central: https://repo.maven.apache.org/maven2/org/codehaus/plexus/plexus/8/plexus-8.pom (25 kB at 3.6 MB/s)
[INFO] Downloading from central: https://repo.maven.apache.org/maven2/com/thoughtworks/qdox/qdox/2.0.1/qdox-2.0.1.pom
[INFO] Downloaded from central: https://repo.maven.apache.org/maven2/com/thoughtworks/qdox/qdox/2.0.1/qdox-2.0.1.pom (16 kB at 2.3 MB/s)
[INFO] Downloading from central: https://repo.maven.apache.org/maven2/org/codehaus/plexus/plexus-compiler-api/2.11.1/plexus-compiler-api-2.11.1.pom
[INFO] Downloaded from central: https://repo.maven.apache.org/maven2/org/codehaus/plexus/plexus-compiler-api/2.11.1/plexus-compiler-api-2.11.1.pom (1.1 kB at 117 kB/s)
[INFO] Downloading from central: https://repo.maven.apache.org/maven2/org/codehaus/plexus/plexus-compiler/2.11.1/plexus-compiler-2.11.1.pom
[INFO] Downloaded from central: https://repo.maven.apache.org/maven2/org/codehaus/plexus/plexus-compiler/2.11.1/plexus-compiler-2.11.1.pom (8.1 kB at 1.4 MB/s)
[INFO] Downloading from central: https://repo.maven.apache.org/maven2/org/codehaus/plexus/plexus-components/6.6/plexus-components-6.6.pom
[INFO] Downloaded from central: https://repo.maven.apache.org/maven2/org/codehaus/plexus/plexus-components/6.6/plexus-components-6.6.pom (2.7 kB at 243 kB/s)
[INFO] Downloading from central: https://repo.maven.apache.org/maven2/org/junit/junit-bom/5.8.2/junit-bom-5.8.2.pom
[INFO] Downloaded from central: https://repo.maven.apache.org/maven2/org/junit/junit-bom/5.8.2/junit-bom-5.8.2.pom (5.6 kB at 1.1 MB/s)
[INFO] Downloading from central: https://repo.maven.apache.org/maven2/org/codehaus/plexus/plexus-utils/3.4.1/plexus-utils-3.4.1.pom
[INFO] Downloaded from central: https://repo.maven.apache.org/maven2/org/codehaus/plexus/plexus-utils/3.4.1/plexus-utils-3.4.1.pom (8.0 kB at 1.3 MB/s)
[INFO] Downloading from central: https://repo.maven.apache.org/maven2/org/codehaus/plexus/plexus-compiler-manager/2.11.1/plexus-compiler-manager-2.11.1.pom
[INFO] Downloaded from central: https://repo.maven.apache.org/maven2/org/codehaus/plexus/plexus-compiler-manager/2.11.1/plexus-compiler-manager-2.11.1.pom (1.1 kB at 190 kB/s)
[INFO] Downloading from central: https://repo.maven.apache.org/maven2/org/codehaus/plexus/plexus-compiler-javac/2.11.1/plexus-compiler-javac-2.11.1.pom
[INFO] Downloaded from central: https://repo.maven.apache.org/maven2/org/codehaus/plexus/plexus-compiler-javac/2.11.1/plexus-compiler-javac-2.11.1.pom (1.2 kB at 241 kB/s)
[INFO] Downloading from central: https://repo.maven.apache.org/maven2/org/codehaus/plexus/plexus-compilers/2.11.1/plexus-compilers-2.11.1.pom
[INFO] Downloaded from central: https://repo.maven.apache.org/maven2/org/codehaus/plexus/plexus-compilers/2.11.1/plexus-compilers-2.11.1.pom (1.3 kB at 265 kB/s)
[INFO] Downloading from central: https://repo.maven.apache.org/maven2/org/apache/maven/shared/maven-shared-utils/3.3.4/maven-shared-utils-3.3.4.jar
[INFO] Downloading from central: https://repo.maven.apache.org/maven2/org/codehaus/plexus/plexus-java/1.1.1/plexus-java-1.1.1.jar
[INFO] Downloading from central: https://repo.maven.apache.org/maven2/com/thoughtworks/qdox/qdox/2.0.1/qdox-2.0.1.jar
[INFO] Downloading from central: https://repo.maven.apache.org/maven2/org/codehaus/plexus/plexus-compiler-api/2.11.1/plexus-compiler-api-2.11.1.jar
[INFO] Downloaded from central: https://repo.maven.apache.org/maven2/org/apache/maven/shared/maven-shared-utils/3.3.4/maven-shared-utils-3.3.4.jar (153 kB at 9.0 MB/s)
[INFO] Downloading from central: https://repo.maven.apache.org/maven2/org/codehaus/plexus/plexus-compiler-manager/2.11.1/plexus-compiler-manager-2.11.1.jar
[INFO] Downloading from central: https://repo.maven.apache.org/maven2/org/codehaus/plexus/plexus-utils/3.4.1/plexus-utils-3.4.1.jar
[INFO] Downloaded from central: https://repo.maven.apache.org/maven2/org/codehaus/plexus/plexus-compiler-manager/2.11.1/plexus-compiler-manager-2.11.1.jar (4.7 kB at 776 kB/s)
[INFO] Downloading from central: https://repo.maven.apache.org/maven2/org/codehaus/plexus/plexus-compiler-javac/2.11.1/plexus-compiler-javac-2.11.1.jar
[INFO] Downloaded from central: https://repo.maven.apache.org/maven2/org/codehaus/plexus/plexus-compiler-api/2.11.1/plexus-compiler-api-2.11.1.jar (27 kB at 998 kB/s)
[INFO] Downloaded from central: https://repo.maven.apache.org/maven2/org/codehaus/plexus/plexus-compiler-javac/2.11.1/plexus-compiler-javac-2.11.1.jar (23 kB at 1.5 MB/s)
[INFO] Downloaded from central: https://repo.maven.apache.org/maven2/org/codehaus/plexus/plexus-java/1.1.1/plexus-java-1.1.1.jar (54 kB at 1.3 MB/s)
[INFO] Downloaded from central: https://repo.maven.apache.org/maven2/com/thoughtworks/qdox/qdox/2.0.1/qdox-2.0.1.jar (334 kB at 6.1 MB/s)
[INFO] Downloaded from central: https://repo.maven.apache.org/maven2/org/codehaus/plexus/plexus-utils/3.4.1/plexus-utils-3.4.1.jar (264 kB at 5.3 MB/s)
[INFO] Changes detected - recompiling the module!
[INFO] Compiling 14 source files to /home/runner/work/maven-builds/maven-builds/static/f/SlimefunGuguProject/InfernalExpansion/main/workspace/target/classes
[INFO] /home/runner/work/maven-builds/maven-builds/static/f/SlimefunGuguProject/InfernalExpansion/main/workspace/src/main/java/ga/kirzu/infernalexpansion/items/runes/BedRune.java: Some input files use or override a deprecated API.
[INFO] /home/runner/work/maven-builds/maven-builds/static/f/SlimefunGuguProject/InfernalExpansion/main/workspace/src/main/java/ga/kirzu/infernalexpansion/items/runes/BedRune.java: Recompile with -Xlint:deprecation for details.
[INFO] 
[INFO] --- maven-resources-plugin:2.6:testResources (default-testResources) @ InfernalExpansion ---
[INFO] Using 'UTF-8' encoding to copy filtered resources.
[INFO] skip non existing resourceDirectory /home/runner/work/maven-builds/maven-builds/static/f/SlimefunGuguProject/InfernalExpansion/main/workspace/src/test/resources
[INFO] 
[INFO] --- maven-compiler-plugin:3.10.1:testCompile (default-testCompile) @ InfernalExpansion ---
[INFO] No sources to compile
[INFO] 
[INFO] --- maven-surefire-plugin:2.12.4:test (default-test) @ InfernalExpansion ---
[INFO] No tests to run.
[INFO] 
[INFO] --- maven-jar-plugin:2.4:jar (default-jar) @ InfernalExpansion ---
[INFO] Building jar: /home/runner/work/maven-builds/maven-builds/static/f/SlimefunGuguProject/InfernalExpansion/main/workspace/target/InfernalExpansion-Build 1 zh-CN(SlimefunGuguProject) (git e54c1c8).jar
[INFO] 
[INFO] --- maven-shade-plugin:3.3.0:shade (default) @ InfernalExpansion ---
[INFO] Replacing /home/runner/work/maven-builds/maven-builds/static/f/SlimefunGuguProject/InfernalExpansion/main/workspace/target/InfernalExpansion vBuild 1 zh-CN(SlimefunGuguProject) (git e54c1c8).jar with /home/runner/work/maven-builds/maven-builds/static/f/SlimefunGuguProject/InfernalExpansion/main/workspace/target/InfernalExpansion-Build 1 zh-CN(SlimefunGuguProject) (git e54c1c8)-shaded.jar
[INFO] ------------------------------------------------------------------------
[INFO] BUILD SUCCESS
[INFO] ------------------------------------------------------------------------
[INFO] Total time:  14.035 s
[INFO] Finished at: 2022-06-18T08:51:02Z
[INFO] ------------------------------------------------------------------------
