[INFO] Scanning for projects...
[INFO] 
[INFO] --------------------< ne.fnfal113:FNAmplifications >--------------------
[INFO] Building FN-FAL-s-Amplifications Build 10 zh-CN(SlimefunGuguProject) (git b5ff9a6)
[INFO] --------------------------------[ jar ]---------------------------------
[INFO] Downloading from central: https://repo.maven.apache.org/maven2/org/apache/maven/plugins/maven-clean-plugin/2.5/maven-clean-plugin-2.5.pom
[INFO] Downloaded from central: https://repo.maven.apache.org/maven2/org/apache/maven/plugins/maven-clean-plugin/2.5/maven-clean-plugin-2.5.pom (3.9 kB at 6.2 kB/s)
[INFO] Downloading from central: https://repo.maven.apache.org/maven2/org/apache/maven/plugins/maven-plugins/22/maven-plugins-22.pom
[INFO] Downloaded from central: https://repo.maven.apache.org/maven2/org/apache/maven/plugins/maven-plugins/22/maven-plugins-22.pom (13 kB at 277 kB/s)
[INFO] Downloading from central: https://repo.maven.apache.org/maven2/org/apache/maven/maven-parent/21/maven-parent-21.pom
[INFO] Downloaded from central: https://repo.maven.apache.org/maven2/org/apache/maven/maven-parent/21/maven-parent-21.pom (26 kB at 549 kB/s)
[INFO] Downloading from central: https://repo.maven.apache.org/maven2/org/apache/apache/10/apache-10.pom
[INFO] Downloaded from central: https://repo.maven.apache.org/maven2/org/apache/apache/10/apache-10.pom (15 kB at 477 kB/s)
[INFO] Downloading from central: https://repo.maven.apache.org/maven2/org/apache/maven/plugins/maven-clean-plugin/2.5/maven-clean-plugin-2.5.jar
[INFO] Downloaded from central: https://repo.maven.apache.org/maven2/org/apache/maven/plugins/maven-clean-plugin/2.5/maven-clean-plugin-2.5.jar (25 kB at 770 kB/s)
[INFO] Downloading from central: https://repo.maven.apache.org/maven2/org/apache/maven/plugins/maven-resources-plugin/2.6/maven-resources-plugin-2.6.pom
[INFO] Downloaded from central: https://repo.maven.apache.org/maven2/org/apache/maven/plugins/maven-resources-plugin/2.6/maven-resources-plugin-2.6.pom (8.1 kB at 270 kB/s)
[INFO] Downloading from central: https://repo.maven.apache.org/maven2/org/apache/maven/plugins/maven-plugins/23/maven-plugins-23.pom
[INFO] Downloaded from central: https://repo.maven.apache.org/maven2/org/apache/maven/plugins/maven-plugins/23/maven-plugins-23.pom (9.2 kB at 328 kB/s)
[INFO] Downloading from central: https://repo.maven.apache.org/maven2/org/apache/maven/maven-parent/22/maven-parent-22.pom
[INFO] Downloaded from central: https://repo.maven.apache.org/maven2/org/apache/maven/maven-parent/22/maven-parent-22.pom (30 kB at 991 kB/s)
[INFO] Downloading from central: https://repo.maven.apache.org/maven2/org/apache/apache/11/apache-11.pom
[INFO] Downloaded from central: https://repo.maven.apache.org/maven2/org/apache/apache/11/apache-11.pom (15 kB at 463 kB/s)
[INFO] Downloading from central: https://repo.maven.apache.org/maven2/org/apache/maven/plugins/maven-resources-plugin/2.6/maven-resources-plugin-2.6.jar
[INFO] Downloaded from central: https://repo.maven.apache.org/maven2/org/apache/maven/plugins/maven-resources-plugin/2.6/maven-resources-plugin-2.6.jar (30 kB at 895 kB/s)
[INFO] Downloading from central: https://repo.maven.apache.org/maven2/org/apache/maven/plugins/maven-compiler-plugin/3.8.1/maven-compiler-plugin-3.8.1.pom
[INFO] Downloaded from central: https://repo.maven.apache.org/maven2/org/apache/maven/plugins/maven-compiler-plugin/3.8.1/maven-compiler-plugin-3.8.1.pom (12 kB at 499 kB/s)
[INFO] Downloading from central: https://repo.maven.apache.org/maven2/org/apache/maven/plugins/maven-plugins/33/maven-plugins-33.pom
[INFO] Downloaded from central: https://repo.maven.apache.org/maven2/org/apache/maven/plugins/maven-plugins/33/maven-plugins-33.pom (11 kB at 356 kB/s)
[INFO] Downloading from central: https://repo.maven.apache.org/maven2/org/apache/maven/maven-parent/33/maven-parent-33.pom
[INFO] Downloaded from central: https://repo.maven.apache.org/maven2/org/apache/maven/maven-parent/33/maven-parent-33.pom (44 kB at 1.4 MB/s)
[INFO] Downloading from central: https://repo.maven.apache.org/maven2/org/apache/apache/21/apache-21.pom
[INFO] Downloaded from central: https://repo.maven.apache.org/maven2/org/apache/apache/21/apache-21.pom (17 kB at 503 kB/s)
[INFO] Downloading from central: https://repo.maven.apache.org/maven2/org/apache/maven/plugins/maven-compiler-plugin/3.8.1/maven-compiler-plugin-3.8.1.jar
[INFO] Downloaded from central: https://repo.maven.apache.org/maven2/org/apache/maven/plugins/maven-compiler-plugin/3.8.1/maven-compiler-plugin-3.8.1.jar (62 kB at 2.3 MB/s)
[INFO] Downloading from central: https://repo.maven.apache.org/maven2/org/apache/maven/plugins/maven-surefire-plugin/2.12.4/maven-surefire-plugin-2.12.4.pom
[INFO] Downloaded from central: https://repo.maven.apache.org/maven2/org/apache/maven/plugins/maven-surefire-plugin/2.12.4/maven-surefire-plugin-2.12.4.pom (10 kB at 201 kB/s)
[INFO] Downloading from central: https://repo.maven.apache.org/maven2/org/apache/maven/surefire/surefire/2.12.4/surefire-2.12.4.pom
[INFO] Downloaded from central: https://repo.maven.apache.org/maven2/org/apache/maven/surefire/surefire/2.12.4/surefire-2.12.4.pom (14 kB at 406 kB/s)
[INFO] Downloading from central: https://repo.maven.apache.org/maven2/org/apache/maven/plugins/maven-surefire-plugin/2.12.4/maven-surefire-plugin-2.12.4.jar
[INFO] Downloaded from central: https://repo.maven.apache.org/maven2/org/apache/maven/plugins/maven-surefire-plugin/2.12.4/maven-surefire-plugin-2.12.4.jar (30 kB at 870 kB/s)
[INFO] Downloading from central: https://repo.maven.apache.org/maven2/org/apache/maven/plugins/maven-jar-plugin/2.4/maven-jar-plugin-2.4.pom
[INFO] Downloaded from central: https://repo.maven.apache.org/maven2/org/apache/maven/plugins/maven-jar-plugin/2.4/maven-jar-plugin-2.4.pom (5.8 kB at 182 kB/s)
[INFO] Downloading from central: https://repo.maven.apache.org/maven2/org/apache/maven/plugins/maven-jar-plugin/2.4/maven-jar-plugin-2.4.jar
[INFO] Downloaded from central: https://repo.maven.apache.org/maven2/org/apache/maven/plugins/maven-jar-plugin/2.4/maven-jar-plugin-2.4.jar (34 kB at 1.4 MB/s)
[INFO] Downloading from central: https://repo.maven.apache.org/maven2/org/apache/maven/plugins/maven-shade-plugin/3.2.4/maven-shade-plugin-3.2.4.pom
[INFO] Downloaded from central: https://repo.maven.apache.org/maven2/org/apache/maven/plugins/maven-shade-plugin/3.2.4/maven-shade-plugin-3.2.4.pom (11 kB at 256 kB/s)
[INFO] Downloading from central: https://repo.maven.apache.org/maven2/org/apache/maven/plugins/maven-plugins/34/maven-plugins-34.pom
[INFO] Downloaded from central: https://repo.maven.apache.org/maven2/org/apache/maven/plugins/maven-plugins/34/maven-plugins-34.pom (11 kB at 382 kB/s)
[INFO] Downloading from central: https://repo.maven.apache.org/maven2/org/apache/maven/maven-parent/34/maven-parent-34.pom
[INFO] Downloaded from central: https://repo.maven.apache.org/maven2/org/apache/maven/maven-parent/34/maven-parent-34.pom (43 kB at 1.4 MB/s)
[INFO] Downloading from central: https://repo.maven.apache.org/maven2/org/apache/apache/23/apache-23.pom
[INFO] Downloaded from central: https://repo.maven.apache.org/maven2/org/apache/apache/23/apache-23.pom (18 kB at 737 kB/s)
[INFO] Downloading from central: https://repo.maven.apache.org/maven2/org/apache/maven/plugins/maven-shade-plugin/3.2.4/maven-shade-plugin-3.2.4.jar
[INFO] Downloaded from central: https://repo.maven.apache.org/maven2/org/apache/maven/plugins/maven-shade-plugin/3.2.4/maven-shade-plugin-3.2.4.jar (134 kB at 2.3 MB/s)
[INFO] Downloading from spigotmc-repo: https://hub.spigotmc.org/nexus/content/repositories/snapshots/org/spigotmc/spigot-api/1.17.1-R0.1-SNAPSHOT/maven-metadata.xml
[INFO] Downloading from sonatype: https://oss.sonatype.org/content/groups/public/org/spigotmc/spigot-api/1.17.1-R0.1-SNAPSHOT/maven-metadata.xml
[INFO] Downloading from jitpack.io: https://jitpack.io/org/spigotmc/spigot-api/1.17.1-R0.1-SNAPSHOT/maven-metadata.xml
[INFO] Downloaded from spigotmc-repo: https://hub.spigotmc.org/nexus/content/repositories/snapshots/org/spigotmc/spigot-api/1.17.1-R0.1-SNAPSHOT/maven-metadata.xml (1.5 kB at 3.5 kB/s)
[INFO] Downloading from jitpack.io: https://jitpack.io/org/spigotmc/spigot-api/1.17.1-R0.1-SNAPSHOT/spigot-api-1.17.1-R0.1-20211121.234319-104.pom
[INFO] Downloading from spigotmc-repo: https://hub.spigotmc.org/nexus/content/repositories/snapshots/org/spigotmc/spigot-api/1.17.1-R0.1-SNAPSHOT/spigot-api-1.17.1-R0.1-20211121.234319-104.pom
[INFO] Downloaded from spigotmc-repo: https://hub.spigotmc.org/nexus/content/repositories/snapshots/org/spigotmc/spigot-api/1.17.1-R0.1-SNAPSHOT/spigot-api-1.17.1-R0.1-20211121.234319-104.pom (10 kB at 71 kB/s)
[INFO] Downloading from jitpack.io: https://jitpack.io/commons-lang/commons-lang/2.6/commons-lang-2.6.pom
[INFO] Downloading from spigotmc-repo: https://hub.spigotmc.org/nexus/content/repositories/snapshots/commons-lang/commons-lang/2.6/commons-lang-2.6.pom
[INFO] Downloading from sonatype: https://oss.sonatype.org/content/groups/public/commons-lang/commons-lang/2.6/commons-lang-2.6.pom
[INFO] Downloaded from sonatype: https://oss.sonatype.org/content/groups/public/commons-lang/commons-lang/2.6/commons-lang-2.6.pom (17 kB at 100 kB/s)
[INFO] Downloading from jitpack.io: https://jitpack.io/org/apache/commons/commons-parent/17/commons-parent-17.pom
[INFO] Downloading from spigotmc-repo: https://hub.spigotmc.org/nexus/content/repositories/snapshots/org/apache/commons/commons-parent/17/commons-parent-17.pom
[INFO] Downloading from sonatype: https://oss.sonatype.org/content/groups/public/org/apache/commons/commons-parent/17/commons-parent-17.pom
[INFO] Downloaded from sonatype: https://oss.sonatype.org/content/groups/public/org/apache/commons/commons-parent/17/commons-parent-17.pom (31 kB at 260 kB/s)
[INFO] Downloading from jitpack.io: https://jitpack.io/org/apache/apache/7/apache-7.pom
[INFO] Downloading from spigotmc-repo: https://hub.spigotmc.org/nexus/content/repositories/snapshots/org/apache/apache/7/apache-7.pom
[INFO] Downloading from sonatype: https://oss.sonatype.org/content/groups/public/org/apache/apache/7/apache-7.pom
[INFO] Downloaded from sonatype: https://oss.sonatype.org/content/groups/public/org/apache/apache/7/apache-7.pom (14 kB at 115 kB/s)
[INFO] Downloading from jitpack.io: https://jitpack.io/com/google/guava/guava/21.0/guava-21.0.pom
[INFO] Downloading from spigotmc-repo: https://hub.spigotmc.org/nexus/content/repositories/snapshots/com/google/guava/guava/21.0/guava-21.0.pom
[INFO] Downloading from sonatype: https://oss.sonatype.org/content/groups/public/com/google/guava/guava/21.0/guava-21.0.pom
[INFO] Downloaded from sonatype: https://oss.sonatype.org/content/groups/public/com/google/guava/guava/21.0/guava-21.0.pom (7.0 kB at 60 kB/s)
[INFO] Downloading from jitpack.io: https://jitpack.io/com/google/guava/guava-parent/21.0/guava-parent-21.0.pom
[INFO] Downloading from spigotmc-repo: https://hub.spigotmc.org/nexus/content/repositories/snapshots/com/google/guava/guava-parent/21.0/guava-parent-21.0.pom
[INFO] Downloading from sonatype: https://oss.sonatype.org/content/groups/public/com/google/guava/guava-parent/21.0/guava-parent-21.0.pom
[INFO] Downloaded from sonatype: https://oss.sonatype.org/content/groups/public/com/google/guava/guava-parent/21.0/guava-parent-21.0.pom (9.7 kB at 79 kB/s)
[INFO] Downloading from jitpack.io: https://jitpack.io/org/sonatype/oss/oss-parent/7/oss-parent-7.pom
[INFO] Downloading from spigotmc-repo: https://hub.spigotmc.org/nexus/content/repositories/snapshots/org/sonatype/oss/oss-parent/7/oss-parent-7.pom
[INFO] Downloading from sonatype: https://oss.sonatype.org/content/groups/public/org/sonatype/oss/oss-parent/7/oss-parent-7.pom
[INFO] Downloaded from sonatype: https://oss.sonatype.org/content/groups/public/org/sonatype/oss/oss-parent/7/oss-parent-7.pom (4.8 kB at 47 kB/s)
[INFO] Downloading from jitpack.io: https://jitpack.io/com/google/code/gson/gson/2.8.0/gson-2.8.0.pom
[INFO] Downloading from spigotmc-repo: https://hub.spigotmc.org/nexus/content/repositories/snapshots/com/google/code/gson/gson/2.8.0/gson-2.8.0.pom
[INFO] Downloading from sonatype: https://oss.sonatype.org/content/groups/public/com/google/code/gson/gson/2.8.0/gson-2.8.0.pom
[INFO] Downloaded from sonatype: https://oss.sonatype.org/content/groups/public/com/google/code/gson/gson/2.8.0/gson-2.8.0.pom (1.4 kB at 13 kB/s)
[INFO] Downloading from jitpack.io: https://jitpack.io/com/google/code/gson/gson-parent/2.8.0/gson-parent-2.8.0.pom
[INFO] Downloading from spigotmc-repo: https://hub.spigotmc.org/nexus/content/repositories/snapshots/com/google/code/gson/gson-parent/2.8.0/gson-parent-2.8.0.pom
[INFO] Downloading from sonatype: https://oss.sonatype.org/content/groups/public/com/google/code/gson/gson-parent/2.8.0/gson-parent-2.8.0.pom
[INFO] Downloaded from sonatype: https://oss.sonatype.org/content/groups/public/com/google/code/gson/gson-parent/2.8.0/gson-parent-2.8.0.pom (3.5 kB at 31 kB/s)
[INFO] Downloading from jitpack.io: https://jitpack.io/net/md-5/bungeecord-chat/1.16-R0.4/bungeecord-chat-1.16-R0.4.pom
[INFO] Downloading from spigotmc-repo: https://hub.spigotmc.org/nexus/content/repositories/snapshots/net/md-5/bungeecord-chat/1.16-R0.4/bungeecord-chat-1.16-R0.4.pom
[INFO] Downloading from sonatype: https://oss.sonatype.org/content/groups/public/net/md-5/bungeecord-chat/1.16-R0.4/bungeecord-chat-1.16-R0.4.pom
[INFO] Downloaded from sonatype: https://oss.sonatype.org/content/groups/public/net/md-5/bungeecord-chat/1.16-R0.4/bungeecord-chat-1.16-R0.4.pom (978 B at 7.8 kB/s)
[INFO] Downloading from jitpack.io: https://jitpack.io/net/md-5/bungeecord-parent/1.16-R0.4/bungeecord-parent-1.16-R0.4.pom
[INFO] Downloading from spigotmc-repo: https://hub.spigotmc.org/nexus/content/repositories/snapshots/net/md-5/bungeecord-parent/1.16-R0.4/bungeecord-parent-1.16-R0.4.pom
[INFO] Downloading from sonatype: https://oss.sonatype.org/content/groups/public/net/md-5/bungeecord-parent/1.16-R0.4/bungeecord-parent-1.16-R0.4.pom
[INFO] Downloaded from sonatype: https://oss.sonatype.org/content/groups/public/net/md-5/bungeecord-parent/1.16-R0.4/bungeecord-parent-1.16-R0.4.pom (10 kB at 87 kB/s)
[INFO] Downloading from jitpack.io: https://jitpack.io/org/yaml/snakeyaml/1.28/snakeyaml-1.28.pom
[INFO] Downloading from spigotmc-repo: https://hub.spigotmc.org/nexus/content/repositories/snapshots/org/yaml/snakeyaml/1.28/snakeyaml-1.28.pom
[INFO] Downloading from sonatype: https://oss.sonatype.org/content/groups/public/org/yaml/snakeyaml/1.28/snakeyaml-1.28.pom
[INFO] Downloaded from sonatype: https://oss.sonatype.org/content/groups/public/org/yaml/snakeyaml/1.28/snakeyaml-1.28.pom (37 kB at 316 kB/s)
[INFO] Downloading from jitpack.io: https://jitpack.io/com/github/StarWishsama/Slimefun4/2022.06/Slimefun4-2022.06.pom
[INFO] Downloading from spigotmc-repo: https://hub.spigotmc.org/nexus/content/repositories/snapshots/com/github/StarWishsama/Slimefun4/2022.06/Slimefun4-2022.06.pom
[INFO] Downloading from sonatype: https://oss.sonatype.org/content/groups/public/com/github/StarWishsama/Slimefun4/2022.06/Slimefun4-2022.06.pom
[INFO] Downloading from central: https://repo.maven.apache.org/maven2/com/github/StarWishsama/Slimefun4/2022.06/Slimefun4-2022.06.pom
[INFO] Downloading from jitpack.io: https://jitpack.io/org/projectlombok/lombok/1.18.24/lombok-1.18.24.pom
[INFO] Downloading from spigotmc-repo: https://hub.spigotmc.org/nexus/content/repositories/snapshots/org/projectlombok/lombok/1.18.24/lombok-1.18.24.pom
[INFO] Downloading from sonatype: https://oss.sonatype.org/content/groups/public/org/projectlombok/lombok/1.18.24/lombok-1.18.24.pom
[INFO] Downloaded from sonatype: https://oss.sonatype.org/content/groups/public/org/projectlombok/lombok/1.18.24/lombok-1.18.24.pom (1.5 kB at 12 kB/s)
[INFO] Downloading from jitpack.io: https://jitpack.io/com/google/code/findbugs/jsr305/3.0.2/jsr305-3.0.2.pom
[INFO] Downloading from spigotmc-repo: https://hub.spigotmc.org/nexus/content/repositories/snapshots/com/google/code/findbugs/jsr305/3.0.2/jsr305-3.0.2.pom
[INFO] Downloading from sonatype: https://oss.sonatype.org/content/groups/public/com/google/code/findbugs/jsr305/3.0.2/jsr305-3.0.2.pom
[INFO] Downloaded from sonatype: https://oss.sonatype.org/content/groups/public/com/google/code/findbugs/jsr305/3.0.2/jsr305-3.0.2.pom (4.3 kB at 36 kB/s)
[INFO] Downloading from jitpack.io: https://jitpack.io/com/github/slimefun-addon-community/extrautils/73e76ac06c/extrautils-73e76ac06c.pom
[INFO] Downloading from spigotmc-repo: https://hub.spigotmc.org/nexus/content/repositories/snapshots/com/github/slimefun-addon-community/extrautils/73e76ac06c/extrautils-73e76ac06c.pom
[INFO] Downloading from sonatype: https://oss.sonatype.org/content/groups/public/com/github/slimefun-addon-community/extrautils/73e76ac06c/extrautils-73e76ac06c.pom
[INFO] Downloading from central: https://repo.maven.apache.org/maven2/com/github/slimefun-addon-community/extrautils/73e76ac06c/extrautils-73e76ac06c.pom
[INFO] Downloading from jitpack.io: https://jitpack.io/org/bstats/bstats-bukkit/3.0.0/bstats-bukkit-3.0.0.pom
[INFO] Downloading from spigotmc-repo: https://hub.spigotmc.org/nexus/content/repositories/snapshots/org/bstats/bstats-bukkit/3.0.0/bstats-bukkit-3.0.0.pom
[INFO] Downloading from sonatype: https://oss.sonatype.org/content/groups/public/org/bstats/bstats-bukkit/3.0.0/bstats-bukkit-3.0.0.pom
[INFO] Downloaded from sonatype: https://oss.sonatype.org/content/groups/public/org/bstats/bstats-bukkit/3.0.0/bstats-bukkit-3.0.0.pom (1.7 kB at 13 kB/s)
[INFO] Downloading from jitpack.io: https://jitpack.io/org/bstats/bstats-base/3.0.0/bstats-base-3.0.0.pom
[INFO] Downloading from spigotmc-repo: https://hub.spigotmc.org/nexus/content/repositories/snapshots/org/bstats/bstats-base/3.0.0/bstats-base-3.0.0.pom
[INFO] Downloading from sonatype: https://oss.sonatype.org/content/groups/public/org/bstats/bstats-base/3.0.0/bstats-base-3.0.0.pom
[INFO] Downloaded from sonatype: https://oss.sonatype.org/content/groups/public/org/bstats/bstats-base/3.0.0/bstats-base-3.0.0.pom (1.5 kB at 12 kB/s)
[INFO] Downloading from jitpack.io: https://jitpack.io/com/github/Slimefun-Addon-Community/LiteXpansion/13eea12c8f/LiteXpansion-13eea12c8f.pom
[INFO] Downloading from spigotmc-repo: https://hub.spigotmc.org/nexus/content/repositories/snapshots/com/github/Slimefun-Addon-Community/LiteXpansion/13eea12c8f/LiteXpansion-13eea12c8f.pom
[INFO] Downloading from sonatype: https://oss.sonatype.org/content/groups/public/com/github/Slimefun-Addon-Community/LiteXpansion/13eea12c8f/LiteXpansion-13eea12c8f.pom
[INFO] Downloading from central: https://repo.maven.apache.org/maven2/com/github/Slimefun-Addon-Community/LiteXpansion/13eea12c8f/LiteXpansion-13eea12c8f.pom
[INFO] Downloading from jitpack.io: https://jitpack.io/com/github/Sefiraat/SMG/cce3ce31e7/SMG-cce3ce31e7.pom
[INFO] Downloading from spigotmc-repo: https://hub.spigotmc.org/nexus/content/repositories/snapshots/com/github/Sefiraat/SMG/cce3ce31e7/SMG-cce3ce31e7.pom
[INFO] Downloading from sonatype: https://oss.sonatype.org/content/groups/public/com/github/Sefiraat/SMG/cce3ce31e7/SMG-cce3ce31e7.pom
[INFO] Downloading from central: https://repo.maven.apache.org/maven2/com/github/Sefiraat/SMG/cce3ce31e7/SMG-cce3ce31e7.pom
[INFO] Downloading from jitpack.io: https://jitpack.io/com/github/MilkBowl/VaultAPI/1.7/VaultAPI-1.7.pom
[WARNING] Checksum validation failed, expected e91b0276265fd365ab0cb90e9d44bef04c741bff but is 147b664567eef20bcc0386e8bf54595f9705c430 from jitpack.io for https://jitpack.io/com/github/MilkBowl/VaultAPI/1.7/VaultAPI-1.7.pom
[WARNING] Could not validate integrity of download from https://jitpack.io/com/github/MilkBowl/VaultAPI/1.7/VaultAPI-1.7.pom
org.eclipse.aether.transfer.ChecksumFailureException: Checksum validation failed, expected e91b0276265fd365ab0cb90e9d44bef04c741bff but is 147b664567eef20bcc0386e8bf54595f9705c430
    at org.eclipse.aether.connector.basic.ChecksumValidator.validateExternalChecksums (ChecksumValidator.java:174)
    at org.eclipse.aether.connector.basic.ChecksumValidator.validate (ChecksumValidator.java:103)
    at org.eclipse.aether.connector.basic.BasicRepositoryConnector$GetTaskRunner.runTask (BasicRepositoryConnector.java:460)
    at org.eclipse.aether.connector.basic.BasicRepositoryConnector$TaskRunner.run (BasicRepositoryConnector.java:364)
    at org.eclipse.aether.util.concurrency.RunnableErrorForwarder$1.run (RunnableErrorForwarder.java:75)
    at org.eclipse.aether.connector.basic.BasicRepositoryConnector$DirectExecutor.execute (BasicRepositoryConnector.java:628)
    at org.eclipse.aether.connector.basic.BasicRepositoryConnector.get (BasicRepositoryConnector.java:262)
    at org.eclipse.aether.internal.impl.DefaultArtifactResolver.performDownloads (DefaultArtifactResolver.java:514)
    at org.eclipse.aether.internal.impl.DefaultArtifactResolver.resolve (DefaultArtifactResolver.java:402)
    at org.eclipse.aether.internal.impl.DefaultArtifactResolver.resolveArtifacts (DefaultArtifactResolver.java:229)
    at org.eclipse.aether.internal.impl.DefaultArtifactResolver.resolveArtifact (DefaultArtifactResolver.java:207)
    at org.apache.maven.repository.internal.DefaultArtifactDescriptorReader.loadPom (DefaultArtifactDescriptorReader.java:240)
    at org.apache.maven.repository.internal.DefaultArtifactDescriptorReader.readArtifactDescriptor (DefaultArtifactDescriptorReader.java:171)
    at org.eclipse.aether.internal.impl.collect.DefaultDependencyCollector.resolveCachedArtifactDescriptor (DefaultDependencyCollector.java:538)
    at org.eclipse.aether.internal.impl.collect.DefaultDependencyCollector.getArtifactDescriptorResult (DefaultDependencyCollector.java:523)
    at org.eclipse.aether.internal.impl.collect.DefaultDependencyCollector.processDependency (DefaultDependencyCollector.java:410)
    at org.eclipse.aether.internal.impl.collect.DefaultDependencyCollector.processDependency (DefaultDependencyCollector.java:362)
    at org.eclipse.aether.internal.impl.collect.DefaultDependencyCollector.process (DefaultDependencyCollector.java:349)
    at org.eclipse.aether.internal.impl.collect.DefaultDependencyCollector.collectDependencies (DefaultDependencyCollector.java:254)
    at org.eclipse.aether.internal.impl.DefaultRepositorySystem.collectDependencies (DefaultRepositorySystem.java:284)
    at org.apache.maven.project.DefaultProjectDependenciesResolver.resolve (DefaultProjectDependenciesResolver.java:170)
    at org.apache.maven.lifecycle.internal.LifecycleDependencyResolver.getDependencies (LifecycleDependencyResolver.java:243)
    at org.apache.maven.lifecycle.internal.LifecycleDependencyResolver.resolveProjectDependencies (LifecycleDependencyResolver.java:147)
    at org.apache.maven.lifecycle.internal.MojoExecutor.ensureDependenciesAreResolved (MojoExecutor.java:401)
    at org.apache.maven.lifecycle.internal.MojoExecutor.doExecute (MojoExecutor.java:347)
    at org.apache.maven.lifecycle.internal.MojoExecutor.execute (MojoExecutor.java:215)
    at org.apache.maven.lifecycle.internal.MojoExecutor.execute (MojoExecutor.java:171)
    at org.apache.maven.lifecycle.internal.MojoExecutor.execute (MojoExecutor.java:163)
    at org.apache.maven.lifecycle.internal.LifecycleModuleBuilder.buildProject (LifecycleModuleBuilder.java:117)
    at org.apache.maven.lifecycle.internal.LifecycleModuleBuilder.buildProject (LifecycleModuleBuilder.java:81)
    at org.apache.maven.lifecycle.internal.builder.singlethreaded.SingleThreadedBuilder.build (SingleThreadedBuilder.java:56)
    at org.apache.maven.lifecycle.internal.LifecycleStarter.execute (LifecycleStarter.java:128)
    at org.apache.maven.DefaultMaven.doExecute (DefaultMaven.java:294)
    at org.apache.maven.DefaultMaven.doExecute (DefaultMaven.java:192)
    at org.apache.maven.DefaultMaven.execute (DefaultMaven.java:105)
    at org.apache.maven.cli.MavenCli.execute (MavenCli.java:960)
    at org.apache.maven.cli.MavenCli.doMain (MavenCli.java:293)
    at org.apache.maven.cli.MavenCli.main (MavenCli.java:196)
    at jdk.internal.reflect.NativeMethodAccessorImpl.invoke0 (Native Method)
    at jdk.internal.reflect.NativeMethodAccessorImpl.invoke (NativeMethodAccessorImpl.java:77)
    at jdk.internal.reflect.DelegatingMethodAccessorImpl.invoke (DelegatingMethodAccessorImpl.java:43)
    at java.lang.reflect.Method.invoke (Method.java:568)
    at org.codehaus.plexus.classworlds.launcher.Launcher.launchEnhanced (Launcher.java:282)
    at org.codehaus.plexus.classworlds.launcher.Launcher.launch (Launcher.java:225)
    at org.codehaus.plexus.classworlds.launcher.Launcher.mainWithExitCode (Launcher.java:406)
    at org.codehaus.plexus.classworlds.launcher.Launcher.main (Launcher.java:347)
[WARNING] Checksum validation failed, expected e91b0276265fd365ab0cb90e9d44bef04c741bff but is 147b664567eef20bcc0386e8bf54595f9705c430 from jitpack.io for https://jitpack.io/com/github/MilkBowl/VaultAPI/1.7/VaultAPI-1.7.pom
[INFO] Downloaded from jitpack.io: https://jitpack.io/com/github/MilkBowl/VaultAPI/1.7/VaultAPI-1.7.pom (3.5 kB at 8.7 kB/s)
[INFO] Downloading from jitpack.io: https://jitpack.io/org/bukkit/bukkit/1.13.1-R0.1-SNAPSHOT/maven-metadata.xml
[INFO] Downloading from spigotmc-repo: https://hub.spigotmc.org/nexus/content/repositories/snapshots/org/bukkit/bukkit/1.13.1-R0.1-SNAPSHOT/maven-metadata.xml
[INFO] Downloading from sonatype: https://oss.sonatype.org/content/groups/public/org/bukkit/bukkit/1.13.1-R0.1-SNAPSHOT/maven-metadata.xml
[INFO] Downloading from spigot-repo: https://hub.spigotmc.org/nexus/content/groups/public/org/bukkit/bukkit/1.13.1-R0.1-SNAPSHOT/maven-metadata.xml
[INFO] Downloaded from spigotmc-repo: https://hub.spigotmc.org/nexus/content/repositories/snapshots/org/bukkit/bukkit/1.13.1-R0.1-SNAPSHOT/maven-metadata.xml (1.4 kB at 9.9 kB/s)
[INFO] Downloaded from spigot-repo: https://hub.spigotmc.org/nexus/content/groups/public/org/bukkit/bukkit/1.13.1-R0.1-SNAPSHOT/maven-metadata.xml (1.4 kB at 5.1 kB/s)
[INFO] Downloading from jitpack.io: https://jitpack.io/org/bukkit/bukkit/1.13.1-R0.1-SNAPSHOT/bukkit-1.13.1-R0.1-20181022.190036-99.pom
[INFO] Downloading from spigotmc-repo: https://hub.spigotmc.org/nexus/content/repositories/snapshots/org/bukkit/bukkit/1.13.1-R0.1-SNAPSHOT/bukkit-1.13.1-R0.1-20181022.190036-99.pom
[INFO] Downloaded from spigotmc-repo: https://hub.spigotmc.org/nexus/content/repositories/snapshots/org/bukkit/bukkit/1.13.1-R0.1-SNAPSHOT/bukkit-1.13.1-R0.1-20181022.190036-99.pom (6.5 kB at 42 kB/s)
[INFO] Downloading from jitpack.io: https://jitpack.io/com/googlecode/json-simple/json-simple/1.1.1/json-simple-1.1.1.pom
[INFO] Downloading from spigotmc-repo: https://hub.spigotmc.org/nexus/content/repositories/snapshots/com/googlecode/json-simple/json-simple/1.1.1/json-simple-1.1.1.pom
[INFO] Downloading from sonatype: https://oss.sonatype.org/content/groups/public/com/googlecode/json-simple/json-simple/1.1.1/json-simple-1.1.1.pom
[INFO] Downloaded from sonatype: https://oss.sonatype.org/content/groups/public/com/googlecode/json-simple/json-simple/1.1.1/json-simple-1.1.1.pom (3.5 kB at 27 kB/s)
[INFO] Downloading from jitpack.io: https://jitpack.io/junit/junit/4.10/junit-4.10.pom
[INFO] Downloading from spigotmc-repo: https://hub.spigotmc.org/nexus/content/repositories/snapshots/junit/junit/4.10/junit-4.10.pom
[INFO] Downloading from sonatype: https://oss.sonatype.org/content/groups/public/junit/junit/4.10/junit-4.10.pom
[INFO] Downloaded from sonatype: https://oss.sonatype.org/content/groups/public/junit/junit/4.10/junit-4.10.pom (2.3 kB at 18 kB/s)
[INFO] Downloading from jitpack.io: https://jitpack.io/org/hamcrest/hamcrest-core/1.1/hamcrest-core-1.1.pom
[INFO] Downloading from spigotmc-repo: https://hub.spigotmc.org/nexus/content/repositories/snapshots/org/hamcrest/hamcrest-core/1.1/hamcrest-core-1.1.pom
[INFO] Downloading from sonatype: https://oss.sonatype.org/content/groups/public/org/hamcrest/hamcrest-core/1.1/hamcrest-core-1.1.pom
[INFO] Downloaded from sonatype: https://oss.sonatype.org/content/groups/public/org/hamcrest/hamcrest-core/1.1/hamcrest-core-1.1.pom (481 B at 2.6 kB/s)
[INFO] Downloading from jitpack.io: https://jitpack.io/org/hamcrest/hamcrest-parent/1.1/hamcrest-parent-1.1.pom
[INFO] Downloading from spigotmc-repo: https://hub.spigotmc.org/nexus/content/repositories/snapshots/org/hamcrest/hamcrest-parent/1.1/hamcrest-parent-1.1.pom
[INFO] Downloading from sonatype: https://oss.sonatype.org/content/groups/public/org/hamcrest/hamcrest-parent/1.1/hamcrest-parent-1.1.pom
[INFO] Downloaded from sonatype: https://oss.sonatype.org/content/groups/public/org/hamcrest/hamcrest-parent/1.1/hamcrest-parent-1.1.pom (5.9 kB at 39 kB/s)
[INFO] Downloading from jitpack.io: https://jitpack.io/org/yaml/snakeyaml/1.21/snakeyaml-1.21.pom
[INFO] Downloading from spigotmc-repo: https://hub.spigotmc.org/nexus/content/repositories/snapshots/org/yaml/snakeyaml/1.21/snakeyaml-1.21.pom
[INFO] Downloading from sonatype: https://oss.sonatype.org/content/groups/public/org/yaml/snakeyaml/1.21/snakeyaml-1.21.pom
[INFO] Downloaded from sonatype: https://oss.sonatype.org/content/groups/public/org/yaml/snakeyaml/1.21/snakeyaml-1.21.pom (38 kB at 293 kB/s)
[INFO] Downloading from jitpack.io: https://jitpack.io/net/guizhanss/GuizhanLib/0.9.9/GuizhanLib-0.9.9.pom
[INFO] Downloading from spigotmc-repo: https://hub.spigotmc.org/nexus/content/repositories/snapshots/net/guizhanss/GuizhanLib/0.9.9/GuizhanLib-0.9.9.pom
[INFO] Downloading from sonatype: https://oss.sonatype.org/content/groups/public/net/guizhanss/GuizhanLib/0.9.9/GuizhanLib-0.9.9.pom
[INFO] Downloaded from sonatype: https://oss.sonatype.org/content/groups/public/net/guizhanss/GuizhanLib/0.9.9/GuizhanLib-0.9.9.pom (9.4 kB at 33 kB/s)
[INFO] ------------------------------------------------------------------------
[INFO] BUILD FAILURE
[INFO] ------------------------------------------------------------------------
[INFO] Total time:  02:08 min
[INFO] Finished at: 2022-12-23T03:25:36Z
[INFO] ------------------------------------------------------------------------
[ERROR] Failed to execute goal on project FNAmplifications: Could not resolve dependencies for project ne.fnfal113:FNAmplifications:jar:Build 10 zh-CN(SlimefunGuguProject) (git b5ff9a6): Failed to collect dependencies at com.github.StarWishsama:Slimefun4:jar:2022.06: Failed to read artifact descriptor for com.github.StarWishsama:Slimefun4:jar:2022.06: Could not transfer artifact com.github.StarWishsama:Slimefun4:pom:2022.06 from/to jitpack.io (https://jitpack.io): transfer failed for https://jitpack.io/com/github/StarWishsama/Slimefun4/2022.06/Slimefun4-2022.06.pom, status: 521 -> [Help 1]
[ERROR] 
[ERROR] To see the full stack trace of the errors, re-run Maven with the -e switch.
[ERROR] Re-run Maven using the -X switch to enable full debug logging.
[ERROR] 
[ERROR] For more information about the errors and possible solutions, please read the following articles:
[ERROR] [Help 1] http://cwiki.apache.org/confluence/display/MAVEN/DependencyResolutionException
