[INFO] Scanning for projects...
[INFO] 
[INFO] -----------------------< me.sfiguz7:ExtraTools >------------------------
[INFO] Building ExtraTools Build 1 zh-CN(baoad) (git 5b1065a)
[INFO] --------------------------------[ jar ]---------------------------------
[INFO] 
[INFO] --- maven-clean-plugin:2.5:clean (default-clean) @ ExtraTools ---
[INFO] 
[INFO] --- maven-resources-plugin:2.6:resources (default-resources) @ ExtraTools ---
[INFO] Using 'UTF-8' encoding to copy filtered resources.
[INFO] Copying 2 resources
[INFO] 
[INFO] --- maven-compiler-plugin:3.1:compile (default-compile) @ ExtraTools ---
[INFO] Changes detected - recompiling the module!
[INFO] Compiling 10 source files to /home/runner/work/maven-builds/maven-builds/static/f/baoad/ExtraTools/master/workspace/target/classes
[WARNING] /home/runner/work/maven-builds/maven-builds/static/f/baoad/ExtraTools/master/workspace/src/main/java/me/sfiguz7/extratools/implementation/machines/CobblestoneGenerator.java: /home/runner/work/maven-builds/maven-builds/static/f/baoad/ExtraTools/master/workspace/src/main/java/me/sfiguz7/extratools/implementation/machines/CobblestoneGenerator.java uses or overrides a deprecated API.
[WARNING] /home/runner/work/maven-builds/maven-builds/static/f/baoad/ExtraTools/master/workspace/src/main/java/me/sfiguz7/extratools/implementation/machines/CobblestoneGenerator.java: Recompile with -Xlint:deprecation for details.
[INFO] 
[INFO] --- maven-resources-plugin:2.6:testResources (default-testResources) @ ExtraTools ---
[INFO] Using 'UTF-8' encoding to copy filtered resources.
[INFO] skip non existing resourceDirectory /home/runner/work/maven-builds/maven-builds/static/f/baoad/ExtraTools/master/workspace/src/test/resources
[INFO] 
[INFO] --- maven-compiler-plugin:3.1:testCompile (default-testCompile) @ ExtraTools ---
[INFO] No sources to compile
[INFO] 
[INFO] --- maven-surefire-plugin:2.12.4:test (default-test) @ ExtraTools ---
[INFO] No tests to run.
[INFO] 
[INFO] --- maven-jar-plugin:2.4:jar (default-jar) @ ExtraTools ---
[INFO] Building jar: /home/runner/work/maven-builds/maven-builds/static/f/baoad/ExtraTools/master/workspace/target/ExtraTools-Build 1 zh-CN(baoad) (git 5b1065a).jar
[INFO] 
[INFO] --- maven-shade-plugin:3.2.4:shade (default) @ ExtraTools ---
[INFO] Including org.bstats:bstats-bukkit:jar:1.7 in the shaded jar.
[INFO] Replacing original artifact with shaded artifact.
[INFO] Replacing /home/runner/work/maven-builds/maven-builds/static/f/baoad/ExtraTools/master/workspace/target/ExtraTools-Build 1 zh-CN(baoad) (git 5b1065a).jar with /home/runner/work/maven-builds/maven-builds/static/f/baoad/ExtraTools/master/workspace/target/ExtraTools-Build 1 zh-CN(baoad) (git 5b1065a)-shaded.jar
[INFO] Dependency-reduced POM written at: /home/runner/work/maven-builds/maven-builds/static/f/baoad/ExtraTools/master/workspace/dependency-reduced-pom.xml
[INFO] ------------------------------------------------------------------------
[INFO] BUILD SUCCESS
[INFO] ------------------------------------------------------------------------
[INFO] Total time:  2.729 s
[INFO] Finished at: 2022-02-01T05:01:00Z
[INFO] ------------------------------------------------------------------------
