[INFO] Scanning for projects...
[WARNING] 
[WARNING] Some problems were encountered while building the effective model for me.agwebberley:SlimeSec:jar:Build 1 zh-CN(SlimefunGuguProject) (git 2c0652c)
[WARNING] 'dependencies.dependency.version' for org.jetbrains:annotations:jar is either LATEST or RELEASE (both of them are being deprecated) @ line 1, column 2498
[WARNING] 
[WARNING] It is highly recommended to fix these problems because they threaten the stability of your build.
[WARNING] 
[WARNING] For this reason, future Maven versions might no longer support building such malformed projects.
[WARNING] 
[INFO] 
[INFO] ----------------------< me.agwebberley:SlimeSec >-----------------------
[INFO] Building SFsecurity Build 1 zh-CN(SlimefunGuguProject) (git 2c0652c)
[INFO] --------------------------------[ jar ]---------------------------------
[INFO] Downloading from central: https://repo.maven.apache.org/maven2/org/apache/maven/plugins/maven-shade-plugin/3.1.0/maven-shade-plugin-3.1.0.pom
[INFO] Downloaded from central: https://repo.maven.apache.org/maven2/org/apache/maven/plugins/maven-shade-plugin/3.1.0/maven-shade-plugin-3.1.0.pom (9.5 kB at 38 kB/s)
[INFO] Downloading from central: https://repo.maven.apache.org/maven2/org/apache/maven/plugins/maven-plugins/30/maven-plugins-30.pom
[INFO] Downloaded from central: https://repo.maven.apache.org/maven2/org/apache/maven/plugins/maven-plugins/30/maven-plugins-30.pom (10 kB at 407 kB/s)
[INFO] Downloading from central: https://repo.maven.apache.org/maven2/org/apache/maven/plugins/maven-shade-plugin/3.1.0/maven-shade-plugin-3.1.0.jar
[INFO] Downloaded from central: https://repo.maven.apache.org/maven2/org/apache/maven/plugins/maven-shade-plugin/3.1.0/maven-shade-plugin-3.1.0.jar (114 kB at 2.5 MB/s)
[INFO] Downloading from jeff-media-public: https://hub.jeff-media.com/nexus/repository/jeff-media-public/org/spigotmc/spigot-api/1.17.1-R0.1-SNAPSHOT/maven-metadata.xml
[INFO] Downloading from paper-repo: https://repo.destroystokyo.com/repository/maven-public/com/jeff_media/CustomBlockData/1.0.5/CustomBlockData-1.0.5.pom
[INFO] Downloading from spigot-repo: https://hub.spigotmc.org/nexus/content/repositories/snapshots/com/jeff_media/CustomBlockData/1.0.5/CustomBlockData-1.0.5.pom
[INFO] Downloading from jitpack.io: https://jitpack.io/com/jeff_media/CustomBlockData/1.0.5/CustomBlockData-1.0.5.pom
[INFO] Downloading from jeff-media-public: https://hub.jeff-media.com/nexus/repository/jeff-media-public/com/jeff_media/CustomBlockData/1.0.5/CustomBlockData-1.0.5.pom
[INFO] Downloaded from jeff-media-public: https://hub.jeff-media.com/nexus/repository/jeff-media-public/com/jeff_media/CustomBlockData/1.0.5/CustomBlockData-1.0.5.pom (6.6 kB at 23 kB/s)
[INFO] Downloading from paper-repo: https://repo.destroystokyo.com/repository/maven-public/com/github/Slimefun/Slimefun4/RC-28/Slimefun4-RC-28.pom
[INFO] Downloading from spigot-repo: https://hub.spigotmc.org/nexus/content/repositories/snapshots/com/github/Slimefun/Slimefun4/RC-28/Slimefun4-RC-28.pom
[INFO] Downloading from jitpack.io: https://jitpack.io/com/github/Slimefun/Slimefun4/RC-28/Slimefun4-RC-28.pom
[INFO] Downloaded from jitpack.io: https://jitpack.io/com/github/Slimefun/Slimefun4/RC-28/Slimefun4-RC-28.pom (14 kB at 40 kB/s)
[INFO] Downloading from paper-repo: https://repo.destroystokyo.com/repository/maven-public/org/jetbrains/annotations/maven-metadata.xml
[INFO] Downloading from spigot-repo: https://hub.spigotmc.org/nexus/content/repositories/snapshots/org/jetbrains/annotations/maven-metadata.xml
[INFO] Downloading from jitpack.io: https://jitpack.io/org/jetbrains/annotations/maven-metadata.xml
[INFO] Downloading from jeff-media-public: https://hub.jeff-media.com/nexus/repository/jeff-media-public/org/jetbrains/annotations/maven-metadata.xml
[INFO] Downloading from central: https://repo.maven.apache.org/maven2/org/jetbrains/annotations/maven-metadata.xml
[INFO] Downloaded from central: https://repo.maven.apache.org/maven2/org/jetbrains/annotations/maven-metadata.xml (746 B at 32 kB/s)
[INFO] Downloaded from paper-repo: https://repo.destroystokyo.com/repository/maven-public/org/jetbrains/annotations/maven-metadata.xml (767 B at 993 B/s)
[INFO] Downloading from paper-repo: https://repo.destroystokyo.com/repository/maven-public/org/jetbrains/annotations/23.0.0/annotations-23.0.0.pom
[INFO] Downloaded from paper-repo: https://repo.destroystokyo.com/repository/maven-public/org/jetbrains/annotations/23.0.0/annotations-23.0.0.pom (1.4 kB at 1.8 kB/s)
[INFO] Downloading from paper-repo: https://repo.destroystokyo.com/repository/maven-public/com/jeff_media/CustomBlockData/1.0.5/CustomBlockData-1.0.5.jar
[INFO] Downloading from paper-repo: https://repo.destroystokyo.com/repository/maven-public/com/github/Slimefun/Slimefun4/RC-28/Slimefun4-RC-28.jar
[INFO] Downloading from paper-repo: https://repo.destroystokyo.com/repository/maven-public/org/jetbrains/annotations/23.0.0/annotations-23.0.0.jar
[INFO] Downloaded from paper-repo: https://repo.destroystokyo.com/repository/maven-public/org/jetbrains/annotations/23.0.0/annotations-23.0.0.jar (29 kB at 15 kB/s)
[INFO] Downloading from spigot-repo: https://hub.spigotmc.org/nexus/content/repositories/snapshots/com/jeff_media/CustomBlockData/1.0.5/CustomBlockData-1.0.5.jar
[INFO] Downloading from spigot-repo: https://hub.spigotmc.org/nexus/content/repositories/snapshots/com/github/Slimefun/Slimefun4/RC-28/Slimefun4-RC-28.jar
[INFO] Downloading from jitpack.io: https://jitpack.io/com/github/Slimefun/Slimefun4/RC-28/Slimefun4-RC-28.jar
[INFO] Downloading from jitpack.io: https://jitpack.io/com/jeff_media/CustomBlockData/1.0.5/CustomBlockData-1.0.5.jar
[INFO] Downloaded from jitpack.io: https://jitpack.io/com/github/Slimefun/Slimefun4/RC-28/Slimefun4-RC-28.jar (4.3 MB at 3.8 MB/s)
[INFO] Downloading from jeff-media-public: https://hub.jeff-media.com/nexus/repository/jeff-media-public/com/jeff_media/CustomBlockData/1.0.5/CustomBlockData-1.0.5.jar
[INFO] Downloaded from jeff-media-public: https://hub.jeff-media.com/nexus/repository/jeff-media-public/com/jeff_media/CustomBlockData/1.0.5/CustomBlockData-1.0.5.jar (7.1 kB at 12 kB/s)
[INFO] 
[INFO] --- maven-clean-plugin:2.5:clean (default-clean) @ SlimeSec ---
[INFO] 
[INFO] --- maven-resources-plugin:2.6:resources (default-resources) @ SlimeSec ---
[INFO] Using 'UTF-8' encoding to copy filtered resources.
[INFO] Copying 2 resources
[INFO] 
[INFO] --- maven-compiler-plugin:3.1:compile (default-compile) @ SlimeSec ---
[INFO] Changes detected - recompiling the module!
[INFO] Compiling 3 source files to /home/runner/work/maven-builds/maven-builds/static/f/SlimefunGuguProject/security-slimefun/master/workspace/target/classes
[WARNING] /home/runner/work/maven-builds/maven-builds/static/f/SlimefunGuguProject/security-slimefun/master/workspace/src/main/java/me/agwebberley/slimesec/SecurityDoor.java: /home/runner/work/maven-builds/maven-builds/static/f/SlimefunGuguProject/security-slimefun/master/workspace/src/main/java/me/agwebberley/slimesec/SecurityDoor.java uses or overrides a deprecated API.
[WARNING] /home/runner/work/maven-builds/maven-builds/static/f/SlimefunGuguProject/security-slimefun/master/workspace/src/main/java/me/agwebberley/slimesec/SecurityDoor.java: Recompile with -Xlint:deprecation for details.
[INFO] 
[INFO] --- maven-resources-plugin:2.6:testResources (default-testResources) @ SlimeSec ---
[INFO] Using 'UTF-8' encoding to copy filtered resources.
[INFO] skip non existing resourceDirectory /home/runner/work/maven-builds/maven-builds/static/f/SlimefunGuguProject/security-slimefun/master/workspace/src/test/resources
[INFO] 
[INFO] --- maven-compiler-plugin:3.1:testCompile (default-testCompile) @ SlimeSec ---
[INFO] No sources to compile
[INFO] 
[INFO] --- maven-surefire-plugin:2.12.4:test (default-test) @ SlimeSec ---
[INFO] No tests to run.
[INFO] 
[INFO] --- maven-jar-plugin:2.4:jar (default-jar) @ SlimeSec ---
[INFO] Building jar: /home/runner/work/maven-builds/maven-builds/static/f/SlimefunGuguProject/security-slimefun/master/workspace/target/SFsecurity-Build 1 zh-CN(SlimefunGuguProject) (git 2c0652c).jar
[INFO] 
[INFO] --- maven-shade-plugin:3.1.0:shade (default) @ SlimeSec ---
[INFO] Downloading from central: https://repo.maven.apache.org/maven2/org/codehaus/plexus/plexus-component-annotations/1.6/plexus-component-annotations-1.6.pom
[INFO] Downloaded from central: https://repo.maven.apache.org/maven2/org/codehaus/plexus/plexus-component-annotations/1.6/plexus-component-annotations-1.6.pom (748 B at 33 kB/s)
[INFO] Downloading from central: https://repo.maven.apache.org/maven2/org/codehaus/plexus/plexus-containers/1.6/plexus-containers-1.6.pom
[INFO] Downloaded from central: https://repo.maven.apache.org/maven2/org/codehaus/plexus/plexus-containers/1.6/plexus-containers-1.6.pom (3.8 kB at 171 kB/s)
[INFO] Downloading from central: https://repo.maven.apache.org/maven2/org/codehaus/plexus/plexus/3.3.2/plexus-3.3.2.pom
[INFO] Downloaded from central: https://repo.maven.apache.org/maven2/org/codehaus/plexus/plexus/3.3.2/plexus-3.3.2.pom (22 kB at 769 kB/s)
[INFO] Downloading from central: https://repo.maven.apache.org/maven2/org/codehaus/plexus/plexus-utils/3.0.24/plexus-utils-3.0.24.pom
[INFO] Downloaded from central: https://repo.maven.apache.org/maven2/org/codehaus/plexus/plexus-utils/3.0.24/plexus-utils-3.0.24.pom (4.1 kB at 188 kB/s)
[INFO] Downloading from central: https://repo.maven.apache.org/maven2/org/apache/maven/shared/maven-artifact-transfer/0.9.1/maven-artifact-transfer-0.9.1.pom
[INFO] Downloaded from central: https://repo.maven.apache.org/maven2/org/apache/maven/shared/maven-artifact-transfer/0.9.1/maven-artifact-transfer-0.9.1.pom (7.6 kB at 362 kB/s)
[INFO] Downloading from central: https://repo.maven.apache.org/maven2/commons-codec/commons-codec/1.6/commons-codec-1.6.pom
[INFO] Downloaded from central: https://repo.maven.apache.org/maven2/commons-codec/commons-codec/1.6/commons-codec-1.6.pom (11 kB at 531 kB/s)
[INFO] Downloading from central: https://repo.maven.apache.org/maven2/org/ow2/asm/asm/6.0_BETA/asm-6.0_BETA.pom
[INFO] Downloaded from central: https://repo.maven.apache.org/maven2/org/ow2/asm/asm/6.0_BETA/asm-6.0_BETA.pom (1.9 kB at 92 kB/s)
[INFO] Downloading from central: https://repo.maven.apache.org/maven2/org/ow2/asm/asm-parent/6.0_BETA/asm-parent-6.0_BETA.pom
[INFO] Downloaded from central: https://repo.maven.apache.org/maven2/org/ow2/asm/asm-parent/6.0_BETA/asm-parent-6.0_BETA.pom (5.5 kB at 275 kB/s)
[INFO] Downloading from central: https://repo.maven.apache.org/maven2/org/ow2/ow2/1.3/ow2-1.3.pom
[INFO] Downloaded from central: https://repo.maven.apache.org/maven2/org/ow2/ow2/1.3/ow2-1.3.pom (9.5 kB at 453 kB/s)
[INFO] Downloading from central: https://repo.maven.apache.org/maven2/org/ow2/asm/asm-commons/6.0_BETA/asm-commons-6.0_BETA.pom
[INFO] Downloaded from central: https://repo.maven.apache.org/maven2/org/ow2/asm/asm-commons/6.0_BETA/asm-commons-6.0_BETA.pom (2.1 kB at 105 kB/s)
[INFO] Downloading from central: https://repo.maven.apache.org/maven2/org/ow2/asm/asm-tree/6.0_BETA/asm-tree-6.0_BETA.pom
[INFO] Downloaded from central: https://repo.maven.apache.org/maven2/org/ow2/asm/asm-tree/6.0_BETA/asm-tree-6.0_BETA.pom (2.1 kB at 95 kB/s)
[INFO] Downloading from central: https://repo.maven.apache.org/maven2/org/jdom/jdom/1.1.3/jdom-1.1.3.pom
[INFO] Downloaded from central: https://repo.maven.apache.org/maven2/org/jdom/jdom/1.1.3/jdom-1.1.3.pom (1.8 kB at 76 kB/s)
[INFO] Downloading from central: https://repo.maven.apache.org/maven2/org/apache/maven/shared/maven-dependency-tree/2.2/maven-dependency-tree-2.2.pom
[INFO] Downloaded from central: https://repo.maven.apache.org/maven2/org/apache/maven/shared/maven-dependency-tree/2.2/maven-dependency-tree-2.2.pom (7.3 kB at 346 kB/s)
[INFO] Downloading from central: https://repo.maven.apache.org/maven2/org/apache/maven/shared/maven-shared-components/20/maven-shared-components-20.pom
[INFO] Downloaded from central: https://repo.maven.apache.org/maven2/org/apache/maven/shared/maven-shared-components/20/maven-shared-components-20.pom (5.1 kB at 243 kB/s)
[INFO] Downloading from central: https://repo.maven.apache.org/maven2/org/apache/maven/maven-parent/24/maven-parent-24.pom
[INFO] Downloaded from central: https://repo.maven.apache.org/maven2/org/apache/maven/maven-parent/24/maven-parent-24.pom (37 kB at 1.8 MB/s)
[INFO] Downloading from central: https://repo.maven.apache.org/maven2/org/apache/apache/14/apache-14.pom
[INFO] Downloaded from central: https://repo.maven.apache.org/maven2/org/apache/apache/14/apache-14.pom (15 kB at 773 kB/s)
[INFO] Downloading from central: https://repo.maven.apache.org/maven2/org/vafer/jdependency/1.2/jdependency-1.2.pom
[INFO] Downloaded from central: https://repo.maven.apache.org/maven2/org/vafer/jdependency/1.2/jdependency-1.2.pom (11 kB at 286 kB/s)
[INFO] Downloading from central: https://repo.maven.apache.org/maven2/org/ow2/asm/asm-analysis/6.0_BETA/asm-analysis-6.0_BETA.pom
[INFO] Downloaded from central: https://repo.maven.apache.org/maven2/org/ow2/asm/asm-analysis/6.0_BETA/asm-analysis-6.0_BETA.pom (2.1 kB at 95 kB/s)
[INFO] Downloading from central: https://repo.maven.apache.org/maven2/org/ow2/asm/asm-util/6.0_BETA/asm-util-6.0_BETA.pom
[INFO] Downloaded from central: https://repo.maven.apache.org/maven2/org/ow2/asm/asm-util/6.0_BETA/asm-util-6.0_BETA.pom (2.1 kB at 65 kB/s)
[INFO] Downloading from central: https://repo.maven.apache.org/maven2/com/google/guava/guava/19.0/guava-19.0.pom
[INFO] Downloaded from central: https://repo.maven.apache.org/maven2/com/google/guava/guava/19.0/guava-19.0.pom (6.8 kB at 323 kB/s)
[INFO] Downloading from central: https://repo.maven.apache.org/maven2/com/google/guava/guava-parent/19.0/guava-parent-19.0.pom
[INFO] Downloaded from central: https://repo.maven.apache.org/maven2/com/google/guava/guava-parent/19.0/guava-parent-19.0.pom (9.9 kB at 412 kB/s)
[INFO] Downloading from central: https://repo.maven.apache.org/maven2/org/codehaus/plexus/plexus-component-annotations/1.6/plexus-component-annotations-1.6.jar
[INFO] Downloading from central: https://repo.maven.apache.org/maven2/org/codehaus/plexus/plexus-utils/3.0.24/plexus-utils-3.0.24.jar
[INFO] Downloading from central: https://repo.maven.apache.org/maven2/org/apache/maven/shared/maven-artifact-transfer/0.9.1/maven-artifact-transfer-0.9.1.jar
[INFO] Downloading from central: https://repo.maven.apache.org/maven2/commons-codec/commons-codec/1.6/commons-codec-1.6.jar
[INFO] Downloading from central: https://repo.maven.apache.org/maven2/org/ow2/asm/asm/6.0_BETA/asm-6.0_BETA.jar
[INFO] Downloaded from central: https://repo.maven.apache.org/maven2/org/codehaus/plexus/plexus-component-annotations/1.6/plexus-component-annotations-1.6.jar (4.3 kB at 138 kB/s)
[INFO] Downloading from central: https://repo.maven.apache.org/maven2/org/ow2/asm/asm-commons/6.0_BETA/asm-commons-6.0_BETA.jar
[INFO] Downloaded from central: https://repo.maven.apache.org/maven2/org/ow2/asm/asm-commons/6.0_BETA/asm-commons-6.0_BETA.jar (51 kB at 933 kB/s)
[INFO] Downloading from central: https://repo.maven.apache.org/maven2/org/ow2/asm/asm-tree/6.0_BETA/asm-tree-6.0_BETA.jar
[INFO] Downloaded from central: https://repo.maven.apache.org/maven2/org/ow2/asm/asm/6.0_BETA/asm-6.0_BETA.jar (56 kB at 868 kB/s)
[INFO] Downloading from central: https://repo.maven.apache.org/maven2/org/jdom/jdom/1.1.3/jdom-1.1.3.jar
[INFO] Downloaded from central: https://repo.maven.apache.org/maven2/org/apache/maven/shared/maven-artifact-transfer/0.9.1/maven-artifact-transfer-0.9.1.jar (123 kB at 1.7 MB/s)
[INFO] Downloading from central: https://repo.maven.apache.org/maven2/org/apache/maven/shared/maven-dependency-tree/2.2/maven-dependency-tree-2.2.jar
[INFO] Downloaded from central: https://repo.maven.apache.org/maven2/commons-codec/commons-codec/1.6/commons-codec-1.6.jar (233 kB at 3.1 MB/s)
[INFO] Downloading from central: https://repo.maven.apache.org/maven2/org/vafer/jdependency/1.2/jdependency-1.2.jar
[INFO] Downloaded from central: https://repo.maven.apache.org/maven2/org/codehaus/plexus/plexus-utils/3.0.24/plexus-utils-3.0.24.jar (247 kB at 3.1 MB/s)
[INFO] Downloading from central: https://repo.maven.apache.org/maven2/org/ow2/asm/asm-analysis/6.0_BETA/asm-analysis-6.0_BETA.jar
[INFO] Downloaded from central: https://repo.maven.apache.org/maven2/org/ow2/asm/asm-tree/6.0_BETA/asm-tree-6.0_BETA.jar (34 kB at 438 kB/s)
[INFO] Downloading from central: https://repo.maven.apache.org/maven2/org/ow2/asm/asm-util/6.0_BETA/asm-util-6.0_BETA.jar
[INFO] Downloaded from central: https://repo.maven.apache.org/maven2/org/apache/maven/shared/maven-dependency-tree/2.2/maven-dependency-tree-2.2.jar (64 kB at 691 kB/s)
[INFO] Downloading from central: https://repo.maven.apache.org/maven2/com/google/guava/guava/19.0/guava-19.0.jar
[INFO] Downloaded from central: https://repo.maven.apache.org/maven2/org/vafer/jdependency/1.2/jdependency-1.2.jar (22 kB at 239 kB/s)
[INFO] Downloaded from central: https://repo.maven.apache.org/maven2/org/ow2/asm/asm-analysis/6.0_BETA/asm-analysis-6.0_BETA.jar (21 kB at 217 kB/s)
[INFO] Downloaded from central: https://repo.maven.apache.org/maven2/org/ow2/asm/asm-util/6.0_BETA/asm-util-6.0_BETA.jar (47 kB at 479 kB/s)
[INFO] Downloaded from central: https://repo.maven.apache.org/maven2/org/jdom/jdom/1.1.3/jdom-1.1.3.jar (151 kB at 1.4 MB/s)
[INFO] Downloaded from central: https://repo.maven.apache.org/maven2/com/google/guava/guava/19.0/guava-19.0.jar (2.3 MB at 11 MB/s)
[INFO] Including com.jeff_media:CustomBlockData:jar:1.0.5 in the shaded jar.
[INFO] Including org.jetbrains:annotations:jar:23.0.0 in the shaded jar.
[INFO] Minimizing jar me.agwebberley:SlimeSec:jar:Build 1 zh-CN(SlimefunGuguProject) (git 2c0652c)
[INFO] Minimized 71 -> 17 (23%)
[INFO] Replacing original artifact with shaded artifact.
[INFO] Replacing /home/runner/work/maven-builds/maven-builds/static/f/SlimefunGuguProject/security-slimefun/master/workspace/target/SFsecurity-Build 1 zh-CN(SlimefunGuguProject) (git 2c0652c).jar with /home/runner/work/maven-builds/maven-builds/static/f/SlimefunGuguProject/security-slimefun/master/workspace/target/SlimeSec-Build 1 zh-CN(SlimefunGuguProject) (git 2c0652c)-shaded.jar
[INFO] Dependency-reduced POM written at: /home/runner/work/maven-builds/maven-builds/static/f/SlimefunGuguProject/security-slimefun/master/workspace/dependency-reduced-pom.xml
[INFO] ------------------------------------------------------------------------
[INFO] BUILD SUCCESS
[INFO] ------------------------------------------------------------------------
[INFO] Total time:  12.765 s
[INFO] Finished at: 2022-05-15T23:31:00Z
[INFO] ------------------------------------------------------------------------
