[INFO] Scanning for projects...
[WARNING] 
[WARNING] Some problems were encountered while building the effective model for com.xzavier0722.mc.plugin:SlimeGlue:jar:Build 19 (git 14a7c16)
[WARNING] 'dependencies.dependency.systemPath' for com.bekvon.bukkit:residence:jar should not point at files within the project directory, ${project.basedir}/lib/Residence.jar will be unresolvable by dependent projects @ line 1, column 3327
[WARNING] 
[WARNING] It is highly recommended to fix these problems because they threaten the stability of your build.
[WARNING] 
[WARNING] For this reason, future Maven versions might no longer support building such malformed projects.
[WARNING] 
[INFO] 
[INFO] ----------------< com.xzavier0722.mc.plugin:SlimeGlue >-----------------
[INFO] Building SlimeGlue Build 19 (git 14a7c16)
[INFO] --------------------------------[ jar ]---------------------------------
[INFO] Downloading from central: https://repo.maven.apache.org/maven2/io/github/git-commit-id/git-commit-id-maven-plugin/5.0.0/git-commit-id-maven-plugin-5.0.0.pom
[INFO] Downloaded from central: https://repo.maven.apache.org/maven2/io/github/git-commit-id/git-commit-id-maven-plugin/5.0.0/git-commit-id-maven-plugin-5.0.0.pom (23 kB at 97 kB/s)
[INFO] Downloading from central: https://repo.maven.apache.org/maven2/org/sonatype/oss/oss-parent/9/oss-parent-9.pom
[INFO] Downloaded from central: https://repo.maven.apache.org/maven2/org/sonatype/oss/oss-parent/9/oss-parent-9.pom (0 B at 0 B/s)
[INFO] Downloading from central: https://repo.maven.apache.org/maven2/io/github/git-commit-id/git-commit-id-maven-plugin/5.0.0/git-commit-id-maven-plugin-5.0.0.jar
[INFO] Downloaded from central: https://repo.maven.apache.org/maven2/io/github/git-commit-id/git-commit-id-maven-plugin/5.0.0/git-commit-id-maven-plugin-5.0.0.jar (41 kB at 1.3 MB/s)
[INFO] Downloading from spigotmc-repo: https://hub.spigotmc.org/nexus/content/repositories/snapshots/org/spigotmc/spigot-api/1.19-R0.1-SNAPSHOT/maven-metadata.xml
[INFO] Downloading from elmakers-repo: https://maven.elmakers.com/repository/org/spigotmc/spigot-api/1.19-R0.1-SNAPSHOT/maven-metadata.xml
[INFO] Downloading from lss233-mirror: https://lss233.littleservice.cn/repositories/minecraft/org/spigotmc/spigot-api/1.19-R0.1-SNAPSHOT/maven-metadata.xml
[INFO] Downloaded from spigotmc-repo: https://hub.spigotmc.org/nexus/content/repositories/snapshots/org/spigotmc/spigot-api/1.19-R0.1-SNAPSHOT/maven-metadata.xml (1.4 kB at 10 kB/s)
[WARNING] Checksum validation failed, expected cf632b5cb7ce0ff3b2c1996d5613e32c9906e8a0 but is d04e7df12497baaa35022f8aca3887d706cf23b9 from lss233-mirror for https://lss233.littleservice.cn/repositories/minecraft/org/spigotmc/spigot-api/1.19-R0.1-SNAPSHOT/maven-metadata.xml
[WARNING] Could not validate integrity of download from https://lss233.littleservice.cn/repositories/minecraft/org/spigotmc/spigot-api/1.19-R0.1-SNAPSHOT/maven-metadata.xml
org.eclipse.aether.transfer.ChecksumFailureException: Checksum validation failed, expected cf632b5cb7ce0ff3b2c1996d5613e32c9906e8a0 but is d04e7df12497baaa35022f8aca3887d706cf23b9
    at org.eclipse.aether.connector.basic.ChecksumValidator.validateExternalChecksums (ChecksumValidator.java:174)
    at org.eclipse.aether.connector.basic.ChecksumValidator.validate (ChecksumValidator.java:103)
    at org.eclipse.aether.connector.basic.BasicRepositoryConnector$GetTaskRunner.runTask (BasicRepositoryConnector.java:460)
    at org.eclipse.aether.connector.basic.BasicRepositoryConnector$TaskRunner.run (BasicRepositoryConnector.java:364)
    at org.eclipse.aether.util.concurrency.RunnableErrorForwarder$1.run (RunnableErrorForwarder.java:75)
    at org.eclipse.aether.connector.basic.BasicRepositoryConnector$DirectExecutor.execute (BasicRepositoryConnector.java:628)
    at org.eclipse.aether.connector.basic.BasicRepositoryConnector.get (BasicRepositoryConnector.java:235)
    at org.eclipse.aether.internal.impl.DefaultMetadataResolver$ResolveTask.run (DefaultMetadataResolver.java:586)
    at org.eclipse.aether.util.concurrency.RunnableErrorForwarder$1.run (RunnableErrorForwarder.java:75)
    at java.util.concurrent.ThreadPoolExecutor.runWorker (ThreadPoolExecutor.java:1136)
    at java.util.concurrent.ThreadPoolExecutor$Worker.run (ThreadPoolExecutor.java:635)
    at java.lang.Thread.run (Thread.java:833)
[WARNING] Checksum validation failed, expected cf632b5cb7ce0ff3b2c1996d5613e32c9906e8a0 but is d04e7df12497baaa35022f8aca3887d706cf23b9 from lss233-mirror for https://lss233.littleservice.cn/repositories/minecraft/org/spigotmc/spigot-api/1.19-R0.1-SNAPSHOT/maven-metadata.xml
[INFO] Downloaded from lss233-mirror: https://lss233.littleservice.cn/repositories/minecraft/org/spigotmc/spigot-api/1.19-R0.1-SNAPSHOT/maven-metadata.xml (1.4 kB at 1.9 kB/s)
[INFO] Downloading from spigotmc-repo: https://hub.spigotmc.org/nexus/content/repositories/snapshots/org/spigotmc/spigot-api/1.19-R0.1-SNAPSHOT/spigot-api-1.19-R0.1-20220725.090125-47.pom
[INFO] Downloaded from spigotmc-repo: https://hub.spigotmc.org/nexus/content/repositories/snapshots/org/spigotmc/spigot-api/1.19-R0.1-SNAPSHOT/spigot-api-1.19-R0.1-20220725.090125-47.pom (0 B at 0 B/s)
[INFO] Downloading from jitpack.io: https://jitpack.io/com/google/guava/guava/31.0.1-jre/guava-31.0.1-jre.pom
[INFO] Downloading from elmakers-repo: https://maven.elmakers.com/repository/com/google/guava/guava/31.0.1-jre/guava-31.0.1-jre.pom
[INFO] Downloading from codemc-repo: https://repo.codemc.io/repository/maven-public/com/google/guava/guava/31.0.1-jre/guava-31.0.1-jre.pom
[INFO] Downloading from lss233-mirror: https://lss233.littleservice.cn/repositories/minecraft/com/google/guava/guava/31.0.1-jre/guava-31.0.1-jre.pom
[INFO] Downloaded from lss233-mirror: https://lss233.littleservice.cn/repositories/minecraft/com/google/guava/guava/31.0.1-jre/guava-31.0.1-jre.pom (0 B at 0 B/s)
[INFO] Downloading from jitpack.io: https://jitpack.io/com/google/guava/guava-parent/31.0.1-jre/guava-parent-31.0.1-jre.pom
[INFO] Downloading from elmakers-repo: https://maven.elmakers.com/repository/com/google/guava/guava-parent/31.0.1-jre/guava-parent-31.0.1-jre.pom
[INFO] Downloading from codemc-repo: https://repo.codemc.io/repository/maven-public/com/google/guava/guava-parent/31.0.1-jre/guava-parent-31.0.1-jre.pom
[INFO] Downloading from lss233-mirror: https://lss233.littleservice.cn/repositories/minecraft/com/google/guava/guava-parent/31.0.1-jre/guava-parent-31.0.1-jre.pom
[INFO] Downloaded from lss233-mirror: https://lss233.littleservice.cn/repositories/minecraft/com/google/guava/guava-parent/31.0.1-jre/guava-parent-31.0.1-jre.pom (0 B at 0 B/s)
[INFO] Downloading from jitpack.io: https://jitpack.io/com/google/guava/failureaccess/1.0.1/failureaccess-1.0.1.pom
[INFO] Downloading from elmakers-repo: https://maven.elmakers.com/repository/com/google/guava/failureaccess/1.0.1/failureaccess-1.0.1.pom
[INFO] Downloaded from elmakers-repo: https://maven.elmakers.com/repository/com/google/guava/failureaccess/1.0.1/failureaccess-1.0.1.pom (0 B at 0 B/s)
[INFO] Downloading from jitpack.io: https://jitpack.io/com/google/guava/guava-parent/26.0-android/guava-parent-26.0-android.pom
[INFO] Downloading from elmakers-repo: https://maven.elmakers.com/repository/com/google/guava/guava-parent/26.0-android/guava-parent-26.0-android.pom
[INFO] Downloaded from elmakers-repo: https://maven.elmakers.com/repository/com/google/guava/guava-parent/26.0-android/guava-parent-26.0-android.pom (0 B at 0 B/s)
[INFO] Downloading from jitpack.io: https://jitpack.io/com/google/guava/listenablefuture/9999.0-empty-to-avoid-conflict-with-guava/listenablefuture-9999.0-empty-to-avoid-conflict-with-guava.pom
[INFO] Downloading from elmakers-repo: https://maven.elmakers.com/repository/com/google/guava/listenablefuture/9999.0-empty-to-avoid-conflict-with-guava/listenablefuture-9999.0-empty-to-avoid-conflict-with-guava.pom
[INFO] Downloaded from elmakers-repo: https://maven.elmakers.com/repository/com/google/guava/listenablefuture/9999.0-empty-to-avoid-conflict-with-guava/listenablefuture-9999.0-empty-to-avoid-conflict-with-guava.pom (0 B at 0 B/s)
[INFO] Downloading from jitpack.io: https://jitpack.io/com/google/code/findbugs/jsr305/3.0.2/jsr305-3.0.2.pom
[INFO] Downloading from elmakers-repo: https://maven.elmakers.com/repository/com/google/code/findbugs/jsr305/3.0.2/jsr305-3.0.2.pom
[INFO] Downloaded from elmakers-repo: https://maven.elmakers.com/repository/com/google/code/findbugs/jsr305/3.0.2/jsr305-3.0.2.pom (0 B at 0 B/s)
[INFO] Downloading from jitpack.io: https://jitpack.io/org/sonatype/oss/oss-parent/7/oss-parent-7.pom
[INFO] Downloading from elmakers-repo: https://maven.elmakers.com/repository/org/sonatype/oss/oss-parent/7/oss-parent-7.pom
[INFO] Downloaded from elmakers-repo: https://maven.elmakers.com/repository/org/sonatype/oss/oss-parent/7/oss-parent-7.pom (0 B at 0 B/s)
[INFO] Downloading from jitpack.io: https://jitpack.io/org/checkerframework/checker-qual/3.12.0/checker-qual-3.12.0.pom
[INFO] Downloading from elmakers-repo: https://maven.elmakers.com/repository/org/checkerframework/checker-qual/3.12.0/checker-qual-3.12.0.pom
[INFO] Downloading from codemc-repo: https://repo.codemc.io/repository/maven-public/org/checkerframework/checker-qual/3.12.0/checker-qual-3.12.0.pom
[INFO] Downloading from lss233-mirror: https://lss233.littleservice.cn/repositories/minecraft/org/checkerframework/checker-qual/3.12.0/checker-qual-3.12.0.pom
[INFO] Downloaded from lss233-mirror: https://lss233.littleservice.cn/repositories/minecraft/org/checkerframework/checker-qual/3.12.0/checker-qual-3.12.0.pom (0 B at 0 B/s)
[INFO] Downloading from jitpack.io: https://jitpack.io/com/google/errorprone/error_prone_annotations/2.7.1/error_prone_annotations-2.7.1.pom
[INFO] Downloading from elmakers-repo: https://maven.elmakers.com/repository/com/google/errorprone/error_prone_annotations/2.7.1/error_prone_annotations-2.7.1.pom
[INFO] Downloading from codemc-repo: https://repo.codemc.io/repository/maven-public/com/google/errorprone/error_prone_annotations/2.7.1/error_prone_annotations-2.7.1.pom
[INFO] Downloading from lss233-mirror: https://lss233.littleservice.cn/repositories/minecraft/com/google/errorprone/error_prone_annotations/2.7.1/error_prone_annotations-2.7.1.pom
[INFO] Downloaded from lss233-mirror: https://lss233.littleservice.cn/repositories/minecraft/com/google/errorprone/error_prone_annotations/2.7.1/error_prone_annotations-2.7.1.pom (0 B at 0 B/s)
[INFO] Downloading from jitpack.io: https://jitpack.io/com/google/errorprone/error_prone_parent/2.7.1/error_prone_parent-2.7.1.pom
[INFO] Downloading from elmakers-repo: https://maven.elmakers.com/repository/com/google/errorprone/error_prone_parent/2.7.1/error_prone_parent-2.7.1.pom
[INFO] Downloading from codemc-repo: https://repo.codemc.io/repository/maven-public/com/google/errorprone/error_prone_parent/2.7.1/error_prone_parent-2.7.1.pom
[INFO] Downloading from lss233-mirror: https://lss233.littleservice.cn/repositories/minecraft/com/google/errorprone/error_prone_parent/2.7.1/error_prone_parent-2.7.1.pom
[INFO] Downloaded from lss233-mirror: https://lss233.littleservice.cn/repositories/minecraft/com/google/errorprone/error_prone_parent/2.7.1/error_prone_parent-2.7.1.pom (0 B at 0 B/s)
[INFO] Downloading from jitpack.io: https://jitpack.io/com/google/j2objc/j2objc-annotations/1.3/j2objc-annotations-1.3.pom
[INFO] Downloading from elmakers-repo: https://maven.elmakers.com/repository/com/google/j2objc/j2objc-annotations/1.3/j2objc-annotations-1.3.pom
[INFO] Downloaded from elmakers-repo: https://maven.elmakers.com/repository/com/google/j2objc/j2objc-annotations/1.3/j2objc-annotations-1.3.pom (0 B at 0 B/s)
[INFO] Downloading from jitpack.io: https://jitpack.io/com/google/code/gson/gson/2.8.9/gson-2.8.9.pom
[INFO] Downloading from elmakers-repo: https://maven.elmakers.com/repository/com/google/code/gson/gson/2.8.9/gson-2.8.9.pom
[INFO] Downloading from codemc-repo: https://repo.codemc.io/repository/maven-public/com/google/code/gson/gson/2.8.9/gson-2.8.9.pom
[INFO] Downloading from lss233-mirror: https://lss233.littleservice.cn/repositories/minecraft/com/google/code/gson/gson/2.8.9/gson-2.8.9.pom
[INFO] Downloaded from lss233-mirror: https://lss233.littleservice.cn/repositories/minecraft/com/google/code/gson/gson/2.8.9/gson-2.8.9.pom (0 B at 0 B/s)
[INFO] Downloading from jitpack.io: https://jitpack.io/com/google/code/gson/gson-parent/2.8.9/gson-parent-2.8.9.pom
[INFO] Downloading from elmakers-repo: https://maven.elmakers.com/repository/com/google/code/gson/gson-parent/2.8.9/gson-parent-2.8.9.pom
[INFO] Downloading from codemc-repo: https://repo.codemc.io/repository/maven-public/com/google/code/gson/gson-parent/2.8.9/gson-parent-2.8.9.pom
[INFO] Downloading from lss233-mirror: https://lss233.littleservice.cn/repositories/minecraft/com/google/code/gson/gson-parent/2.8.9/gson-parent-2.8.9.pom
[INFO] Downloaded from lss233-mirror: https://lss233.littleservice.cn/repositories/minecraft/com/google/code/gson/gson-parent/2.8.9/gson-parent-2.8.9.pom (0 B at 0 B/s)
[INFO] Downloading from jitpack.io: https://jitpack.io/net/md-5/bungeecord-chat/1.16-R0.4/bungeecord-chat-1.16-R0.4.pom
[INFO] Downloading from elmakers-repo: https://maven.elmakers.com/repository/net/md-5/bungeecord-chat/1.16-R0.4/bungeecord-chat-1.16-R0.4.pom
[INFO] Downloading from codemc-repo: https://repo.codemc.io/repository/maven-public/net/md-5/bungeecord-chat/1.16-R0.4/bungeecord-chat-1.16-R0.4.pom
[INFO] Downloading from lss233-mirror: https://lss233.littleservice.cn/repositories/minecraft/net/md-5/bungeecord-chat/1.16-R0.4/bungeecord-chat-1.16-R0.4.pom
[INFO] Downloaded from lss233-mirror: https://lss233.littleservice.cn/repositories/minecraft/net/md-5/bungeecord-chat/1.16-R0.4/bungeecord-chat-1.16-R0.4.pom (0 B at 0 B/s)
[INFO] Downloading from jitpack.io: https://jitpack.io/net/md-5/bungeecord-parent/1.16-R0.4/bungeecord-parent-1.16-R0.4.pom
[INFO] Downloading from elmakers-repo: https://maven.elmakers.com/repository/net/md-5/bungeecord-parent/1.16-R0.4/bungeecord-parent-1.16-R0.4.pom
[INFO] Downloading from codemc-repo: https://repo.codemc.io/repository/maven-public/net/md-5/bungeecord-parent/1.16-R0.4/bungeecord-parent-1.16-R0.4.pom
[INFO] Downloading from lss233-mirror: https://lss233.littleservice.cn/repositories/minecraft/net/md-5/bungeecord-parent/1.16-R0.4/bungeecord-parent-1.16-R0.4.pom
[INFO] Downloaded from lss233-mirror: https://lss233.littleservice.cn/repositories/minecraft/net/md-5/bungeecord-parent/1.16-R0.4/bungeecord-parent-1.16-R0.4.pom (0 B at 0 B/s)
[INFO] Downloading from jitpack.io: https://jitpack.io/com/google/code/gson/gson/2.8.0/gson-2.8.0.pom
[INFO] Downloading from elmakers-repo: https://maven.elmakers.com/repository/com/google/code/gson/gson/2.8.0/gson-2.8.0.pom
[INFO] Downloaded from elmakers-repo: https://maven.elmakers.com/repository/com/google/code/gson/gson/2.8.0/gson-2.8.0.pom (0 B at 0 B/s)
[INFO] Downloading from jitpack.io: https://jitpack.io/com/google/code/gson/gson-parent/2.8.0/gson-parent-2.8.0.pom
[INFO] Downloading from elmakers-repo: https://maven.elmakers.com/repository/com/google/code/gson/gson-parent/2.8.0/gson-parent-2.8.0.pom
[INFO] Downloaded from elmakers-repo: https://maven.elmakers.com/repository/com/google/code/gson/gson-parent/2.8.0/gson-parent-2.8.0.pom (0 B at 0 B/s)
[INFO] Downloading from jitpack.io: https://jitpack.io/com/google/guava/guava/21.0/guava-21.0.pom
[INFO] Downloading from elmakers-repo: https://maven.elmakers.com/repository/com/google/guava/guava/21.0/guava-21.0.pom
[INFO] Downloaded from elmakers-repo: https://maven.elmakers.com/repository/com/google/guava/guava/21.0/guava-21.0.pom (0 B at 0 B/s)
[INFO] Downloading from jitpack.io: https://jitpack.io/com/google/guava/guava-parent/21.0/guava-parent-21.0.pom
[INFO] Downloading from elmakers-repo: https://maven.elmakers.com/repository/com/google/guava/guava-parent/21.0/guava-parent-21.0.pom
[INFO] Downloaded from elmakers-repo: https://maven.elmakers.com/repository/com/google/guava/guava-parent/21.0/guava-parent-21.0.pom (0 B at 0 B/s)
[INFO] Downloading from jitpack.io: https://jitpack.io/org/yaml/snakeyaml/1.30/snakeyaml-1.30.pom
[INFO] Downloading from elmakers-repo: https://maven.elmakers.com/repository/org/yaml/snakeyaml/1.30/snakeyaml-1.30.pom
[INFO] Downloading from codemc-repo: https://repo.codemc.io/repository/maven-public/org/yaml/snakeyaml/1.30/snakeyaml-1.30.pom
[INFO] Downloading from lss233-mirror: https://lss233.littleservice.cn/repositories/minecraft/org/yaml/snakeyaml/1.30/snakeyaml-1.30.pom
[INFO] Downloaded from lss233-mirror: https://lss233.littleservice.cn/repositories/minecraft/org/yaml/snakeyaml/1.30/snakeyaml-1.30.pom (0 B at 0 B/s)
[INFO] Downloading from spigotmc-repo: https://hub.spigotmc.org/nexus/content/repositories/snapshots/com/github/Slimefun/Slimefun4/RC-32/Slimefun4-RC-32.pom
[INFO] Downloading from jitpack.io: https://jitpack.io/com/github/Slimefun/Slimefun4/RC-32/Slimefun4-RC-32.pom
[INFO] Downloaded from jitpack.io: https://jitpack.io/com/github/Slimefun/Slimefun4/RC-32/Slimefun4-RC-32.pom (15 kB at 123 kB/s)
[INFO] Downloading from spigotmc-repo: https://hub.spigotmc.org/nexus/content/repositories/snapshots/com/github/cryptomorin/kingdoms/1.13.9/kingdoms-1.13.9.pom
[INFO] Downloading from jitpack.io: https://jitpack.io/com/github/cryptomorin/kingdoms/1.13.9/kingdoms-1.13.9.pom
[INFO] Downloading from elmakers-repo: https://maven.elmakers.com/repository/com/github/cryptomorin/kingdoms/1.13.9/kingdoms-1.13.9.pom
[INFO] Downloading from codemc-repo: https://repo.codemc.io/repository/maven-public/com/github/cryptomorin/kingdoms/1.13.9/kingdoms-1.13.9.pom
[INFO] Downloading from lss233-mirror: https://lss233.littleservice.cn/repositories/minecraft/com/github/cryptomorin/kingdoms/1.13.9/kingdoms-1.13.9.pom
[INFO] Downloaded from lss233-mirror: https://lss233.littleservice.cn/repositories/minecraft/com/github/cryptomorin/kingdoms/1.13.9/kingdoms-1.13.9.pom (12 kB at 20 kB/s)
[INFO] Downloading from spigotmc-repo: https://hub.spigotmc.org/nexus/content/repositories/snapshots/org/maxgamer/QuickShop/5.1.1.2/QuickShop-5.1.1.2.pom
[INFO] Downloading from jitpack.io: https://jitpack.io/org/maxgamer/QuickShop/5.1.1.2/QuickShop-5.1.1.2.pom
[INFO] Downloading from elmakers-repo: https://maven.elmakers.com/repository/org/maxgamer/QuickShop/5.1.1.2/QuickShop-5.1.1.2.pom
[INFO] Downloading from codemc-repo: https://repo.codemc.io/repository/maven-public/org/maxgamer/QuickShop/5.1.1.2/QuickShop-5.1.1.2.pom
[INFO] Downloaded from codemc-repo: https://repo.codemc.io/repository/maven-public/org/maxgamer/QuickShop/5.1.1.2/QuickShop-5.1.1.2.pom (38 kB at 126 kB/s)
[WARNING] The POM for org.maxgamer:QuickShop:jar:5.1.1.2 is invalid, transitive dependencies (if any) will not be available, enable debug logging for more details
[INFO] Downloading from spigotmc-repo: https://hub.spigotmc.org/nexus/content/repositories/snapshots/com/elmakers/mine/bukkit/MagicAPI/10.2/MagicAPI-10.2.pom
[INFO] Downloading from jitpack.io: https://jitpack.io/com/elmakers/mine/bukkit/MagicAPI/10.2/MagicAPI-10.2.pom
[INFO] Downloading from elmakers-repo: https://maven.elmakers.com/repository/com/elmakers/mine/bukkit/MagicAPI/10.2/MagicAPI-10.2.pom
[INFO] Downloading from codemc-repo: https://repo.codemc.io/repository/maven-public/com/elmakers/mine/bukkit/MagicAPI/10.2/MagicAPI-10.2.pom
[INFO] Downloading from lss233-mirror: https://lss233.littleservice.cn/repositories/minecraft/com/elmakers/mine/bukkit/MagicAPI/10.2/MagicAPI-10.2.pom
[INFO] Downloaded from lss233-mirror: https://lss233.littleservice.cn/repositories/minecraft/com/elmakers/mine/bukkit/MagicAPI/10.2/MagicAPI-10.2.pom (2.8 kB at 6.2 kB/s)
[INFO] Downloading from spigotmc-repo: https://hub.spigotmc.org/nexus/content/repositories/snapshots/com/elmakers/mine/bukkit/Magic-parent/10.2/Magic-parent-10.2.pom
[INFO] Downloading from jitpack.io: https://jitpack.io/com/elmakers/mine/bukkit/Magic-parent/10.2/Magic-parent-10.2.pom
[INFO] Downloading from elmakers-repo: https://maven.elmakers.com/repository/com/elmakers/mine/bukkit/Magic-parent/10.2/Magic-parent-10.2.pom
[INFO] Downloading from codemc-repo: https://repo.codemc.io/repository/maven-public/com/elmakers/mine/bukkit/Magic-parent/10.2/Magic-parent-10.2.pom
[INFO] Downloading from lss233-mirror: https://lss233.littleservice.cn/repositories/minecraft/com/elmakers/mine/bukkit/Magic-parent/10.2/Magic-parent-10.2.pom
[INFO] Downloaded from lss233-mirror: https://lss233.littleservice.cn/repositories/minecraft/com/elmakers/mine/bukkit/Magic-parent/10.2/Magic-parent-10.2.pom (15 kB at 28 kB/s)
[INFO] Downloading from spigotmc-repo: https://hub.spigotmc.org/nexus/content/repositories/snapshots/com/github/Soldier233/LockettePro/5505be4/LockettePro-5505be4.pom
[INFO] Downloading from jitpack.io: https://jitpack.io/com/github/Soldier233/LockettePro/5505be4/LockettePro-5505be4.pom
[INFO] Downloaded from jitpack.io: https://jitpack.io/com/github/Soldier233/LockettePro/5505be4/LockettePro-5505be4.pom (3.6 kB at 53 kB/s)
[WARNING] The POM for com.github.Soldier233:LockettePro:jar:5505be4 is invalid, transitive dependencies (if any) will not be available, enable debug logging for more details
[INFO] Downloading from elmakers-repo: https://maven.elmakers.com/repository/com/github/Xzavier0722/SlimefunCompLib/e1d5501/SlimefunCompLib-e1d5501.pom
[INFO] Downloading from lss233-mirror: https://lss233.littleservice.cn/repositories/minecraft/com/github/Xzavier0722/SlimefunCompLib/e1d5501/SlimefunCompLib-e1d5501.pom
[WARNING] The POM for com.github.Xzavier0722:SlimefunCompLib:jar:e1d5501 is missing, no dependency information available
[INFO] Downloading from spigotmc-repo: https://hub.spigotmc.org/nexus/content/repositories/snapshots/org/spigotmc/spigot-api/1.19-R0.1-SNAPSHOT/spigot-api-1.19-R0.1-20220725.090125-47.jar
[INFO] Downloading from spigotmc-repo: https://hub.spigotmc.org/nexus/content/repositories/snapshots/com/github/Slimefun/Slimefun4/RC-32/Slimefun4-RC-32.jar
[INFO] Downloading from spigotmc-repo: https://hub.spigotmc.org/nexus/content/repositories/snapshots/com/github/cryptomorin/kingdoms/1.13.9/kingdoms-1.13.9.jar
[INFO] Downloaded from spigotmc-repo: https://hub.spigotmc.org/nexus/content/repositories/snapshots/org/spigotmc/spigot-api/1.19-R0.1-SNAPSHOT/spigot-api-1.19-R0.1-20220725.090125-47.jar (0 B at 0 B/s)
[INFO] Downloading from spigotmc-repo: https://hub.spigotmc.org/nexus/content/repositories/snapshots/org/maxgamer/QuickShop/5.1.1.2/QuickShop-5.1.1.2.jar
[INFO] Downloading from spigotmc-repo: https://hub.spigotmc.org/nexus/content/repositories/snapshots/com/elmakers/mine/bukkit/MagicAPI/10.2/MagicAPI-10.2.jar
[INFO] Downloading from spigotmc-repo: https://hub.spigotmc.org/nexus/content/repositories/snapshots/com/github/Soldier233/LockettePro/5505be4/LockettePro-5505be4.jar
[INFO] Downloading from jitpack.io: https://jitpack.io/com/google/guava/guava/31.0.1-jre/guava-31.0.1-jre.jar
[INFO] Downloading from jitpack.io: https://jitpack.io/com/google/guava/listenablefuture/9999.0-empty-to-avoid-conflict-with-guava/listenablefuture-9999.0-empty-to-avoid-conflict-with-guava.jar
[INFO] Downloading from jitpack.io: https://jitpack.io/com/google/guava/failureaccess/1.0.1/failureaccess-1.0.1.jar
[INFO] Downloading from jitpack.io: https://jitpack.io/com/google/code/findbugs/jsr305/3.0.2/jsr305-3.0.2.jar
[INFO] Downloading from jitpack.io: https://jitpack.io/org/checkerframework/checker-qual/3.12.0/checker-qual-3.12.0.jar
[INFO] Downloading from jitpack.io: https://jitpack.io/com/google/errorprone/error_prone_annotations/2.7.1/error_prone_annotations-2.7.1.jar
[INFO] Downloading from jitpack.io: https://jitpack.io/com/google/j2objc/j2objc-annotations/1.3/j2objc-annotations-1.3.jar
[INFO] Downloading from jitpack.io: https://jitpack.io/com/google/code/gson/gson/2.8.9/gson-2.8.9.jar
[INFO] Downloading from jitpack.io: https://jitpack.io/net/md-5/bungeecord-chat/1.16-R0.4/bungeecord-chat-1.16-R0.4.jar
[INFO] Downloading from jitpack.io: https://jitpack.io/org/yaml/snakeyaml/1.30/snakeyaml-1.30.jar
[INFO] Downloading from jitpack.io: https://jitpack.io/com/github/Slimefun/Slimefun4/RC-32/Slimefun4-RC-32.jar
[INFO] Downloading from jitpack.io: https://jitpack.io/com/github/cryptomorin/kingdoms/1.13.9/kingdoms-1.13.9.jar
[INFO] Downloading from jitpack.io: https://jitpack.io/org/maxgamer/QuickShop/5.1.1.2/QuickShop-5.1.1.2.jar
[INFO] Downloading from jitpack.io: https://jitpack.io/com/elmakers/mine/bukkit/MagicAPI/10.2/MagicAPI-10.2.jar
[INFO] Downloading from jitpack.io: https://jitpack.io/com/github/Soldier233/LockettePro/5505be4/LockettePro-5505be4.jar
[INFO] Downloaded from jitpack.io: https://jitpack.io/com/github/Soldier233/LockettePro/5505be4/LockettePro-5505be4.jar (61 kB at 596 kB/s)
[INFO] Downloaded from jitpack.io: https://jitpack.io/com/github/Slimefun/Slimefun4/RC-32/Slimefun4-RC-32.jar (4.7 MB at 19 MB/s)
[INFO] Downloading from elmakers-repo: https://maven.elmakers.com/repository/com/google/guava/guava/31.0.1-jre/guava-31.0.1-jre.jar
[INFO] Downloading from elmakers-repo: https://maven.elmakers.com/repository/com/google/guava/failureaccess/1.0.1/failureaccess-1.0.1.jar
[INFO] Downloading from elmakers-repo: https://maven.elmakers.com/repository/com/google/guava/listenablefuture/9999.0-empty-to-avoid-conflict-with-guava/listenablefuture-9999.0-empty-to-avoid-conflict-with-guava.jar
[INFO] Downloading from elmakers-repo: https://maven.elmakers.com/repository/com/google/code/findbugs/jsr305/3.0.2/jsr305-3.0.2.jar
[INFO] Downloading from elmakers-repo: https://maven.elmakers.com/repository/org/checkerframework/checker-qual/3.12.0/checker-qual-3.12.0.jar
[INFO] Downloaded from elmakers-repo: https://maven.elmakers.com/repository/com/google/code/findbugs/jsr305/3.0.2/jsr305-3.0.2.jar (0 B at 0 B/s)
[INFO] Downloading from elmakers-repo: https://maven.elmakers.com/repository/com/google/errorprone/error_prone_annotations/2.7.1/error_prone_annotations-2.7.1.jar
[INFO] Downloading from elmakers-repo: https://maven.elmakers.com/repository/com/google/j2objc/j2objc-annotations/1.3/j2objc-annotations-1.3.jar
[INFO] Downloading from elmakers-repo: https://maven.elmakers.com/repository/com/google/code/gson/gson/2.8.9/gson-2.8.9.jar
[INFO] Downloaded from elmakers-repo: https://maven.elmakers.com/repository/com/google/guava/failureaccess/1.0.1/failureaccess-1.0.1.jar (0 B at 0 B/s)
[INFO] Downloading from elmakers-repo: https://maven.elmakers.com/repository/net/md-5/bungeecord-chat/1.16-R0.4/bungeecord-chat-1.16-R0.4.jar
[INFO] Downloaded from elmakers-repo: https://maven.elmakers.com/repository/com/google/j2objc/j2objc-annotations/1.3/j2objc-annotations-1.3.jar (0 B at 0 B/s)
[INFO] Downloading from elmakers-repo: https://maven.elmakers.com/repository/org/yaml/snakeyaml/1.30/snakeyaml-1.30.jar
[INFO] Downloading from elmakers-repo: https://maven.elmakers.com/repository/com/github/cryptomorin/kingdoms/1.13.9/kingdoms-1.13.9.jar
[INFO] Downloading from elmakers-repo: https://maven.elmakers.com/repository/org/maxgamer/QuickShop/5.1.1.2/QuickShop-5.1.1.2.jar
[INFO] Downloading from elmakers-repo: https://maven.elmakers.com/repository/com/elmakers/mine/bukkit/MagicAPI/10.2/MagicAPI-10.2.jar
[INFO] Downloading from elmakers-repo: https://maven.elmakers.com/repository/com/github/Xzavier0722/SlimefunCompLib/e1d5501/SlimefunCompLib-e1d5501.jar
[INFO] Downloaded from elmakers-repo: https://maven.elmakers.com/repository/com/google/guava/listenablefuture/9999.0-empty-to-avoid-conflict-with-guava/listenablefuture-9999.0-empty-to-avoid-conflict-with-guava.jar (0 B at 0 B/s)
[INFO] Downloading from codemc-repo: https://repo.codemc.io/repository/maven-public/com/google/guava/guava/31.0.1-jre/guava-31.0.1-jre.jar
[INFO] Downloading from codemc-repo: https://repo.codemc.io/repository/maven-public/org/checkerframework/checker-qual/3.12.0/checker-qual-3.12.0.jar
[INFO] Downloading from codemc-repo: https://repo.codemc.io/repository/maven-public/com/google/errorprone/error_prone_annotations/2.7.1/error_prone_annotations-2.7.1.jar
[INFO] Downloading from codemc-repo: https://repo.codemc.io/repository/maven-public/net/md-5/bungeecord-chat/1.16-R0.4/bungeecord-chat-1.16-R0.4.jar
[INFO] Downloading from codemc-repo: https://repo.codemc.io/repository/maven-public/com/google/code/gson/gson/2.8.9/gson-2.8.9.jar
[INFO] Downloading from codemc-repo: https://repo.codemc.io/repository/maven-public/org/yaml/snakeyaml/1.30/snakeyaml-1.30.jar
[INFO] Downloading from codemc-repo: https://repo.codemc.io/repository/maven-public/com/github/cryptomorin/kingdoms/1.13.9/kingdoms-1.13.9.jar
[INFO] Downloading from codemc-repo: https://repo.codemc.io/repository/maven-public/org/maxgamer/QuickShop/5.1.1.2/QuickShop-5.1.1.2.jar
[INFO] Downloading from codemc-repo: https://repo.codemc.io/repository/maven-public/com/elmakers/mine/bukkit/MagicAPI/10.2/MagicAPI-10.2.jar
[INFO] Downloaded from codemc-repo: https://repo.codemc.io/repository/maven-public/org/maxgamer/QuickShop/5.1.1.2/QuickShop-5.1.1.2.jar (1.3 MB at 1.2 MB/s)
[INFO] Downloading from lss233-mirror: https://lss233.littleservice.cn/repositories/minecraft/com/google/guava/guava/31.0.1-jre/guava-31.0.1-jre.jar
[INFO] Downloading from lss233-mirror: https://lss233.littleservice.cn/repositories/minecraft/org/checkerframework/checker-qual/3.12.0/checker-qual-3.12.0.jar
[INFO] Downloading from lss233-mirror: https://lss233.littleservice.cn/repositories/minecraft/com/google/errorprone/error_prone_annotations/2.7.1/error_prone_annotations-2.7.1.jar
[INFO] Downloading from lss233-mirror: https://lss233.littleservice.cn/repositories/minecraft/com/google/code/gson/gson/2.8.9/gson-2.8.9.jar
[INFO] Downloading from lss233-mirror: https://lss233.littleservice.cn/repositories/minecraft/net/md-5/bungeecord-chat/1.16-R0.4/bungeecord-chat-1.16-R0.4.jar
[INFO] Downloaded from lss233-mirror: https://lss233.littleservice.cn/repositories/minecraft/com/google/errorprone/error_prone_annotations/2.7.1/error_prone_annotations-2.7.1.jar (0 B at 0 B/s)
[INFO] Downloading from lss233-mirror: https://lss233.littleservice.cn/repositories/minecraft/org/yaml/snakeyaml/1.30/snakeyaml-1.30.jar
[INFO] Downloaded from lss233-mirror: https://lss233.littleservice.cn/repositories/minecraft/net/md-5/bungeecord-chat/1.16-R0.4/bungeecord-chat-1.16-R0.4.jar (0 B at 0 B/s)
[INFO] Downloading from lss233-mirror: https://lss233.littleservice.cn/repositories/minecraft/com/github/cryptomorin/kingdoms/1.13.9/kingdoms-1.13.9.jar
[INFO] Downloaded from lss233-mirror: https://lss233.littleservice.cn/repositories/minecraft/org/yaml/snakeyaml/1.30/snakeyaml-1.30.jar (0 B at 0 B/s)
[INFO] Downloading from lss233-mirror: https://lss233.littleservice.cn/repositories/minecraft/com/elmakers/mine/bukkit/MagicAPI/10.2/MagicAPI-10.2.jar
[INFO] Downloaded from lss233-mirror: https://lss233.littleservice.cn/repositories/minecraft/com/google/guava/guava/31.0.1-jre/guava-31.0.1-jre.jar (0 B at 0 B/s)
[INFO] Downloading from lss233-mirror: https://lss233.littleservice.cn/repositories/minecraft/com/github/Xzavier0722/SlimefunCompLib/e1d5501/SlimefunCompLib-e1d5501.jar
[INFO] Downloaded from lss233-mirror: https://lss233.littleservice.cn/repositories/minecraft/org/checkerframework/checker-qual/3.12.0/checker-qual-3.12.0.jar (0 B at 0 B/s)
[INFO] Downloaded from lss233-mirror: https://lss233.littleservice.cn/repositories/minecraft/com/google/code/gson/gson/2.8.9/gson-2.8.9.jar (0 B at 0 B/s)
[INFO] Downloaded from lss233-mirror: https://lss233.littleservice.cn/repositories/minecraft/com/elmakers/mine/bukkit/MagicAPI/10.2/MagicAPI-10.2.jar (122 kB at 79 kB/s)
[INFO] Downloaded from lss233-mirror: https://lss233.littleservice.cn/repositories/minecraft/com/github/cryptomorin/kingdoms/1.13.9/kingdoms-1.13.9.jar (4.4 MB at 1.6 MB/s)
[INFO] ------------------------------------------------------------------------
[INFO] BUILD FAILURE
[INFO] ------------------------------------------------------------------------
[INFO] Total time:  24.970 s
[INFO] Finished at: 2023-03-19T14:48:44Z
[INFO] ------------------------------------------------------------------------
[ERROR] Failed to execute goal on project SlimeGlue: Could not resolve dependencies for project com.xzavier0722.mc.plugin:SlimeGlue:jar:Build 19 (git 14a7c16): com.github.Xzavier0722:SlimefunCompLib:jar:e1d5501 was not found in https://hub.spigotmc.org/nexus/content/repositories/snapshots during a previous attempt. This failure was cached in the local repository and resolution is not reattempted until the update interval of spigotmc-repo has elapsed or updates are forced -> [Help 1]
[ERROR] 
[ERROR] To see the full stack trace of the errors, re-run Maven with the -e switch.
[ERROR] Re-run Maven using the -X switch to enable full debug logging.
[ERROR] 
[ERROR] For more information about the errors and possible solutions, please read the following articles:
[ERROR] [Help 1] http://cwiki.apache.org/confluence/display/MAVEN/DependencyResolutionException
