[INFO] Scanning for projects...
[INFO] 
[INFO] --------< io.github.schntgaispock.gastronomicon:Gastronomicon >---------
[INFO] Building Gastronomicon Build 2 zh-CN(SlimefunGuguProject) (git b0615c0)
[INFO]   from pom.xml
[INFO] --------------------------------[ jar ]---------------------------------
[INFO] Downloading from central: https://repo.maven.apache.org/maven2/org/apache/maven/plugins/maven-shade-plugin/3.3.0/maven-shade-plugin-3.3.0.pom
[INFO] Downloaded from central: https://repo.maven.apache.org/maven2/org/apache/maven/plugins/maven-shade-plugin/3.3.0/maven-shade-plugin-3.3.0.pom (13 kB at 51 kB/s)
[INFO] Downloading from central: https://repo.maven.apache.org/maven2/org/apache/maven/plugins/maven-plugins/34/maven-plugins-34.pom
[INFO] Downloaded from central: https://repo.maven.apache.org/maven2/org/apache/maven/plugins/maven-plugins/34/maven-plugins-34.pom (11 kB at 562 kB/s)
[INFO] Downloading from central: https://repo.maven.apache.org/maven2/org/apache/maven/plugins/maven-shade-plugin/3.3.0/maven-shade-plugin-3.3.0.jar
[INFO] Downloaded from central: https://repo.maven.apache.org/maven2/org/apache/maven/plugins/maven-shade-plugin/3.3.0/maven-shade-plugin-3.3.0.jar (141 kB at 2.0 MB/s)
[INFO] Downloading from papermc: https://repo.papermc.io/repository/maven-public/io/papermc/paper/paper-api/1.19.3-R0.1-SNAPSHOT/maven-metadata.xml
[INFO] Downloading from spigot-repo: https://hub.spigotmc.org/nexus/content/repositories/snapshots/io/papermc/paper/paper-api/1.19.3-R0.1-SNAPSHOT/maven-metadata.xml
[INFO] Downloading from jitpack.io: https://jitpack.io/io/papermc/paper/paper-api/1.19.3-R0.1-SNAPSHOT/maven-metadata.xml
[INFO] Downloaded from papermc: https://repo.papermc.io/repository/maven-public/io/papermc/paper/paper-api/1.19.3-R0.1-SNAPSHOT/maven-metadata.xml (1.4 kB at 1.9 kB/s)
[INFO] Downloading from papermc: https://repo.papermc.io/repository/maven-public/io/papermc/paper/paper-api/1.19.3-R0.1-SNAPSHOT/paper-api-1.19.3-R0.1-20230312.180621-141.pom
[INFO] Downloaded from papermc: https://repo.papermc.io/repository/maven-public/io/papermc/paper/paper-api/1.19.3-R0.1-SNAPSHOT/paper-api-1.19.3-R0.1-20230312.180621-141.pom (4.4 kB at 16 kB/s)
[INFO] Downloading from papermc: https://repo.papermc.io/repository/maven-public/net/kyori/adventure-bom/4.12.0/adventure-bom-4.12.0.pom
[INFO] Downloaded from papermc: https://repo.papermc.io/repository/maven-public/net/kyori/adventure-bom/4.12.0/adventure-bom-4.12.0.pom (4.8 kB at 17 kB/s)
[INFO] Downloading from papermc: https://repo.papermc.io/repository/maven-public/com/google/guava/guava/31.1-jre/guava-31.1-jre.pom
[INFO] Downloaded from papermc: https://repo.papermc.io/repository/maven-public/com/google/guava/guava/31.1-jre/guava-31.1-jre.pom (11 kB at 39 kB/s)
[INFO] Downloading from papermc: https://repo.papermc.io/repository/maven-public/com/google/guava/guava-parent/31.1-jre/guava-parent-31.1-jre.pom
[INFO] Downloaded from papermc: https://repo.papermc.io/repository/maven-public/com/google/guava/guava-parent/31.1-jre/guava-parent-31.1-jre.pom (15 kB at 52 kB/s)
[INFO] Downloading from papermc: https://repo.papermc.io/repository/maven-public/com/google/guava/failureaccess/1.0.1/failureaccess-1.0.1.pom
[INFO] Downloaded from papermc: https://repo.papermc.io/repository/maven-public/com/google/guava/failureaccess/1.0.1/failureaccess-1.0.1.pom (0 B at 0 B/s)
[INFO] Downloading from papermc: https://repo.papermc.io/repository/maven-public/com/google/guava/guava-parent/26.0-android/guava-parent-26.0-android.pom
[INFO] Downloaded from papermc: https://repo.papermc.io/repository/maven-public/com/google/guava/guava-parent/26.0-android/guava-parent-26.0-android.pom (0 B at 0 B/s)
[INFO] Downloading from papermc: https://repo.papermc.io/repository/maven-public/com/google/guava/listenablefuture/9999.0-empty-to-avoid-conflict-with-guava/listenablefuture-9999.0-empty-to-avoid-conflict-with-guava.pom
[INFO] Downloaded from papermc: https://repo.papermc.io/repository/maven-public/com/google/guava/listenablefuture/9999.0-empty-to-avoid-conflict-with-guava/listenablefuture-9999.0-empty-to-avoid-conflict-with-guava.pom (0 B at 0 B/s)
[INFO] Downloading from papermc: https://repo.papermc.io/repository/maven-public/org/checkerframework/checker-qual/3.12.0/checker-qual-3.12.0.pom
[INFO] Downloaded from papermc: https://repo.papermc.io/repository/maven-public/org/checkerframework/checker-qual/3.12.0/checker-qual-3.12.0.pom (0 B at 0 B/s)
[INFO] Downloading from papermc: https://repo.papermc.io/repository/maven-public/com/google/errorprone/error_prone_annotations/2.11.0/error_prone_annotations-2.11.0.pom
[INFO] Downloaded from papermc: https://repo.papermc.io/repository/maven-public/com/google/errorprone/error_prone_annotations/2.11.0/error_prone_annotations-2.11.0.pom (2.2 kB at 7.8 kB/s)
[INFO] Downloading from papermc: https://repo.papermc.io/repository/maven-public/com/google/errorprone/error_prone_parent/2.11.0/error_prone_parent-2.11.0.pom
[INFO] Downloaded from papermc: https://repo.papermc.io/repository/maven-public/com/google/errorprone/error_prone_parent/2.11.0/error_prone_parent-2.11.0.pom (11 kB at 38 kB/s)
[INFO] Downloading from papermc: https://repo.papermc.io/repository/maven-public/com/google/j2objc/j2objc-annotations/1.3/j2objc-annotations-1.3.pom
[INFO] Downloaded from papermc: https://repo.papermc.io/repository/maven-public/com/google/j2objc/j2objc-annotations/1.3/j2objc-annotations-1.3.pom (0 B at 0 B/s)
[INFO] Downloading from papermc: https://repo.papermc.io/repository/maven-public/com/google/code/gson/gson/2.10/gson-2.10.pom
[INFO] Downloaded from papermc: https://repo.papermc.io/repository/maven-public/com/google/code/gson/gson/2.10/gson-2.10.pom (9.4 kB at 33 kB/s)
[INFO] Downloading from papermc: https://repo.papermc.io/repository/maven-public/com/google/code/gson/gson-parent/2.10/gson-parent-2.10.pom
[INFO] Downloaded from papermc: https://repo.papermc.io/repository/maven-public/com/google/code/gson/gson-parent/2.10/gson-parent-2.10.pom (12 kB at 45 kB/s)
[INFO] Downloading from papermc: https://repo.papermc.io/repository/maven-public/net/md-5/bungeecord-chat/1.16-R0.4-deprecated+build.6/bungeecord-chat-1.16-R0.4-deprecated+build.6.pom
[INFO] Downloaded from papermc: https://repo.papermc.io/repository/maven-public/net/md-5/bungeecord-chat/1.16-R0.4-deprecated+build.6/bungeecord-chat-1.16-R0.4-deprecated+build.6.pom (1.2 kB at 4.1 kB/s)
[INFO] Downloading from papermc: https://repo.papermc.io/repository/maven-public/com/google/code/gson/gson/2.8.8/gson-2.8.8.pom
[INFO] Downloaded from papermc: https://repo.papermc.io/repository/maven-public/com/google/code/gson/gson/2.8.8/gson-2.8.8.pom (6.0 kB at 21 kB/s)
[INFO] Downloading from papermc: https://repo.papermc.io/repository/maven-public/com/google/code/gson/gson-parent/2.8.8/gson-parent-2.8.8.pom
[INFO] Downloaded from papermc: https://repo.papermc.io/repository/maven-public/com/google/code/gson/gson-parent/2.8.8/gson-parent-2.8.8.pom (4.6 kB at 17 kB/s)
[INFO] Downloading from papermc: https://repo.papermc.io/repository/maven-public/org/yaml/snakeyaml/1.33/snakeyaml-1.33.pom
[INFO] Downloaded from papermc: https://repo.papermc.io/repository/maven-public/org/yaml/snakeyaml/1.33/snakeyaml-1.33.pom (39 kB at 97 kB/s)
[INFO] Downloading from papermc: https://repo.papermc.io/repository/maven-public/com/googlecode/json-simple/json-simple/1.1.1/json-simple-1.1.1.pom
[INFO] Downloaded from papermc: https://repo.papermc.io/repository/maven-public/com/googlecode/json-simple/json-simple/1.1.1/json-simple-1.1.1.pom (3.5 kB at 12 kB/s)
[INFO] Downloading from papermc: https://repo.papermc.io/repository/maven-public/it/unimi/dsi/fastutil/8.5.6/fastutil-8.5.6.pom
[INFO] Downloaded from papermc: https://repo.papermc.io/repository/maven-public/it/unimi/dsi/fastutil/8.5.6/fastutil-8.5.6.pom (1.5 kB at 5.5 kB/s)
[INFO] Downloading from papermc: https://repo.papermc.io/repository/maven-public/org/apache/logging/log4j/log4j-api/2.17.1/log4j-api-2.17.1.pom
[INFO] Downloaded from papermc: https://repo.papermc.io/repository/maven-public/org/apache/logging/log4j/log4j-api/2.17.1/log4j-api-2.17.1.pom (14 kB at 49 kB/s)
[INFO] Downloading from papermc: https://repo.papermc.io/repository/maven-public/org/apache/logging/log4j/log4j/2.17.1/log4j-2.17.1.pom
[INFO] Downloaded from papermc: https://repo.papermc.io/repository/maven-public/org/apache/logging/log4j/log4j/2.17.1/log4j-2.17.1.pom (69 kB at 171 kB/s)
[INFO] Downloading from papermc: https://repo.papermc.io/repository/maven-public/org/apache/logging/logging-parent/3/logging-parent-3.pom
[INFO] Downloaded from papermc: https://repo.papermc.io/repository/maven-public/org/apache/logging/logging-parent/3/logging-parent-3.pom (3.1 kB at 11 kB/s)
[INFO] Downloading from papermc: https://repo.papermc.io/repository/maven-public/org/slf4j/slf4j-api/1.8.0-beta4/slf4j-api-1.8.0-beta4.pom
[INFO] Downloaded from papermc: https://repo.papermc.io/repository/maven-public/org/slf4j/slf4j-api/1.8.0-beta4/slf4j-api-1.8.0-beta4.pom (1.7 kB at 5.9 kB/s)
[INFO] Downloading from papermc: https://repo.papermc.io/repository/maven-public/org/slf4j/slf4j-parent/1.8.0-beta4/slf4j-parent-1.8.0-beta4.pom
[INFO] Downloaded from papermc: https://repo.papermc.io/repository/maven-public/org/slf4j/slf4j-parent/1.8.0-beta4/slf4j-parent-1.8.0-beta4.pom (17 kB at 59 kB/s)
[INFO] Downloading from papermc: https://repo.papermc.io/repository/maven-public/org/apache/maven/maven-resolver-provider/3.8.5/maven-resolver-provider-3.8.5.pom
[INFO] Downloaded from papermc: https://repo.papermc.io/repository/maven-public/org/apache/maven/maven-resolver-provider/3.8.5/maven-resolver-provider-3.8.5.pom (4.2 kB at 14 kB/s)
[INFO] Downloading from papermc: https://repo.papermc.io/repository/maven-public/org/apache/maven/maven/3.8.5/maven-3.8.5.pom
[INFO] Downloaded from papermc: https://repo.papermc.io/repository/maven-public/org/apache/maven/maven/3.8.5/maven-3.8.5.pom (27 kB at 98 kB/s)
[INFO] Downloading from papermc: https://repo.papermc.io/repository/maven-public/org/apache/maven/maven-parent/35/maven-parent-35.pom
[INFO] Downloaded from papermc: https://repo.papermc.io/repository/maven-public/org/apache/maven/maven-parent/35/maven-parent-35.pom (45 kB at 161 kB/s)
[INFO] Downloading from papermc: https://repo.papermc.io/repository/maven-public/org/apache/apache/25/apache-25.pom
[INFO] Downloaded from papermc: https://repo.papermc.io/repository/maven-public/org/apache/apache/25/apache-25.pom (21 kB at 74 kB/s)
[INFO] Downloading from papermc: https://repo.papermc.io/repository/maven-public/org/apache/maven/maven-model/3.8.5/maven-model-3.8.5.pom
[INFO] Downloaded from papermc: https://repo.papermc.io/repository/maven-public/org/apache/maven/maven-model/3.8.5/maven-model-3.8.5.pom (2.8 kB at 10 kB/s)
[INFO] Downloading from papermc: https://repo.papermc.io/repository/maven-public/org/apache/maven/maven-model-builder/3.8.5/maven-model-builder-3.8.5.pom
[INFO] Downloaded from papermc: https://repo.papermc.io/repository/maven-public/org/apache/maven/maven-model-builder/3.8.5/maven-model-builder-3.8.5.pom (3.4 kB at 12 kB/s)
[INFO] Downloading from papermc: https://repo.papermc.io/repository/maven-public/org/codehaus/plexus/plexus-interpolation/1.26/plexus-interpolation-1.26.pom
[INFO] Downloaded from papermc: https://repo.papermc.io/repository/maven-public/org/codehaus/plexus/plexus-interpolation/1.26/plexus-interpolation-1.26.pom (2.7 kB at 9.1 kB/s)
[INFO] Downloading from papermc: https://repo.papermc.io/repository/maven-public/javax/inject/javax.inject/1/javax.inject-1.pom
[INFO] Downloaded from papermc: https://repo.papermc.io/repository/maven-public/javax/inject/javax.inject/1/javax.inject-1.pom (612 B at 2.2 kB/s)
[INFO] Downloading from papermc: https://repo.papermc.io/repository/maven-public/org/apache/maven/maven-artifact/3.8.5/maven-artifact-3.8.5.pom
[INFO] Downloaded from papermc: https://repo.papermc.io/repository/maven-public/org/apache/maven/maven-artifact/3.8.5/maven-artifact-3.8.5.pom (2.4 kB at 8.6 kB/s)
[INFO] Downloading from papermc: https://repo.papermc.io/repository/maven-public/org/apache/commons/commons-lang3/3.8.1/commons-lang3-3.8.1.pom
[INFO] Downloaded from papermc: https://repo.papermc.io/repository/maven-public/org/apache/commons/commons-lang3/3.8.1/commons-lang3-3.8.1.pom (28 kB at 100 kB/s)
[INFO] Downloading from papermc: https://repo.papermc.io/repository/maven-public/org/apache/maven/maven-builder-support/3.8.5/maven-builder-support-3.8.5.pom
[INFO] Downloaded from papermc: https://repo.papermc.io/repository/maven-public/org/apache/maven/maven-builder-support/3.8.5/maven-builder-support-3.8.5.pom (1.4 kB at 5.1 kB/s)
[INFO] Downloading from papermc: https://repo.papermc.io/repository/maven-public/org/eclipse/sisu/org.eclipse.sisu.inject/0.3.5/org.eclipse.sisu.inject-0.3.5.pom
[INFO] Downloaded from papermc: https://repo.papermc.io/repository/maven-public/org/eclipse/sisu/org.eclipse.sisu.inject/0.3.5/org.eclipse.sisu.inject-0.3.5.pom (2.6 kB at 9.1 kB/s)
[INFO] Downloading from papermc: https://repo.papermc.io/repository/maven-public/org/eclipse/sisu/sisu-inject/0.3.5/sisu-inject-0.3.5.pom
[INFO] Downloaded from papermc: https://repo.papermc.io/repository/maven-public/org/eclipse/sisu/sisu-inject/0.3.5/sisu-inject-0.3.5.pom (14 kB at 52 kB/s)
[INFO] Downloading from papermc: https://repo.papermc.io/repository/maven-public/org/apache/maven/maven-repository-metadata/3.8.5/maven-repository-metadata-3.8.5.pom
[INFO] Downloaded from papermc: https://repo.papermc.io/repository/maven-public/org/apache/maven/maven-repository-metadata/3.8.5/maven-repository-metadata-3.8.5.pom (2.1 kB at 7.1 kB/s)
[INFO] Downloading from papermc: https://repo.papermc.io/repository/maven-public/org/apache/maven/resolver/maven-resolver-api/1.6.3/maven-resolver-api-1.6.3.pom
[INFO] Downloaded from papermc: https://repo.papermc.io/repository/maven-public/org/apache/maven/resolver/maven-resolver-api/1.6.3/maven-resolver-api-1.6.3.pom (2.6 kB at 8.9 kB/s)
[INFO] Downloading from papermc: https://repo.papermc.io/repository/maven-public/org/apache/maven/resolver/maven-resolver/1.6.3/maven-resolver-1.6.3.pom
[INFO] Downloaded from papermc: https://repo.papermc.io/repository/maven-public/org/apache/maven/resolver/maven-resolver/1.6.3/maven-resolver-1.6.3.pom (19 kB at 69 kB/s)
[INFO] Downloading from papermc: https://repo.papermc.io/repository/maven-public/org/apache/maven/resolver/maven-resolver-spi/1.6.3/maven-resolver-spi-1.6.3.pom
[INFO] Downloaded from papermc: https://repo.papermc.io/repository/maven-public/org/apache/maven/resolver/maven-resolver-spi/1.6.3/maven-resolver-spi-1.6.3.pom (2.7 kB at 8.8 kB/s)
[INFO] Downloading from papermc: https://repo.papermc.io/repository/maven-public/org/apache/maven/resolver/maven-resolver-util/1.6.3/maven-resolver-util-1.6.3.pom
[INFO] Downloaded from papermc: https://repo.papermc.io/repository/maven-public/org/apache/maven/resolver/maven-resolver-util/1.6.3/maven-resolver-util-1.6.3.pom (2.8 kB at 10 kB/s)
[INFO] Downloading from papermc: https://repo.papermc.io/repository/maven-public/org/apache/maven/resolver/maven-resolver-impl/1.6.3/maven-resolver-impl-1.6.3.pom
[INFO] Downloaded from papermc: https://repo.papermc.io/repository/maven-public/org/apache/maven/resolver/maven-resolver-impl/1.6.3/maven-resolver-impl-1.6.3.pom (4.2 kB at 15 kB/s)
[INFO] Downloading from papermc: https://repo.papermc.io/repository/maven-public/org/slf4j/slf4j-api/1.7.30/slf4j-api-1.7.30.pom
[INFO] Downloaded from papermc: https://repo.papermc.io/repository/maven-public/org/slf4j/slf4j-api/1.7.30/slf4j-api-1.7.30.pom (3.8 kB at 14 kB/s)
[INFO] Downloading from papermc: https://repo.papermc.io/repository/maven-public/org/slf4j/slf4j-parent/1.7.30/slf4j-parent-1.7.30.pom
[INFO] Downloaded from papermc: https://repo.papermc.io/repository/maven-public/org/slf4j/slf4j-parent/1.7.30/slf4j-parent-1.7.30.pom (14 kB at 49 kB/s)
[INFO] Downloading from papermc: https://repo.papermc.io/repository/maven-public/net/kyori/adventure-api/4.12.0/adventure-api-4.12.0.pom
[INFO] Downloaded from papermc: https://repo.papermc.io/repository/maven-public/net/kyori/adventure-api/4.12.0/adventure-api-4.12.0.pom (3.5 kB at 13 kB/s)
[INFO] Downloading from papermc: https://repo.papermc.io/repository/maven-public/net/kyori/adventure-key/4.12.0/adventure-key-4.12.0.pom
[INFO] Downloaded from papermc: https://repo.papermc.io/repository/maven-public/net/kyori/adventure-key/4.12.0/adventure-key-4.12.0.pom (3.3 kB at 12 kB/s)
[INFO] Downloading from papermc: https://repo.papermc.io/repository/maven-public/net/kyori/examination-api/1.3.0/examination-api-1.3.0.pom
[INFO] Downloaded from papermc: https://repo.papermc.io/repository/maven-public/net/kyori/examination-api/1.3.0/examination-api-1.3.0.pom (2.1 kB at 7.5 kB/s)
[INFO] Downloading from papermc: https://repo.papermc.io/repository/maven-public/org/jetbrains/annotations/22.0.0/annotations-22.0.0.pom
[INFO] Downloaded from papermc: https://repo.papermc.io/repository/maven-public/org/jetbrains/annotations/22.0.0/annotations-22.0.0.pom (1.3 kB at 4.8 kB/s)
[INFO] Downloading from papermc: https://repo.papermc.io/repository/maven-public/net/kyori/examination-string/1.3.0/examination-string-1.3.0.pom
[INFO] Downloaded from papermc: https://repo.papermc.io/repository/maven-public/net/kyori/examination-string/1.3.0/examination-string-1.3.0.pom (2.1 kB at 7.5 kB/s)
[INFO] Downloading from papermc: https://repo.papermc.io/repository/maven-public/org/jetbrains/annotations/23.0.0/annotations-23.0.0.pom
[INFO] Downloaded from papermc: https://repo.papermc.io/repository/maven-public/org/jetbrains/annotations/23.0.0/annotations-23.0.0.pom (1.4 kB at 4.9 kB/s)
[INFO] Downloading from papermc: https://repo.papermc.io/repository/maven-public/net/kyori/adventure-text-minimessage/4.12.0/adventure-text-minimessage-4.12.0.pom
[INFO] Downloaded from papermc: https://repo.papermc.io/repository/maven-public/net/kyori/adventure-text-minimessage/4.12.0/adventure-text-minimessage-4.12.0.pom (3.0 kB at 11 kB/s)
[INFO] Downloading from papermc: https://repo.papermc.io/repository/maven-public/net/kyori/adventure-text-serializer-gson/4.12.0/adventure-text-serializer-gson-4.12.0.pom
[INFO] Downloaded from papermc: https://repo.papermc.io/repository/maven-public/net/kyori/adventure-text-serializer-gson/4.12.0/adventure-text-serializer-gson-4.12.0.pom (3.1 kB at 11 kB/s)
[INFO] Downloading from papermc: https://repo.papermc.io/repository/maven-public/net/kyori/adventure-text-serializer-legacy/4.12.0/adventure-text-serializer-legacy-4.12.0.pom
[INFO] Downloaded from papermc: https://repo.papermc.io/repository/maven-public/net/kyori/adventure-text-serializer-legacy/4.12.0/adventure-text-serializer-legacy-4.12.0.pom (2.9 kB at 11 kB/s)
[INFO] Downloading from papermc: https://repo.papermc.io/repository/maven-public/net/kyori/adventure-text-serializer-plain/4.12.0/adventure-text-serializer-plain-4.12.0.pom
[INFO] Downloaded from papermc: https://repo.papermc.io/repository/maven-public/net/kyori/adventure-text-serializer-plain/4.12.0/adventure-text-serializer-plain-4.12.0.pom (2.9 kB at 11 kB/s)
[INFO] Downloading from papermc: https://repo.papermc.io/repository/maven-public/net/kyori/adventure-text-logger-slf4j/4.12.0/adventure-text-logger-slf4j-4.12.0.pom
[INFO] Downloaded from papermc: https://repo.papermc.io/repository/maven-public/net/kyori/adventure-text-logger-slf4j/4.12.0/adventure-text-logger-slf4j-4.12.0.pom (3.1 kB at 4.8 kB/s)
[INFO] Downloading from papermc: https://repo.papermc.io/repository/maven-public/org/checkerframework/checker-qual/3.21.0/checker-qual-3.21.0.pom
[INFO] Downloaded from papermc: https://repo.papermc.io/repository/maven-public/org/checkerframework/checker-qual/3.21.0/checker-qual-3.21.0.pom (2.1 kB at 7.6 kB/s)
[WARNING] The POM for com.github.StarWishsama:Slimefun4:jar:2023.02 is invalid, transitive dependencies (if any) will not be available, enable debug logging for more details
[INFO] Downloading from papermc: https://repo.papermc.io/repository/maven-public/com/github/schntgaispock/SlimeHUD/1.2.4/SlimeHUD-1.2.4.pom
[INFO] Downloading from spigot-repo: https://hub.spigotmc.org/nexus/content/repositories/snapshots/com/github/schntgaispock/SlimeHUD/1.2.4/SlimeHUD-1.2.4.pom
[INFO] Downloading from jitpack.io: https://jitpack.io/com/github/schntgaispock/SlimeHUD/1.2.4/SlimeHUD-1.2.4.pom
[INFO] Downloaded from jitpack.io: https://jitpack.io/com/github/schntgaispock/SlimeHUD/1.2.4/SlimeHUD-1.2.4.pom (4.0 kB at 24 kB/s)
[INFO] Downloading from papermc: https://repo.papermc.io/repository/maven-public/net/guizhanss/InfinityLib/1.3.9/InfinityLib-1.3.9.pom
[INFO] Downloading from spigot-repo: https://hub.spigotmc.org/nexus/content/repositories/snapshots/net/guizhanss/InfinityLib/1.3.9/InfinityLib-1.3.9.pom
[INFO] Downloading from jitpack.io: https://jitpack.io/net/guizhanss/InfinityLib/1.3.9/InfinityLib-1.3.9.pom
[INFO] Downloaded from jitpack.io: https://jitpack.io/net/guizhanss/InfinityLib/1.3.9/InfinityLib-1.3.9.pom (5.1 kB at 67 kB/s)
[INFO] Downloading from papermc: https://repo.papermc.io/repository/maven-public/javax/annotation/javax.annotation-api/1.3.2/javax.annotation-api-1.3.2.pom
[INFO] Downloaded from papermc: https://repo.papermc.io/repository/maven-public/javax/annotation/javax.annotation-api/1.3.2/javax.annotation-api-1.3.2.pom (14 kB at 36 kB/s)
[INFO] Downloading from papermc: https://repo.papermc.io/repository/maven-public/net/java/jvnet-parent/3/jvnet-parent-3.pom
[INFO] Downloaded from papermc: https://repo.papermc.io/repository/maven-public/net/java/jvnet-parent/3/jvnet-parent-3.pom (4.8 kB at 17 kB/s)
[INFO] Downloading from papermc: https://repo.papermc.io/repository/maven-public/org/bstats/bstats-bukkit/3.0.0/bstats-bukkit-3.0.0.pom
[INFO] Downloaded from papermc: https://repo.papermc.io/repository/maven-public/org/bstats/bstats-bukkit/3.0.0/bstats-bukkit-3.0.0.pom (0 B at 0 B/s)
[INFO] Downloading from papermc: https://repo.papermc.io/repository/maven-public/org/bstats/bstats-base/3.0.0/bstats-base-3.0.0.pom
[INFO] Downloaded from papermc: https://repo.papermc.io/repository/maven-public/org/bstats/bstats-base/3.0.0/bstats-base-3.0.0.pom (0 B at 0 B/s)
[INFO] Downloading from papermc: https://repo.papermc.io/repository/maven-public/com/fasterxml/jackson/core/jackson-databind/2.13.4.2/jackson-databind-2.13.4.2.pom
[INFO] Downloaded from papermc: https://repo.papermc.io/repository/maven-public/com/fasterxml/jackson/core/jackson-databind/2.13.4.2/jackson-databind-2.13.4.2.pom (17 kB at 59 kB/s)
[INFO] Downloading from papermc: https://repo.papermc.io/repository/maven-public/com/fasterxml/jackson/jackson-base/2.13.4/jackson-base-2.13.4.pom
[INFO] Downloaded from papermc: https://repo.papermc.io/repository/maven-public/com/fasterxml/jackson/jackson-base/2.13.4/jackson-base-2.13.4.pom (9.9 kB at 35 kB/s)
[INFO] Downloading from papermc: https://repo.papermc.io/repository/maven-public/com/fasterxml/jackson/jackson-bom/2.13.4/jackson-bom-2.13.4.pom
[INFO] Downloaded from papermc: https://repo.papermc.io/repository/maven-public/com/fasterxml/jackson/jackson-bom/2.13.4/jackson-bom-2.13.4.pom (17 kB at 62 kB/s)
[INFO] Downloading from papermc: https://repo.papermc.io/repository/maven-public/com/fasterxml/jackson/jackson-parent/2.13/jackson-parent-2.13.pom
[INFO] Downloaded from papermc: https://repo.papermc.io/repository/maven-public/com/fasterxml/jackson/jackson-parent/2.13/jackson-parent-2.13.pom (7.4 kB at 27 kB/s)
[INFO] Downloading from papermc: https://repo.papermc.io/repository/maven-public/com/fasterxml/oss-parent/43/oss-parent-43.pom
[INFO] Downloaded from papermc: https://repo.papermc.io/repository/maven-public/com/fasterxml/oss-parent/43/oss-parent-43.pom (24 kB at 86 kB/s)
[INFO] Downloading from papermc: https://repo.papermc.io/repository/maven-public/com/fasterxml/jackson/core/jackson-annotations/2.13.4/jackson-annotations-2.13.4.pom
[INFO] Downloaded from papermc: https://repo.papermc.io/repository/maven-public/com/fasterxml/jackson/core/jackson-annotations/2.13.4/jackson-annotations-2.13.4.pom (6.1 kB at 22 kB/s)
[INFO] Downloading from papermc: https://repo.papermc.io/repository/maven-public/com/fasterxml/jackson/core/jackson-core/2.13.4/jackson-core-2.13.4.pom
[INFO] Downloaded from papermc: https://repo.papermc.io/repository/maven-public/com/fasterxml/jackson/core/jackson-core/2.13.4/jackson-core-2.13.4.pom (5.5 kB at 20 kB/s)
[INFO] Downloading from papermc: https://repo.papermc.io/repository/maven-public/com/fasterxml/jackson/core/jackson-annotations/2.13.3/jackson-annotations-2.13.3.pom
[INFO] Downloaded from papermc: https://repo.papermc.io/repository/maven-public/com/fasterxml/jackson/core/jackson-annotations/2.13.3/jackson-annotations-2.13.3.pom (6.1 kB at 22 kB/s)
[INFO] Downloading from papermc: https://repo.papermc.io/repository/maven-public/net/guizhanss/GuizhanLibPlugin/1.2.0/GuizhanLibPlugin-1.2.0.pom
[INFO] Downloaded from papermc: https://repo.papermc.io/repository/maven-public/net/guizhanss/GuizhanLibPlugin/1.2.0/GuizhanLibPlugin-1.2.0.pom (10 kB at 34 kB/s)
[INFO] Downloading from papermc: https://repo.papermc.io/repository/maven-public/net/guizhanss/GuizhanLib-api/1.2.0/GuizhanLib-api-1.2.0.pom
[INFO] Downloaded from papermc: https://repo.papermc.io/repository/maven-public/net/guizhanss/GuizhanLib-api/1.2.0/GuizhanLib-api-1.2.0.pom (8.1 kB at 26 kB/s)
[INFO] Downloading from papermc: https://repo.papermc.io/repository/maven-public/net/guizhanss/GuizhanLib/1.2.0/GuizhanLib-1.2.0.pom
[INFO] Downloaded from papermc: https://repo.papermc.io/repository/maven-public/net/guizhanss/GuizhanLib/1.2.0/GuizhanLib-1.2.0.pom (9.8 kB at 31 kB/s)
[INFO] Downloading from papermc: https://repo.papermc.io/repository/maven-public/io/papermc/paper/paper-api/1.19.3-R0.1-SNAPSHOT/paper-api-1.19.3-R0.1-20230312.180621-141.jar
[INFO] Downloading from papermc: https://repo.papermc.io/repository/maven-public/com/google/guava/guava/31.1-jre/guava-31.1-jre.jar
[INFO] Downloading from papermc: https://repo.papermc.io/repository/maven-public/com/google/guava/failureaccess/1.0.1/failureaccess-1.0.1.jar
[INFO] Downloading from papermc: https://repo.papermc.io/repository/maven-public/com/google/guava/listenablefuture/9999.0-empty-to-avoid-conflict-with-guava/listenablefuture-9999.0-empty-to-avoid-conflict-with-guava.jar
[INFO] Downloading from papermc: https://repo.papermc.io/repository/maven-public/com/google/errorprone/error_prone_annotations/2.11.0/error_prone_annotations-2.11.0.jar
[INFO] Downloaded from papermc: https://repo.papermc.io/repository/maven-public/com/google/guava/failureaccess/1.0.1/failureaccess-1.0.1.jar (0 B at 0 B/s)
[INFO] Downloading from papermc: https://repo.papermc.io/repository/maven-public/com/google/j2objc/j2objc-annotations/1.3/j2objc-annotations-1.3.jar
[INFO] Downloaded from papermc: https://repo.papermc.io/repository/maven-public/com/google/guava/listenablefuture/9999.0-empty-to-avoid-conflict-with-guava/listenablefuture-9999.0-empty-to-avoid-conflict-with-guava.jar (0 B at 0 B/s)
[INFO] Downloading from papermc: https://repo.papermc.io/repository/maven-public/com/google/code/gson/gson/2.10/gson-2.10.jar
[INFO] Downloaded from papermc: https://repo.papermc.io/repository/maven-public/com/google/j2objc/j2objc-annotations/1.3/j2objc-annotations-1.3.jar (0 B at 0 B/s)
[INFO] Downloading from papermc: https://repo.papermc.io/repository/maven-public/net/md-5/bungeecord-chat/1.16-R0.4-deprecated+build.6/bungeecord-chat-1.16-R0.4-deprecated+build.6.jar
[INFO] Downloaded from papermc: https://repo.papermc.io/repository/maven-public/io/papermc/paper/paper-api/1.19.3-R0.1-SNAPSHOT/paper-api-1.19.3-R0.1-20230312.180621-141.jar (1.9 MB at 7.9 MB/s)
[INFO] Downloading from papermc: https://repo.papermc.io/repository/maven-public/org/yaml/snakeyaml/1.33/snakeyaml-1.33.jar
[INFO] Downloaded from papermc: https://repo.papermc.io/repository/maven-public/net/md-5/bungeecord-chat/1.16-R0.4-deprecated+build.6/bungeecord-chat-1.16-R0.4-deprecated+build.6.jar (151 kB at 311 kB/s)
[INFO] Downloading from papermc: https://repo.papermc.io/repository/maven-public/com/googlecode/json-simple/json-simple/1.1.1/json-simple-1.1.1.jar
[INFO] Downloaded from papermc: https://repo.papermc.io/repository/maven-public/org/yaml/snakeyaml/1.33/snakeyaml-1.33.jar (332 kB at 654 kB/s)
[INFO] Downloading from papermc: https://repo.papermc.io/repository/maven-public/it/unimi/dsi/fastutil/8.5.6/fastutil-8.5.6.jar
[INFO] Downloaded from papermc: https://repo.papermc.io/repository/maven-public/com/google/errorprone/error_prone_annotations/2.11.0/error_prone_annotations-2.11.0.jar (16 kB at 23 kB/s)
[INFO] Downloading from papermc: https://repo.papermc.io/repository/maven-public/org/apache/logging/log4j/log4j-api/2.17.1/log4j-api-2.17.1.jar
[INFO] Downloaded from papermc: https://repo.papermc.io/repository/maven-public/com/google/guava/guava/31.1-jre/guava-31.1-jre.jar (3.0 MB at 3.9 MB/s)
[INFO] Downloading from papermc: https://repo.papermc.io/repository/maven-public/org/slf4j/slf4j-api/1.8.0-beta4/slf4j-api-1.8.0-beta4.jar
[INFO] Downloaded from papermc: https://repo.papermc.io/repository/maven-public/com/googlecode/json-simple/json-simple/1.1.1/json-simple-1.1.1.jar (24 kB at 31 kB/s)
[INFO] Downloading from papermc: https://repo.papermc.io/repository/maven-public/org/apache/maven/maven-resolver-provider/3.8.5/maven-resolver-provider-3.8.5.jar
[INFO] Downloaded from papermc: https://repo.papermc.io/repository/maven-public/com/google/code/gson/gson/2.10/gson-2.10.jar (286 kB at 365 kB/s)
[INFO] Downloading from papermc: https://repo.papermc.io/repository/maven-public/org/apache/maven/maven-model/3.8.5/maven-model-3.8.5.jar
[INFO] Downloaded from papermc: https://repo.papermc.io/repository/maven-public/org/apache/logging/log4j/log4j-api/2.17.1/log4j-api-2.17.1.jar (302 kB at 303 kB/s)
[INFO] Downloading from papermc: https://repo.papermc.io/repository/maven-public/org/apache/maven/maven-model-builder/3.8.5/maven-model-builder-3.8.5.jar
[INFO] Downloaded from papermc: https://repo.papermc.io/repository/maven-public/org/slf4j/slf4j-api/1.8.0-beta4/slf4j-api-1.8.0-beta4.jar (44 kB at 44 kB/s)
[INFO] Downloading from papermc: https://repo.papermc.io/repository/maven-public/org/codehaus/plexus/plexus-interpolation/1.26/plexus-interpolation-1.26.jar
[INFO] Downloaded from papermc: https://repo.papermc.io/repository/maven-public/org/apache/maven/maven-resolver-provider/3.8.5/maven-resolver-provider-3.8.5.jar (67 kB at 65 kB/s)
[INFO] Downloading from papermc: https://repo.papermc.io/repository/maven-public/org/apache/maven/maven-artifact/3.8.5/maven-artifact-3.8.5.jar
[INFO] Downloaded from papermc: https://repo.papermc.io/repository/maven-public/org/apache/maven/maven-model/3.8.5/maven-model-3.8.5.jar (215 kB at 205 kB/s)
[INFO] Downloading from papermc: https://repo.papermc.io/repository/maven-public/org/apache/maven/maven-builder-support/3.8.5/maven-builder-support-3.8.5.jar
[INFO] Downloaded from papermc: https://repo.papermc.io/repository/maven-public/org/apache/maven/maven-model-builder/3.8.5/maven-model-builder-3.8.5.jar (196 kB at 155 kB/s)
[INFO] Downloading from papermc: https://repo.papermc.io/repository/maven-public/org/eclipse/sisu/org.eclipse.sisu.inject/0.3.5/org.eclipse.sisu.inject-0.3.5.jar
[INFO] Downloaded from papermc: https://repo.papermc.io/repository/maven-public/org/codehaus/plexus/plexus-interpolation/1.26/plexus-interpolation-1.26.jar (85 kB at 66 kB/s)
[INFO] Downloading from papermc: https://repo.papermc.io/repository/maven-public/org/apache/maven/maven-repository-metadata/3.8.5/maven-repository-metadata-3.8.5.jar
[INFO] Downloaded from papermc: https://repo.papermc.io/repository/maven-public/org/apache/maven/maven-artifact/3.8.5/maven-artifact-3.8.5.jar (58 kB at 45 kB/s)
[INFO] Downloading from papermc: https://repo.papermc.io/repository/maven-public/org/apache/maven/resolver/maven-resolver-api/1.6.3/maven-resolver-api-1.6.3.jar
[INFO] Downloaded from papermc: https://repo.papermc.io/repository/maven-public/org/apache/maven/maven-builder-support/3.8.5/maven-builder-support-3.8.5.jar (14 kB at 11 kB/s)
[INFO] Downloading from papermc: https://repo.papermc.io/repository/maven-public/org/apache/maven/resolver/maven-resolver-spi/1.6.3/maven-resolver-spi-1.6.3.jar
[INFO] Downloaded from papermc: https://repo.papermc.io/repository/maven-public/org/apache/maven/resolver/maven-resolver-api/1.6.3/maven-resolver-api-1.6.3.jar (149 kB at 101 kB/s)
[INFO] Downloading from papermc: https://repo.papermc.io/repository/maven-public/org/apache/maven/resolver/maven-resolver-util/1.6.3/maven-resolver-util-1.6.3.jar
[INFO] Downloaded from papermc: https://repo.papermc.io/repository/maven-public/it/unimi/dsi/fastutil/8.5.6/fastutil-8.5.6.jar (24 MB at 16 MB/s)
[INFO] Downloading from papermc: https://repo.papermc.io/repository/maven-public/org/apache/maven/resolver/maven-resolver-impl/1.6.3/maven-resolver-impl-1.6.3.jar
[INFO] Downloaded from papermc: https://repo.papermc.io/repository/maven-public/org/eclipse/sisu/org.eclipse.sisu.inject/0.3.5/org.eclipse.sisu.inject-0.3.5.jar (379 kB at 248 kB/s)
[INFO] Downloading from papermc: https://repo.papermc.io/repository/maven-public/org/apache/commons/commons-lang3/3.8.1/commons-lang3-3.8.1.jar
[INFO] Downloaded from papermc: https://repo.papermc.io/repository/maven-public/org/apache/maven/maven-repository-metadata/3.8.5/maven-repository-metadata-3.8.5.jar (28 kB at 18 kB/s)
[INFO] Downloading from papermc: https://repo.papermc.io/repository/maven-public/javax/inject/javax.inject/1/javax.inject-1.jar
[INFO] Downloaded from papermc: https://repo.papermc.io/repository/maven-public/org/apache/maven/resolver/maven-resolver-spi/1.6.3/maven-resolver-spi-1.6.3.jar (38 kB at 25 kB/s)
[INFO] Downloading from papermc: https://repo.papermc.io/repository/maven-public/net/kyori/adventure-api/4.12.0/adventure-api-4.12.0.jar
[INFO] Downloaded from papermc: https://repo.papermc.io/repository/maven-public/org/apache/maven/resolver/maven-resolver-impl/1.6.3/maven-resolver-impl-1.6.3.jar (180 kB at 103 kB/s)
[INFO] Downloading from papermc: https://repo.papermc.io/repository/maven-public/net/kyori/adventure-key/4.12.0/adventure-key-4.12.0.jar
[INFO] Downloaded from papermc: https://repo.papermc.io/repository/maven-public/org/apache/maven/resolver/maven-resolver-util/1.6.3/maven-resolver-util-1.6.3.jar (169 kB at 97 kB/s)
[INFO] Downloading from papermc: https://repo.papermc.io/repository/maven-public/net/kyori/examination-api/1.3.0/examination-api-1.3.0.jar
[INFO] Downloaded from papermc: https://repo.papermc.io/repository/maven-public/javax/inject/javax.inject/1/javax.inject-1.jar (2.5 kB at 1.4 kB/s)
[INFO] Downloading from papermc: https://repo.papermc.io/repository/maven-public/net/kyori/examination-string/1.3.0/examination-string-1.3.0.jar
[INFO] Downloaded from papermc: https://repo.papermc.io/repository/maven-public/net/kyori/adventure-api/4.12.0/adventure-api-4.12.0.jar (331 kB at 182 kB/s)
[INFO] Downloading from papermc: https://repo.papermc.io/repository/maven-public/org/jetbrains/annotations/23.0.0/annotations-23.0.0.jar
[INFO] Downloaded from papermc: https://repo.papermc.io/repository/maven-public/org/apache/commons/commons-lang3/3.8.1/commons-lang3-3.8.1.jar (502 kB at 273 kB/s)
[INFO] Downloading from papermc: https://repo.papermc.io/repository/maven-public/net/kyori/adventure-text-minimessage/4.12.0/adventure-text-minimessage-4.12.0.jar
[INFO] Downloaded from papermc: https://repo.papermc.io/repository/maven-public/net/kyori/examination-string/1.3.0/examination-string-1.3.0.jar (13 kB at 6.7 kB/s)
[INFO] Downloading from papermc: https://repo.papermc.io/repository/maven-public/net/kyori/adventure-text-serializer-gson/4.12.0/adventure-text-serializer-gson-4.12.0.jar
[INFO] Downloaded from papermc: https://repo.papermc.io/repository/maven-public/net/kyori/adventure-key/4.12.0/adventure-key-4.12.0.jar (8.7 kB at 4.4 kB/s)
[INFO] Downloading from papermc: https://repo.papermc.io/repository/maven-public/net/kyori/adventure-text-serializer-legacy/4.12.0/adventure-text-serializer-legacy-4.12.0.jar
[INFO] Downloaded from papermc: https://repo.papermc.io/repository/maven-public/net/kyori/examination-api/1.3.0/examination-api-1.3.0.jar (23 kB at 12 kB/s)
[INFO] Downloading from papermc: https://repo.papermc.io/repository/maven-public/net/kyori/adventure-text-serializer-plain/4.12.0/adventure-text-serializer-plain-4.12.0.jar
[INFO] Downloaded from papermc: https://repo.papermc.io/repository/maven-public/org/jetbrains/annotations/23.0.0/annotations-23.0.0.jar (29 kB at 14 kB/s)
[INFO] Downloading from papermc: https://repo.papermc.io/repository/maven-public/net/kyori/adventure-text-logger-slf4j/4.12.0/adventure-text-logger-slf4j-4.12.0.jar
[INFO] Downloaded from papermc: https://repo.papermc.io/repository/maven-public/net/kyori/adventure-text-minimessage/4.12.0/adventure-text-minimessage-4.12.0.jar (151 kB at 71 kB/s)
[INFO] Downloading from papermc: https://repo.papermc.io/repository/maven-public/org/checkerframework/checker-qual/3.21.0/checker-qual-3.21.0.jar
[INFO] Downloaded from papermc: https://repo.papermc.io/repository/maven-public/net/kyori/adventure-text-serializer-gson/4.12.0/adventure-text-serializer-gson-4.12.0.jar (39 kB at 18 kB/s)
[INFO] Downloading from papermc: https://repo.papermc.io/repository/maven-public/com/github/schntgaispock/SlimeHUD/1.2.4/SlimeHUD-1.2.4.jar
[INFO] Downloaded from papermc: https://repo.papermc.io/repository/maven-public/net/kyori/adventure-text-serializer-legacy/4.12.0/adventure-text-serializer-legacy-4.12.0.jar (24 kB at 11 kB/s)
[INFO] Downloading from papermc: https://repo.papermc.io/repository/maven-public/net/guizhanss/InfinityLib/1.3.9/InfinityLib-1.3.9.jar
[INFO] Downloaded from papermc: https://repo.papermc.io/repository/maven-public/org/checkerframework/checker-qual/3.21.0/checker-qual-3.21.0.jar (222 kB at 98 kB/s)
[INFO] Downloading from papermc: https://repo.papermc.io/repository/maven-public/javax/annotation/javax.annotation-api/1.3.2/javax.annotation-api-1.3.2.jar
[INFO] Downloaded from papermc: https://repo.papermc.io/repository/maven-public/net/kyori/adventure-text-logger-slf4j/4.12.0/adventure-text-logger-slf4j-4.12.0.jar (20 kB at 8.4 kB/s)
[INFO] Downloading from papermc: https://repo.papermc.io/repository/maven-public/org/bstats/bstats-bukkit/3.0.0/bstats-bukkit-3.0.0.jar
[INFO] Downloaded from papermc: https://repo.papermc.io/repository/maven-public/org/bstats/bstats-bukkit/3.0.0/bstats-bukkit-3.0.0.jar (0 B at 0 B/s)
[INFO] Downloading from papermc: https://repo.papermc.io/repository/maven-public/org/bstats/bstats-base/3.0.0/bstats-base-3.0.0.jar
[INFO] Downloaded from papermc: https://repo.papermc.io/repository/maven-public/net/kyori/adventure-text-serializer-plain/4.12.0/adventure-text-serializer-plain-4.12.0.jar (13 kB at 5.1 kB/s)
[INFO] Downloading from papermc: https://repo.papermc.io/repository/maven-public/com/fasterxml/jackson/core/jackson-databind/2.13.4.2/jackson-databind-2.13.4.2.jar
[INFO] Downloaded from papermc: https://repo.papermc.io/repository/maven-public/javax/annotation/javax.annotation-api/1.3.2/javax.annotation-api-1.3.2.jar (27 kB at 10 kB/s)
[INFO] Downloading from papermc: https://repo.papermc.io/repository/maven-public/com/fasterxml/jackson/core/jackson-core/2.13.4/jackson-core-2.13.4.jar
[INFO] Downloaded from papermc: https://repo.papermc.io/repository/maven-public/org/bstats/bstats-base/3.0.0/bstats-base-3.0.0.jar (0 B at 0 B/s)
[INFO] Downloading from papermc: https://repo.papermc.io/repository/maven-public/com/fasterxml/jackson/core/jackson-annotations/2.13.3/jackson-annotations-2.13.3.jar
[INFO] Downloaded from papermc: https://repo.papermc.io/repository/maven-public/com/fasterxml/jackson/core/jackson-core/2.13.4/jackson-core-2.13.4.jar (375 kB at 131 kB/s)
[INFO] Downloading from papermc: https://repo.papermc.io/repository/maven-public/net/guizhanss/GuizhanLibPlugin/1.2.0/GuizhanLibPlugin-1.2.0.jar
[INFO] Downloaded from papermc: https://repo.papermc.io/repository/maven-public/com/fasterxml/jackson/core/jackson-annotations/2.13.3/jackson-annotations-2.13.3.jar (76 kB at 26 kB/s)
[INFO] Downloading from papermc: https://repo.papermc.io/repository/maven-public/net/guizhanss/GuizhanLib-api/1.2.0/GuizhanLib-api-1.2.0.jar
[INFO] Downloaded from papermc: https://repo.papermc.io/repository/maven-public/com/fasterxml/jackson/core/jackson-databind/2.13.4.2/jackson-databind-2.13.4.2.jar (1.5 MB at 528 kB/s)
[INFO] Downloaded from papermc: https://repo.papermc.io/repository/maven-public/net/guizhanss/GuizhanLibPlugin/1.2.0/GuizhanLibPlugin-1.2.0.jar (465 kB at 140 kB/s)
[INFO] Downloaded from papermc: https://repo.papermc.io/repository/maven-public/net/guizhanss/GuizhanLib-api/1.2.0/GuizhanLib-api-1.2.0.jar (128 kB at 37 kB/s)
[INFO] Downloading from spigot-repo: https://hub.spigotmc.org/nexus/content/repositories/snapshots/com/github/schntgaispock/SlimeHUD/1.2.4/SlimeHUD-1.2.4.jar
[INFO] Downloading from spigot-repo: https://hub.spigotmc.org/nexus/content/repositories/snapshots/net/guizhanss/InfinityLib/1.3.9/InfinityLib-1.3.9.jar
[INFO] Downloading from jitpack.io: https://jitpack.io/com/github/schntgaispock/SlimeHUD/1.2.4/SlimeHUD-1.2.4.jar
[INFO] Downloading from jitpack.io: https://jitpack.io/net/guizhanss/InfinityLib/1.3.9/InfinityLib-1.3.9.jar
[INFO] Downloaded from jitpack.io: https://jitpack.io/com/github/schntgaispock/SlimeHUD/1.2.4/SlimeHUD-1.2.4.jar (1.9 MB at 11 MB/s)
[INFO] Downloaded from jitpack.io: https://jitpack.io/net/guizhanss/InfinityLib/1.3.9/InfinityLib-1.3.9.jar (91 kB at 261 kB/s)
[INFO] 
[INFO] --- maven-clean-plugin:2.5:clean (default-clean) @ Gastronomicon ---
[INFO] 
[INFO] --- maven-resources-plugin:2.6:resources (default-resources) @ Gastronomicon ---
[INFO] Using 'UTF-8' encoding to copy filtered resources.
[INFO] Copying 7 resources
[INFO] 
[INFO] --- maven-compiler-plugin:3.1:compile (default-compile) @ Gastronomicon ---
[INFO] Changes detected - recompiling the module!
[INFO] Compiling 70 source files to /home/runner/work/guizhan-builds/guizhan-builds/static/f/SlimefunGuguProject/Gastronomicon/master/workspace/target/classes
[WARNING] /home/runner/work/guizhan-builds/guizhan-builds/static/f/SlimefunGuguProject/Gastronomicon/master/workspace/src/main/java/io/github/schntgaispock/gastronomicon/core/slimefun/items/workstations/automatic/ElectricKitchen.java: Some input files use or override a deprecated API.
[WARNING] /home/runner/work/guizhan-builds/guizhan-builds/static/f/SlimefunGuguProject/Gastronomicon/master/workspace/src/main/java/io/github/schntgaispock/gastronomicon/core/slimefun/items/workstations/automatic/ElectricKitchen.java: Recompile with -Xlint:deprecation for details.
[INFO] 
[INFO] --- maven-resources-plugin:2.6:testResources (default-testResources) @ Gastronomicon ---
[INFO] Using 'UTF-8' encoding to copy filtered resources.
[INFO] skip non existing resourceDirectory /home/runner/work/guizhan-builds/guizhan-builds/static/f/SlimefunGuguProject/Gastronomicon/master/workspace/src/test/resources
[INFO] 
[INFO] --- maven-compiler-plugin:3.1:testCompile (default-testCompile) @ Gastronomicon ---
[INFO] Changes detected - recompiling the module!
[INFO] Compiling 3 source files to /home/runner/work/guizhan-builds/guizhan-builds/static/f/SlimefunGuguProject/Gastronomicon/master/workspace/target/test-classes
[INFO] 
[INFO] --- maven-surefire-plugin:2.12.4:test (default-test) @ Gastronomicon ---
[INFO] 
[INFO] --- maven-jar-plugin:2.4:jar (default-jar) @ Gastronomicon ---
[INFO] Building jar: /home/runner/work/guizhan-builds/guizhan-builds/static/f/SlimefunGuguProject/Gastronomicon/master/workspace/target/Gastronomicon-Build 2 zh-CN(SlimefunGuguProject) (git b0615c0).jar
[INFO] 
[INFO] --- maven-shade-plugin:3.3.0:shade (default) @ Gastronomicon ---
[INFO] Downloading from central: https://repo.maven.apache.org/maven2/org/codehaus/plexus/plexus-component-annotations/2.0.0/plexus-component-annotations-2.0.0.pom
[INFO] Downloaded from central: https://repo.maven.apache.org/maven2/org/codehaus/plexus/plexus-component-annotations/2.0.0/plexus-component-annotations-2.0.0.pom (750 B at 47 kB/s)
[INFO] Downloading from central: https://repo.maven.apache.org/maven2/org/codehaus/plexus/plexus-containers/2.0.0/plexus-containers-2.0.0.pom
[INFO] Downloaded from central: https://repo.maven.apache.org/maven2/org/codehaus/plexus/plexus-containers/2.0.0/plexus-containers-2.0.0.pom (4.8 kB at 370 kB/s)
[INFO] Downloading from central: https://repo.maven.apache.org/maven2/org/ow2/asm/asm/9.2/asm-9.2.pom
[INFO] Downloaded from central: https://repo.maven.apache.org/maven2/org/ow2/asm/asm/9.2/asm-9.2.pom (2.4 kB at 132 kB/s)
[INFO] Downloading from central: https://repo.maven.apache.org/maven2/org/ow2/asm/asm-commons/9.2/asm-commons-9.2.pom
[INFO] Downloaded from central: https://repo.maven.apache.org/maven2/org/ow2/asm/asm-commons/9.2/asm-commons-9.2.pom (3.0 kB at 174 kB/s)
[INFO] Downloading from central: https://repo.maven.apache.org/maven2/org/ow2/asm/asm-tree/9.2/asm-tree-9.2.pom
[INFO] Downloaded from central: https://repo.maven.apache.org/maven2/org/ow2/asm/asm-tree/9.2/asm-tree-9.2.pom (2.6 kB at 185 kB/s)
[INFO] Downloading from central: https://repo.maven.apache.org/maven2/org/ow2/asm/asm-analysis/9.2/asm-analysis-9.2.pom
[INFO] Downloaded from central: https://repo.maven.apache.org/maven2/org/ow2/asm/asm-analysis/9.2/asm-analysis-9.2.pom (2.6 kB at 94 kB/s)
[INFO] Downloading from central: https://repo.maven.apache.org/maven2/org/vafer/jdependency/2.7.0/jdependency-2.7.0.pom
[INFO] Downloaded from central: https://repo.maven.apache.org/maven2/org/vafer/jdependency/2.7.0/jdependency-2.7.0.pom (14 kB at 772 kB/s)
[INFO] Downloading from central: https://repo.maven.apache.org/maven2/org/codehaus/plexus/plexus-component-annotations/2.0.0/plexus-component-annotations-2.0.0.jar
[INFO] Downloading from central: https://repo.maven.apache.org/maven2/org/ow2/asm/asm/9.2/asm-9.2.jar
[INFO] Downloading from central: https://repo.maven.apache.org/maven2/org/ow2/asm/asm-commons/9.2/asm-commons-9.2.jar
[INFO] Downloading from central: https://repo.maven.apache.org/maven2/org/ow2/asm/asm-tree/9.2/asm-tree-9.2.jar
[INFO] Downloading from central: https://repo.maven.apache.org/maven2/org/ow2/asm/asm-analysis/9.2/asm-analysis-9.2.jar
[INFO] Downloaded from central: https://repo.maven.apache.org/maven2/org/codehaus/plexus/plexus-component-annotations/2.0.0/plexus-component-annotations-2.0.0.jar (4.2 kB at 325 kB/s)
[INFO] Downloading from central: https://repo.maven.apache.org/maven2/org/vafer/jdependency/2.7.0/jdependency-2.7.0.jar
[INFO] Downloaded from central: https://repo.maven.apache.org/maven2/org/vafer/jdependency/2.7.0/jdependency-2.7.0.jar (233 kB at 7.5 MB/s)
[INFO] Downloading from central: https://repo.maven.apache.org/maven2/org/apache/commons/commons-lang3/3.8.1/commons-lang3-3.8.1.jar
[INFO] Downloaded from central: https://repo.maven.apache.org/maven2/org/ow2/asm/asm-tree/9.2/asm-tree-9.2.jar (53 kB at 1.3 MB/s)
[INFO] Downloaded from central: https://repo.maven.apache.org/maven2/org/ow2/asm/asm-analysis/9.2/asm-analysis-9.2.jar (34 kB at 836 kB/s)
[INFO] Downloaded from central: https://repo.maven.apache.org/maven2/org/apache/commons/commons-lang3/3.8.1/commons-lang3-3.8.1.jar (0 B at 0 B/s)
[INFO] Downloaded from central: https://repo.maven.apache.org/maven2/org/ow2/asm/asm/9.2/asm-9.2.jar (122 kB at 2.6 MB/s)
[INFO] Downloaded from central: https://repo.maven.apache.org/maven2/org/ow2/asm/asm-commons/9.2/asm-commons-9.2.jar (73 kB at 1.3 MB/s)
[INFO] Including net.guizhanss:InfinityLib:jar:1.3.9 in the shaded jar.
[INFO] Including org.projectlombok:lombok:jar:1.18.24 in the shaded jar.
[INFO] Including javax.annotation:javax.annotation-api:jar:1.3.2 in the shaded jar.
[INFO] Including com.google.code.findbugs:jsr305:jar:3.0.2 in the shaded jar.
[INFO] Including org.bstats:bstats-bukkit:jar:3.0.0 in the shaded jar.
[INFO] Including org.bstats:bstats-base:jar:3.0.0 in the shaded jar.
[INFO] Including com.fasterxml.jackson.core:jackson-databind:jar:2.13.4.2 in the shaded jar.
[INFO] Including com.fasterxml.jackson.core:jackson-core:jar:2.13.4 in the shaded jar.
[INFO] Including com.fasterxml.jackson.core:jackson-annotations:jar:2.13.3 in the shaded jar.
[INFO] Minimizing jar io.github.schntgaispock.gastronomicon:Gastronomicon:jar:Build 2 zh-CN(SlimefunGuguProject) (git b0615c0)
[WARNING] /home/runner/work/guizhan-builds/guizhan-builds/static/f/SlimefunGuguProject/Gastronomicon/master/workspace/target/classes (Is a directory)
[INFO] Dependency-reduced POM written at: /home/runner/work/guizhan-builds/guizhan-builds/static/f/SlimefunGuguProject/Gastronomicon/master/workspace/dependency-reduced-pom.xml
[WARNING] Discovered module-info.class. Shading will break its strong encapsulation.
[WARNING] Discovered module-info.class. Shading will break its strong encapsulation.
[WARNING] jackson-core-2.13.4.jar, jackson-databind-2.13.4.2.jar define 1 overlapping classes: 
[WARNING]   - META-INF.versions.9.module-info
[WARNING] maven-shade-plugin has detected that some class files are
[WARNING] present in two or more JARs. When this happens, only one
[WARNING] single version of the class is copied to the uber jar.
[WARNING] Usually this is not harmful and you can skip these warnings,
[WARNING] otherwise try to manually exclude artifacts based on
[WARNING] mvn dependency:tree -Ddetail=true and the above output.
[WARNING] See https://maven.apache.org/plugins/maven-shade-plugin/
[INFO] Minimized 2132 -> 1830 (85%)
[INFO] Replacing original artifact with shaded artifact.
[INFO] Replacing /home/runner/work/guizhan-builds/guizhan-builds/static/f/SlimefunGuguProject/Gastronomicon/master/workspace/target/Gastronomicon-Build 2 zh-CN(SlimefunGuguProject) (git b0615c0).jar with /home/runner/work/guizhan-builds/guizhan-builds/static/f/SlimefunGuguProject/Gastronomicon/master/workspace/target/Gastronomicon-Build 2 zh-CN(SlimefunGuguProject) (git b0615c0)-shaded.jar
[INFO] ------------------------------------------------------------------------
[INFO] BUILD SUCCESS
[INFO] ------------------------------------------------------------------------
[INFO] Total time:  36.686 s
[INFO] Finished at: 2023-04-30T06:19:48Z
[INFO] ------------------------------------------------------------------------
