[INFO] Scanning for projects...
[WARNING] 
[WARNING] Some problems were encountered while building the effective model for com.xzavier0722.mc.plugin:SlimeGlue:jar:Build 20 (git 0543427)
[WARNING] 'dependencies.dependency.systemPath' for com.bekvon.bukkit:residence:jar should not point at files within the project directory, ${project.basedir}/lib/Residence.jar will be unresolvable by dependent projects @ line 1, column 3327
[WARNING] 
[WARNING] It is highly recommended to fix these problems because they threaten the stability of your build.
[WARNING] 
[WARNING] For this reason, future Maven versions might no longer support building such malformed projects.
[WARNING] 
[INFO] 
[INFO] ----------------< com.xzavier0722.mc.plugin:SlimeGlue >-----------------
[INFO] Building SlimeGlue Build 20 (git 0543427)
[INFO] --------------------------------[ jar ]---------------------------------
[INFO] Downloading from central: https://repo.maven.apache.org/maven2/io/github/git-commit-id/git-commit-id-maven-plugin/5.0.0/git-commit-id-maven-plugin-5.0.0.pom
[INFO] Downloaded from central: https://repo.maven.apache.org/maven2/io/github/git-commit-id/git-commit-id-maven-plugin/5.0.0/git-commit-id-maven-plugin-5.0.0.pom (23 kB at 71 kB/s)
[INFO] Downloading from central: https://repo.maven.apache.org/maven2/org/sonatype/oss/oss-parent/9/oss-parent-9.pom
[INFO] Downloaded from central: https://repo.maven.apache.org/maven2/org/sonatype/oss/oss-parent/9/oss-parent-9.pom (0 B at 0 B/s)
[INFO] Downloading from central: https://repo.maven.apache.org/maven2/io/github/git-commit-id/git-commit-id-maven-plugin/5.0.0/git-commit-id-maven-plugin-5.0.0.jar
[INFO] Downloaded from central: https://repo.maven.apache.org/maven2/io/github/git-commit-id/git-commit-id-maven-plugin/5.0.0/git-commit-id-maven-plugin-5.0.0.jar (41 kB at 749 kB/s)
[INFO] Downloading from spigotmc-repo: https://hub.spigotmc.org/nexus/content/repositories/snapshots/org/spigotmc/spigot-api/1.19-R0.1-SNAPSHOT/maven-metadata.xml
[INFO] Downloading from elmakers-repo: https://maven.elmakers.com/repository/org/spigotmc/spigot-api/1.19-R0.1-SNAPSHOT/maven-metadata.xml
[INFO] Downloading from lss233-mirror: https://lss233.littleservice.cn/repositories/minecraft/org/spigotmc/spigot-api/1.19-R0.1-SNAPSHOT/maven-metadata.xml
[INFO] Downloaded from spigotmc-repo: https://hub.spigotmc.org/nexus/content/repositories/snapshots/org/spigotmc/spigot-api/1.19-R0.1-SNAPSHOT/maven-metadata.xml (1.4 kB at 5.9 kB/s)
[WARNING] Checksum validation failed, expected cf632b5cb7ce0ff3b2c1996d5613e32c9906e8a0 but is d04e7df12497baaa35022f8aca3887d706cf23b9 from lss233-mirror for https://lss233.littleservice.cn/repositories/minecraft/org/spigotmc/spigot-api/1.19-R0.1-SNAPSHOT/maven-metadata.xml
[WARNING] Could not validate integrity of download from https://lss233.littleservice.cn/repositories/minecraft/org/spigotmc/spigot-api/1.19-R0.1-SNAPSHOT/maven-metadata.xml
org.eclipse.aether.transfer.ChecksumFailureException: Checksum validation failed, expected cf632b5cb7ce0ff3b2c1996d5613e32c9906e8a0 but is d04e7df12497baaa35022f8aca3887d706cf23b9
    at org.eclipse.aether.connector.basic.ChecksumValidator.validateExternalChecksums (ChecksumValidator.java:174)
    at org.eclipse.aether.connector.basic.ChecksumValidator.validate (ChecksumValidator.java:103)
    at org.eclipse.aether.connector.basic.BasicRepositoryConnector$GetTaskRunner.runTask (BasicRepositoryConnector.java:460)
    at org.eclipse.aether.connector.basic.BasicRepositoryConnector$TaskRunner.run (BasicRepositoryConnector.java:364)
    at org.eclipse.aether.util.concurrency.RunnableErrorForwarder$1.run (RunnableErrorForwarder.java:75)
    at org.eclipse.aether.connector.basic.BasicRepositoryConnector$DirectExecutor.execute (BasicRepositoryConnector.java:628)
    at org.eclipse.aether.connector.basic.BasicRepositoryConnector.get (BasicRepositoryConnector.java:235)
    at org.eclipse.aether.internal.impl.DefaultMetadataResolver$ResolveTask.run (DefaultMetadataResolver.java:586)
    at org.eclipse.aether.util.concurrency.RunnableErrorForwarder$1.run (RunnableErrorForwarder.java:75)
    at java.util.concurrent.ThreadPoolExecutor.runWorker (ThreadPoolExecutor.java:1136)
    at java.util.concurrent.ThreadPoolExecutor$Worker.run (ThreadPoolExecutor.java:635)
    at java.lang.Thread.run (Thread.java:833)
[WARNING] Checksum validation failed, expected cf632b5cb7ce0ff3b2c1996d5613e32c9906e8a0 but is d04e7df12497baaa35022f8aca3887d706cf23b9 from lss233-mirror for https://lss233.littleservice.cn/repositories/minecraft/org/spigotmc/spigot-api/1.19-R0.1-SNAPSHOT/maven-metadata.xml
[INFO] Downloaded from lss233-mirror: https://lss233.littleservice.cn/repositories/minecraft/org/spigotmc/spigot-api/1.19-R0.1-SNAPSHOT/maven-metadata.xml (1.4 kB at 1.4 kB/s)
[INFO] Downloading from spigotmc-repo: https://hub.spigotmc.org/nexus/content/repositories/snapshots/org/spigotmc/spigot-api/1.19-R0.1-SNAPSHOT/spigot-api-1.19-R0.1-20220725.090125-47.pom
[INFO] Downloaded from spigotmc-repo: https://hub.spigotmc.org/nexus/content/repositories/snapshots/org/spigotmc/spigot-api/1.19-R0.1-SNAPSHOT/spigot-api-1.19-R0.1-20220725.090125-47.pom (0 B at 0 B/s)
[INFO] Downloading from jitpack.io: https://jitpack.io/com/google/guava/guava/31.0.1-jre/guava-31.0.1-jre.pom
[INFO] Downloading from elmakers-repo: https://maven.elmakers.com/repository/com/google/guava/guava/31.0.1-jre/guava-31.0.1-jre.pom
[INFO] Downloading from codemc-repo: https://repo.codemc.io/repository/maven-public/com/google/guava/guava/31.0.1-jre/guava-31.0.1-jre.pom
[INFO] Downloading from lss233-mirror: https://lss233.littleservice.cn/repositories/minecraft/com/google/guava/guava/31.0.1-jre/guava-31.0.1-jre.pom
[INFO] Downloaded from lss233-mirror: https://lss233.littleservice.cn/repositories/minecraft/com/google/guava/guava/31.0.1-jre/guava-31.0.1-jre.pom (0 B at 0 B/s)
[INFO] Downloading from jitpack.io: https://jitpack.io/com/google/guava/guava-parent/31.0.1-jre/guava-parent-31.0.1-jre.pom
[INFO] Downloading from elmakers-repo: https://maven.elmakers.com/repository/com/google/guava/guava-parent/31.0.1-jre/guava-parent-31.0.1-jre.pom
[INFO] Downloading from codemc-repo: https://repo.codemc.io/repository/maven-public/com/google/guava/guava-parent/31.0.1-jre/guava-parent-31.0.1-jre.pom
[INFO] Downloading from lss233-mirror: https://lss233.littleservice.cn/repositories/minecraft/com/google/guava/guava-parent/31.0.1-jre/guava-parent-31.0.1-jre.pom
[INFO] Downloaded from lss233-mirror: https://lss233.littleservice.cn/repositories/minecraft/com/google/guava/guava-parent/31.0.1-jre/guava-parent-31.0.1-jre.pom (0 B at 0 B/s)
[INFO] Downloading from jitpack.io: https://jitpack.io/com/google/guava/failureaccess/1.0.1/failureaccess-1.0.1.pom
[INFO] Downloading from elmakers-repo: https://maven.elmakers.com/repository/com/google/guava/failureaccess/1.0.1/failureaccess-1.0.1.pom
[INFO] Downloaded from elmakers-repo: https://maven.elmakers.com/repository/com/google/guava/failureaccess/1.0.1/failureaccess-1.0.1.pom (0 B at 0 B/s)
[INFO] Downloading from jitpack.io: https://jitpack.io/com/google/guava/guava-parent/26.0-android/guava-parent-26.0-android.pom
[INFO] Downloading from elmakers-repo: https://maven.elmakers.com/repository/com/google/guava/guava-parent/26.0-android/guava-parent-26.0-android.pom
[INFO] Downloaded from elmakers-repo: https://maven.elmakers.com/repository/com/google/guava/guava-parent/26.0-android/guava-parent-26.0-android.pom (0 B at 0 B/s)
[INFO] Downloading from jitpack.io: https://jitpack.io/com/google/guava/listenablefuture/9999.0-empty-to-avoid-conflict-with-guava/listenablefuture-9999.0-empty-to-avoid-conflict-with-guava.pom
[INFO] Downloading from elmakers-repo: https://maven.elmakers.com/repository/com/google/guava/listenablefuture/9999.0-empty-to-avoid-conflict-with-guava/listenablefuture-9999.0-empty-to-avoid-conflict-with-guava.pom
[INFO] Downloaded from elmakers-repo: https://maven.elmakers.com/repository/com/google/guava/listenablefuture/9999.0-empty-to-avoid-conflict-with-guava/listenablefuture-9999.0-empty-to-avoid-conflict-with-guava.pom (0 B at 0 B/s)
[INFO] Downloading from jitpack.io: https://jitpack.io/com/google/code/findbugs/jsr305/3.0.2/jsr305-3.0.2.pom
[INFO] Downloading from elmakers-repo: https://maven.elmakers.com/repository/com/google/code/findbugs/jsr305/3.0.2/jsr305-3.0.2.pom
[INFO] Downloaded from elmakers-repo: https://maven.elmakers.com/repository/com/google/code/findbugs/jsr305/3.0.2/jsr305-3.0.2.pom (0 B at 0 B/s)
[INFO] Downloading from jitpack.io: https://jitpack.io/org/sonatype/oss/oss-parent/7/oss-parent-7.pom
[INFO] Downloading from elmakers-repo: https://maven.elmakers.com/repository/org/sonatype/oss/oss-parent/7/oss-parent-7.pom
[INFO] Downloaded from elmakers-repo: https://maven.elmakers.com/repository/org/sonatype/oss/oss-parent/7/oss-parent-7.pom (0 B at 0 B/s)
[INFO] Downloading from jitpack.io: https://jitpack.io/org/checkerframework/checker-qual/3.12.0/checker-qual-3.12.0.pom
[INFO] Downloading from elmakers-repo: https://maven.elmakers.com/repository/org/checkerframework/checker-qual/3.12.0/checker-qual-3.12.0.pom
[INFO] Downloading from codemc-repo: https://repo.codemc.io/repository/maven-public/org/checkerframework/checker-qual/3.12.0/checker-qual-3.12.0.pom
[INFO] Downloading from lss233-mirror: https://lss233.littleservice.cn/repositories/minecraft/org/checkerframework/checker-qual/3.12.0/checker-qual-3.12.0.pom
[INFO] Downloaded from lss233-mirror: https://lss233.littleservice.cn/repositories/minecraft/org/checkerframework/checker-qual/3.12.0/checker-qual-3.12.0.pom (0 B at 0 B/s)
[INFO] Downloading from jitpack.io: https://jitpack.io/com/google/errorprone/error_prone_annotations/2.7.1/error_prone_annotations-2.7.1.pom
[INFO] Downloading from elmakers-repo: https://maven.elmakers.com/repository/com/google/errorprone/error_prone_annotations/2.7.1/error_prone_annotations-2.7.1.pom
[INFO] Downloading from codemc-repo: https://repo.codemc.io/repository/maven-public/com/google/errorprone/error_prone_annotations/2.7.1/error_prone_annotations-2.7.1.pom
[INFO] Downloading from lss233-mirror: https://lss233.littleservice.cn/repositories/minecraft/com/google/errorprone/error_prone_annotations/2.7.1/error_prone_annotations-2.7.1.pom
[INFO] Downloaded from lss233-mirror: https://lss233.littleservice.cn/repositories/minecraft/com/google/errorprone/error_prone_annotations/2.7.1/error_prone_annotations-2.7.1.pom (0 B at 0 B/s)
[INFO] Downloading from jitpack.io: https://jitpack.io/com/google/errorprone/error_prone_parent/2.7.1/error_prone_parent-2.7.1.pom
[INFO] Downloading from elmakers-repo: https://maven.elmakers.com/repository/com/google/errorprone/error_prone_parent/2.7.1/error_prone_parent-2.7.1.pom
[INFO] Downloading from codemc-repo: https://repo.codemc.io/repository/maven-public/com/google/errorprone/error_prone_parent/2.7.1/error_prone_parent-2.7.1.pom
[INFO] Downloading from lss233-mirror: https://lss233.littleservice.cn/repositories/minecraft/com/google/errorprone/error_prone_parent/2.7.1/error_prone_parent-2.7.1.pom
[INFO] Downloaded from lss233-mirror: https://lss233.littleservice.cn/repositories/minecraft/com/google/errorprone/error_prone_parent/2.7.1/error_prone_parent-2.7.1.pom (0 B at 0 B/s)
[INFO] Downloading from jitpack.io: https://jitpack.io/com/google/j2objc/j2objc-annotations/1.3/j2objc-annotations-1.3.pom
[INFO] Downloading from elmakers-repo: https://maven.elmakers.com/repository/com/google/j2objc/j2objc-annotations/1.3/j2objc-annotations-1.3.pom
[INFO] Downloaded from elmakers-repo: https://maven.elmakers.com/repository/com/google/j2objc/j2objc-annotations/1.3/j2objc-annotations-1.3.pom (0 B at 0 B/s)
[INFO] Downloading from jitpack.io: https://jitpack.io/com/google/code/gson/gson/2.8.9/gson-2.8.9.pom
[INFO] Downloading from elmakers-repo: https://maven.elmakers.com/repository/com/google/code/gson/gson/2.8.9/gson-2.8.9.pom
[INFO] Downloading from codemc-repo: https://repo.codemc.io/repository/maven-public/com/google/code/gson/gson/2.8.9/gson-2.8.9.pom
[INFO] Downloading from lss233-mirror: https://lss233.littleservice.cn/repositories/minecraft/com/google/code/gson/gson/2.8.9/gson-2.8.9.pom
[INFO] Downloaded from lss233-mirror: https://lss233.littleservice.cn/repositories/minecraft/com/google/code/gson/gson/2.8.9/gson-2.8.9.pom (0 B at 0 B/s)
[INFO] Downloading from jitpack.io: https://jitpack.io/com/google/code/gson/gson-parent/2.8.9/gson-parent-2.8.9.pom
[INFO] Downloading from elmakers-repo: https://maven.elmakers.com/repository/com/google/code/gson/gson-parent/2.8.9/gson-parent-2.8.9.pom
[INFO] Downloading from codemc-repo: https://repo.codemc.io/repository/maven-public/com/google/code/gson/gson-parent/2.8.9/gson-parent-2.8.9.pom
[INFO] Downloading from lss233-mirror: https://lss233.littleservice.cn/repositories/minecraft/com/google/code/gson/gson-parent/2.8.9/gson-parent-2.8.9.pom
[INFO] Downloaded from lss233-mirror: https://lss233.littleservice.cn/repositories/minecraft/com/google/code/gson/gson-parent/2.8.9/gson-parent-2.8.9.pom (0 B at 0 B/s)
[INFO] Downloading from jitpack.io: https://jitpack.io/net/md-5/bungeecord-chat/1.16-R0.4/bungeecord-chat-1.16-R0.4.pom
[INFO] Downloading from elmakers-repo: https://maven.elmakers.com/repository/net/md-5/bungeecord-chat/1.16-R0.4/bungeecord-chat-1.16-R0.4.pom
[INFO] Downloading from codemc-repo: https://repo.codemc.io/repository/maven-public/net/md-5/bungeecord-chat/1.16-R0.4/bungeecord-chat-1.16-R0.4.pom
[INFO] Downloading from lss233-mirror: https://lss233.littleservice.cn/repositories/minecraft/net/md-5/bungeecord-chat/1.16-R0.4/bungeecord-chat-1.16-R0.4.pom
[INFO] Downloaded from lss233-mirror: https://lss233.littleservice.cn/repositories/minecraft/net/md-5/bungeecord-chat/1.16-R0.4/bungeecord-chat-1.16-R0.4.pom (0 B at 0 B/s)
[INFO] Downloading from jitpack.io: https://jitpack.io/net/md-5/bungeecord-parent/1.16-R0.4/bungeecord-parent-1.16-R0.4.pom
[INFO] Downloading from elmakers-repo: https://maven.elmakers.com/repository/net/md-5/bungeecord-parent/1.16-R0.4/bungeecord-parent-1.16-R0.4.pom
[INFO] Downloading from codemc-repo: https://repo.codemc.io/repository/maven-public/net/md-5/bungeecord-parent/1.16-R0.4/bungeecord-parent-1.16-R0.4.pom
[INFO] Downloading from lss233-mirror: https://lss233.littleservice.cn/repositories/minecraft/net/md-5/bungeecord-parent/1.16-R0.4/bungeecord-parent-1.16-R0.4.pom
[INFO] Downloaded from lss233-mirror: https://lss233.littleservice.cn/repositories/minecraft/net/md-5/bungeecord-parent/1.16-R0.4/bungeecord-parent-1.16-R0.4.pom (0 B at 0 B/s)
[INFO] Downloading from jitpack.io: https://jitpack.io/com/google/code/gson/gson/2.8.0/gson-2.8.0.pom
[INFO] Downloading from elmakers-repo: https://maven.elmakers.com/repository/com/google/code/gson/gson/2.8.0/gson-2.8.0.pom
[INFO] Downloaded from elmakers-repo: https://maven.elmakers.com/repository/com/google/code/gson/gson/2.8.0/gson-2.8.0.pom (0 B at 0 B/s)
[INFO] Downloading from jitpack.io: https://jitpack.io/com/google/code/gson/gson-parent/2.8.0/gson-parent-2.8.0.pom
[INFO] Downloading from elmakers-repo: https://maven.elmakers.com/repository/com/google/code/gson/gson-parent/2.8.0/gson-parent-2.8.0.pom
[INFO] Downloaded from elmakers-repo: https://maven.elmakers.com/repository/com/google/code/gson/gson-parent/2.8.0/gson-parent-2.8.0.pom (0 B at 0 B/s)
[INFO] Downloading from jitpack.io: https://jitpack.io/com/google/guava/guava/21.0/guava-21.0.pom
[INFO] Downloading from elmakers-repo: https://maven.elmakers.com/repository/com/google/guava/guava/21.0/guava-21.0.pom
[INFO] Downloaded from elmakers-repo: https://maven.elmakers.com/repository/com/google/guava/guava/21.0/guava-21.0.pom (0 B at 0 B/s)
[INFO] Downloading from jitpack.io: https://jitpack.io/com/google/guava/guava-parent/21.0/guava-parent-21.0.pom
[INFO] Downloading from elmakers-repo: https://maven.elmakers.com/repository/com/google/guava/guava-parent/21.0/guava-parent-21.0.pom
[INFO] Downloaded from elmakers-repo: https://maven.elmakers.com/repository/com/google/guava/guava-parent/21.0/guava-parent-21.0.pom (0 B at 0 B/s)
[INFO] Downloading from jitpack.io: https://jitpack.io/org/yaml/snakeyaml/1.30/snakeyaml-1.30.pom
[INFO] Downloading from elmakers-repo: https://maven.elmakers.com/repository/org/yaml/snakeyaml/1.30/snakeyaml-1.30.pom
[INFO] Downloading from codemc-repo: https://repo.codemc.io/repository/maven-public/org/yaml/snakeyaml/1.30/snakeyaml-1.30.pom
[INFO] Downloading from lss233-mirror: https://lss233.littleservice.cn/repositories/minecraft/org/yaml/snakeyaml/1.30/snakeyaml-1.30.pom
[INFO] Downloaded from lss233-mirror: https://lss233.littleservice.cn/repositories/minecraft/org/yaml/snakeyaml/1.30/snakeyaml-1.30.pom (0 B at 0 B/s)
[INFO] Downloading from spigotmc-repo: https://hub.spigotmc.org/nexus/content/repositories/snapshots/com/github/Slimefun/Slimefun4/RC-32/Slimefun4-RC-32.pom
[INFO] Downloading from jitpack.io: https://jitpack.io/com/github/Slimefun/Slimefun4/RC-32/Slimefun4-RC-32.pom
[INFO] Downloaded from jitpack.io: https://jitpack.io/com/github/Slimefun/Slimefun4/RC-32/Slimefun4-RC-32.pom (15 kB at 40 kB/s)
[INFO] Downloading from spigotmc-repo: https://hub.spigotmc.org/nexus/content/repositories/snapshots/com/github/cryptomorin/kingdoms/1.13.9/kingdoms-1.13.9.pom
[INFO] Downloading from jitpack.io: https://jitpack.io/com/github/cryptomorin/kingdoms/1.13.9/kingdoms-1.13.9.pom
[INFO] Downloading from elmakers-repo: https://maven.elmakers.com/repository/com/github/cryptomorin/kingdoms/1.13.9/kingdoms-1.13.9.pom
[INFO] Downloading from codemc-repo: https://repo.codemc.io/repository/maven-public/com/github/cryptomorin/kingdoms/1.13.9/kingdoms-1.13.9.pom
[INFO] Downloading from lss233-mirror: https://lss233.littleservice.cn/repositories/minecraft/com/github/cryptomorin/kingdoms/1.13.9/kingdoms-1.13.9.pom
[INFO] Downloaded from lss233-mirror: https://lss233.littleservice.cn/repositories/minecraft/com/github/cryptomorin/kingdoms/1.13.9/kingdoms-1.13.9.pom (12 kB at 24 kB/s)
[INFO] Downloading from spigotmc-repo: https://hub.spigotmc.org/nexus/content/repositories/snapshots/org/maxgamer/QuickShop/5.1.1.2/QuickShop-5.1.1.2.pom
[INFO] Downloading from jitpack.io: https://jitpack.io/org/maxgamer/QuickShop/5.1.1.2/QuickShop-5.1.1.2.pom
[INFO] Downloading from elmakers-repo: https://maven.elmakers.com/repository/org/maxgamer/QuickShop/5.1.1.2/QuickShop-5.1.1.2.pom
[INFO] Downloading from codemc-repo: https://repo.codemc.io/repository/maven-public/org/maxgamer/QuickShop/5.1.1.2/QuickShop-5.1.1.2.pom
[INFO] Downloaded from codemc-repo: https://repo.codemc.io/repository/maven-public/org/maxgamer/QuickShop/5.1.1.2/QuickShop-5.1.1.2.pom (38 kB at 96 kB/s)
[WARNING] The POM for org.maxgamer:QuickShop:jar:5.1.1.2 is invalid, transitive dependencies (if any) will not be available, enable debug logging for more details
[INFO] Downloading from spigotmc-repo: https://hub.spigotmc.org/nexus/content/repositories/snapshots/com/elmakers/mine/bukkit/MagicAPI/10.2/MagicAPI-10.2.pom
[INFO] Downloading from jitpack.io: https://jitpack.io/com/elmakers/mine/bukkit/MagicAPI/10.2/MagicAPI-10.2.pom
[INFO] Downloading from elmakers-repo: https://maven.elmakers.com/repository/com/elmakers/mine/bukkit/MagicAPI/10.2/MagicAPI-10.2.pom
[INFO] Downloading from codemc-repo: https://repo.codemc.io/repository/maven-public/com/elmakers/mine/bukkit/MagicAPI/10.2/MagicAPI-10.2.pom
[INFO] Downloading from lss233-mirror: https://lss233.littleservice.cn/repositories/minecraft/com/elmakers/mine/bukkit/MagicAPI/10.2/MagicAPI-10.2.pom
[INFO] Downloaded from lss233-mirror: https://lss233.littleservice.cn/repositories/minecraft/com/elmakers/mine/bukkit/MagicAPI/10.2/MagicAPI-10.2.pom (2.8 kB at 6.9 kB/s)
[INFO] Downloading from spigotmc-repo: https://hub.spigotmc.org/nexus/content/repositories/snapshots/com/elmakers/mine/bukkit/Magic-parent/10.2/Magic-parent-10.2.pom
[INFO] Downloading from jitpack.io: https://jitpack.io/com/elmakers/mine/bukkit/Magic-parent/10.2/Magic-parent-10.2.pom
[INFO] Downloading from elmakers-repo: https://maven.elmakers.com/repository/com/elmakers/mine/bukkit/Magic-parent/10.2/Magic-parent-10.2.pom
[INFO] Downloading from codemc-repo: https://repo.codemc.io/repository/maven-public/com/elmakers/mine/bukkit/Magic-parent/10.2/Magic-parent-10.2.pom
[INFO] Downloading from lss233-mirror: https://lss233.littleservice.cn/repositories/minecraft/com/elmakers/mine/bukkit/Magic-parent/10.2/Magic-parent-10.2.pom
[INFO] Downloaded from lss233-mirror: https://lss233.littleservice.cn/repositories/minecraft/com/elmakers/mine/bukkit/Magic-parent/10.2/Magic-parent-10.2.pom (15 kB at 31 kB/s)
[INFO] Downloading from spigotmc-repo: https://hub.spigotmc.org/nexus/content/repositories/snapshots/com/github/Soldier233/LockettePro/5505be4/LockettePro-5505be4.pom
[INFO] Downloading from jitpack.io: https://jitpack.io/com/github/Soldier233/LockettePro/5505be4/LockettePro-5505be4.pom
[INFO] Downloaded from jitpack.io: https://jitpack.io/com/github/Soldier233/LockettePro/5505be4/LockettePro-5505be4.pom (3.6 kB at 12 kB/s)
[WARNING] The POM for com.github.Soldier233:LockettePro:jar:5505be4 is invalid, transitive dependencies (if any) will not be available, enable debug logging for more details
[INFO] Downloading from spigotmc-repo: https://hub.spigotmc.org/nexus/content/repositories/snapshots/org/spigotmc/spigot-api/1.19-R0.1-SNAPSHOT/spigot-api-1.19-R0.1-20220725.090125-47.jar
[INFO] Downloading from spigotmc-repo: https://hub.spigotmc.org/nexus/content/repositories/snapshots/com/github/Slimefun/Slimefun4/RC-32/Slimefun4-RC-32.jar
[INFO] Downloading from spigotmc-repo: https://hub.spigotmc.org/nexus/content/repositories/snapshots/com/github/cryptomorin/kingdoms/1.13.9/kingdoms-1.13.9.jar
[INFO] Downloading from spigotmc-repo: https://hub.spigotmc.org/nexus/content/repositories/snapshots/org/maxgamer/QuickShop/5.1.1.2/QuickShop-5.1.1.2.jar
[INFO] Downloading from spigotmc-repo: https://hub.spigotmc.org/nexus/content/repositories/snapshots/com/elmakers/mine/bukkit/MagicAPI/10.2/MagicAPI-10.2.jar
[INFO] Downloaded from spigotmc-repo: https://hub.spigotmc.org/nexus/content/repositories/snapshots/org/spigotmc/spigot-api/1.19-R0.1-SNAPSHOT/spigot-api-1.19-R0.1-20220725.090125-47.jar (0 B at 0 B/s)
[INFO] Downloading from spigotmc-repo: https://hub.spigotmc.org/nexus/content/repositories/snapshots/com/github/Soldier233/LockettePro/5505be4/LockettePro-5505be4.jar
[INFO] Downloading from jitpack.io: https://jitpack.io/com/google/guava/guava/31.0.1-jre/guava-31.0.1-jre.jar
[INFO] Downloading from jitpack.io: https://jitpack.io/com/google/guava/failureaccess/1.0.1/failureaccess-1.0.1.jar
[INFO] Downloading from jitpack.io: https://jitpack.io/com/google/guava/listenablefuture/9999.0-empty-to-avoid-conflict-with-guava/listenablefuture-9999.0-empty-to-avoid-conflict-with-guava.jar
[INFO] Downloading from jitpack.io: https://jitpack.io/com/google/code/findbugs/jsr305/3.0.2/jsr305-3.0.2.jar
[INFO] Downloading from jitpack.io: https://jitpack.io/org/checkerframework/checker-qual/3.12.0/checker-qual-3.12.0.jar
[INFO] Downloading from jitpack.io: https://jitpack.io/com/google/errorprone/error_prone_annotations/2.7.1/error_prone_annotations-2.7.1.jar
[INFO] Downloading from jitpack.io: https://jitpack.io/com/google/j2objc/j2objc-annotations/1.3/j2objc-annotations-1.3.jar
[INFO] Downloading from jitpack.io: https://jitpack.io/com/google/code/gson/gson/2.8.9/gson-2.8.9.jar
[INFO] Downloading from jitpack.io: https://jitpack.io/net/md-5/bungeecord-chat/1.16-R0.4/bungeecord-chat-1.16-R0.4.jar
[INFO] Downloading from jitpack.io: https://jitpack.io/org/yaml/snakeyaml/1.30/snakeyaml-1.30.jar
[INFO] Downloading from jitpack.io: https://jitpack.io/com/github/Slimefun/Slimefun4/RC-32/Slimefun4-RC-32.jar
[INFO] Downloading from jitpack.io: https://jitpack.io/com/github/cryptomorin/kingdoms/1.13.9/kingdoms-1.13.9.jar
[INFO] Downloading from jitpack.io: https://jitpack.io/org/maxgamer/QuickShop/5.1.1.2/QuickShop-5.1.1.2.jar
[INFO] Downloading from jitpack.io: https://jitpack.io/com/elmakers/mine/bukkit/MagicAPI/10.2/MagicAPI-10.2.jar
[INFO] Downloading from jitpack.io: https://jitpack.io/com/github/Soldier233/LockettePro/5505be4/LockettePro-5505be4.jar
[INFO] Downloaded from jitpack.io: https://jitpack.io/com/github/Soldier233/LockettePro/5505be4/LockettePro-5505be4.jar (61 kB at 157 kB/s)
[INFO] Downloaded from jitpack.io: https://jitpack.io/com/github/Slimefun/Slimefun4/RC-32/Slimefun4-RC-32.jar (4.7 MB at 6.9 MB/s)
[INFO] Downloading from elmakers-repo: https://maven.elmakers.com/repository/com/google/guava/guava/31.0.1-jre/guava-31.0.1-jre.jar
[INFO] Downloading from elmakers-repo: https://maven.elmakers.com/repository/com/google/guava/failureaccess/1.0.1/failureaccess-1.0.1.jar
[INFO] Downloading from elmakers-repo: https://maven.elmakers.com/repository/com/google/guava/listenablefuture/9999.0-empty-to-avoid-conflict-with-guava/listenablefuture-9999.0-empty-to-avoid-conflict-with-guava.jar
[INFO] Downloading from elmakers-repo: https://maven.elmakers.com/repository/com/google/code/findbugs/jsr305/3.0.2/jsr305-3.0.2.jar
[INFO] Downloading from elmakers-repo: https://maven.elmakers.com/repository/org/checkerframework/checker-qual/3.12.0/checker-qual-3.12.0.jar
[INFO] Downloading from elmakers-repo: https://maven.elmakers.com/repository/com/google/errorprone/error_prone_annotations/2.7.1/error_prone_annotations-2.7.1.jar
[INFO] Downloading from elmakers-repo: https://maven.elmakers.com/repository/com/google/j2objc/j2objc-annotations/1.3/j2objc-annotations-1.3.jar
[INFO] Downloaded from elmakers-repo: https://maven.elmakers.com/repository/com/google/j2objc/j2objc-annotations/1.3/j2objc-annotations-1.3.jar (0 B at 0 B/s)
[INFO] Downloading from elmakers-repo: https://maven.elmakers.com/repository/com/google/code/gson/gson/2.8.9/gson-2.8.9.jar
[INFO] Downloading from elmakers-repo: https://maven.elmakers.com/repository/net/md-5/bungeecord-chat/1.16-R0.4/bungeecord-chat-1.16-R0.4.jar
[INFO] Downloaded from elmakers-repo: https://maven.elmakers.com/repository/com/google/guava/failureaccess/1.0.1/failureaccess-1.0.1.jar (0 B at 0 B/s)
[INFO] Downloaded from elmakers-repo: https://maven.elmakers.com/repository/com/google/guava/listenablefuture/9999.0-empty-to-avoid-conflict-with-guava/listenablefuture-9999.0-empty-to-avoid-conflict-with-guava.jar (0 B at 0 B/s)
[INFO] Downloading from elmakers-repo: https://maven.elmakers.com/repository/org/yaml/snakeyaml/1.30/snakeyaml-1.30.jar
[INFO] Downloading from elmakers-repo: https://maven.elmakers.com/repository/com/github/cryptomorin/kingdoms/1.13.9/kingdoms-1.13.9.jar
[INFO] Downloading from elmakers-repo: https://maven.elmakers.com/repository/org/maxgamer/QuickShop/5.1.1.2/QuickShop-5.1.1.2.jar
[INFO] Downloading from elmakers-repo: https://maven.elmakers.com/repository/com/elmakers/mine/bukkit/MagicAPI/10.2/MagicAPI-10.2.jar
[INFO] Downloaded from elmakers-repo: https://maven.elmakers.com/repository/com/google/code/findbugs/jsr305/3.0.2/jsr305-3.0.2.jar (0 B at 0 B/s)
[INFO] Downloading from codemc-repo: https://repo.codemc.io/repository/maven-public/com/google/guava/guava/31.0.1-jre/guava-31.0.1-jre.jar
[INFO] Downloading from codemc-repo: https://repo.codemc.io/repository/maven-public/org/checkerframework/checker-qual/3.12.0/checker-qual-3.12.0.jar
[INFO] Downloading from codemc-repo: https://repo.codemc.io/repository/maven-public/com/google/errorprone/error_prone_annotations/2.7.1/error_prone_annotations-2.7.1.jar
[INFO] Downloading from codemc-repo: https://repo.codemc.io/repository/maven-public/com/google/code/gson/gson/2.8.9/gson-2.8.9.jar
[INFO] Downloading from codemc-repo: https://repo.codemc.io/repository/maven-public/net/md-5/bungeecord-chat/1.16-R0.4/bungeecord-chat-1.16-R0.4.jar
[INFO] Downloading from codemc-repo: https://repo.codemc.io/repository/maven-public/org/yaml/snakeyaml/1.30/snakeyaml-1.30.jar
[INFO] Downloading from codemc-repo: https://repo.codemc.io/repository/maven-public/com/github/cryptomorin/kingdoms/1.13.9/kingdoms-1.13.9.jar
[INFO] Downloading from codemc-repo: https://repo.codemc.io/repository/maven-public/org/maxgamer/QuickShop/5.1.1.2/QuickShop-5.1.1.2.jar
[INFO] Downloading from codemc-repo: https://repo.codemc.io/repository/maven-public/com/elmakers/mine/bukkit/MagicAPI/10.2/MagicAPI-10.2.jar
[INFO] Downloaded from codemc-repo: https://repo.codemc.io/repository/maven-public/org/maxgamer/QuickShop/5.1.1.2/QuickShop-5.1.1.2.jar (1.3 MB at 895 kB/s)
[INFO] Downloading from lss233-mirror: https://lss233.littleservice.cn/repositories/minecraft/com/google/guava/guava/31.0.1-jre/guava-31.0.1-jre.jar
[INFO] Downloading from lss233-mirror: https://lss233.littleservice.cn/repositories/minecraft/net/md-5/bungeecord-chat/1.16-R0.4/bungeecord-chat-1.16-R0.4.jar
[INFO] Downloading from lss233-mirror: https://lss233.littleservice.cn/repositories/minecraft/com/google/code/gson/gson/2.8.9/gson-2.8.9.jar
[INFO] Downloading from lss233-mirror: https://lss233.littleservice.cn/repositories/minecraft/org/checkerframework/checker-qual/3.12.0/checker-qual-3.12.0.jar
[INFO] Downloading from lss233-mirror: https://lss233.littleservice.cn/repositories/minecraft/com/google/errorprone/error_prone_annotations/2.7.1/error_prone_annotations-2.7.1.jar
[INFO] Downloaded from lss233-mirror: https://lss233.littleservice.cn/repositories/minecraft/com/google/errorprone/error_prone_annotations/2.7.1/error_prone_annotations-2.7.1.jar (0 B at 0 B/s)
[INFO] Downloading from lss233-mirror: https://lss233.littleservice.cn/repositories/minecraft/org/yaml/snakeyaml/1.30/snakeyaml-1.30.jar
[INFO] Downloaded from lss233-mirror: https://lss233.littleservice.cn/repositories/minecraft/net/md-5/bungeecord-chat/1.16-R0.4/bungeecord-chat-1.16-R0.4.jar (0 B at 0 B/s)
[INFO] Downloading from lss233-mirror: https://lss233.littleservice.cn/repositories/minecraft/com/github/cryptomorin/kingdoms/1.13.9/kingdoms-1.13.9.jar
[INFO] Downloaded from lss233-mirror: https://lss233.littleservice.cn/repositories/minecraft/org/yaml/snakeyaml/1.30/snakeyaml-1.30.jar (0 B at 0 B/s)
[INFO] Downloading from lss233-mirror: https://lss233.littleservice.cn/repositories/minecraft/com/elmakers/mine/bukkit/MagicAPI/10.2/MagicAPI-10.2.jar
[INFO] Downloaded from lss233-mirror: https://lss233.littleservice.cn/repositories/minecraft/com/elmakers/mine/bukkit/MagicAPI/10.2/MagicAPI-10.2.jar (122 kB at 108 kB/s)
[INFO] Downloaded from lss233-mirror: https://lss233.littleservice.cn/repositories/minecraft/org/checkerframework/checker-qual/3.12.0/checker-qual-3.12.0.jar (0 B at 0 B/s)
[INFO] Downloaded from lss233-mirror: https://lss233.littleservice.cn/repositories/minecraft/com/google/code/gson/gson/2.8.9/gson-2.8.9.jar (0 B at 0 B/s)
[INFO] Downloaded from lss233-mirror: https://lss233.littleservice.cn/repositories/minecraft/com/google/guava/guava/31.0.1-jre/guava-31.0.1-jre.jar (0 B at 0 B/s)
[INFO] Downloaded from lss233-mirror: https://lss233.littleservice.cn/repositories/minecraft/com/github/cryptomorin/kingdoms/1.13.9/kingdoms-1.13.9.jar (4.4 MB at 1.4 MB/s)
[INFO] 
[INFO] --- maven-clean-plugin:2.5:clean (default-clean) @ SlimeGlue ---
[INFO] 
[INFO] --- git-commit-id-maven-plugin:5.0.0:revision (default) @ SlimeGlue ---
[INFO] Downloading from central: https://repo.maven.apache.org/maven2/org/apache/maven/maven-plugin-api/3.1.0-alpha-1/maven-plugin-api-3.1.0-alpha-1.pom
[INFO] Downloaded from central: https://repo.maven.apache.org/maven2/org/apache/maven/maven-plugin-api/3.1.0-alpha-1/maven-plugin-api-3.1.0-alpha-1.pom (3.1 kB at 87 kB/s)
[INFO] Downloading from central: https://repo.maven.apache.org/maven2/org/apache/maven/maven/3.1.0-alpha-1/maven-3.1.0-alpha-1.pom
[INFO] Downloaded from central: https://repo.maven.apache.org/maven2/org/apache/maven/maven/3.1.0-alpha-1/maven-3.1.0-alpha-1.pom (22 kB at 642 kB/s)
[INFO] Downloading from central: https://repo.maven.apache.org/maven2/org/apache/apache/13/apache-13.pom
[INFO] Downloaded from central: https://repo.maven.apache.org/maven2/org/apache/apache/13/apache-13.pom (0 B at 0 B/s)
[INFO] Downloading from central: https://repo.maven.apache.org/maven2/org/apache/maven/maven-model/3.1.0-alpha-1/maven-model-3.1.0-alpha-1.pom
[INFO] Downloaded from central: https://repo.maven.apache.org/maven2/org/apache/maven/maven-model/3.1.0-alpha-1/maven-model-3.1.0-alpha-1.pom (3.8 kB at 115 kB/s)
[INFO] Downloading from central: https://repo.maven.apache.org/maven2/org/codehaus/plexus/plexus-utils/3.0.10/plexus-utils-3.0.10.pom
[INFO] Downloaded from central: https://repo.maven.apache.org/maven2/org/codehaus/plexus/plexus-utils/3.0.10/plexus-utils-3.0.10.pom (3.1 kB at 95 kB/s)
[INFO] Downloading from central: https://repo.maven.apache.org/maven2/org/codehaus/plexus/plexus/3.3/plexus-3.3.pom
[INFO] Downloaded from central: https://repo.maven.apache.org/maven2/org/codehaus/plexus/plexus/3.3/plexus-3.3.pom (20 kB at 622 kB/s)
[INFO] Downloading from central: https://repo.maven.apache.org/maven2/org/apache/maven/maven-artifact/3.1.0-alpha-1/maven-artifact-3.1.0-alpha-1.pom
[INFO] Downloaded from central: https://repo.maven.apache.org/maven2/org/apache/maven/maven-artifact/3.1.0-alpha-1/maven-artifact-3.1.0-alpha-1.pom (1.6 kB at 50 kB/s)
[INFO] Downloading from central: https://repo.maven.apache.org/maven2/org/eclipse/sisu/org.eclipse.sisu.plexus/0.0.0.M2a/org.eclipse.sisu.plexus-0.0.0.M2a.pom
[INFO] Downloaded from central: https://repo.maven.apache.org/maven2/org/eclipse/sisu/org.eclipse.sisu.plexus/0.0.0.M2a/org.eclipse.sisu.plexus-0.0.0.M2a.pom (5.9 kB at 168 kB/s)
[INFO] Downloading from central: https://repo.maven.apache.org/maven2/org/eclipse/sisu/sisu-plexus/0.0.0.M2a/sisu-plexus-0.0.0.M2a.pom
[INFO] Downloaded from central: https://repo.maven.apache.org/maven2/org/eclipse/sisu/sisu-plexus/0.0.0.M2a/sisu-plexus-0.0.0.M2a.pom (7.9 kB at 255 kB/s)
[INFO] Downloading from central: https://repo.maven.apache.org/maven2/javax/enterprise/cdi-api/1.0/cdi-api-1.0.pom
[INFO] Downloaded from central: https://repo.maven.apache.org/maven2/javax/enterprise/cdi-api/1.0/cdi-api-1.0.pom (1.4 kB at 45 kB/s)
[INFO] Downloading from central: https://repo.maven.apache.org/maven2/org/jboss/weld/weld-api-parent/1.0/weld-api-parent-1.0.pom
[INFO] Downloaded from central: https://repo.maven.apache.org/maven2/org/jboss/weld/weld-api-parent/1.0/weld-api-parent-1.0.pom (2.4 kB at 76 kB/s)
[INFO] Downloading from central: https://repo.maven.apache.org/maven2/org/jboss/weld/weld-api-bom/1.0/weld-api-bom-1.0.pom
[INFO] Downloaded from central: https://repo.maven.apache.org/maven2/org/jboss/weld/weld-api-bom/1.0/weld-api-bom-1.0.pom (7.9 kB at 220 kB/s)
[INFO] Downloading from central: https://repo.maven.apache.org/maven2/org/jboss/weld/weld-parent/6/weld-parent-6.pom
[INFO] Downloaded from central: https://repo.maven.apache.org/maven2/org/jboss/weld/weld-parent/6/weld-parent-6.pom (21 kB at 690 kB/s)
[INFO] Downloading from central: https://repo.maven.apache.org/maven2/javax/annotation/jsr250-api/1.0/jsr250-api-1.0.pom
[INFO] Downloaded from central: https://repo.maven.apache.org/maven2/javax/annotation/jsr250-api/1.0/jsr250-api-1.0.pom (1.0 kB at 32 kB/s)
[INFO] Downloading from central: https://repo.maven.apache.org/maven2/javax/inject/javax.inject/1/javax.inject-1.pom
[INFO] Downloaded from central: https://repo.maven.apache.org/maven2/javax/inject/javax.inject/1/javax.inject-1.pom (612 B at 17 kB/s)
[INFO] Downloading from central: https://repo.maven.apache.org/maven2/com/google/guava/guava/10.0.1/guava-10.0.1.pom
[INFO] Downloaded from central: https://repo.maven.apache.org/maven2/com/google/guava/guava/10.0.1/guava-10.0.1.pom (5.4 kB at 168 kB/s)
[INFO] Downloading from central: https://repo.maven.apache.org/maven2/com/google/guava/guava-parent/10.0.1/guava-parent-10.0.1.pom
[INFO] Downloaded from central: https://repo.maven.apache.org/maven2/com/google/guava/guava-parent/10.0.1/guava-parent-10.0.1.pom (2.0 kB at 63 kB/s)
[INFO] Downloading from central: https://repo.maven.apache.org/maven2/org/sonatype/sisu/sisu-guice/3.1.0/sisu-guice-3.1.0.pom
[INFO] Downloaded from central: https://repo.maven.apache.org/maven2/org/sonatype/sisu/sisu-guice/3.1.0/sisu-guice-3.1.0.pom (10 kB at 338 kB/s)
[INFO] Downloading from central: https://repo.maven.apache.org/maven2/org/sonatype/sisu/inject/guice-parent/3.1.0/guice-parent-3.1.0.pom
[INFO] Downloaded from central: https://repo.maven.apache.org/maven2/org/sonatype/sisu/inject/guice-parent/3.1.0/guice-parent-3.1.0.pom (11 kB at 352 kB/s)
[INFO] Downloading from central: https://repo.maven.apache.org/maven2/aopalliance/aopalliance/1.0/aopalliance-1.0.pom
[INFO] Downloaded from central: https://repo.maven.apache.org/maven2/aopalliance/aopalliance/1.0/aopalliance-1.0.pom (363 B at 12 kB/s)
[INFO] Downloading from central: https://repo.maven.apache.org/maven2/org/eclipse/sisu/org.eclipse.sisu.inject/0.0.0.M2a/org.eclipse.sisu.inject-0.0.0.M2a.pom
[INFO] Downloaded from central: https://repo.maven.apache.org/maven2/org/eclipse/sisu/org.eclipse.sisu.inject/0.0.0.M2a/org.eclipse.sisu.inject-0.0.0.M2a.pom (5.0 kB at 166 kB/s)
[INFO] Downloading from central: https://repo.maven.apache.org/maven2/org/eclipse/sisu/sisu-inject/0.0.0.M2a/sisu-inject-0.0.0.M2a.pom
[INFO] Downloaded from central: https://repo.maven.apache.org/maven2/org/eclipse/sisu/sisu-inject/0.0.0.M2a/sisu-inject-0.0.0.M2a.pom (7.8 kB at 260 kB/s)
[INFO] Downloading from central: https://repo.maven.apache.org/maven2/asm/asm/3.3.1/asm-3.3.1.pom
[INFO] Downloaded from central: https://repo.maven.apache.org/maven2/asm/asm/3.3.1/asm-3.3.1.pom (266 B at 8.6 kB/s)
[INFO] Downloading from central: https://repo.maven.apache.org/maven2/asm/asm-parent/3.3.1/asm-parent-3.3.1.pom
[INFO] Downloaded from central: https://repo.maven.apache.org/maven2/asm/asm-parent/3.3.1/asm-parent-3.3.1.pom (4.3 kB at 144 kB/s)
[INFO] Downloading from central: https://repo.maven.apache.org/maven2/org/codehaus/plexus/plexus-classworlds/2.4/plexus-classworlds-2.4.pom
[INFO] Downloaded from central: https://repo.maven.apache.org/maven2/org/codehaus/plexus/plexus-classworlds/2.4/plexus-classworlds-2.4.pom (3.9 kB at 129 kB/s)
[INFO] Downloading from central: https://repo.maven.apache.org/maven2/org/codehaus/plexus/plexus-utils/2.1/plexus-utils-2.1.pom
[INFO] Downloaded from central: https://repo.maven.apache.org/maven2/org/codehaus/plexus/plexus-utils/2.1/plexus-utils-2.1.pom (4.0 kB at 134 kB/s)
[INFO] Downloading from central: https://repo.maven.apache.org/maven2/org/apache/maven/maven-core/3.1.0-alpha-1/maven-core-3.1.0-alpha-1.pom
[INFO] Downloaded from central: https://repo.maven.apache.org/maven2/org/apache/maven/maven-core/3.1.0-alpha-1/maven-core-3.1.0-alpha-1.pom (6.9 kB at 193 kB/s)
[INFO] Downloading from central: https://repo.maven.apache.org/maven2/org/apache/maven/maven-settings/3.1.0-alpha-1/maven-settings-3.1.0-alpha-1.pom
[INFO] Downloaded from central: https://repo.maven.apache.org/maven2/org/apache/maven/maven-settings/3.1.0-alpha-1/maven-settings-3.1.0-alpha-1.pom (1.8 kB at 51 kB/s)
[INFO] Downloading from central: https://repo.maven.apache.org/maven2/org/apache/maven/maven-settings-builder/3.1.0-alpha-1/maven-settings-builder-3.1.0-alpha-1.pom
[INFO] Downloaded from central: https://repo.maven.apache.org/maven2/org/apache/maven/maven-settings-builder/3.1.0-alpha-1/maven-settings-builder-3.1.0-alpha-1.pom (2.3 kB at 67 kB/s)
[INFO] Downloading from central: https://repo.maven.apache.org/maven2/org/codehaus/plexus/plexus-interpolation/1.16/plexus-interpolation-1.16.pom
[INFO] Downloaded from central: https://repo.maven.apache.org/maven2/org/codehaus/plexus/plexus-interpolation/1.16/plexus-interpolation-1.16.pom (1.0 kB at 33 kB/s)
[INFO] Downloading from central: https://repo.maven.apache.org/maven2/org/codehaus/plexus/plexus-components/1.3/plexus-components-1.3.pom
[INFO] Downloaded from central: https://repo.maven.apache.org/maven2/org/codehaus/plexus/plexus-components/1.3/plexus-components-1.3.pom (3.1 kB at 102 kB/s)
[INFO] Downloading from central: https://repo.maven.apache.org/maven2/org/codehaus/plexus/plexus-utils/1.5.5/plexus-utils-1.5.5.pom
[INFO] Downloaded from central: https://repo.maven.apache.org/maven2/org/codehaus/plexus/plexus-utils/1.5.5/plexus-utils-1.5.5.pom (5.1 kB at 172 kB/s)
[INFO] Downloading from central: https://repo.maven.apache.org/maven2/org/apache/maven/maven-repository-metadata/3.1.0-alpha-1/maven-repository-metadata-3.1.0-alpha-1.pom
[INFO] Downloaded from central: https://repo.maven.apache.org/maven2/org/apache/maven/maven-repository-metadata/3.1.0-alpha-1/maven-repository-metadata-3.1.0-alpha-1.pom (1.9 kB at 40 kB/s)
[INFO] Downloading from central: https://repo.maven.apache.org/maven2/org/apache/maven/maven-model-builder/3.1.0-alpha-1/maven-model-builder-3.1.0-alpha-1.pom
[INFO] Downloaded from central: https://repo.maven.apache.org/maven2/org/apache/maven/maven-model-builder/3.1.0-alpha-1/maven-model-builder-3.1.0-alpha-1.pom (2.5 kB at 80 kB/s)
[INFO] Downloading from central: https://repo.maven.apache.org/maven2/org/apache/maven/maven-aether-provider/3.1.0-alpha-1/maven-aether-provider-3.1.0-alpha-1.pom
[INFO] Downloaded from central: https://repo.maven.apache.org/maven2/org/apache/maven/maven-aether-provider/3.1.0-alpha-1/maven-aether-provider-3.1.0-alpha-1.pom (3.5 kB at 101 kB/s)
[INFO] Downloading from central: https://repo.maven.apache.org/maven2/org/eclipse/aether/aether-api/0.9.0.M2/aether-api-0.9.0.M2.pom
[INFO] Downloaded from central: https://repo.maven.apache.org/maven2/org/eclipse/aether/aether-api/0.9.0.M2/aether-api-0.9.0.M2.pom (1.7 kB at 58 kB/s)
[INFO] Downloading from central: https://repo.maven.apache.org/maven2/org/eclipse/aether/aether/0.9.0.M2/aether-0.9.0.M2.pom
[INFO] Downloaded from central: https://repo.maven.apache.org/maven2/org/eclipse/aether/aether/0.9.0.M2/aether-0.9.0.M2.pom (28 kB at 899 kB/s)
[INFO] Downloading from central: https://repo.maven.apache.org/maven2/org/eclipse/aether/aether-spi/0.9.0.M2/aether-spi-0.9.0.M2.pom
[INFO] Downloaded from central: https://repo.maven.apache.org/maven2/org/eclipse/aether/aether-spi/0.9.0.M2/aether-spi-0.9.0.M2.pom (1.8 kB at 59 kB/s)
[INFO] Downloading from central: https://repo.maven.apache.org/maven2/org/eclipse/aether/aether-util/0.9.0.M2/aether-util-0.9.0.M2.pom
[INFO] Downloaded from central: https://repo.maven.apache.org/maven2/org/eclipse/aether/aether-util/0.9.0.M2/aether-util-0.9.0.M2.pom (2.0 kB at 66 kB/s)
[INFO] Downloading from central: https://repo.maven.apache.org/maven2/org/eclipse/aether/aether-impl/0.9.0.M2/aether-impl-0.9.0.M2.pom
[INFO] Downloaded from central: https://repo.maven.apache.org/maven2/org/eclipse/aether/aether-impl/0.9.0.M2/aether-impl-0.9.0.M2.pom (3.3 kB at 112 kB/s)
[INFO] Downloading from central: https://repo.maven.apache.org/maven2/org/codehaus/plexus/plexus-classworlds/2.4.2/plexus-classworlds-2.4.2.pom
[INFO] Downloaded from central: https://repo.maven.apache.org/maven2/org/codehaus/plexus/plexus-classworlds/2.4.2/plexus-classworlds-2.4.2.pom (3.5 kB at 86 kB/s)
[INFO] Downloading from central: https://repo.maven.apache.org/maven2/io/github/git-commit-id/git-commit-id-plugin-core/5.0.0/git-commit-id-plugin-core-5.0.0.pom
[INFO] Downloaded from central: https://repo.maven.apache.org/maven2/io/github/git-commit-id/git-commit-id-plugin-core/5.0.0/git-commit-id-plugin-core-5.0.0.pom (14 kB at 425 kB/s)
[INFO] Downloading from central: https://repo.maven.apache.org/maven2/org/eclipse/jgit/org.eclipse.jgit/5.12.0.202106070339-r/org.eclipse.jgit-5.12.0.202106070339-r.pom
[INFO] Downloaded from central: https://repo.maven.apache.org/maven2/org/eclipse/jgit/org.eclipse.jgit/5.12.0.202106070339-r/org.eclipse.jgit-5.12.0.202106070339-r.pom (7.6 kB at 222 kB/s)
[INFO] Downloading from central: https://repo.maven.apache.org/maven2/org/eclipse/jgit/org.eclipse.jgit-parent/5.12.0.202106070339-r/org.eclipse.jgit-parent-5.12.0.202106070339-r.pom
[INFO] Downloaded from central: https://repo.maven.apache.org/maven2/org/eclipse/jgit/org.eclipse.jgit-parent/5.12.0.202106070339-r/org.eclipse.jgit-parent-5.12.0.202106070339-r.pom (34 kB at 976 kB/s)
[INFO] Downloading from central: https://repo.maven.apache.org/maven2/com/googlecode/javaewah/JavaEWAH/1.1.7/JavaEWAH-1.1.7.pom
[INFO] Downloaded from central: https://repo.maven.apache.org/maven2/com/googlecode/javaewah/JavaEWAH/1.1.7/JavaEWAH-1.1.7.pom (4.9 kB at 158 kB/s)
[INFO] Downloading from central: https://repo.maven.apache.org/maven2/org/sonatype/oss/oss-parent/5/oss-parent-5.pom
[INFO] Downloaded from central: https://repo.maven.apache.org/maven2/org/sonatype/oss/oss-parent/5/oss-parent-5.pom (4.1 kB at 136 kB/s)
[INFO] Downloading from central: https://repo.maven.apache.org/maven2/org/slf4j/slf4j-api/1.7.30/slf4j-api-1.7.30.pom
[INFO] Downloaded from central: https://repo.maven.apache.org/maven2/org/slf4j/slf4j-api/1.7.30/slf4j-api-1.7.30.pom (3.8 kB at 124 kB/s)
[INFO] Downloading from central: https://repo.maven.apache.org/maven2/org/slf4j/slf4j-parent/1.7.30/slf4j-parent-1.7.30.pom
[INFO] Downloaded from central: https://repo.maven.apache.org/maven2/org/slf4j/slf4j-parent/1.7.30/slf4j-parent-1.7.30.pom (14 kB at 445 kB/s)
[INFO] Downloading from central: https://repo.maven.apache.org/maven2/org/eclipse/jgit/org.eclipse.jgit.ssh.jsch/5.12.0.202106070339-r/org.eclipse.jgit.ssh.jsch-5.12.0.202106070339-r.pom
[INFO] Downloaded from central: https://repo.maven.apache.org/maven2/org/eclipse/jgit/org.eclipse.jgit.ssh.jsch/5.12.0.202106070339-r/org.eclipse.jgit.ssh.jsch-5.12.0.202106070339-r.pom (7.2 kB at 226 kB/s)
[INFO] Downloading from central: https://repo.maven.apache.org/maven2/com/jcraft/jsch/0.1.55/jsch-0.1.55.pom
[INFO] Downloaded from central: https://repo.maven.apache.org/maven2/com/jcraft/jsch/0.1.55/jsch-0.1.55.pom (3.2 kB at 104 kB/s)
[INFO] Downloading from central: https://repo.maven.apache.org/maven2/org/sonatype/oss/oss-parent/6/oss-parent-6.pom
[INFO] Downloaded from central: https://repo.maven.apache.org/maven2/org/sonatype/oss/oss-parent/6/oss-parent-6.pom (4.8 kB at 151 kB/s)
[INFO] Downloading from central: https://repo.maven.apache.org/maven2/com/jcraft/jzlib/1.1.1/jzlib-1.1.1.pom
[INFO] Downloaded from central: https://repo.maven.apache.org/maven2/com/jcraft/jzlib/1.1.1/jzlib-1.1.1.pom (3.1 kB at 96 kB/s)
[INFO] Downloading from central: https://repo.maven.apache.org/maven2/joda-time/joda-time/2.10.10/joda-time-2.10.10.pom
[INFO] Downloaded from central: https://repo.maven.apache.org/maven2/joda-time/joda-time/2.10.10/joda-time-2.10.10.pom (37 kB at 1.1 MB/s)
[INFO] Downloading from central: https://repo.maven.apache.org/maven2/org/sonatype/plexus/plexus-build-api/0.0.7/plexus-build-api-0.0.7.pom
[INFO] Downloaded from central: https://repo.maven.apache.org/maven2/org/sonatype/plexus/plexus-build-api/0.0.7/plexus-build-api-0.0.7.pom (3.2 kB at 107 kB/s)
[INFO] Downloading from central: https://repo.maven.apache.org/maven2/org/sonatype/spice/spice-parent/15/spice-parent-15.pom
[INFO] Downloaded from central: https://repo.maven.apache.org/maven2/org/sonatype/spice/spice-parent/15/spice-parent-15.pom (8.4 kB at 253 kB/s)
[INFO] Downloading from central: https://repo.maven.apache.org/maven2/nu/studer/java-ordered-properties/1.0.4/java-ordered-properties-1.0.4.pom
[INFO] Downloaded from central: https://repo.maven.apache.org/maven2/nu/studer/java-ordered-properties/1.0.4/java-ordered-properties-1.0.4.pom (1.4 kB at 42 kB/s)
[INFO] Downloading from central: https://repo.maven.apache.org/maven2/javax/json/javax.json-api/1.1.4/javax.json-api-1.1.4.pom
[INFO] Downloaded from central: https://repo.maven.apache.org/maven2/javax/json/javax.json-api/1.1.4/javax.json-api-1.1.4.pom (6.7 kB at 209 kB/s)
[INFO] Downloading from central: https://repo.maven.apache.org/maven2/org/glassfish/json/1.1.4/json-1.1.4.pom
[INFO] Downloaded from central: https://repo.maven.apache.org/maven2/org/glassfish/json/1.1.4/json-1.1.4.pom (18 kB at 429 kB/s)
[INFO] Downloading from central: https://repo.maven.apache.org/maven2/net/java/jvnet-parent/5/jvnet-parent-5.pom
[INFO] Downloaded from central: https://repo.maven.apache.org/maven2/net/java/jvnet-parent/5/jvnet-parent-5.pom (8.9 kB at 286 kB/s)
[INFO] Downloading from central: https://repo.maven.apache.org/maven2/org/glassfish/javax.json/1.1.4/javax.json-1.1.4.pom
[INFO] Downloaded from central: https://repo.maven.apache.org/maven2/org/glassfish/javax.json/1.1.4/javax.json-1.1.4.pom (12 kB at 384 kB/s)
[INFO] Downloading from central: https://repo.maven.apache.org/maven2/org/apache/maven/maven-plugin-api/3.1.0-alpha-1/maven-plugin-api-3.1.0-alpha-1.jar
[INFO] Downloading from central: https://repo.maven.apache.org/maven2/org/apache/maven/maven-model/3.1.0-alpha-1/maven-model-3.1.0-alpha-1.jar
[INFO] Downloading from central: https://repo.maven.apache.org/maven2/org/apache/maven/maven-artifact/3.1.0-alpha-1/maven-artifact-3.1.0-alpha-1.jar
[INFO] Downloading from central: https://repo.maven.apache.org/maven2/org/eclipse/sisu/org.eclipse.sisu.plexus/0.0.0.M2a/org.eclipse.sisu.plexus-0.0.0.M2a.jar
[INFO] Downloading from central: https://repo.maven.apache.org/maven2/javax/enterprise/cdi-api/1.0/cdi-api-1.0.jar
[INFO] Downloaded from central: https://repo.maven.apache.org/maven2/org/apache/maven/maven-plugin-api/3.1.0-alpha-1/maven-plugin-api-3.1.0-alpha-1.jar (50 kB at 1.3 MB/s)
[INFO] Downloading from central: https://repo.maven.apache.org/maven2/javax/annotation/jsr250-api/1.0/jsr250-api-1.0.jar
[INFO] Downloaded from central: https://repo.maven.apache.org/maven2/javax/annotation/jsr250-api/1.0/jsr250-api-1.0.jar (5.8 kB at 87 kB/s)
[INFO] Downloading from central: https://repo.maven.apache.org/maven2/javax/inject/javax.inject/1/javax.inject-1.jar
[INFO] Downloaded from central: https://repo.maven.apache.org/maven2/javax/enterprise/cdi-api/1.0/cdi-api-1.0.jar (45 kB at 478 kB/s)
[INFO] Downloading from central: https://repo.maven.apache.org/maven2/com/google/guava/guava/10.0.1/guava-10.0.1.jar
[INFO] Downloaded from central: https://repo.maven.apache.org/maven2/javax/inject/javax.inject/1/javax.inject-1.jar (2.5 kB at 26 kB/s)
[INFO] Downloading from central: https://repo.maven.apache.org/maven2/org/sonatype/sisu/sisu-guice/3.1.0/sisu-guice-3.1.0-no_aop.jar
[INFO] Downloaded from central: https://repo.maven.apache.org/maven2/org/apache/maven/maven-artifact/3.1.0-alpha-1/maven-artifact-3.1.0-alpha-1.jar (52 kB at 479 kB/s)
[INFO] Downloading from central: https://repo.maven.apache.org/maven2/aopalliance/aopalliance/1.0/aopalliance-1.0.jar
[INFO] Downloaded from central: https://repo.maven.apache.org/maven2/org/apache/maven/maven-model/3.1.0-alpha-1/maven-model-3.1.0-alpha-1.jar (164 kB at 1.5 MB/s)
[INFO] Downloading from central: https://repo.maven.apache.org/maven2/org/eclipse/sisu/org.eclipse.sisu.inject/0.0.0.M2a/org.eclipse.sisu.inject-0.0.0.M2a.jar
[INFO] Downloaded from central: https://repo.maven.apache.org/maven2/org/eclipse/sisu/org.eclipse.sisu.plexus/0.0.0.M2a/org.eclipse.sisu.plexus-0.0.0.M2a.jar (202 kB at 1.8 MB/s)
[INFO] Downloading from central: https://repo.maven.apache.org/maven2/asm/asm/3.3.1/asm-3.3.1.jar
[INFO] Downloaded from central: https://repo.maven.apache.org/maven2/aopalliance/aopalliance/1.0/aopalliance-1.0.jar (4.5 kB at 33 kB/s)
[INFO] Downloading from central: https://repo.maven.apache.org/maven2/org/apache/maven/maven-core/3.1.0-alpha-1/maven-core-3.1.0-alpha-1.jar
[INFO] Downloaded from central: https://repo.maven.apache.org/maven2/asm/asm/3.3.1/asm-3.3.1.jar (44 kB at 309 kB/s)
[INFO] Downloading from central: https://repo.maven.apache.org/maven2/org/apache/maven/maven-settings/3.1.0-alpha-1/maven-settings-3.1.0-alpha-1.jar
[INFO] Downloaded from central: https://repo.maven.apache.org/maven2/org/sonatype/sisu/sisu-guice/3.1.0/sisu-guice-3.1.0-no_aop.jar (357 kB at 2.4 MB/s)
[INFO] Downloading from central: https://repo.maven.apache.org/maven2/org/apache/maven/maven-settings-builder/3.1.0-alpha-1/maven-settings-builder-3.1.0-alpha-1.jar
[INFO] Downloaded from central: https://repo.maven.apache.org/maven2/org/eclipse/sisu/org.eclipse.sisu.inject/0.0.0.M2a/org.eclipse.sisu.inject-0.0.0.M2a.jar (202 kB at 1.3 MB/s)
[INFO] Downloading from central: https://repo.maven.apache.org/maven2/org/apache/maven/maven-repository-metadata/3.1.0-alpha-1/maven-repository-metadata-3.1.0-alpha-1.jar
[INFO] Downloaded from central: https://repo.maven.apache.org/maven2/org/apache/maven/maven-settings/3.1.0-alpha-1/maven-settings-3.1.0-alpha-1.jar (47 kB at 270 kB/s)
[INFO] Downloading from central: https://repo.maven.apache.org/maven2/org/apache/maven/maven-model-builder/3.1.0-alpha-1/maven-model-builder-3.1.0-alpha-1.jar
[INFO] Downloaded from central: https://repo.maven.apache.org/maven2/org/apache/maven/maven-settings-builder/3.1.0-alpha-1/maven-settings-builder-3.1.0-alpha-1.jar (41 kB at 225 kB/s)
[INFO] Downloading from central: https://repo.maven.apache.org/maven2/org/apache/maven/maven-aether-provider/3.1.0-alpha-1/maven-aether-provider-3.1.0-alpha-1.jar
[INFO] Downloaded from central: https://repo.maven.apache.org/maven2/com/google/guava/guava/10.0.1/guava-10.0.1.jar (1.5 MB at 8.1 MB/s)
[INFO] Downloading from central: https://repo.maven.apache.org/maven2/org/eclipse/aether/aether-spi/0.9.0.M2/aether-spi-0.9.0.M2.jar
[INFO] Downloaded from central: https://repo.maven.apache.org/maven2/org/apache/maven/maven-repository-metadata/3.1.0-alpha-1/maven-repository-metadata-3.1.0-alpha-1.jar (30 kB at 156 kB/s)
[INFO] Downloading from central: https://repo.maven.apache.org/maven2/org/eclipse/aether/aether-impl/0.9.0.M2/aether-impl-0.9.0.M2.jar
[INFO] Downloaded from central: https://repo.maven.apache.org/maven2/org/apache/maven/maven-core/3.1.0-alpha-1/maven-core-3.1.0-alpha-1.jar (563 kB at 2.7 MB/s)
[INFO] Downloading from central: https://repo.maven.apache.org/maven2/org/eclipse/aether/aether-api/0.9.0.M2/aether-api-0.9.0.M2.jar
[INFO] Downloaded from central: https://repo.maven.apache.org/maven2/org/apache/maven/maven-model-builder/3.1.0-alpha-1/maven-model-builder-3.1.0-alpha-1.jar (159 kB at 759 kB/s)
[INFO] Downloading from central: https://repo.maven.apache.org/maven2/org/eclipse/aether/aether-util/0.9.0.M2/aether-util-0.9.0.M2.jar
[INFO] Downloaded from central: https://repo.maven.apache.org/maven2/org/eclipse/aether/aether-spi/0.9.0.M2/aether-spi-0.9.0.M2.jar (18 kB at 82 kB/s)
[INFO] Downloading from central: https://repo.maven.apache.org/maven2/org/codehaus/plexus/plexus-interpolation/1.16/plexus-interpolation-1.16.jar
[INFO] Downloaded from central: https://repo.maven.apache.org/maven2/org/apache/maven/maven-aether-provider/3.1.0-alpha-1/maven-aether-provider-3.1.0-alpha-1.jar (60 kB at 276 kB/s)
[INFO] Downloading from central: https://repo.maven.apache.org/maven2/org/codehaus/plexus/plexus-utils/3.0.10/plexus-utils-3.0.10.jar
[INFO] Downloaded from central: https://repo.maven.apache.org/maven2/org/eclipse/aether/aether-impl/0.9.0.M2/aether-impl-0.9.0.M2.jar (145 kB at 641 kB/s)
[INFO] Downloading from central: https://repo.maven.apache.org/maven2/org/codehaus/plexus/plexus-classworlds/2.4.2/plexus-classworlds-2.4.2.jar
[INFO] Downloaded from central: https://repo.maven.apache.org/maven2/org/eclipse/aether/aether-util/0.9.0.M2/aether-util-0.9.0.M2.jar (134 kB at 552 kB/s)
[INFO] Downloading from central: https://repo.maven.apache.org/maven2/io/github/git-commit-id/git-commit-id-plugin-core/5.0.0/git-commit-id-plugin-core-5.0.0.jar
[INFO] Downloaded from central: https://repo.maven.apache.org/maven2/org/eclipse/aether/aether-api/0.9.0.M2/aether-api-0.9.0.M2.jar (134 kB at 551 kB/s)
[INFO] Downloading from central: https://repo.maven.apache.org/maven2/org/eclipse/jgit/org.eclipse.jgit/5.12.0.202106070339-r/org.eclipse.jgit-5.12.0.202106070339-r.jar
[INFO] Downloaded from central: https://repo.maven.apache.org/maven2/org/codehaus/plexus/plexus-utils/3.0.10/plexus-utils-3.0.10.jar (231 kB at 916 kB/s)
[INFO] Downloading from central: https://repo.maven.apache.org/maven2/com/googlecode/javaewah/JavaEWAH/1.1.7/JavaEWAH-1.1.7.jar
[INFO] Downloaded from central: https://repo.maven.apache.org/maven2/org/codehaus/plexus/plexus-interpolation/1.16/plexus-interpolation-1.16.jar (61 kB at 240 kB/s)
[INFO] Downloading from central: https://repo.maven.apache.org/maven2/org/slf4j/slf4j-api/1.7.30/slf4j-api-1.7.30.jar
[INFO] Downloaded from central: https://repo.maven.apache.org/maven2/org/codehaus/plexus/plexus-classworlds/2.4.2/plexus-classworlds-2.4.2.jar (47 kB at 183 kB/s)
[INFO] Downloading from central: https://repo.maven.apache.org/maven2/org/eclipse/jgit/org.eclipse.jgit.ssh.jsch/5.12.0.202106070339-r/org.eclipse.jgit.ssh.jsch-5.12.0.202106070339-r.jar
[INFO] Downloaded from central: https://repo.maven.apache.org/maven2/io/github/git-commit-id/git-commit-id-plugin-core/5.0.0/git-commit-id-plugin-core-5.0.0.jar (94 kB at 340 kB/s)
[INFO] Downloading from central: https://repo.maven.apache.org/maven2/com/jcraft/jsch/0.1.55/jsch-0.1.55.jar
[INFO] Downloaded from central: https://repo.maven.apache.org/maven2/com/googlecode/javaewah/JavaEWAH/1.1.7/JavaEWAH-1.1.7.jar (166 kB at 581 kB/s)
[INFO] Downloading from central: https://repo.maven.apache.org/maven2/com/jcraft/jzlib/1.1.1/jzlib-1.1.1.jar
[INFO] Downloaded from central: https://repo.maven.apache.org/maven2/org/slf4j/slf4j-api/1.7.30/slf4j-api-1.7.30.jar (41 kB at 144 kB/s)
[INFO] Downloading from central: https://repo.maven.apache.org/maven2/joda-time/joda-time/2.10.10/joda-time-2.10.10.jar
[INFO] Downloaded from central: https://repo.maven.apache.org/maven2/org/eclipse/jgit/org.eclipse.jgit.ssh.jsch/5.12.0.202106070339-r/org.eclipse.jgit.ssh.jsch-5.12.0.202106070339-r.jar (38 kB at 132 kB/s)
[INFO] Downloading from central: https://repo.maven.apache.org/maven2/org/sonatype/plexus/plexus-build-api/0.0.7/plexus-build-api-0.0.7.jar
[INFO] Downloaded from central: https://repo.maven.apache.org/maven2/com/jcraft/jsch/0.1.55/jsch-0.1.55.jar (283 kB at 900 kB/s)
[INFO] Downloading from central: https://repo.maven.apache.org/maven2/nu/studer/java-ordered-properties/1.0.4/java-ordered-properties-1.0.4.jar
[INFO] Downloaded from central: https://repo.maven.apache.org/maven2/org/sonatype/plexus/plexus-build-api/0.0.7/plexus-build-api-0.0.7.jar (8.5 kB at 27 kB/s)
[INFO] Downloading from central: https://repo.maven.apache.org/maven2/javax/json/javax.json-api/1.1.4/javax.json-api-1.1.4.jar
[INFO] Downloaded from central: https://repo.maven.apache.org/maven2/com/jcraft/jzlib/1.1.1/jzlib-1.1.1.jar (70 kB at 215 kB/s)
[INFO] Downloading from central: https://repo.maven.apache.org/maven2/org/glassfish/javax.json/1.1.4/javax.json-1.1.4.jar
[INFO] Downloaded from central: https://repo.maven.apache.org/maven2/joda-time/joda-time/2.10.10/joda-time-2.10.10.jar (644 kB at 1.9 MB/s)
[INFO] Downloading from central: https://repo.maven.apache.org/maven2/com/google/code/findbugs/jsr305/3.0.2/jsr305-3.0.2.jar
[INFO] Downloaded from central: https://repo.maven.apache.org/maven2/nu/studer/java-ordered-properties/1.0.4/java-ordered-properties-1.0.4.jar (8.9 kB at 26 kB/s)
[INFO] Downloaded from central: https://repo.maven.apache.org/maven2/javax/json/javax.json-api/1.1.4/javax.json-api-1.1.4.jar (31 kB at 89 kB/s)
[INFO] Downloaded from central: https://repo.maven.apache.org/maven2/org/glassfish/javax.json/1.1.4/javax.json-1.1.4.jar (129 kB at 362 kB/s)
[INFO] Downloaded from central: https://repo.maven.apache.org/maven2/com/google/code/findbugs/jsr305/3.0.2/jsr305-3.0.2.jar (0 B at 0 B/s)
[INFO] Downloaded from central: https://repo.maven.apache.org/maven2/org/eclipse/jgit/org.eclipse.jgit/5.12.0.202106070339-r/org.eclipse.jgit-5.12.0.202106070339-r.jar (2.8 MB at 7.9 MB/s)
[INFO] 
[INFO] --- maven-resources-plugin:2.6:resources (default-resources) @ SlimeGlue ---
[INFO] Using 'UTF-8' encoding to copy filtered resources.
[INFO] Copying 1 resource
[INFO] 
[INFO] --- maven-compiler-plugin:3.11.0:compile (default-compile) @ SlimeGlue ---
[INFO] Downloading from central: https://repo.maven.apache.org/maven2/org/apache/apache/23/apache-23.pom
[INFO] Downloaded from central: https://repo.maven.apache.org/maven2/org/apache/apache/23/apache-23.pom (0 B at 0 B/s)
[INFO] Downloading from central: https://repo.maven.apache.org/maven2/org/apache/commons/commons-parent/42/commons-parent-42.pom
[INFO] Downloaded from central: https://repo.maven.apache.org/maven2/org/apache/commons/commons-parent/42/commons-parent-42.pom (0 B at 0 B/s)
[INFO] Downloading from central: https://repo.maven.apache.org/maven2/org/apache/apache/18/apache-18.pom
[INFO] Downloaded from central: https://repo.maven.apache.org/maven2/org/apache/apache/18/apache-18.pom (0 B at 0 B/s)
[INFO] Changes detected - recompiling the module! :dependency
[INFO] Compiling 20 source files with javac [debug target 16] to target/classes
[WARNING] system modules path not set in conjunction with -source 16
[INFO] 
[INFO] --- maven-resources-plugin:2.6:testResources (default-testResources) @ SlimeGlue ---
[INFO] Using 'UTF-8' encoding to copy filtered resources.
[INFO] skip non existing resourceDirectory /home/runner/work/guizhan-builds/guizhan-builds/static/f/Xzavier0722/SlimeGlue/master/workspace/src/test/resources
[INFO] 
[INFO] --- maven-compiler-plugin:3.11.0:testCompile (default-testCompile) @ SlimeGlue ---
[INFO] No sources to compile
[INFO] 
[INFO] --- maven-surefire-plugin:2.12.4:test (default-test) @ SlimeGlue ---
[INFO] No tests to run.
[INFO] 
[INFO] --- maven-jar-plugin:2.4:jar (default-jar) @ SlimeGlue ---
[INFO] Building jar: /home/runner/work/guizhan-builds/guizhan-builds/static/f/Xzavier0722/SlimeGlue/master/workspace/target/SlimeGlue-Build 20 (git 0543427).jar
[INFO] 
[INFO] --- maven-shade-plugin:3.4.1:shade (default) @ SlimeGlue ---
[INFO] Downloading from central: https://repo.maven.apache.org/maven2/org/apache/apache/21/apache-21.pom
[INFO] Downloaded from central: https://repo.maven.apache.org/maven2/org/apache/apache/21/apache-21.pom (0 B at 0 B/s)
[INFO] Replacing original artifact with shaded artifact.
[INFO] Replacing /home/runner/work/guizhan-builds/guizhan-builds/static/f/Xzavier0722/SlimeGlue/master/workspace/target/SlimeGlue-Build 20 (git 0543427).jar with /home/runner/work/guizhan-builds/guizhan-builds/static/f/Xzavier0722/SlimeGlue/master/workspace/target/SlimeGlue-Build 20 (git 0543427)-shaded.jar
[INFO] ------------------------------------------------------------------------
[INFO] BUILD SUCCESS
[INFO] ------------------------------------------------------------------------
[INFO] Total time:  46.651 s
[INFO] Finished at: 2023-03-19T15:22:59Z
[INFO] ------------------------------------------------------------------------
