[INFO] Scanning for projects...
[INFO] 
[INFO] ---------------< io.github.thebusybiscuit:ExoticGarden >----------------
[INFO] Building ExoticGarden Build 2 zh-CN(haiman233) (git 9b6fdd4)
[INFO] --------------------------------[ jar ]---------------------------------
[INFO] Downloading from central: https://repo.maven.apache.org/maven2/org/apache/maven/plugins/maven-clean-plugin/2.5/maven-clean-plugin-2.5.pom
[INFO] Downloaded from central: https://repo.maven.apache.org/maven2/org/apache/maven/plugins/maven-clean-plugin/2.5/maven-clean-plugin-2.5.pom (3.9 kB at 15 kB/s)
[INFO] Downloading from central: https://repo.maven.apache.org/maven2/org/apache/maven/plugins/maven-plugins/22/maven-plugins-22.pom
[INFO] Downloaded from central: https://repo.maven.apache.org/maven2/org/apache/maven/plugins/maven-plugins/22/maven-plugins-22.pom (13 kB at 296 kB/s)
[INFO] Downloading from central: https://repo.maven.apache.org/maven2/org/apache/maven/maven-parent/21/maven-parent-21.pom
[INFO] Downloaded from central: https://repo.maven.apache.org/maven2/org/apache/maven/maven-parent/21/maven-parent-21.pom (26 kB at 799 kB/s)
[INFO] Downloading from central: https://repo.maven.apache.org/maven2/org/apache/apache/10/apache-10.pom
[INFO] Downloaded from central: https://repo.maven.apache.org/maven2/org/apache/apache/10/apache-10.pom (15 kB at 617 kB/s)
[INFO] Downloading from central: https://repo.maven.apache.org/maven2/org/apache/maven/plugins/maven-clean-plugin/2.5/maven-clean-plugin-2.5.jar
[INFO] Downloaded from central: https://repo.maven.apache.org/maven2/org/apache/maven/plugins/maven-clean-plugin/2.5/maven-clean-plugin-2.5.jar (25 kB at 985 kB/s)
[INFO] Downloading from central: https://repo.maven.apache.org/maven2/org/apache/maven/plugins/maven-resources-plugin/2.6/maven-resources-plugin-2.6.pom
[INFO] Downloaded from central: https://repo.maven.apache.org/maven2/org/apache/maven/plugins/maven-resources-plugin/2.6/maven-resources-plugin-2.6.pom (8.1 kB at 219 kB/s)
[INFO] Downloading from central: https://repo.maven.apache.org/maven2/org/apache/maven/plugins/maven-plugins/23/maven-plugins-23.pom
[INFO] Downloaded from central: https://repo.maven.apache.org/maven2/org/apache/maven/plugins/maven-plugins/23/maven-plugins-23.pom (9.2 kB at 383 kB/s)
[INFO] Downloading from central: https://repo.maven.apache.org/maven2/org/apache/maven/maven-parent/22/maven-parent-22.pom
[INFO] Downloaded from central: https://repo.maven.apache.org/maven2/org/apache/maven/maven-parent/22/maven-parent-22.pom (30 kB at 1.2 MB/s)
[INFO] Downloading from central: https://repo.maven.apache.org/maven2/org/apache/apache/11/apache-11.pom
[INFO] Downloaded from central: https://repo.maven.apache.org/maven2/org/apache/apache/11/apache-11.pom (15 kB at 570 kB/s)
[INFO] Downloading from central: https://repo.maven.apache.org/maven2/org/apache/maven/plugins/maven-resources-plugin/2.6/maven-resources-plugin-2.6.jar
[INFO] Downloaded from central: https://repo.maven.apache.org/maven2/org/apache/maven/plugins/maven-resources-plugin/2.6/maven-resources-plugin-2.6.jar (30 kB at 1.2 MB/s)
[INFO] Downloading from central: https://repo.maven.apache.org/maven2/org/apache/maven/plugins/maven-compiler-plugin/3.1/maven-compiler-plugin-3.1.pom
[INFO] Downloaded from central: https://repo.maven.apache.org/maven2/org/apache/maven/plugins/maven-compiler-plugin/3.1/maven-compiler-plugin-3.1.pom (10 kB at 408 kB/s)
[INFO] Downloading from central: https://repo.maven.apache.org/maven2/org/apache/maven/plugins/maven-plugins/24/maven-plugins-24.pom
[INFO] Downloaded from central: https://repo.maven.apache.org/maven2/org/apache/maven/plugins/maven-plugins/24/maven-plugins-24.pom (11 kB at 491 kB/s)
[INFO] Downloading from central: https://repo.maven.apache.org/maven2/org/apache/maven/maven-parent/23/maven-parent-23.pom
[INFO] Downloaded from central: https://repo.maven.apache.org/maven2/org/apache/maven/maven-parent/23/maven-parent-23.pom (33 kB at 795 kB/s)
[INFO] Downloading from central: https://repo.maven.apache.org/maven2/org/apache/apache/13/apache-13.pom
[INFO] Downloaded from central: https://repo.maven.apache.org/maven2/org/apache/apache/13/apache-13.pom (14 kB at 635 kB/s)
[INFO] Downloading from central: https://repo.maven.apache.org/maven2/org/apache/maven/plugins/maven-compiler-plugin/3.1/maven-compiler-plugin-3.1.jar
[INFO] Downloaded from central: https://repo.maven.apache.org/maven2/org/apache/maven/plugins/maven-compiler-plugin/3.1/maven-compiler-plugin-3.1.jar (43 kB at 1.7 MB/s)
[INFO] Downloading from central: https://repo.maven.apache.org/maven2/org/apache/maven/plugins/maven-surefire-plugin/2.12.4/maven-surefire-plugin-2.12.4.pom
[INFO] Downloaded from central: https://repo.maven.apache.org/maven2/org/apache/maven/plugins/maven-surefire-plugin/2.12.4/maven-surefire-plugin-2.12.4.pom (10 kB at 317 kB/s)
[INFO] Downloading from central: https://repo.maven.apache.org/maven2/org/apache/maven/surefire/surefire/2.12.4/surefire-2.12.4.pom
[INFO] Downloaded from central: https://repo.maven.apache.org/maven2/org/apache/maven/surefire/surefire/2.12.4/surefire-2.12.4.pom (14 kB at 336 kB/s)
[INFO] Downloading from central: https://repo.maven.apache.org/maven2/org/apache/maven/plugins/maven-surefire-plugin/2.12.4/maven-surefire-plugin-2.12.4.jar
[INFO] Downloaded from central: https://repo.maven.apache.org/maven2/org/apache/maven/plugins/maven-surefire-plugin/2.12.4/maven-surefire-plugin-2.12.4.jar (30 kB at 1.3 MB/s)
[INFO] Downloading from central: https://repo.maven.apache.org/maven2/org/apache/maven/plugins/maven-jar-plugin/2.4/maven-jar-plugin-2.4.pom
[INFO] Downloaded from central: https://repo.maven.apache.org/maven2/org/apache/maven/plugins/maven-jar-plugin/2.4/maven-jar-plugin-2.4.pom (5.8 kB at 162 kB/s)
[INFO] Downloading from central: https://repo.maven.apache.org/maven2/org/apache/maven/plugins/maven-jar-plugin/2.4/maven-jar-plugin-2.4.jar
[INFO] Downloaded from central: https://repo.maven.apache.org/maven2/org/apache/maven/plugins/maven-jar-plugin/2.4/maven-jar-plugin-2.4.jar (34 kB at 1.1 MB/s)
[INFO] Downloading from central: https://repo.maven.apache.org/maven2/org/apache/maven/plugins/maven-shade-plugin/3.2.4/maven-shade-plugin-3.2.4.pom
[INFO] Downloaded from central: https://repo.maven.apache.org/maven2/org/apache/maven/plugins/maven-shade-plugin/3.2.4/maven-shade-plugin-3.2.4.pom (11 kB at 489 kB/s)
[INFO] Downloading from central: https://repo.maven.apache.org/maven2/org/apache/maven/plugins/maven-plugins/34/maven-plugins-34.pom
[INFO] Downloaded from central: https://repo.maven.apache.org/maven2/org/apache/maven/plugins/maven-plugins/34/maven-plugins-34.pom (11 kB at 427 kB/s)
[INFO] Downloading from central: https://repo.maven.apache.org/maven2/org/apache/maven/maven-parent/34/maven-parent-34.pom
[INFO] Downloaded from central: https://repo.maven.apache.org/maven2/org/apache/maven/maven-parent/34/maven-parent-34.pom (43 kB at 1.9 MB/s)
[INFO] Downloading from central: https://repo.maven.apache.org/maven2/org/apache/apache/23/apache-23.pom
[INFO] Downloaded from central: https://repo.maven.apache.org/maven2/org/apache/apache/23/apache-23.pom (18 kB at 837 kB/s)
[INFO] Downloading from central: https://repo.maven.apache.org/maven2/org/apache/maven/plugins/maven-shade-plugin/3.2.4/maven-shade-plugin-3.2.4.jar
[INFO] Downloaded from central: https://repo.maven.apache.org/maven2/org/apache/maven/plugins/maven-shade-plugin/3.2.4/maven-shade-plugin-3.2.4.jar (134 kB at 4.3 MB/s)
[INFO] Downloading from paper-repo: https://repo.destroystokyo.com/repository/maven-public/org/spigotmc/spigot-api/1.17.1-R0.1-SNAPSHOT/maven-metadata.xml
[INFO] Downloading from spigot-repo: https://hub.spigotmc.org/nexus/content/repositories/snapshots/org/spigotmc/spigot-api/1.17.1-R0.1-SNAPSHOT/maven-metadata.xml
[INFO] Downloading from jitpack.io: https://jitpack.io/org/spigotmc/spigot-api/1.17.1-R0.1-SNAPSHOT/maven-metadata.xml
[INFO] Downloading from bstats-repo: https://repo.codemc.org/repository/maven-public/org/spigotmc/spigot-api/1.17.1-R0.1-SNAPSHOT/maven-metadata.xml
[INFO] Downloaded from spigot-repo: https://hub.spigotmc.org/nexus/content/repositories/snapshots/org/spigotmc/spigot-api/1.17.1-R0.1-SNAPSHOT/maven-metadata.xml (1.5 kB at 3.2 kB/s)
[INFO] Downloaded from paper-repo: https://repo.destroystokyo.com/repository/maven-public/org/spigotmc/spigot-api/1.17.1-R0.1-SNAPSHOT/maven-metadata.xml (1.5 kB at 38 B/s)
[INFO] Downloading from paper-repo: https://repo.destroystokyo.com/repository/maven-public/org/spigotmc/spigot-api/1.17.1-R0.1-SNAPSHOT/spigot-api-1.17.1-R0.1-20211121.234319-104.pom
[INFO] Downloaded from paper-repo: https://repo.destroystokyo.com/repository/maven-public/org/spigotmc/spigot-api/1.17.1-R0.1-SNAPSHOT/spigot-api-1.17.1-R0.1-20211121.234319-104.pom (10 kB at 560 B/s)
[INFO] Downloading from paper-repo: https://repo.destroystokyo.com/repository/maven-public/commons-lang/commons-lang/2.6/commons-lang-2.6.pom
[INFO] Downloading from spigot-repo: https://hub.spigotmc.org/nexus/content/repositories/snapshots/commons-lang/commons-lang/2.6/commons-lang-2.6.pom
[INFO] Downloading from jitpack.io: https://jitpack.io/commons-lang/commons-lang/2.6/commons-lang-2.6.pom
[INFO] Downloading from bstats-repo: https://repo.codemc.org/repository/maven-public/commons-lang/commons-lang/2.6/commons-lang-2.6.pom
[INFO] Downloading from central: https://repo.maven.apache.org/maven2/commons-lang/commons-lang/2.6/commons-lang-2.6.pom
[INFO] Downloaded from central: https://repo.maven.apache.org/maven2/commons-lang/commons-lang/2.6/commons-lang-2.6.pom (17 kB at 583 kB/s)
[INFO] Downloading from paper-repo: https://repo.destroystokyo.com/repository/maven-public/org/apache/commons/commons-parent/17/commons-parent-17.pom
[INFO] Downloaded from paper-repo: https://repo.destroystokyo.com/repository/maven-public/org/apache/commons/commons-parent/17/commons-parent-17.pom (31 kB at 15 kB/s)
[INFO] Downloading from paper-repo: https://repo.destroystokyo.com/repository/maven-public/org/apache/apache/7/apache-7.pom
[INFO] Downloaded from paper-repo: https://repo.destroystokyo.com/repository/maven-public/org/apache/apache/7/apache-7.pom (14 kB at 17 kB/s)
[INFO] Downloading from paper-repo: https://repo.destroystokyo.com/repository/maven-public/com/google/guava/guava/21.0/guava-21.0.pom
[INFO] Downloaded from paper-repo: https://repo.destroystokyo.com/repository/maven-public/com/google/guava/guava/21.0/guava-21.0.pom (7.0 kB at 8.3 kB/s)
[INFO] Downloading from paper-repo: https://repo.destroystokyo.com/repository/maven-public/com/google/guava/guava-parent/21.0/guava-parent-21.0.pom
[INFO] Downloaded from paper-repo: https://repo.destroystokyo.com/repository/maven-public/com/google/guava/guava-parent/21.0/guava-parent-21.0.pom (9.7 kB at 12 kB/s)
[INFO] Downloading from paper-repo: https://repo.destroystokyo.com/repository/maven-public/org/sonatype/oss/oss-parent/7/oss-parent-7.pom
[INFO] Downloaded from paper-repo: https://repo.destroystokyo.com/repository/maven-public/org/sonatype/oss/oss-parent/7/oss-parent-7.pom (4.8 kB at 5.9 kB/s)
[INFO] Downloading from paper-repo: https://repo.destroystokyo.com/repository/maven-public/com/google/code/gson/gson/2.8.0/gson-2.8.0.pom
[INFO] Downloaded from paper-repo: https://repo.destroystokyo.com/repository/maven-public/com/google/code/gson/gson/2.8.0/gson-2.8.0.pom (1.4 kB at 1.8 kB/s)
[INFO] Downloading from paper-repo: https://repo.destroystokyo.com/repository/maven-public/com/google/code/gson/gson-parent/2.8.0/gson-parent-2.8.0.pom
[INFO] Downloaded from paper-repo: https://repo.destroystokyo.com/repository/maven-public/com/google/code/gson/gson-parent/2.8.0/gson-parent-2.8.0.pom (3.5 kB at 4.3 kB/s)
[INFO] Downloading from paper-repo: https://repo.destroystokyo.com/repository/maven-public/net/md-5/bungeecord-chat/1.16-R0.4/bungeecord-chat-1.16-R0.4.pom
[INFO] Downloaded from paper-repo: https://repo.destroystokyo.com/repository/maven-public/net/md-5/bungeecord-chat/1.16-R0.4/bungeecord-chat-1.16-R0.4.pom (978 B at 1.2 kB/s)
[INFO] Downloading from paper-repo: https://repo.destroystokyo.com/repository/maven-public/net/md-5/bungeecord-parent/1.16-R0.4/bungeecord-parent-1.16-R0.4.pom
[INFO] Downloaded from paper-repo: https://repo.destroystokyo.com/repository/maven-public/net/md-5/bungeecord-parent/1.16-R0.4/bungeecord-parent-1.16-R0.4.pom (10 kB at 12 kB/s)
[INFO] Downloading from paper-repo: https://repo.destroystokyo.com/repository/maven-public/org/yaml/snakeyaml/1.28/snakeyaml-1.28.pom
[INFO] Downloaded from paper-repo: https://repo.destroystokyo.com/repository/maven-public/org/yaml/snakeyaml/1.28/snakeyaml-1.28.pom (37 kB at 37 kB/s)
[INFO] Downloading from paper-repo: https://repo.destroystokyo.com/repository/maven-public/com/github/slimefun/Slimefun4/RC-27/Slimefun4-RC-27.pom
[INFO] Downloading from spigot-repo: https://hub.spigotmc.org/nexus/content/repositories/snapshots/com/github/slimefun/Slimefun4/RC-27/Slimefun4-RC-27.pom
[INFO] Downloading from jitpack.io: https://jitpack.io/com/github/slimefun/Slimefun4/RC-27/Slimefun4-RC-27.pom
[INFO] Downloaded from jitpack.io: https://jitpack.io/com/github/slimefun/Slimefun4/RC-27/Slimefun4-RC-27.pom (14 kB at 123 kB/s)
[INFO] Downloading from paper-repo: https://repo.destroystokyo.com/repository/maven-public/com/google/code/findbugs/jsr305/3.0.2/jsr305-3.0.2.pom
[INFO] Downloaded from paper-repo: https://repo.destroystokyo.com/repository/maven-public/com/google/code/findbugs/jsr305/3.0.2/jsr305-3.0.2.pom (4.3 kB at 5.2 kB/s)
[INFO] Downloading from paper-repo: https://repo.destroystokyo.com/repository/maven-public/org/bstats/bstats-bukkit/2.2.1/bstats-bukkit-2.2.1.pom
[INFO] Downloaded from paper-repo: https://repo.destroystokyo.com/repository/maven-public/org/bstats/bstats-bukkit/2.2.1/bstats-bukkit-2.2.1.pom (1.7 kB at 2.1 kB/s)
[INFO] Downloading from paper-repo: https://repo.destroystokyo.com/repository/maven-public/org/bstats/bstats-base/2.2.1/bstats-base-2.2.1.pom
[INFO] Downloaded from paper-repo: https://repo.destroystokyo.com/repository/maven-public/org/bstats/bstats-base/2.2.1/bstats-base-2.2.1.pom (1.5 kB at 1.9 kB/s)
[INFO] Downloading from paper-repo: https://repo.destroystokyo.com/repository/maven-public/net/guizhanss/GuizhanLib/0.5.3/GuizhanLib-0.5.3.pom
[INFO] Downloading from spigot-repo: https://hub.spigotmc.org/nexus/content/repositories/snapshots/net/guizhanss/GuizhanLib/0.5.3/GuizhanLib-0.5.3.pom
[INFO] Downloading from jitpack.io: https://jitpack.io/net/guizhanss/GuizhanLib/0.5.3/GuizhanLib-0.5.3.pom
[INFO] Downloaded from jitpack.io: https://jitpack.io/net/guizhanss/GuizhanLib/0.5.3/GuizhanLib-0.5.3.pom (4.2 kB at 76 kB/s)
[INFO] Downloading from paper-repo: https://repo.destroystokyo.com/repository/maven-public/org/spigotmc/spigot-api/1.17.1-R0.1-SNAPSHOT/spigot-api-1.17.1-R0.1-20211121.234319-104.jar
[INFO] Downloading from paper-repo: https://repo.destroystokyo.com/repository/maven-public/com/google/guava/guava/21.0/guava-21.0.jar
[INFO] Downloading from paper-repo: https://repo.destroystokyo.com/repository/maven-public/commons-lang/commons-lang/2.6/commons-lang-2.6.jar
[INFO] Downloading from paper-repo: https://repo.destroystokyo.com/repository/maven-public/com/google/code/gson/gson/2.8.0/gson-2.8.0.jar
[INFO] Downloading from paper-repo: https://repo.destroystokyo.com/repository/maven-public/net/md-5/bungeecord-chat/1.16-R0.4/bungeecord-chat-1.16-R0.4.jar
[INFO] Downloaded from paper-repo: https://repo.destroystokyo.com/repository/maven-public/net/md-5/bungeecord-chat/1.16-R0.4/bungeecord-chat-1.16-R0.4.jar (149 kB at 61 kB/s)
[INFO] Downloading from paper-repo: https://repo.destroystokyo.com/repository/maven-public/org/yaml/snakeyaml/1.28/snakeyaml-1.28.jar
[INFO] Downloaded from paper-repo: https://repo.destroystokyo.com/repository/maven-public/commons-lang/commons-lang/2.6/commons-lang-2.6.jar (284 kB at 114 kB/s)
[INFO] Downloading from paper-repo: https://repo.destroystokyo.com/repository/maven-public/com/github/slimefun/Slimefun4/RC-27/Slimefun4-RC-27.jar
[INFO] Downloaded from paper-repo: https://repo.destroystokyo.com/repository/maven-public/com/google/guava/guava/21.0/guava-21.0.jar (2.5 MB at 827 kB/s)
[INFO] Downloading from paper-repo: https://repo.destroystokyo.com/repository/maven-public/com/google/code/findbugs/jsr305/3.0.2/jsr305-3.0.2.jar
[INFO] Downloading from paper-repo: https://repo.destroystokyo.com/repository/maven-public/org/bstats/bstats-bukkit/2.2.1/bstats-bukkit-2.2.1.jar
[INFO] Downloaded from paper-repo: https://repo.destroystokyo.com/repository/maven-public/org/yaml/snakeyaml/1.28/snakeyaml-1.28.jar (327 kB at 77 kB/s)
[INFO] Downloading from paper-repo: https://repo.destroystokyo.com/repository/maven-public/org/bstats/bstats-base/2.2.1/bstats-base-2.2.1.jar
[INFO] Downloaded from paper-repo: https://repo.destroystokyo.com/repository/maven-public/com/google/code/findbugs/jsr305/3.0.2/jsr305-3.0.2.jar (20 kB at 4.6 kB/s)
[INFO] Downloading from paper-repo: https://repo.destroystokyo.com/repository/maven-public/net/guizhanss/GuizhanLib/0.5.3/GuizhanLib-0.5.3.jar
[INFO] Downloaded from paper-repo: https://repo.destroystokyo.com/repository/maven-public/org/bstats/bstats-base/2.2.1/bstats-base-2.2.1.jar (22 kB at 3.8 kB/s)
[INFO] Downloaded from paper-repo: https://repo.destroystokyo.com/repository/maven-public/com/google/code/gson/gson/2.8.0/gson-2.8.0.jar (232 kB at 39 kB/s)
[INFO] Downloaded from paper-repo: https://repo.destroystokyo.com/repository/maven-public/org/bstats/bstats-bukkit/2.2.1/bstats-bukkit-2.2.1.jar (4.1 kB at 623 B/s)
[INFO] Downloading from spigot-repo: https://hub.spigotmc.org/nexus/content/repositories/snapshots/com/github/slimefun/Slimefun4/RC-27/Slimefun4-RC-27.jar
[INFO] Downloading from spigot-repo: https://hub.spigotmc.org/nexus/content/repositories/snapshots/net/guizhanss/GuizhanLib/0.5.3/GuizhanLib-0.5.3.jar
[INFO] Downloading from jitpack.io: https://jitpack.io/com/github/slimefun/Slimefun4/RC-27/Slimefun4-RC-27.jar
[INFO] Downloading from jitpack.io: https://jitpack.io/net/guizhanss/GuizhanLib/0.5.3/GuizhanLib-0.5.3.jar
[INFO] Downloaded from jitpack.io: https://jitpack.io/net/guizhanss/GuizhanLib/0.5.3/GuizhanLib-0.5.3.jar (128 kB at 189 kB/s)
[INFO] Downloaded from jitpack.io: https://jitpack.io/com/github/slimefun/Slimefun4/RC-27/Slimefun4-RC-27.jar (4.3 MB at 3.7 MB/s)
[INFO] ------------------------------------------------------------------------
[INFO] BUILD FAILURE
[INFO] ------------------------------------------------------------------------
[INFO] Total time:  05:44 min
[INFO] Finished at: 2022-03-13T05:00:21Z
[INFO] ------------------------------------------------------------------------
[ERROR] Failed to execute goal on project ExoticGarden: Could not resolve dependencies for project io.github.thebusybiscuit:ExoticGarden:jar:Build 2 zh-CN(haiman233) (git 9b6fdd4): Could not transfer artifact org.spigotmc:spigot-api:jar:1.17.1-R0.1-20211121.234319-104 from/to paper-repo (https://repo.destroystokyo.com/repository/maven-public/): GET request of: org/spigotmc/spigot-api/1.17.1-R0.1-SNAPSHOT/spigot-api-1.17.1-R0.1-20211121.234319-104.jar from paper-repo failed: Premature end of Content-Length delimited message body (expected: 1,369,702; received: 15,907) -> [Help 1]
[ERROR] 
[ERROR] To see the full stack trace of the errors, re-run Maven with the -e switch.
[ERROR] Re-run Maven using the -X switch to enable full debug logging.
[ERROR] 
[ERROR] For more information about the errors and possible solutions, please read the following articles:
[ERROR] [Help 1] http://cwiki.apache.org/confluence/display/MAVEN/DependencyResolutionException
