[INFO] Scanning for projects...
[INFO] 
[INFO] --------------------< io.github.mooy1:SimpleUtils >---------------------
[INFO] Building SimpleUtils Build 1 zh-CN(baoad) (git 721f4c9)
[INFO] --------------------------------[ jar ]---------------------------------
[WARNING] The artifact org.apache.commons:commons-io:jar:1.3.2 has been relocated to commons-io:commons-io:jar:1.3.2: https://issues.sonatype.org/browse/MVNCENTRAL-244
[INFO] 
[INFO] --- maven-clean-plugin:2.5:clean (default-clean) @ SimpleUtils ---
[INFO] 
[INFO] --- maven-resources-plugin:2.6:resources (default-resources) @ SimpleUtils ---
[INFO] Using 'UTF-8' encoding to copy filtered resources.
[INFO] Copying 2 resources
[INFO] Copying 1 resource
[INFO] 
[INFO] --- maven-compiler-plugin:3.1:compile (default-compile) @ SimpleUtils ---
[INFO] Changes detected - recompiling the module!
[INFO] Compiling 7 source files to /home/runner/work/maven-builds/maven-builds/static/f/baoad/SimpleUtils/master/workspace/target/classes
[WARNING] /home/runner/work/maven-builds/maven-builds/static/f/baoad/SimpleUtils/master/workspace/src/main/java/io/github/mooy1/simpleutils/implementation/blocks/Workbench.java: /home/runner/work/maven-builds/maven-builds/static/f/baoad/SimpleUtils/master/workspace/src/main/java/io/github/mooy1/simpleutils/implementation/blocks/Workbench.java uses or overrides a deprecated API.
[WARNING] /home/runner/work/maven-builds/maven-builds/static/f/baoad/SimpleUtils/master/workspace/src/main/java/io/github/mooy1/simpleutils/implementation/blocks/Workbench.java: Recompile with -Xlint:deprecation for details.
[INFO] 
[INFO] --- maven-resources-plugin:2.6:testResources (default-testResources) @ SimpleUtils ---
[INFO] Using 'UTF-8' encoding to copy filtered resources.
[INFO] skip non existing resourceDirectory /home/runner/work/maven-builds/maven-builds/static/f/baoad/SimpleUtils/master/workspace/src/test/resources
[INFO] 
[INFO] --- maven-compiler-plugin:3.1:testCompile (default-testCompile) @ SimpleUtils ---
[INFO] Changes detected - recompiling the module!
[INFO] Compiling 1 source file to /home/runner/work/maven-builds/maven-builds/static/f/baoad/SimpleUtils/master/workspace/target/test-classes
[INFO] 
[INFO] --- maven-surefire-plugin:3.0.0-M5:test (default-test) @ SimpleUtils ---
[INFO] 
[INFO] -------------------------------------------------------
[INFO]  T E S T S
[INFO] -------------------------------------------------------
[INFO] Running io.github.mooy1.simpleutils.TestSimpleUtils
Feb 01, 2022 5:00:53 AM org.bukkit.plugin.java.JavaPluginLoader <init>
WARNING: Could not initialize LibraryLoader (missing dependencies?)
[INFO] Tests run: 1, Failures: 0, Errors: 0, Skipped: 0, Time elapsed: 1.202 s - in io.github.mooy1.simpleutils.TestSimpleUtils
[INFO] 
[INFO] Results:
[INFO] 
[INFO] Tests run: 1, Failures: 0, Errors: 0, Skipped: 0
[INFO] 
[INFO] 
[INFO] --- maven-jar-plugin:2.4:jar (default-jar) @ SimpleUtils ---
[INFO] Building jar: /home/runner/work/maven-builds/maven-builds/static/f/baoad/SimpleUtils/master/workspace/target/SimpleUtils-Build 1 zh-CN(baoad) (git 721f4c9).jar
[INFO] 
[INFO] --- maven-shade-plugin:3.2.4:shade (default) @ SimpleUtils ---
[INFO] Including io.github.mooy1:InfinityLib:jar:1.3.7 in the shaded jar.
[INFO] Minimizing jar io.github.mooy1:SimpleUtils:jar:Build 1 zh-CN(baoad) (git 721f4c9)
[WARNING] /home/runner/work/maven-builds/maven-builds/static/f/baoad/SimpleUtils/master/workspace/target/classes (Is a directory)
[INFO] Minimized 65 -> 45 (69%)
[INFO] Replacing original artifact with shaded artifact.
[INFO] Replacing /home/runner/work/maven-builds/maven-builds/static/f/baoad/SimpleUtils/master/workspace/target/SimpleUtils-Build 1 zh-CN(baoad) (git 721f4c9).jar with /home/runner/work/maven-builds/maven-builds/static/f/baoad/SimpleUtils/master/workspace/target/SimpleUtils-Build 1 zh-CN(baoad) (git 721f4c9)-shaded.jar
[INFO] Dependency-reduced POM written at: /home/runner/work/maven-builds/maven-builds/static/f/baoad/SimpleUtils/master/workspace/dependency-reduced-pom.xml
[INFO] ------------------------------------------------------------------------
[INFO] BUILD SUCCESS
[INFO] ------------------------------------------------------------------------
[INFO] Total time:  5.674 s
[INFO] Finished at: 2022-02-01T05:00:54Z
[INFO] ------------------------------------------------------------------------
