[INFO] Scanning for projects...
[WARNING] 
[WARNING] Some problems were encountered while building the effective model for cn.zimzaza4:SCrafter:jar:Build 2 zh-CN(zimzaza4) (git 7a89ab6)
[WARNING] 'dependencies.dependency.systemPath' for io.github.mooy1:InfinityExpansion:jar should not point at files within the project directory, ${project.basedir}/lib/IE.jar will be unresolvable by dependent projects @ line 1, column 2015
[WARNING] 'dependencies.dependency.systemPath' for space.kiichan:GeneticChickengineering:jar should not point at files within the project directory, ${project.basedir}/lib/GC.jar will be unresolvable by dependent projects @ line 1, column 2219
[WARNING] 'dependencies.dependency.systemPath' for com.magmaguy.elitemobs:EliteMobs:jar should not point at files within the project directory, ${project.basedir}/lib/EliteMobs.jar will be unresolvable by dependent projects @ line 1, column 2737
[WARNING] 'build.plugins.plugin.(groupId:artifactId)' must be unique but found duplicate declaration of plugin org.apache.maven.plugins:maven-shade-plugin @ line 1, column 4159
[WARNING] 
[WARNING] It is highly recommended to fix these problems because they threaten the stability of your build.
[WARNING] 
[WARNING] For this reason, future Maven versions might no longer support building such malformed projects.
[WARNING] 
[INFO] 
[INFO] ------------------------< cn.zimzaza4:SCrafter >------------------------
[INFO] Building SCrafter Build 2 zh-CN(zimzaza4) (git 7a89ab6)
[INFO] --------------------------------[ jar ]---------------------------------
[INFO] Downloading from central: https://repo.maven.apache.org/maven2/org/apache/maven/plugins/maven-clean-plugin/2.5/maven-clean-plugin-2.5.pom
[INFO] Downloaded from central: https://repo.maven.apache.org/maven2/org/apache/maven/plugins/maven-clean-plugin/2.5/maven-clean-plugin-2.5.pom (3.9 kB at 14 kB/s)
[INFO] Downloading from central: https://repo.maven.apache.org/maven2/org/apache/maven/plugins/maven-plugins/22/maven-plugins-22.pom
[INFO] Downloaded from central: https://repo.maven.apache.org/maven2/org/apache/maven/plugins/maven-plugins/22/maven-plugins-22.pom (13 kB at 815 kB/s)
[INFO] Downloading from central: https://repo.maven.apache.org/maven2/org/apache/maven/maven-parent/21/maven-parent-21.pom
[INFO] Downloaded from central: https://repo.maven.apache.org/maven2/org/apache/maven/maven-parent/21/maven-parent-21.pom (26 kB at 712 kB/s)
[INFO] Downloading from central: https://repo.maven.apache.org/maven2/org/apache/apache/10/apache-10.pom
[INFO] Downloaded from central: https://repo.maven.apache.org/maven2/org/apache/apache/10/apache-10.pom (15 kB at 779 kB/s)
[INFO] Downloading from central: https://repo.maven.apache.org/maven2/org/apache/maven/plugins/maven-clean-plugin/2.5/maven-clean-plugin-2.5.jar
[INFO] Downloaded from central: https://repo.maven.apache.org/maven2/org/apache/maven/plugins/maven-clean-plugin/2.5/maven-clean-plugin-2.5.jar (25 kB at 2.1 MB/s)
[INFO] Downloading from central: https://repo.maven.apache.org/maven2/org/apache/maven/plugins/maven-resources-plugin/2.6/maven-resources-plugin-2.6.pom
[INFO] Downloaded from central: https://repo.maven.apache.org/maven2/org/apache/maven/plugins/maven-resources-plugin/2.6/maven-resources-plugin-2.6.pom (8.1 kB at 1.2 MB/s)
[INFO] Downloading from central: https://repo.maven.apache.org/maven2/org/apache/maven/plugins/maven-plugins/23/maven-plugins-23.pom
[INFO] Downloaded from central: https://repo.maven.apache.org/maven2/org/apache/maven/plugins/maven-plugins/23/maven-plugins-23.pom (9.2 kB at 920 kB/s)
[INFO] Downloading from central: https://repo.maven.apache.org/maven2/org/apache/maven/maven-parent/22/maven-parent-22.pom
[INFO] Downloaded from central: https://repo.maven.apache.org/maven2/org/apache/maven/maven-parent/22/maven-parent-22.pom (30 kB at 1.7 MB/s)
[INFO] Downloading from central: https://repo.maven.apache.org/maven2/org/apache/apache/11/apache-11.pom
[INFO] Downloaded from central: https://repo.maven.apache.org/maven2/org/apache/apache/11/apache-11.pom (15 kB at 2.1 MB/s)
[INFO] Downloading from central: https://repo.maven.apache.org/maven2/org/apache/maven/plugins/maven-resources-plugin/2.6/maven-resources-plugin-2.6.jar
[INFO] Downloaded from central: https://repo.maven.apache.org/maven2/org/apache/maven/plugins/maven-resources-plugin/2.6/maven-resources-plugin-2.6.jar (30 kB at 2.3 MB/s)
[INFO] Downloading from central: https://repo.maven.apache.org/maven2/org/apache/maven/plugins/maven-compiler-plugin/3.8.1/maven-compiler-plugin-3.8.1.pom
[INFO] Downloaded from central: https://repo.maven.apache.org/maven2/org/apache/maven/plugins/maven-compiler-plugin/3.8.1/maven-compiler-plugin-3.8.1.pom (12 kB at 959 kB/s)
[INFO] Downloading from central: https://repo.maven.apache.org/maven2/org/apache/maven/plugins/maven-plugins/33/maven-plugins-33.pom
[INFO] Downloaded from central: https://repo.maven.apache.org/maven2/org/apache/maven/plugins/maven-plugins/33/maven-plugins-33.pom (11 kB at 1.1 MB/s)
[INFO] Downloading from central: https://repo.maven.apache.org/maven2/org/apache/maven/maven-parent/33/maven-parent-33.pom
[INFO] Downloaded from central: https://repo.maven.apache.org/maven2/org/apache/maven/maven-parent/33/maven-parent-33.pom (44 kB at 3.2 MB/s)
[INFO] Downloading from central: https://repo.maven.apache.org/maven2/org/apache/apache/21/apache-21.pom
[INFO] Downloaded from central: https://repo.maven.apache.org/maven2/org/apache/apache/21/apache-21.pom (17 kB at 2.4 MB/s)
[INFO] Downloading from central: https://repo.maven.apache.org/maven2/org/apache/maven/plugins/maven-compiler-plugin/3.8.1/maven-compiler-plugin-3.8.1.jar
[INFO] Downloaded from central: https://repo.maven.apache.org/maven2/org/apache/maven/plugins/maven-compiler-plugin/3.8.1/maven-compiler-plugin-3.8.1.jar (62 kB at 6.2 MB/s)
[INFO] Downloading from central: https://repo.maven.apache.org/maven2/org/apache/maven/plugins/maven-surefire-plugin/2.12.4/maven-surefire-plugin-2.12.4.pom
[INFO] Downloaded from central: https://repo.maven.apache.org/maven2/org/apache/maven/plugins/maven-surefire-plugin/2.12.4/maven-surefire-plugin-2.12.4.pom (10 kB at 952 kB/s)
[INFO] Downloading from central: https://repo.maven.apache.org/maven2/org/apache/maven/surefire/surefire/2.12.4/surefire-2.12.4.pom
[INFO] Downloaded from central: https://repo.maven.apache.org/maven2/org/apache/maven/surefire/surefire/2.12.4/surefire-2.12.4.pom (14 kB at 627 kB/s)
[INFO] Downloading from central: https://repo.maven.apache.org/maven2/org/apache/maven/plugins/maven-surefire-plugin/2.12.4/maven-surefire-plugin-2.12.4.jar
[INFO] Downloaded from central: https://repo.maven.apache.org/maven2/org/apache/maven/plugins/maven-surefire-plugin/2.12.4/maven-surefire-plugin-2.12.4.jar (30 kB at 3.8 MB/s)
[INFO] Downloading from central: https://repo.maven.apache.org/maven2/org/apache/maven/plugins/maven-jar-plugin/2.4/maven-jar-plugin-2.4.pom
[INFO] Downloaded from central: https://repo.maven.apache.org/maven2/org/apache/maven/plugins/maven-jar-plugin/2.4/maven-jar-plugin-2.4.pom (5.8 kB at 729 kB/s)
[INFO] Downloading from central: https://repo.maven.apache.org/maven2/org/apache/maven/plugins/maven-jar-plugin/2.4/maven-jar-plugin-2.4.jar
[INFO] Downloaded from central: https://repo.maven.apache.org/maven2/org/apache/maven/plugins/maven-jar-plugin/2.4/maven-jar-plugin-2.4.jar (34 kB at 2.6 MB/s)
[INFO] Downloading from central: https://repo.maven.apache.org/maven2/org/apache/maven/plugins/maven-shade-plugin/3.2.4/maven-shade-plugin-3.2.4.pom
[INFO] Downloaded from central: https://repo.maven.apache.org/maven2/org/apache/maven/plugins/maven-shade-plugin/3.2.4/maven-shade-plugin-3.2.4.pom (11 kB at 673 kB/s)
[INFO] Downloading from central: https://repo.maven.apache.org/maven2/org/apache/maven/plugins/maven-plugins/34/maven-plugins-34.pom
[INFO] Downloaded from central: https://repo.maven.apache.org/maven2/org/apache/maven/plugins/maven-plugins/34/maven-plugins-34.pom (11 kB at 1.3 MB/s)
[INFO] Downloading from central: https://repo.maven.apache.org/maven2/org/apache/maven/maven-parent/34/maven-parent-34.pom
[INFO] Downloaded from central: https://repo.maven.apache.org/maven2/org/apache/maven/maven-parent/34/maven-parent-34.pom (43 kB at 5.4 MB/s)
[INFO] Downloading from central: https://repo.maven.apache.org/maven2/org/apache/apache/23/apache-23.pom
[INFO] Downloaded from central: https://repo.maven.apache.org/maven2/org/apache/apache/23/apache-23.pom (18 kB at 3.1 MB/s)
[INFO] Downloading from central: https://repo.maven.apache.org/maven2/org/apache/maven/plugins/maven-shade-plugin/3.2.4/maven-shade-plugin-3.2.4.jar
[INFO] Downloaded from central: https://repo.maven.apache.org/maven2/org/apache/maven/plugins/maven-shade-plugin/3.2.4/maven-shade-plugin-3.2.4.jar (134 kB at 7.9 MB/s)
[INFO] Downloading from papermc: https://papermc.io/repo/repository/maven-public/io/papermc/paper/paper-api/1.17-R0.1-SNAPSHOT/maven-metadata.xml
[INFO] Downloading from spigotmc: https://hub.spigotmc.org/nexus/content/repositories/snapshots/io/papermc/paper/paper-api/1.17-R0.1-SNAPSHOT/maven-metadata.xml
[INFO] Downloading from jitpack.io: https://jitpack.io/io/papermc/paper/paper-api/1.17-R0.1-SNAPSHOT/maven-metadata.xml
[INFO] Downloading from IntellectualSites: https://mvn.intellectualsites.com/content/groups/public/io/papermc/paper/paper-api/1.17-R0.1-SNAPSHOT/maven-metadata.xml
[INFO] Downloading from WorldEdit: https://maven.enginehub.org/repo/io/papermc/paper/paper-api/1.17-R0.1-SNAPSHOT/maven-metadata.xml
[INFO] Downloaded from WorldEdit: https://maven.enginehub.org/repo/io/papermc/paper/paper-api/1.17-R0.1-SNAPSHOT/maven-metadata.xml (1.4 kB at 5.3 kB/s)
[INFO] Downloaded from papermc: https://papermc.io/repo/repository/maven-public/io/papermc/paper/paper-api/1.17-R0.1-SNAPSHOT/maven-metadata.xml (1.4 kB at 1.1 kB/s)
[WARNING] Could not transfer metadata io.papermc.paper:paper-api:1.17-R0.1-SNAPSHOT/maven-metadata.xml from/to IntellectualSites (https://mvn.intellectualsites.com/content/groups/public/): transfer failed for https://mvn.intellectualsites.com/content/groups/public/io/papermc/paper/paper-api/1.17-R0.1-SNAPSHOT/maven-metadata.xml
[WARNING] io.papermc.paper:paper-api:1.17-R0.1-SNAPSHOT/maven-metadata.xmlfailed to transfer from https://mvn.intellectualsites.com/content/groups/public/ during a previous attempt. This failure was cached in the local repository and resolution will not be reattempted until the update interval of IntellectualSites has elapsed or updates are forced. Original error: Could not transfer metadata io.papermc.paper:paper-api:1.17-R0.1-SNAPSHOT/maven-metadata.xml from/to IntellectualSites (https://mvn.intellectualsites.com/content/groups/public/): transfer failed for https://mvn.intellectualsites.com/content/groups/public/io/papermc/paper/paper-api/1.17-R0.1-SNAPSHOT/maven-metadata.xml
[INFO] Downloading from IntellectualSites: https://mvn.intellectualsites.com/content/groups/public/io/papermc/paper/paper-api/1.17-R0.1-SNAPSHOT/paper-api-1.17-R0.1-20210706.043534-75.pom
[INFO] Downloading from papermc: https://papermc.io/repo/repository/maven-public/io/papermc/paper/paper-api/1.17-R0.1-SNAPSHOT/paper-api-1.17-R0.1-20210706.043534-75.pom
[INFO] Downloaded from papermc: https://papermc.io/repo/repository/maven-public/io/papermc/paper/paper-api/1.17-R0.1-SNAPSHOT/paper-api-1.17-R0.1-20210706.043534-75.pom (3.5 kB at 10 kB/s)
[INFO] Downloading from IntellectualSites: https://mvn.intellectualsites.com/content/groups/public/net/kyori/adventure-bom/4.8.1/adventure-bom-4.8.1.pom
[INFO] Downloading from papermc: https://papermc.io/repo/repository/maven-public/net/kyori/adventure-bom/4.8.1/adventure-bom-4.8.1.pom
[INFO] Downloaded from papermc: https://papermc.io/repo/repository/maven-public/net/kyori/adventure-bom/4.8.1/adventure-bom-4.8.1.pom (4.0 kB at 11 kB/s)
[INFO] Downloading from IntellectualSites: https://mvn.intellectualsites.com/content/groups/public/commons-lang/commons-lang/2.6/commons-lang-2.6.pom
[INFO] Downloading from papermc: https://papermc.io/repo/repository/maven-public/commons-lang/commons-lang/2.6/commons-lang-2.6.pom
[INFO] Downloaded from papermc: https://papermc.io/repo/repository/maven-public/commons-lang/commons-lang/2.6/commons-lang-2.6.pom (17 kB at 42 kB/s)
[INFO] Downloading from IntellectualSites: https://mvn.intellectualsites.com/content/groups/public/org/apache/commons/commons-parent/17/commons-parent-17.pom
[INFO] Downloading from papermc: https://papermc.io/repo/repository/maven-public/org/apache/commons/commons-parent/17/commons-parent-17.pom
[INFO] Downloaded from papermc: https://papermc.io/repo/repository/maven-public/org/apache/commons/commons-parent/17/commons-parent-17.pom (31 kB at 110 kB/s)
[INFO] Downloading from IntellectualSites: https://mvn.intellectualsites.com/content/groups/public/org/apache/apache/7/apache-7.pom
[INFO] Downloading from papermc: https://papermc.io/repo/repository/maven-public/org/apache/apache/7/apache-7.pom
[INFO] Downloaded from papermc: https://papermc.io/repo/repository/maven-public/org/apache/apache/7/apache-7.pom (14 kB at 48 kB/s)
[INFO] Downloading from IntellectualSites: https://mvn.intellectualsites.com/content/groups/public/com/google/guava/guava/21.0/guava-21.0.pom
[INFO] Downloading from papermc: https://papermc.io/repo/repository/maven-public/com/google/guava/guava/21.0/guava-21.0.pom
[INFO] Downloaded from papermc: https://papermc.io/repo/repository/maven-public/com/google/guava/guava/21.0/guava-21.0.pom (7.0 kB at 17 kB/s)
[INFO] Downloading from IntellectualSites: https://mvn.intellectualsites.com/content/groups/public/com/google/guava/guava-parent/21.0/guava-parent-21.0.pom
[INFO] Downloading from papermc: https://papermc.io/repo/repository/maven-public/com/google/guava/guava-parent/21.0/guava-parent-21.0.pom
[INFO] Downloaded from papermc: https://papermc.io/repo/repository/maven-public/com/google/guava/guava-parent/21.0/guava-parent-21.0.pom (9.7 kB at 32 kB/s)
[INFO] Downloading from IntellectualSites: https://mvn.intellectualsites.com/content/groups/public/org/sonatype/oss/oss-parent/7/oss-parent-7.pom
[INFO] Downloading from papermc: https://papermc.io/repo/repository/maven-public/org/sonatype/oss/oss-parent/7/oss-parent-7.pom
[INFO] Downloaded from papermc: https://papermc.io/repo/repository/maven-public/org/sonatype/oss/oss-parent/7/oss-parent-7.pom (4.8 kB at 15 kB/s)
[INFO] Downloading from IntellectualSites: https://mvn.intellectualsites.com/content/groups/public/com/google/code/gson/gson/2.8.0/gson-2.8.0.pom
[INFO] Downloading from papermc: https://papermc.io/repo/repository/maven-public/com/google/code/gson/gson/2.8.0/gson-2.8.0.pom
[INFO] Downloaded from papermc: https://papermc.io/repo/repository/maven-public/com/google/code/gson/gson/2.8.0/gson-2.8.0.pom (1.4 kB at 4.6 kB/s)
[INFO] Downloading from IntellectualSites: https://mvn.intellectualsites.com/content/groups/public/com/google/code/gson/gson-parent/2.8.0/gson-parent-2.8.0.pom
[INFO] Downloading from papermc: https://papermc.io/repo/repository/maven-public/com/google/code/gson/gson-parent/2.8.0/gson-parent-2.8.0.pom
[INFO] Downloaded from papermc: https://papermc.io/repo/repository/maven-public/com/google/code/gson/gson-parent/2.8.0/gson-parent-2.8.0.pom (3.5 kB at 12 kB/s)
[INFO] Downloading from IntellectualSites: https://mvn.intellectualsites.com/content/groups/public/net/md-5/bungeecord-chat/1.16-R0.4/bungeecord-chat-1.16-R0.4.pom
[INFO] Downloading from papermc: https://papermc.io/repo/repository/maven-public/net/md-5/bungeecord-chat/1.16-R0.4/bungeecord-chat-1.16-R0.4.pom
[INFO] Downloaded from papermc: https://papermc.io/repo/repository/maven-public/net/md-5/bungeecord-chat/1.16-R0.4/bungeecord-chat-1.16-R0.4.pom (978 B at 3.1 kB/s)
[INFO] Downloading from IntellectualSites: https://mvn.intellectualsites.com/content/groups/public/net/md-5/bungeecord-parent/1.16-R0.4/bungeecord-parent-1.16-R0.4.pom
[INFO] Downloading from papermc: https://papermc.io/repo/repository/maven-public/net/md-5/bungeecord-parent/1.16-R0.4/bungeecord-parent-1.16-R0.4.pom
[INFO] Downloaded from papermc: https://papermc.io/repo/repository/maven-public/net/md-5/bungeecord-parent/1.16-R0.4/bungeecord-parent-1.16-R0.4.pom (10 kB at 33 kB/s)
[INFO] Downloading from IntellectualSites: https://mvn.intellectualsites.com/content/groups/public/org/yaml/snakeyaml/1.28/snakeyaml-1.28.pom
[INFO] Downloading from papermc: https://papermc.io/repo/repository/maven-public/org/yaml/snakeyaml/1.28/snakeyaml-1.28.pom
[INFO] Downloaded from papermc: https://papermc.io/repo/repository/maven-public/org/yaml/snakeyaml/1.28/snakeyaml-1.28.pom (37 kB at 82 kB/s)
[INFO] Downloading from IntellectualSites: https://mvn.intellectualsites.com/content/groups/public/com/googlecode/json-simple/json-simple/1.1.1/json-simple-1.1.1.pom
[INFO] Downloading from papermc: https://papermc.io/repo/repository/maven-public/com/googlecode/json-simple/json-simple/1.1.1/json-simple-1.1.1.pom
[INFO] Downloaded from papermc: https://papermc.io/repo/repository/maven-public/com/googlecode/json-simple/json-simple/1.1.1/json-simple-1.1.1.pom (3.5 kB at 12 kB/s)
[INFO] Downloading from IntellectualSites: https://mvn.intellectualsites.com/content/groups/public/junit/junit/4.10/junit-4.10.pom
[INFO] Downloading from papermc: https://papermc.io/repo/repository/maven-public/junit/junit/4.10/junit-4.10.pom
[INFO] Downloaded from papermc: https://papermc.io/repo/repository/maven-public/junit/junit/4.10/junit-4.10.pom (2.3 kB at 8.3 kB/s)
[INFO] Downloading from IntellectualSites: https://mvn.intellectualsites.com/content/groups/public/org/hamcrest/hamcrest-core/1.1/hamcrest-core-1.1.pom
[INFO] Downloading from papermc: https://papermc.io/repo/repository/maven-public/org/hamcrest/hamcrest-core/1.1/hamcrest-core-1.1.pom
[INFO] Downloaded from papermc: https://papermc.io/repo/repository/maven-public/org/hamcrest/hamcrest-core/1.1/hamcrest-core-1.1.pom (481 B at 1.6 kB/s)
[INFO] Downloading from IntellectualSites: https://mvn.intellectualsites.com/content/groups/public/org/hamcrest/hamcrest-parent/1.1/hamcrest-parent-1.1.pom
[INFO] Downloading from papermc: https://papermc.io/repo/repository/maven-public/org/hamcrest/hamcrest-parent/1.1/hamcrest-parent-1.1.pom
[INFO] Downloaded from papermc: https://papermc.io/repo/repository/maven-public/org/hamcrest/hamcrest-parent/1.1/hamcrest-parent-1.1.pom (5.9 kB at 20 kB/s)
[INFO] Downloading from IntellectualSites: https://mvn.intellectualsites.com/content/groups/public/it/unimi/dsi/fastutil/8.2.2/fastutil-8.2.2.pom
[INFO] Downloading from papermc: https://papermc.io/repo/repository/maven-public/it/unimi/dsi/fastutil/8.2.2/fastutil-8.2.2.pom
[INFO] Downloaded from papermc: https://papermc.io/repo/repository/maven-public/it/unimi/dsi/fastutil/8.2.2/fastutil-8.2.2.pom (1.4 kB at 4.2 kB/s)
[INFO] Downloading from IntellectualSites: https://mvn.intellectualsites.com/content/groups/public/net/kyori/adventure-api/4.8.1/adventure-api-4.8.1.pom
[INFO] Downloading from papermc: https://papermc.io/repo/repository/maven-public/net/kyori/adventure-api/4.8.1/adventure-api-4.8.1.pom
[INFO] Downloaded from papermc: https://papermc.io/repo/repository/maven-public/net/kyori/adventure-api/4.8.1/adventure-api-4.8.1.pom (3.2 kB at 10 kB/s)
[INFO] Downloading from IntellectualSites: https://mvn.intellectualsites.com/content/groups/public/net/kyori/adventure-key/4.8.1/adventure-key-4.8.1.pom
[INFO] Downloading from papermc: https://papermc.io/repo/repository/maven-public/net/kyori/adventure-key/4.8.1/adventure-key-4.8.1.pom
[INFO] Downloaded from papermc: https://papermc.io/repo/repository/maven-public/net/kyori/adventure-key/4.8.1/adventure-key-4.8.1.pom (3.0 kB at 9.8 kB/s)
[INFO] Downloading from IntellectualSites: https://mvn.intellectualsites.com/content/groups/public/net/kyori/examination-api/1.1.0/examination-api-1.1.0.pom
[INFO] Downloading from papermc: https://papermc.io/repo/repository/maven-public/net/kyori/examination-api/1.1.0/examination-api-1.1.0.pom
[INFO] Downloaded from papermc: https://papermc.io/repo/repository/maven-public/net/kyori/examination-api/1.1.0/examination-api-1.1.0.pom (2.0 kB at 6.0 kB/s)
[INFO] Downloading from IntellectualSites: https://mvn.intellectualsites.com/content/groups/public/org/checkerframework/checker-qual/3.10.0/checker-qual-3.10.0.pom
[INFO] Downloading from papermc: https://papermc.io/repo/repository/maven-public/org/checkerframework/checker-qual/3.10.0/checker-qual-3.10.0.pom
[INFO] Downloaded from papermc: https://papermc.io/repo/repository/maven-public/org/checkerframework/checker-qual/3.10.0/checker-qual-3.10.0.pom (2.1 kB at 6.7 kB/s)
[INFO] Downloading from IntellectualSites: https://mvn.intellectualsites.com/content/groups/public/net/kyori/examination-string/1.1.0/examination-string-1.1.0.pom
[INFO] Downloading from papermc: https://papermc.io/repo/repository/maven-public/net/kyori/examination-string/1.1.0/examination-string-1.1.0.pom
[INFO] Downloaded from papermc: https://papermc.io/repo/repository/maven-public/net/kyori/examination-string/1.1.0/examination-string-1.1.0.pom (2.0 kB at 6.8 kB/s)
[INFO] Downloading from IntellectualSites: https://mvn.intellectualsites.com/content/groups/public/org/jetbrains/annotations/21.0.1/annotations-21.0.1.pom
[INFO] Downloading from papermc: https://papermc.io/repo/repository/maven-public/org/jetbrains/annotations/21.0.1/annotations-21.0.1.pom
[INFO] Downloaded from papermc: https://papermc.io/repo/repository/maven-public/org/jetbrains/annotations/21.0.1/annotations-21.0.1.pom (1.3 kB at 3.8 kB/s)
[INFO] Downloading from IntellectualSites: https://mvn.intellectualsites.com/content/groups/public/net/kyori/adventure-text-serializer-gson/4.8.1/adventure-text-serializer-gson-4.8.1.pom
[INFO] Downloading from papermc: https://papermc.io/repo/repository/maven-public/net/kyori/adventure-text-serializer-gson/4.8.1/adventure-text-serializer-gson-4.8.1.pom
[INFO] Downloaded from papermc: https://papermc.io/repo/repository/maven-public/net/kyori/adventure-text-serializer-gson/4.8.1/adventure-text-serializer-gson-4.8.1.pom (2.9 kB at 8.9 kB/s)
[INFO] Downloading from IntellectualSites: https://mvn.intellectualsites.com/content/groups/public/net/kyori/adventure-text-serializer-legacy/4.8.1/adventure-text-serializer-legacy-4.8.1.pom
[INFO] Downloading from papermc: https://papermc.io/repo/repository/maven-public/net/kyori/adventure-text-serializer-legacy/4.8.1/adventure-text-serializer-legacy-4.8.1.pom
[INFO] Downloaded from papermc: https://papermc.io/repo/repository/maven-public/net/kyori/adventure-text-serializer-legacy/4.8.1/adventure-text-serializer-legacy-4.8.1.pom (2.7 kB at 8.1 kB/s)
[INFO] Downloading from IntellectualSites: https://mvn.intellectualsites.com/content/groups/public/net/kyori/adventure-text-serializer-plain/4.8.1/adventure-text-serializer-plain-4.8.1.pom
[INFO] Downloading from papermc: https://papermc.io/repo/repository/maven-public/net/kyori/adventure-text-serializer-plain/4.8.1/adventure-text-serializer-plain-4.8.1.pom
[INFO] Downloaded from papermc: https://papermc.io/repo/repository/maven-public/net/kyori/adventure-text-serializer-plain/4.8.1/adventure-text-serializer-plain-4.8.1.pom (2.7 kB at 8.4 kB/s)
[INFO] Downloading from IntellectualSites: https://mvn.intellectualsites.com/content/groups/public/org/ow2/asm/asm/9.0/asm-9.0.pom
[INFO] Downloading from papermc: https://papermc.io/repo/repository/maven-public/org/ow2/asm/asm/9.0/asm-9.0.pom
[INFO] Downloaded from papermc: https://papermc.io/repo/repository/maven-public/org/ow2/asm/asm/9.0/asm-9.0.pom (2.7 kB at 7.7 kB/s)
[INFO] Downloading from IntellectualSites: https://mvn.intellectualsites.com/content/groups/public/org/ow2/ow2/1.5/ow2-1.5.pom
[INFO] Downloading from papermc: https://papermc.io/repo/repository/maven-public/org/ow2/ow2/1.5/ow2-1.5.pom
[INFO] Downloaded from papermc: https://papermc.io/repo/repository/maven-public/org/ow2/ow2/1.5/ow2-1.5.pom (11 kB at 38 kB/s)
[INFO] Downloading from IntellectualSites: https://mvn.intellectualsites.com/content/groups/public/org/ow2/asm/asm-commons/9.0/asm-commons-9.0.pom
[INFO] Downloading from papermc: https://papermc.io/repo/repository/maven-public/org/ow2/asm/asm-commons/9.0/asm-commons-9.0.pom
[INFO] Downloaded from papermc: https://papermc.io/repo/repository/maven-public/org/ow2/asm/asm-commons/9.0/asm-commons-9.0.pom (3.3 kB at 11 kB/s)
[INFO] Downloading from IntellectualSites: https://mvn.intellectualsites.com/content/groups/public/org/ow2/asm/asm-tree/9.0/asm-tree-9.0.pom
[INFO] Downloading from papermc: https://papermc.io/repo/repository/maven-public/org/ow2/asm/asm-tree/9.0/asm-tree-9.0.pom
[INFO] Downloaded from papermc: https://papermc.io/repo/repository/maven-public/org/ow2/asm/asm-tree/9.0/asm-tree-9.0.pom (2.9 kB at 9.7 kB/s)
[INFO] Downloading from IntellectualSites: https://mvn.intellectualsites.com/content/groups/public/org/ow2/asm/asm-analysis/9.0/asm-analysis-9.0.pom
[INFO] Downloading from papermc: https://papermc.io/repo/repository/maven-public/org/ow2/asm/asm-analysis/9.0/asm-analysis-9.0.pom
[INFO] Downloaded from papermc: https://papermc.io/repo/repository/maven-public/org/ow2/asm/asm-analysis/9.0/asm-analysis-9.0.pom (3.0 kB at 9.4 kB/s)
[INFO] Downloading from IntellectualSites: https://mvn.intellectualsites.com/content/groups/public/org/apache/logging/log4j/log4j-api/2.14.1/log4j-api-2.14.1.pom
[INFO] Downloading from papermc: https://papermc.io/repo/repository/maven-public/org/apache/logging/log4j/log4j-api/2.14.1/log4j-api-2.14.1.pom
[INFO] Downloaded from papermc: https://papermc.io/repo/repository/maven-public/org/apache/logging/log4j/log4j-api/2.14.1/log4j-api-2.14.1.pom (14 kB at 34 kB/s)
[INFO] Downloading from IntellectualSites: https://mvn.intellectualsites.com/content/groups/public/org/apache/logging/log4j/log4j/2.14.1/log4j-2.14.1.pom
[INFO] Downloading from papermc: https://papermc.io/repo/repository/maven-public/org/apache/logging/log4j/log4j/2.14.1/log4j-2.14.1.pom
[INFO] Downloaded from papermc: https://papermc.io/repo/repository/maven-public/org/apache/logging/log4j/log4j/2.14.1/log4j-2.14.1.pom (68 kB at 163 kB/s)
[INFO] Downloading from IntellectualSites: https://mvn.intellectualsites.com/content/groups/public/org/apache/logging/logging-parent/3/logging-parent-3.pom
[INFO] Downloading from papermc: https://papermc.io/repo/repository/maven-public/org/apache/logging/logging-parent/3/logging-parent-3.pom
[INFO] Downloaded from papermc: https://papermc.io/repo/repository/maven-public/org/apache/logging/logging-parent/3/logging-parent-3.pom (3.1 kB at 10 kB/s)
[INFO] Downloading from IntellectualSites: https://mvn.intellectualsites.com/content/groups/public/org/spigotmc/spigot-api/1.17-R0.1-SNAPSHOT/maven-metadata.xml
[INFO] Downloading from papermc: https://papermc.io/repo/repository/maven-public/org/spigotmc/spigot-api/1.17-R0.1-SNAPSHOT/maven-metadata.xml
[INFO] Downloading from spigotmc: https://hub.spigotmc.org/nexus/content/repositories/snapshots/org/spigotmc/spigot-api/1.17-R0.1-SNAPSHOT/maven-metadata.xml
[INFO] Downloading from WorldEdit: https://maven.enginehub.org/repo/org/spigotmc/spigot-api/1.17-R0.1-SNAPSHOT/maven-metadata.xml
[INFO] Downloading from jitpack.io: https://jitpack.io/org/spigotmc/spigot-api/1.17-R0.1-SNAPSHOT/maven-metadata.xml
[INFO] Downloaded from WorldEdit: https://maven.enginehub.org/repo/org/spigotmc/spigot-api/1.17-R0.1-SNAPSHOT/maven-metadata.xml (1.4 kB at 23 kB/s)
[INFO] Downloaded from spigotmc: https://hub.spigotmc.org/nexus/content/repositories/snapshots/org/spigotmc/spigot-api/1.17-R0.1-SNAPSHOT/maven-metadata.xml (1.4 kB at 21 kB/s)
[INFO] Downloaded from papermc: https://papermc.io/repo/repository/maven-public/org/spigotmc/spigot-api/1.17-R0.1-SNAPSHOT/maven-metadata.xml (1.4 kB at 4.3 kB/s)
[WARNING] Could not transfer metadata org.spigotmc:spigot-api:1.17-R0.1-SNAPSHOT/maven-metadata.xml from/to IntellectualSites (https://mvn.intellectualsites.com/content/groups/public/): transfer failed for https://mvn.intellectualsites.com/content/groups/public/org/spigotmc/spigot-api/1.17-R0.1-SNAPSHOT/maven-metadata.xml
[WARNING] org.spigotmc:spigot-api:1.17-R0.1-SNAPSHOT/maven-metadata.xmlfailed to transfer from https://mvn.intellectualsites.com/content/groups/public/ during a previous attempt. This failure was cached in the local repository and resolution will not be reattempted until the update interval of IntellectualSites has elapsed or updates are forced. Original error: Could not transfer metadata org.spigotmc:spigot-api:1.17-R0.1-SNAPSHOT/maven-metadata.xml from/to IntellectualSites (https://mvn.intellectualsites.com/content/groups/public/): transfer failed for https://mvn.intellectualsites.com/content/groups/public/org/spigotmc/spigot-api/1.17-R0.1-SNAPSHOT/maven-metadata.xml
[INFO] Downloading from IntellectualSites: https://mvn.intellectualsites.com/content/groups/public/org/spigotmc/spigot-api/1.17-R0.1-SNAPSHOT/spigot-api-1.17-R0.1-20210706.122143-68.pom
[INFO] Downloading from papermc: https://papermc.io/repo/repository/maven-public/org/spigotmc/spigot-api/1.17-R0.1-SNAPSHOT/spigot-api-1.17-R0.1-20210706.122143-68.pom
[INFO] Downloaded from papermc: https://papermc.io/repo/repository/maven-public/org/spigotmc/spigot-api/1.17-R0.1-SNAPSHOT/spigot-api-1.17-R0.1-20210706.122143-68.pom (10 kB at 29 kB/s)
[INFO] Downloading from IntellectualSites: https://mvn.intellectualsites.com/content/groups/public/org/projectlombok/lombok/1.18.20/lombok-1.18.20.pom
[INFO] Downloading from papermc: https://papermc.io/repo/repository/maven-public/org/projectlombok/lombok/1.18.20/lombok-1.18.20.pom
[INFO] Downloaded from papermc: https://papermc.io/repo/repository/maven-public/org/projectlombok/lombok/1.18.20/lombok-1.18.20.pom (1.5 kB at 4.7 kB/s)
[INFO] Downloading from IntellectualSites: https://mvn.intellectualsites.com/content/groups/public/com/github/Slimefun/Slimefun4/RC-27/Slimefun4-RC-27.pom
[INFO] Downloading from papermc: https://papermc.io/repo/repository/maven-public/com/github/Slimefun/Slimefun4/RC-27/Slimefun4-RC-27.pom
[INFO] Downloading from spigotmc: https://hub.spigotmc.org/nexus/content/repositories/snapshots/com/github/Slimefun/Slimefun4/RC-27/Slimefun4-RC-27.pom
[INFO] Downloading from jitpack.io: https://jitpack.io/com/github/Slimefun/Slimefun4/RC-27/Slimefun4-RC-27.pom
[INFO] Downloaded from jitpack.io: https://jitpack.io/com/github/Slimefun/Slimefun4/RC-27/Slimefun4-RC-27.pom (14 kB at 72 kB/s)
[INFO] Downloading from IntellectualSites: https://mvn.intellectualsites.com/content/groups/public/io/github/baked-libs/dough-api/1.0.2/dough-api-1.0.2.pom
[INFO] Downloading from papermc: https://papermc.io/repo/repository/maven-public/io/github/baked-libs/dough-api/1.0.2/dough-api-1.0.2.pom
[INFO] Downloaded from papermc: https://papermc.io/repo/repository/maven-public/io/github/baked-libs/dough-api/1.0.2/dough-api-1.0.2.pom (16 kB at 36 kB/s)
[INFO] Downloading from IntellectualSites: https://mvn.intellectualsites.com/content/groups/public/io/github/baked-libs/dough/1.0.2/dough-1.0.2.pom
[INFO] Downloading from papermc: https://papermc.io/repo/repository/maven-public/io/github/baked-libs/dough/1.0.2/dough-1.0.2.pom
[INFO] Downloaded from papermc: https://papermc.io/repo/repository/maven-public/io/github/baked-libs/dough/1.0.2/dough-1.0.2.pom (11 kB at 37 kB/s)
[INFO] Downloading from IntellectualSites: https://mvn.intellectualsites.com/content/groups/public/com/sk89q/worldedit/worldedit-core/7.2.0-SNAPSHOT/maven-metadata.xml
[INFO] Downloading from papermc: https://papermc.io/repo/repository/maven-public/com/sk89q/worldedit/worldedit-core/7.2.0-SNAPSHOT/maven-metadata.xml
[INFO] Downloading from spigotmc: https://hub.spigotmc.org/nexus/content/repositories/snapshots/com/sk89q/worldedit/worldedit-core/7.2.0-SNAPSHOT/maven-metadata.xml
[INFO] Downloading from WorldEdit: https://maven.enginehub.org/repo/com/sk89q/worldedit/worldedit-core/7.2.0-SNAPSHOT/maven-metadata.xml
[INFO] Downloading from jitpack.io: https://jitpack.io/com/sk89q/worldedit/worldedit-core/7.2.0-SNAPSHOT/maven-metadata.xml
[INFO] Downloaded from WorldEdit: https://maven.enginehub.org/repo/com/sk89q/worldedit/worldedit-core/7.2.0-SNAPSHOT/maven-metadata.xml (1.2 kB at 5.7 kB/s)
[WARNING] Could not transfer metadata com.sk89q.worldedit:worldedit-core:7.2.0-SNAPSHOT/maven-metadata.xml from/to IntellectualSites (https://mvn.intellectualsites.com/content/groups/public/): transfer failed for https://mvn.intellectualsites.com/content/groups/public/com/sk89q/worldedit/worldedit-core/7.2.0-SNAPSHOT/maven-metadata.xml
[WARNING] com.sk89q.worldedit:worldedit-core:7.2.0-SNAPSHOT/maven-metadata.xmlfailed to transfer from https://mvn.intellectualsites.com/content/groups/public/ during a previous attempt. This failure was cached in the local repository and resolution will not be reattempted until the update interval of IntellectualSites has elapsed or updates are forced. Original error: Could not transfer metadata com.sk89q.worldedit:worldedit-core:7.2.0-SNAPSHOT/maven-metadata.xml from/to IntellectualSites (https://mvn.intellectualsites.com/content/groups/public/): transfer failed for https://mvn.intellectualsites.com/content/groups/public/com/sk89q/worldedit/worldedit-core/7.2.0-SNAPSHOT/maven-metadata.xml
[INFO] Downloading from IntellectualSites: https://mvn.intellectualsites.com/content/groups/public/com/sk89q/worldedit/worldedit-core/7.2.0-SNAPSHOT/worldedit-core-7.2.0-20201102.221009-185.pom
[INFO] Downloading from papermc: https://papermc.io/repo/repository/maven-public/com/sk89q/worldedit/worldedit-core/7.2.0-SNAPSHOT/worldedit-core-7.2.0-20201102.221009-185.pom
[INFO] Downloading from spigotmc: https://hub.spigotmc.org/nexus/content/repositories/snapshots/com/sk89q/worldedit/worldedit-core/7.2.0-SNAPSHOT/worldedit-core-7.2.0-20201102.221009-185.pom
[INFO] Downloading from jitpack.io: https://jitpack.io/com/sk89q/worldedit/worldedit-core/7.2.0-SNAPSHOT/worldedit-core-7.2.0-20201102.221009-185.pom
[INFO] Downloading from WorldEdit: https://maven.enginehub.org/repo/com/sk89q/worldedit/worldedit-core/7.2.0-SNAPSHOT/worldedit-core-7.2.0-20201102.221009-185.pom
[INFO] Downloaded from WorldEdit: https://maven.enginehub.org/repo/com/sk89q/worldedit/worldedit-core/7.2.0-SNAPSHOT/worldedit-core-7.2.0-20201102.221009-185.pom (3.7 kB at 41 kB/s)
[INFO] Downloading from IntellectualSites: https://mvn.intellectualsites.com/content/groups/public/com/sk89q/worldedit/worldedit-libs/core/7.2.0-SNAPSHOT/maven-metadata.xml
[INFO] Downloading from papermc: https://papermc.io/repo/repository/maven-public/com/sk89q/worldedit/worldedit-libs/core/7.2.0-SNAPSHOT/maven-metadata.xml
[INFO] Downloading from spigotmc: https://hub.spigotmc.org/nexus/content/repositories/snapshots/com/sk89q/worldedit/worldedit-libs/core/7.2.0-SNAPSHOT/maven-metadata.xml
[INFO] Downloading from WorldEdit: https://maven.enginehub.org/repo/com/sk89q/worldedit/worldedit-libs/core/7.2.0-SNAPSHOT/maven-metadata.xml
[INFO] Downloading from jitpack.io: https://jitpack.io/com/sk89q/worldedit/worldedit-libs/core/7.2.0-SNAPSHOT/maven-metadata.xml
[INFO] Downloaded from WorldEdit: https://maven.enginehub.org/repo/com/sk89q/worldedit/worldedit-libs/core/7.2.0-SNAPSHOT/maven-metadata.xml (1.0 kB at 4.7 kB/s)
[WARNING] Could not transfer metadata com.sk89q.worldedit.worldedit-libs:core:7.2.0-SNAPSHOT/maven-metadata.xml from/to IntellectualSites (https://mvn.intellectualsites.com/content/groups/public/): transfer failed for https://mvn.intellectualsites.com/content/groups/public/com/sk89q/worldedit/worldedit-libs/core/7.2.0-SNAPSHOT/maven-metadata.xml
[WARNING] com.sk89q.worldedit.worldedit-libs:core:7.2.0-SNAPSHOT/maven-metadata.xmlfailed to transfer from https://mvn.intellectualsites.com/content/groups/public/ during a previous attempt. This failure was cached in the local repository and resolution will not be reattempted until the update interval of IntellectualSites has elapsed or updates are forced. Original error: Could not transfer metadata com.sk89q.worldedit.worldedit-libs:core:7.2.0-SNAPSHOT/maven-metadata.xml from/to IntellectualSites (https://mvn.intellectualsites.com/content/groups/public/): transfer failed for https://mvn.intellectualsites.com/content/groups/public/com/sk89q/worldedit/worldedit-libs/core/7.2.0-SNAPSHOT/maven-metadata.xml
[INFO] Downloading from IntellectualSites: https://mvn.intellectualsites.com/content/groups/public/com/sk89q/worldedit/worldedit-libs/core/7.2.0-SNAPSHOT/core-7.2.0-20201102.221009-188.pom
[INFO] Downloading from papermc: https://papermc.io/repo/repository/maven-public/com/sk89q/worldedit/worldedit-libs/core/7.2.0-SNAPSHOT/core-7.2.0-20201102.221009-188.pom
[INFO] Downloading from spigotmc: https://hub.spigotmc.org/nexus/content/repositories/snapshots/com/sk89q/worldedit/worldedit-libs/core/7.2.0-SNAPSHOT/core-7.2.0-20201102.221009-188.pom
[INFO] Downloading from jitpack.io: https://jitpack.io/com/sk89q/worldedit/worldedit-libs/core/7.2.0-SNAPSHOT/core-7.2.0-20201102.221009-188.pom
[INFO] Downloading from WorldEdit: https://maven.enginehub.org/repo/com/sk89q/worldedit/worldedit-libs/core/7.2.0-SNAPSHOT/core-7.2.0-20201102.221009-188.pom
[INFO] Downloaded from WorldEdit: https://maven.enginehub.org/repo/com/sk89q/worldedit/worldedit-libs/core/7.2.0-SNAPSHOT/core-7.2.0-20201102.221009-188.pom (420 B at 2.9 kB/s)
[INFO] Downloading from IntellectualSites: https://mvn.intellectualsites.com/content/groups/public/de/schlichtherle/truezip/6.8.3/truezip-6.8.3.pom
[INFO] Downloading from papermc: https://papermc.io/repo/repository/maven-public/de/schlichtherle/truezip/6.8.3/truezip-6.8.3.pom
[INFO] Downloaded from papermc: https://papermc.io/repo/repository/maven-public/de/schlichtherle/truezip/6.8.3/truezip-6.8.3.pom (5.1 kB at 17 kB/s)
[INFO] Downloading from IntellectualSites: https://mvn.intellectualsites.com/content/groups/public/de/schlichtherle/asl20-oss-parent/13/asl20-oss-parent-13.pom
[INFO] Downloading from papermc: https://papermc.io/repo/repository/maven-public/de/schlichtherle/asl20-oss-parent/13/asl20-oss-parent-13.pom
[INFO] Downloaded from papermc: https://papermc.io/repo/repository/maven-public/de/schlichtherle/asl20-oss-parent/13/asl20-oss-parent-13.pom (9.5 kB at 33 kB/s)
[INFO] Downloading from IntellectualSites: https://mvn.intellectualsites.com/content/groups/public/net/java/truevfs/truevfs-profile-default_2.13/0.12.1/truevfs-profile-default_2.13-0.12.1.pom
[INFO] Downloading from papermc: https://papermc.io/repo/repository/maven-public/net/java/truevfs/truevfs-profile-default_2.13/0.12.1/truevfs-profile-default_2.13-0.12.1.pom
[INFO] Downloaded from papermc: https://papermc.io/repo/repository/maven-public/net/java/truevfs/truevfs-profile-default_2.13/0.12.1/truevfs-profile-default_2.13-0.12.1.pom (4.4 kB at 16 kB/s)
[INFO] Downloading from IntellectualSites: https://mvn.intellectualsites.com/content/groups/public/org/scala-lang/scala-library/2.13.1/scala-library-2.13.1.pom
[INFO] Downloading from papermc: https://papermc.io/repo/repository/maven-public/org/scala-lang/scala-library/2.13.1/scala-library-2.13.1.pom
[INFO] Downloaded from papermc: https://papermc.io/repo/repository/maven-public/org/scala-lang/scala-library/2.13.1/scala-library-2.13.1.pom (1.6 kB at 5.6 kB/s)
[INFO] Downloading from IntellectualSites: https://mvn.intellectualsites.com/content/groups/public/net/java/truevfs/truevfs-driver-http/0.12.1/truevfs-driver-http-0.12.1.pom
[INFO] Downloading from papermc: https://papermc.io/repo/repository/maven-public/net/java/truevfs/truevfs-driver-http/0.12.1/truevfs-driver-http-0.12.1.pom
[INFO] Downloaded from papermc: https://papermc.io/repo/repository/maven-public/net/java/truevfs/truevfs-driver-http/0.12.1/truevfs-driver-http-0.12.1.pom (2.9 kB at 10 kB/s)
[INFO] Downloading from IntellectualSites: https://mvn.intellectualsites.com/content/groups/public/net/java/truevfs/truevfs-kernel-spec/0.12.1/truevfs-kernel-spec-0.12.1.pom
[INFO] Downloading from papermc: https://papermc.io/repo/repository/maven-public/net/java/truevfs/truevfs-kernel-spec/0.12.1/truevfs-kernel-spec-0.12.1.pom
[INFO] Downloaded from papermc: https://papermc.io/repo/repository/maven-public/net/java/truevfs/truevfs-kernel-spec/0.12.1/truevfs-kernel-spec-0.12.1.pom (3.5 kB at 12 kB/s)
[INFO] Downloading from IntellectualSites: https://mvn.intellectualsites.com/content/groups/public/net/java/truecommons/truecommons-annotations/2.5.0/truecommons-annotations-2.5.0.pom
[INFO] Downloading from papermc: https://papermc.io/repo/repository/maven-public/net/java/truecommons/truecommons-annotations/2.5.0/truecommons-annotations-2.5.0.pom
[INFO] Downloaded from papermc: https://papermc.io/repo/repository/maven-public/net/java/truecommons/truecommons-annotations/2.5.0/truecommons-annotations-2.5.0.pom (1.8 kB at 6.3 kB/s)
[INFO] Downloading from IntellectualSites: https://mvn.intellectualsites.com/content/groups/public/net/java/truecommons/truecommons/2.5.0/truecommons-2.5.0.pom
[INFO] Downloading from papermc: https://papermc.io/repo/repository/maven-public/net/java/truecommons/truecommons/2.5.0/truecommons-2.5.0.pom
[INFO] Downloaded from papermc: https://papermc.io/repo/repository/maven-public/net/java/truecommons/truecommons/2.5.0/truecommons-2.5.0.pom (9.8 kB at 33 kB/s)
[INFO] Downloading from IntellectualSites: https://mvn.intellectualsites.com/content/groups/public/net/java/truecommons/truecommons-parent/108/truecommons-parent-108.pom
[INFO] Downloading from papermc: https://papermc.io/repo/repository/maven-public/net/java/truecommons/truecommons-parent/108/truecommons-parent-108.pom
[INFO] Downloaded from papermc: https://papermc.io/repo/repository/maven-public/net/java/truecommons/truecommons-parent/108/truecommons-parent-108.pom (24 kB at 83 kB/s)
[INFO] Downloading from IntellectualSites: https://mvn.intellectualsites.com/content/groups/public/com/google/code/findbugs/annotations/3.0.0/annotations-3.0.0.pom
[INFO] Downloading from papermc: https://papermc.io/repo/repository/maven-public/com/google/code/findbugs/annotations/3.0.0/annotations-3.0.0.pom
[INFO] Downloaded from papermc: https://papermc.io/repo/repository/maven-public/com/google/code/findbugs/annotations/3.0.0/annotations-3.0.0.pom (3.5 kB at 12 kB/s)
[INFO] Downloading from IntellectualSites: https://mvn.intellectualsites.com/content/groups/public/net/java/truecommons/truecommons-cio/2.5.0/truecommons-cio-2.5.0.pom
[INFO] Downloading from papermc: https://papermc.io/repo/repository/maven-public/net/java/truecommons/truecommons-cio/2.5.0/truecommons-cio-2.5.0.pom
[INFO] Downloaded from papermc: https://papermc.io/repo/repository/maven-public/net/java/truecommons/truecommons-cio/2.5.0/truecommons-cio-2.5.0.pom (2.1 kB at 7.5 kB/s)
[INFO] Downloading from IntellectualSites: https://mvn.intellectualsites.com/content/groups/public/net/java/truecommons/truecommons-io/2.5.0/truecommons-io-2.5.0.pom
[INFO] Downloading from papermc: https://papermc.io/repo/repository/maven-public/net/java/truecommons/truecommons-io/2.5.0/truecommons-io-2.5.0.pom
[INFO] Downloaded from papermc: https://papermc.io/repo/repository/maven-public/net/java/truecommons/truecommons-io/2.5.0/truecommons-io-2.5.0.pom (2.1 kB at 7.3 kB/s)
[INFO] Downloading from IntellectualSites: https://mvn.intellectualsites.com/content/groups/public/net/java/truecommons/truecommons-shed/2.5.0/truecommons-shed-2.5.0.pom
[INFO] Downloading from papermc: https://papermc.io/repo/repository/maven-public/net/java/truecommons/truecommons-shed/2.5.0/truecommons-shed-2.5.0.pom
[INFO] Downloaded from papermc: https://papermc.io/repo/repository/maven-public/net/java/truecommons/truecommons-shed/2.5.0/truecommons-shed-2.5.0.pom (2.5 kB at 9.0 kB/s)
[INFO] Downloading from IntellectualSites: https://mvn.intellectualsites.com/content/groups/public/net/java/truecommons/truecommons-services/2.5.0/truecommons-services-2.5.0.pom
[INFO] Downloading from papermc: https://papermc.io/repo/repository/maven-public/net/java/truecommons/truecommons-services/2.5.0/truecommons-services-2.5.0.pom
[INFO] Downloaded from papermc: https://papermc.io/repo/repository/maven-public/net/java/truecommons/truecommons-services/2.5.0/truecommons-services-2.5.0.pom (1.4 kB at 4.9 kB/s)
[INFO] Downloading from IntellectualSites: https://mvn.intellectualsites.com/content/groups/public/net/java/truecommons/truecommons-logging/2.5.0/truecommons-logging-2.5.0.pom
[INFO] Downloading from papermc: https://papermc.io/repo/repository/maven-public/net/java/truecommons/truecommons-logging/2.5.0/truecommons-logging-2.5.0.pom
[INFO] Downloaded from papermc: https://papermc.io/repo/repository/maven-public/net/java/truecommons/truecommons-logging/2.5.0/truecommons-logging-2.5.0.pom (1.1 kB at 3.9 kB/s)
[INFO] Downloading from IntellectualSites: https://mvn.intellectualsites.com/content/groups/public/org/slf4j/slf4j-api/1.7.12/slf4j-api-1.7.12.pom
[INFO] Downloading from papermc: https://papermc.io/repo/repository/maven-public/org/slf4j/slf4j-api/1.7.12/slf4j-api-1.7.12.pom
[INFO] Downloaded from papermc: https://papermc.io/repo/repository/maven-public/org/slf4j/slf4j-api/1.7.12/slf4j-api-1.7.12.pom (2.7 kB at 9.2 kB/s)
[INFO] Downloading from IntellectualSites: https://mvn.intellectualsites.com/content/groups/public/org/slf4j/slf4j-parent/1.7.12/slf4j-parent-1.7.12.pom
[INFO] Downloading from papermc: https://papermc.io/repo/repository/maven-public/org/slf4j/slf4j-parent/1.7.12/slf4j-parent-1.7.12.pom
[INFO] Downloaded from papermc: https://papermc.io/repo/repository/maven-public/org/slf4j/slf4j-parent/1.7.12/slf4j-parent-1.7.12.pom (12 kB at 41 kB/s)
[INFO] Downloading from IntellectualSites: https://mvn.intellectualsites.com/content/groups/public/javax/inject/javax.inject/1/javax.inject-1.pom
[INFO] Downloading from papermc: https://papermc.io/repo/repository/maven-public/javax/inject/javax.inject/1/javax.inject-1.pom
[INFO] Downloaded from papermc: https://papermc.io/repo/repository/maven-public/javax/inject/javax.inject/1/javax.inject-1.pom (612 B at 2.0 kB/s)
[INFO] Downloading from IntellectualSites: https://mvn.intellectualsites.com/content/groups/public/org/apache/httpcomponents/httpclient/4.5.10/httpclient-4.5.10.pom
[INFO] Downloading from papermc: https://papermc.io/repo/repository/maven-public/org/apache/httpcomponents/httpclient/4.5.10/httpclient-4.5.10.pom
[INFO] Downloaded from papermc: https://papermc.io/repo/repository/maven-public/org/apache/httpcomponents/httpclient/4.5.10/httpclient-4.5.10.pom (6.6 kB at 22 kB/s)
[INFO] Downloading from IntellectualSites: https://mvn.intellectualsites.com/content/groups/public/org/apache/httpcomponents/httpcomponents-client/4.5.10/httpcomponents-client-4.5.10.pom
[INFO] Downloading from papermc: https://papermc.io/repo/repository/maven-public/org/apache/httpcomponents/httpcomponents-client/4.5.10/httpcomponents-client-4.5.10.pom
[INFO] Downloaded from papermc: https://papermc.io/repo/repository/maven-public/org/apache/httpcomponents/httpcomponents-client/4.5.10/httpcomponents-client-4.5.10.pom (16 kB at 53 kB/s)
[INFO] Downloading from IntellectualSites: https://mvn.intellectualsites.com/content/groups/public/org/apache/httpcomponents/httpcomponents-parent/11/httpcomponents-parent-11.pom
[INFO] Downloading from papermc: https://papermc.io/repo/repository/maven-public/org/apache/httpcomponents/httpcomponents-parent/11/httpcomponents-parent-11.pom
[INFO] Downloaded from papermc: https://papermc.io/repo/repository/maven-public/org/apache/httpcomponents/httpcomponents-parent/11/httpcomponents-parent-11.pom (35 kB at 115 kB/s)
[INFO] Downloading from IntellectualSites: https://mvn.intellectualsites.com/content/groups/public/org/apache/httpcomponents/httpcore/4.4.12/httpcore-4.4.12.pom
[INFO] Downloading from papermc: https://papermc.io/repo/repository/maven-public/org/apache/httpcomponents/httpcore/4.4.12/httpcore-4.4.12.pom
[INFO] Downloaded from papermc: https://papermc.io/repo/repository/maven-public/org/apache/httpcomponents/httpcore/4.4.12/httpcore-4.4.12.pom (5.0 kB at 16 kB/s)
[INFO] Downloading from IntellectualSites: https://mvn.intellectualsites.com/content/groups/public/org/apache/httpcomponents/httpcomponents-core/4.4.12/httpcomponents-core-4.4.12.pom
[INFO] Downloading from papermc: https://papermc.io/repo/repository/maven-public/org/apache/httpcomponents/httpcomponents-core/4.4.12/httpcomponents-core-4.4.12.pom
[INFO] Downloaded from papermc: https://papermc.io/repo/repository/maven-public/org/apache/httpcomponents/httpcomponents-core/4.4.12/httpcomponents-core-4.4.12.pom (13 kB at 44 kB/s)
[INFO] Downloading from IntellectualSites: https://mvn.intellectualsites.com/content/groups/public/commons-codec/commons-codec/1.11/commons-codec-1.11.pom
[INFO] Downloading from papermc: https://papermc.io/repo/repository/maven-public/commons-codec/commons-codec/1.11/commons-codec-1.11.pom
[INFO] Downloaded from papermc: https://papermc.io/repo/repository/maven-public/commons-codec/commons-codec/1.11/commons-codec-1.11.pom (14 kB at 50 kB/s)
[INFO] Downloading from IntellectualSites: https://mvn.intellectualsites.com/content/groups/public/org/apache/commons/commons-parent/42/commons-parent-42.pom
[INFO] Downloading from papermc: https://papermc.io/repo/repository/maven-public/org/apache/commons/commons-parent/42/commons-parent-42.pom
[INFO] Downloaded from papermc: https://papermc.io/repo/repository/maven-public/org/apache/commons/commons-parent/42/commons-parent-42.pom (68 kB at 235 kB/s)
[INFO] Downloading from IntellectualSites: https://mvn.intellectualsites.com/content/groups/public/org/apache/apache/18/apache-18.pom
[INFO] Downloading from papermc: https://papermc.io/repo/repository/maven-public/org/apache/apache/18/apache-18.pom
[INFO] Downloaded from papermc: https://papermc.io/repo/repository/maven-public/org/apache/apache/18/apache-18.pom (16 kB at 48 kB/s)
[INFO] Downloading from IntellectualSites: https://mvn.intellectualsites.com/content/groups/public/org/slf4j/jcl-over-slf4j/1.7.28/jcl-over-slf4j-1.7.28.pom
[INFO] Downloading from papermc: https://papermc.io/repo/repository/maven-public/org/slf4j/jcl-over-slf4j/1.7.28/jcl-over-slf4j-1.7.28.pom
[INFO] Downloaded from papermc: https://papermc.io/repo/repository/maven-public/org/slf4j/jcl-over-slf4j/1.7.28/jcl-over-slf4j-1.7.28.pom (964 B at 3.3 kB/s)
[INFO] Downloading from IntellectualSites: https://mvn.intellectualsites.com/content/groups/public/org/slf4j/slf4j-parent/1.7.28/slf4j-parent-1.7.28.pom
[INFO] Downloading from papermc: https://papermc.io/repo/repository/maven-public/org/slf4j/slf4j-parent/1.7.28/slf4j-parent-1.7.28.pom
[INFO] Downloaded from papermc: https://papermc.io/repo/repository/maven-public/org/slf4j/slf4j-parent/1.7.28/slf4j-parent-1.7.28.pom (14 kB at 48 kB/s)
[INFO] Downloading from IntellectualSites: https://mvn.intellectualsites.com/content/groups/public/org/slf4j/slf4j-api/1.7.28/slf4j-api-1.7.28.pom
[INFO] Downloading from papermc: https://papermc.io/repo/repository/maven-public/org/slf4j/slf4j-api/1.7.28/slf4j-api-1.7.28.pom
[INFO] Downloaded from papermc: https://papermc.io/repo/repository/maven-public/org/slf4j/slf4j-api/1.7.28/slf4j-api-1.7.28.pom (3.8 kB at 13 kB/s)
[INFO] Downloading from IntellectualSites: https://mvn.intellectualsites.com/content/groups/public/net/java/truevfs/truevfs-driver-odf/0.12.1/truevfs-driver-odf-0.12.1.pom
[INFO] Downloading from papermc: https://papermc.io/repo/repository/maven-public/net/java/truevfs/truevfs-driver-odf/0.12.1/truevfs-driver-odf-0.12.1.pom
[INFO] Downloaded from papermc: https://papermc.io/repo/repository/maven-public/net/java/truevfs/truevfs-driver-odf/0.12.1/truevfs-driver-odf-0.12.1.pom (2.3 kB at 8.3 kB/s)
[INFO] Downloading from IntellectualSites: https://mvn.intellectualsites.com/content/groups/public/net/java/truevfs/truevfs-comp-zipdriver/0.12.1/truevfs-comp-zipdriver-0.12.1.pom
[INFO] Downloading from papermc: https://papermc.io/repo/repository/maven-public/net/java/truevfs/truevfs-comp-zipdriver/0.12.1/truevfs-comp-zipdriver-0.12.1.pom
[INFO] Downloaded from papermc: https://papermc.io/repo/repository/maven-public/net/java/truevfs/truevfs-comp-zipdriver/0.12.1/truevfs-comp-zipdriver-0.12.1.pom (2.3 kB at 8.2 kB/s)
[INFO] Downloading from IntellectualSites: https://mvn.intellectualsites.com/content/groups/public/net/java/truevfs/truevfs-comp-zip/0.12.1/truevfs-comp-zip-0.12.1.pom
[INFO] Downloading from papermc: https://papermc.io/repo/repository/maven-public/net/java/truevfs/truevfs-comp-zip/0.12.1/truevfs-comp-zip-0.12.1.pom
[INFO] Downloaded from papermc: https://papermc.io/repo/repository/maven-public/net/java/truevfs/truevfs-comp-zip/0.12.1/truevfs-comp-zip-0.12.1.pom (4.4 kB at 16 kB/s)
[INFO] Downloading from IntellectualSites: https://mvn.intellectualsites.com/content/groups/public/org/bouncycastle/bcprov-jdk15on/1.63/bcprov-jdk15on-1.63.pom
[INFO] Downloading from papermc: https://papermc.io/repo/repository/maven-public/org/bouncycastle/bcprov-jdk15on/1.63/bcprov-jdk15on-1.63.pom
[INFO] Downloaded from papermc: https://papermc.io/repo/repository/maven-public/org/bouncycastle/bcprov-jdk15on/1.63/bcprov-jdk15on-1.63.pom (1.1 kB at 3.6 kB/s)
[INFO] Downloading from IntellectualSites: https://mvn.intellectualsites.com/content/groups/public/org/apache/commons/commons-compress/1.19/commons-compress-1.19.pom
[INFO] Downloading from papermc: https://papermc.io/repo/repository/maven-public/org/apache/commons/commons-compress/1.19/commons-compress-1.19.pom
[INFO] Downloaded from papermc: https://papermc.io/repo/repository/maven-public/org/apache/commons/commons-compress/1.19/commons-compress-1.19.pom (18 kB at 64 kB/s)
[INFO] Downloading from IntellectualSites: https://mvn.intellectualsites.com/content/groups/public/org/apache/commons/commons-parent/48/commons-parent-48.pom
[INFO] Downloading from papermc: https://papermc.io/repo/repository/maven-public/org/apache/commons/commons-parent/48/commons-parent-48.pom
[INFO] Downloaded from papermc: https://papermc.io/repo/repository/maven-public/org/apache/commons/commons-parent/48/commons-parent-48.pom (72 kB at 254 kB/s)
[INFO] Downloading from IntellectualSites: https://mvn.intellectualsites.com/content/groups/public/com/google/code/findbugs/annotations/3.0.1u2/annotations-3.0.1u2.pom
[INFO] Downloading from papermc: https://papermc.io/repo/repository/maven-public/com/google/code/findbugs/annotations/3.0.1u2/annotations-3.0.1u2.pom
[INFO] Downloaded from papermc: https://papermc.io/repo/repository/maven-public/com/google/code/findbugs/annotations/3.0.1u2/annotations-3.0.1u2.pom (7.0 kB at 25 kB/s)
[INFO] Downloading from IntellectualSites: https://mvn.intellectualsites.com/content/groups/public/net/java/truecommons/truecommons-key-spec/2.5.0/truecommons-key-spec-2.5.0.pom
[INFO] Downloading from papermc: https://papermc.io/repo/repository/maven-public/net/java/truecommons/truecommons-key-spec/2.5.0/truecommons-key-spec-2.5.0.pom
[INFO] Downloaded from papermc: https://papermc.io/repo/repository/maven-public/net/java/truecommons/truecommons-key-spec/2.5.0/truecommons-key-spec-2.5.0.pom (2.2 kB at 7.7 kB/s)
[INFO] Downloading from IntellectualSites: https://mvn.intellectualsites.com/content/groups/public/net/java/truecommons/truecommons-key/2.5.0/truecommons-key-2.5.0.pom
[INFO] Downloading from papermc: https://papermc.io/repo/repository/maven-public/net/java/truecommons/truecommons-key/2.5.0/truecommons-key-2.5.0.pom
[INFO] Downloaded from papermc: https://papermc.io/repo/repository/maven-public/net/java/truecommons/truecommons-key/2.5.0/truecommons-key-2.5.0.pom (2.1 kB at 7.6 kB/s)
[INFO] Downloading from IntellectualSites: https://mvn.intellectualsites.com/content/groups/public/net/java/truevfs/truevfs-driver-tar/0.12.1/truevfs-driver-tar-0.12.1.pom
[INFO] Downloading from papermc: https://papermc.io/repo/repository/maven-public/net/java/truevfs/truevfs-driver-tar/0.12.1/truevfs-driver-tar-0.12.1.pom
[INFO] Downloaded from papermc: https://papermc.io/repo/repository/maven-public/net/java/truevfs/truevfs-driver-tar/0.12.1/truevfs-driver-tar-0.12.1.pom (2.3 kB at 7.8 kB/s)
[INFO] Downloading from IntellectualSites: https://mvn.intellectualsites.com/content/groups/public/net/java/truevfs/truevfs-comp-tardriver/0.12.1/truevfs-comp-tardriver-0.12.1.pom
[INFO] Downloading from papermc: https://papermc.io/repo/repository/maven-public/net/java/truevfs/truevfs-comp-tardriver/0.12.1/truevfs-comp-tardriver-0.12.1.pom
[INFO] Downloaded from papermc: https://papermc.io/repo/repository/maven-public/net/java/truevfs/truevfs-comp-tardriver/0.12.1/truevfs-comp-tardriver-0.12.1.pom (2.3 kB at 8.3 kB/s)
[INFO] Downloading from IntellectualSites: https://mvn.intellectualsites.com/content/groups/public/net/java/truevfs/truevfs-driver-tar-bzip2/0.12.1/truevfs-driver-tar-bzip2-0.12.1.pom
[INFO] Downloading from papermc: https://papermc.io/repo/repository/maven-public/net/java/truevfs/truevfs-driver-tar-bzip2/0.12.1/truevfs-driver-tar-bzip2-0.12.1.pom
[INFO] Downloaded from papermc: https://papermc.io/repo/repository/maven-public/net/java/truevfs/truevfs-driver-tar-bzip2/0.12.1/truevfs-driver-tar-bzip2-0.12.1.pom (2.3 kB at 8.3 kB/s)
[INFO] Downloading from IntellectualSites: https://mvn.intellectualsites.com/content/groups/public/net/java/truevfs/truevfs-driver-tar-gzip/0.12.1/truevfs-driver-tar-gzip-0.12.1.pom
[INFO] Downloading from papermc: https://papermc.io/repo/repository/maven-public/net/java/truevfs/truevfs-driver-tar-gzip/0.12.1/truevfs-driver-tar-gzip-0.12.1.pom
[INFO] Downloaded from papermc: https://papermc.io/repo/repository/maven-public/net/java/truevfs/truevfs-driver-tar-gzip/0.12.1/truevfs-driver-tar-gzip-0.12.1.pom (2.3 kB at 8.1 kB/s)
[INFO] Downloading from IntellectualSites: https://mvn.intellectualsites.com/content/groups/public/net/java/truevfs/truevfs-driver-tar-xz/0.12.1/truevfs-driver-tar-xz-0.12.1.pom
[INFO] Downloading from papermc: https://papermc.io/repo/repository/maven-public/net/java/truevfs/truevfs-driver-tar-xz/0.12.1/truevfs-driver-tar-xz-0.12.1.pom
[INFO] Downloaded from papermc: https://papermc.io/repo/repository/maven-public/net/java/truevfs/truevfs-driver-tar-xz/0.12.1/truevfs-driver-tar-xz-0.12.1.pom (2.5 kB at 8.9 kB/s)
[INFO] Downloading from IntellectualSites: https://mvn.intellectualsites.com/content/groups/public/org/tukaani/xz/1.8/xz-1.8.pom
[INFO] Downloading from papermc: https://papermc.io/repo/repository/maven-public/org/tukaani/xz/1.8/xz-1.8.pom
[INFO] Downloaded from papermc: https://papermc.io/repo/repository/maven-public/org/tukaani/xz/1.8/xz-1.8.pom (1.9 kB at 6.7 kB/s)
[INFO] Downloading from IntellectualSites: https://mvn.intellectualsites.com/content/groups/public/net/java/truevfs/truevfs-driver-zip-raes/0.12.1/truevfs-driver-zip-raes-0.12.1.pom
[INFO] Downloading from papermc: https://papermc.io/repo/repository/maven-public/net/java/truevfs/truevfs-driver-zip-raes/0.12.1/truevfs-driver-zip-raes-0.12.1.pom
[INFO] Downloaded from papermc: https://papermc.io/repo/repository/maven-public/net/java/truevfs/truevfs-driver-zip-raes/0.12.1/truevfs-driver-zip-raes-0.12.1.pom (2.4 kB at 8.3 kB/s)
[INFO] Downloading from IntellectualSites: https://mvn.intellectualsites.com/content/groups/public/net/java/truevfs/truevfs-profile-base_2.13/0.12.1/truevfs-profile-base_2.13-0.12.1.pom
[INFO] Downloading from papermc: https://papermc.io/repo/repository/maven-public/net/java/truevfs/truevfs-profile-base_2.13/0.12.1/truevfs-profile-base_2.13-0.12.1.pom
[INFO] Downloaded from papermc: https://papermc.io/repo/repository/maven-public/net/java/truevfs/truevfs-profile-base_2.13/0.12.1/truevfs-profile-base_2.13-0.12.1.pom (3.7 kB at 13 kB/s)
[INFO] Downloading from IntellectualSites: https://mvn.intellectualsites.com/content/groups/public/net/java/truevfs/truevfs-access-swing/0.12.1/truevfs-access-swing-0.12.1.pom
[INFO] Downloading from papermc: https://papermc.io/repo/repository/maven-public/net/java/truevfs/truevfs-access-swing/0.12.1/truevfs-access-swing-0.12.1.pom
[INFO] Downloaded from papermc: https://papermc.io/repo/repository/maven-public/net/java/truevfs/truevfs-access-swing/0.12.1/truevfs-access-swing-0.12.1.pom (2.2 kB at 7.6 kB/s)
[INFO] Downloading from IntellectualSites: https://mvn.intellectualsites.com/content/groups/public/net/java/truevfs/truevfs-access/0.12.1/truevfs-access-0.12.1.pom
[INFO] Downloading from papermc: https://papermc.io/repo/repository/maven-public/net/java/truevfs/truevfs-access/0.12.1/truevfs-access-0.12.1.pom
[INFO] Downloaded from papermc: https://papermc.io/repo/repository/maven-public/net/java/truevfs/truevfs-access/0.12.1/truevfs-access-0.12.1.pom (3.4 kB at 11 kB/s)
[INFO] Downloading from IntellectualSites: https://mvn.intellectualsites.com/content/groups/public/net/java/truevfs/truevfs-driver-file/0.12.1/truevfs-driver-file-0.12.1.pom
[INFO] Downloading from papermc: https://papermc.io/repo/repository/maven-public/net/java/truevfs/truevfs-driver-file/0.12.1/truevfs-driver-file-0.12.1.pom
[INFO] Downloaded from papermc: https://papermc.io/repo/repository/maven-public/net/java/truevfs/truevfs-driver-file/0.12.1/truevfs-driver-file-0.12.1.pom (2.5 kB at 9.0 kB/s)
[INFO] Downloading from IntellectualSites: https://mvn.intellectualsites.com/content/groups/public/net/java/truevfs/truevfs-driver-jar/0.12.1/truevfs-driver-jar-0.12.1.pom
[INFO] Downloading from papermc: https://papermc.io/repo/repository/maven-public/net/java/truevfs/truevfs-driver-jar/0.12.1/truevfs-driver-jar-0.12.1.pom
[INFO] Downloaded from papermc: https://papermc.io/repo/repository/maven-public/net/java/truevfs/truevfs-driver-jar/0.12.1/truevfs-driver-jar-0.12.1.pom (2.3 kB at 8.3 kB/s)
[INFO] Downloading from IntellectualSites: https://mvn.intellectualsites.com/content/groups/public/net/java/truevfs/truevfs-driver-zip/0.12.1/truevfs-driver-zip-0.12.1.pom
[INFO] Downloading from papermc: https://papermc.io/repo/repository/maven-public/net/java/truevfs/truevfs-driver-zip/0.12.1/truevfs-driver-zip-0.12.1.pom
[INFO] Downloaded from papermc: https://papermc.io/repo/repository/maven-public/net/java/truevfs/truevfs-driver-zip/0.12.1/truevfs-driver-zip-0.12.1.pom (2.5 kB at 8.7 kB/s)
[INFO] Downloading from IntellectualSites: https://mvn.intellectualsites.com/content/groups/public/net/java/truevfs/truevfs-comp-ibm437/0.12.1/truevfs-comp-ibm437-0.12.1.pom
[INFO] Downloading from papermc: https://papermc.io/repo/repository/maven-public/net/java/truevfs/truevfs-comp-ibm437/0.12.1/truevfs-comp-ibm437-0.12.1.pom
[INFO] Downloaded from papermc: https://papermc.io/repo/repository/maven-public/net/java/truevfs/truevfs-comp-ibm437/0.12.1/truevfs-comp-ibm437-0.12.1.pom (2.9 kB at 10 kB/s)
[INFO] Downloading from IntellectualSites: https://mvn.intellectualsites.com/content/groups/public/net/java/truevfs/truevfs-kernel-impl_2.13/0.12.1/truevfs-kernel-impl_2.13-0.12.1.pom
[INFO] Downloading from papermc: https://papermc.io/repo/repository/maven-public/net/java/truevfs/truevfs-kernel-impl_2.13/0.12.1/truevfs-kernel-impl_2.13-0.12.1.pom
[INFO] Downloaded from papermc: https://papermc.io/repo/repository/maven-public/net/java/truevfs/truevfs-kernel-impl_2.13/0.12.1/truevfs-kernel-impl_2.13-0.12.1.pom (3.8 kB at 13 kB/s)
[INFO] Downloading from IntellectualSites: https://mvn.intellectualsites.com/content/groups/public/net/java/truecommons/truecommons-key-console/2.5.0/truecommons-key-console-2.5.0.pom
[INFO] Downloading from papermc: https://papermc.io/repo/repository/maven-public/net/java/truecommons/truecommons-key-console/2.5.0/truecommons-key-console-2.5.0.pom
[INFO] Downloaded from papermc: https://papermc.io/repo/repository/maven-public/net/java/truecommons/truecommons-key-console/2.5.0/truecommons-key-console-2.5.0.pom (1.2 kB at 4.1 kB/s)
[INFO] Downloading from IntellectualSites: https://mvn.intellectualsites.com/content/groups/public/net/java/truecommons/truecommons-key-default/2.5.0/truecommons-key-default-2.5.0.pom
[INFO] Downloading from papermc: https://papermc.io/repo/repository/maven-public/net/java/truecommons/truecommons-key-default/2.5.0/truecommons-key-default-2.5.0.pom
[INFO] Downloaded from papermc: https://papermc.io/repo/repository/maven-public/net/java/truecommons/truecommons-key-default/2.5.0/truecommons-key-default-2.5.0.pom (1.3 kB at 4.4 kB/s)
[INFO] Downloading from IntellectualSites: https://mvn.intellectualsites.com/content/groups/public/net/java/truecommons/truecommons-key-swing/2.5.0/truecommons-key-swing-2.5.0.pom
[INFO] Downloading from papermc: https://papermc.io/repo/repository/maven-public/net/java/truecommons/truecommons-key-swing/2.5.0/truecommons-key-swing-2.5.0.pom
[INFO] Downloaded from papermc: https://papermc.io/repo/repository/maven-public/net/java/truecommons/truecommons-key-swing/2.5.0/truecommons-key-swing-2.5.0.pom (1.7 kB at 6.0 kB/s)
[INFO] Downloading from IntellectualSites: https://mvn.intellectualsites.com/content/groups/public/net/java/truecommons/truecommons-key-macosx/2.5.0/truecommons-key-macosx-2.5.0.pom
[INFO] Downloading from papermc: https://papermc.io/repo/repository/maven-public/net/java/truecommons/truecommons-key-macosx/2.5.0/truecommons-key-macosx-2.5.0.pom
[INFO] Downloaded from papermc: https://papermc.io/repo/repository/maven-public/net/java/truecommons/truecommons-key-macosx/2.5.0/truecommons-key-macosx-2.5.0.pom (2.4 kB at 8.8 kB/s)
[INFO] Downloading from IntellectualSites: https://mvn.intellectualsites.com/content/groups/public/net/java/dev/jna/jna/4.1.0/jna-4.1.0.pom
[INFO] Downloading from papermc: https://papermc.io/repo/repository/maven-public/net/java/dev/jna/jna/4.1.0/jna-4.1.0.pom
[INFO] Downloaded from papermc: https://papermc.io/repo/repository/maven-public/net/java/dev/jna/jna/4.1.0/jna-4.1.0.pom (1.3 kB at 4.5 kB/s)
[INFO] Downloading from IntellectualSites: https://mvn.intellectualsites.com/content/groups/public/org/mozilla/rhino-runtime/1.7.12/rhino-runtime-1.7.12.pom
[INFO] Downloading from papermc: https://papermc.io/repo/repository/maven-public/org/mozilla/rhino-runtime/1.7.12/rhino-runtime-1.7.12.pom
[INFO] Downloaded from papermc: https://papermc.io/repo/repository/maven-public/org/mozilla/rhino-runtime/1.7.12/rhino-runtime-1.7.12.pom (1.3 kB at 4.6 kB/s)
[INFO] Downloading from IntellectualSites: https://mvn.intellectualsites.com/content/groups/public/org/yaml/snakeyaml/1.9/snakeyaml-1.9.pom
[INFO] Downloading from papermc: https://papermc.io/repo/repository/maven-public/org/yaml/snakeyaml/1.9/snakeyaml-1.9.pom
[INFO] Downloaded from papermc: https://papermc.io/repo/repository/maven-public/org/yaml/snakeyaml/1.9/snakeyaml-1.9.pom (14 kB at 47 kB/s)
[INFO] Downloading from IntellectualSites: https://mvn.intellectualsites.com/content/groups/public/com/google/code/findbugs/jsr305/1.3.9/jsr305-1.3.9.pom
[INFO] Downloading from papermc: https://papermc.io/repo/repository/maven-public/com/google/code/findbugs/jsr305/1.3.9/jsr305-1.3.9.pom
[INFO] Downloaded from papermc: https://papermc.io/repo/repository/maven-public/com/google/code/findbugs/jsr305/1.3.9/jsr305-1.3.9.pom (965 B at 3.4 kB/s)
[INFO] Downloading from IntellectualSites: https://mvn.intellectualsites.com/content/groups/public/org/slf4j/slf4j-api/1.7.26/slf4j-api-1.7.26.pom
[INFO] Downloading from papermc: https://papermc.io/repo/repository/maven-public/org/slf4j/slf4j-api/1.7.26/slf4j-api-1.7.26.pom
[INFO] Downloaded from papermc: https://papermc.io/repo/repository/maven-public/org/slf4j/slf4j-api/1.7.26/slf4j-api-1.7.26.pom (3.8 kB at 13 kB/s)
[INFO] Downloading from IntellectualSites: https://mvn.intellectualsites.com/content/groups/public/org/slf4j/slf4j-parent/1.7.26/slf4j-parent-1.7.26.pom
[INFO] Downloading from papermc: https://papermc.io/repo/repository/maven-public/org/slf4j/slf4j-parent/1.7.26/slf4j-parent-1.7.26.pom
[INFO] Downloaded from papermc: https://papermc.io/repo/repository/maven-public/org/slf4j/slf4j-parent/1.7.26/slf4j-parent-1.7.26.pom (14 kB at 49 kB/s)
[INFO] Downloading from IntellectualSites: https://mvn.intellectualsites.com/content/groups/public/it/unimi/dsi/fastutil/8.2.1/fastutil-8.2.1.pom
[INFO] Downloading from papermc: https://papermc.io/repo/repository/maven-public/it/unimi/dsi/fastutil/8.2.1/fastutil-8.2.1.pom
[INFO] Downloaded from papermc: https://papermc.io/repo/repository/maven-public/it/unimi/dsi/fastutil/8.2.1/fastutil-8.2.1.pom (1.4 kB at 5.0 kB/s)
[INFO] Downloading from IntellectualSites: https://mvn.intellectualsites.com/content/groups/public/org/antlr/antlr4-runtime/4.7.2/antlr4-runtime-4.7.2.pom
[INFO] Downloading from papermc: https://papermc.io/repo/repository/maven-public/org/antlr/antlr4-runtime/4.7.2/antlr4-runtime-4.7.2.pom
[INFO] Downloaded from papermc: https://papermc.io/repo/repository/maven-public/org/antlr/antlr4-runtime/4.7.2/antlr4-runtime-4.7.2.pom (3.6 kB at 13 kB/s)
[INFO] Downloading from IntellectualSites: https://mvn.intellectualsites.com/content/groups/public/org/antlr/antlr4-master/4.7.2/antlr4-master-4.7.2.pom
[INFO] Downloading from papermc: https://papermc.io/repo/repository/maven-public/org/antlr/antlr4-master/4.7.2/antlr4-master-4.7.2.pom
[INFO] Downloaded from papermc: https://papermc.io/repo/repository/maven-public/org/antlr/antlr4-master/4.7.2/antlr4-master-4.7.2.pom (4.4 kB at 16 kB/s)
[INFO] Downloading from IntellectualSites: https://mvn.intellectualsites.com/content/groups/public/org/sonatype/oss/oss-parent/9/oss-parent-9.pom
[INFO] Downloading from papermc: https://papermc.io/repo/repository/maven-public/org/sonatype/oss/oss-parent/9/oss-parent-9.pom
[INFO] Downloaded from papermc: https://papermc.io/repo/repository/maven-public/org/sonatype/oss/oss-parent/9/oss-parent-9.pom (6.6 kB at 23 kB/s)
[INFO] Downloading from IntellectualSites: https://mvn.intellectualsites.com/content/groups/public/com/sk89q/worldedit/worldedit-bukkit/7.2.0-SNAPSHOT/maven-metadata.xml
[INFO] Downloading from papermc: https://papermc.io/repo/repository/maven-public/com/sk89q/worldedit/worldedit-bukkit/7.2.0-SNAPSHOT/maven-metadata.xml
[INFO] Downloading from spigotmc: https://hub.spigotmc.org/nexus/content/repositories/snapshots/com/sk89q/worldedit/worldedit-bukkit/7.2.0-SNAPSHOT/maven-metadata.xml
[INFO] Downloading from WorldEdit: https://maven.enginehub.org/repo/com/sk89q/worldedit/worldedit-bukkit/7.2.0-SNAPSHOT/maven-metadata.xml
[INFO] Downloading from jitpack.io: https://jitpack.io/com/sk89q/worldedit/worldedit-bukkit/7.2.0-SNAPSHOT/maven-metadata.xml
[INFO] Downloaded from WorldEdit: https://maven.enginehub.org/repo/com/sk89q/worldedit/worldedit-bukkit/7.2.0-SNAPSHOT/maven-metadata.xml (1.2 kB at 2.0 kB/s)
[WARNING] Could not transfer metadata com.sk89q.worldedit:worldedit-bukkit:7.2.0-SNAPSHOT/maven-metadata.xml from/to IntellectualSites (https://mvn.intellectualsites.com/content/groups/public/): transfer failed for https://mvn.intellectualsites.com/content/groups/public/com/sk89q/worldedit/worldedit-bukkit/7.2.0-SNAPSHOT/maven-metadata.xml
[WARNING] com.sk89q.worldedit:worldedit-bukkit:7.2.0-SNAPSHOT/maven-metadata.xmlfailed to transfer from https://mvn.intellectualsites.com/content/groups/public/ during a previous attempt. This failure was cached in the local repository and resolution will not be reattempted until the update interval of IntellectualSites has elapsed or updates are forced. Original error: Could not transfer metadata com.sk89q.worldedit:worldedit-bukkit:7.2.0-SNAPSHOT/maven-metadata.xml from/to IntellectualSites (https://mvn.intellectualsites.com/content/groups/public/): transfer failed for https://mvn.intellectualsites.com/content/groups/public/com/sk89q/worldedit/worldedit-bukkit/7.2.0-SNAPSHOT/maven-metadata.xml
[INFO] Downloading from IntellectualSites: https://mvn.intellectualsites.com/content/groups/public/com/sk89q/worldedit/worldedit-bukkit/7.2.0-SNAPSHOT/worldedit-bukkit-7.2.0-20201102.221009-187.pom
[INFO] Downloading from papermc: https://papermc.io/repo/repository/maven-public/com/sk89q/worldedit/worldedit-bukkit/7.2.0-SNAPSHOT/worldedit-bukkit-7.2.0-20201102.221009-187.pom
[INFO] Downloading from spigotmc: https://hub.spigotmc.org/nexus/content/repositories/snapshots/com/sk89q/worldedit/worldedit-bukkit/7.2.0-SNAPSHOT/worldedit-bukkit-7.2.0-20201102.221009-187.pom
[INFO] Downloading from jitpack.io: https://jitpack.io/com/sk89q/worldedit/worldedit-bukkit/7.2.0-SNAPSHOT/worldedit-bukkit-7.2.0-20201102.221009-187.pom
[INFO] Downloading from WorldEdit: https://maven.enginehub.org/repo/com/sk89q/worldedit/worldedit-bukkit/7.2.0-SNAPSHOT/worldedit-bukkit-7.2.0-20201102.221009-187.pom
[INFO] Downloaded from WorldEdit: https://maven.enginehub.org/repo/com/sk89q/worldedit/worldedit-bukkit/7.2.0-SNAPSHOT/worldedit-bukkit-7.2.0-20201102.221009-187.pom (2.8 kB at 46 kB/s)
[INFO] Downloading from IntellectualSites: https://mvn.intellectualsites.com/content/groups/public/com/sk89q/worldedit/worldedit-libs/bukkit/7.2.0-SNAPSHOT/maven-metadata.xml
[INFO] Downloading from papermc: https://papermc.io/repo/repository/maven-public/com/sk89q/worldedit/worldedit-libs/bukkit/7.2.0-SNAPSHOT/maven-metadata.xml
[INFO] Downloading from spigotmc: https://hub.spigotmc.org/nexus/content/repositories/snapshots/com/sk89q/worldedit/worldedit-libs/bukkit/7.2.0-SNAPSHOT/maven-metadata.xml
[INFO] Downloading from WorldEdit: https://maven.enginehub.org/repo/com/sk89q/worldedit/worldedit-libs/bukkit/7.2.0-SNAPSHOT/maven-metadata.xml
[INFO] Downloading from jitpack.io: https://jitpack.io/com/sk89q/worldedit/worldedit-libs/bukkit/7.2.0-SNAPSHOT/maven-metadata.xml
[INFO] Downloaded from WorldEdit: https://maven.enginehub.org/repo/com/sk89q/worldedit/worldedit-libs/bukkit/7.2.0-SNAPSHOT/maven-metadata.xml (1.0 kB at 1.7 kB/s)
[WARNING] Could not transfer metadata com.sk89q.worldedit.worldedit-libs:bukkit:7.2.0-SNAPSHOT/maven-metadata.xml from/to IntellectualSites (https://mvn.intellectualsites.com/content/groups/public/): transfer failed for https://mvn.intellectualsites.com/content/groups/public/com/sk89q/worldedit/worldedit-libs/bukkit/7.2.0-SNAPSHOT/maven-metadata.xml
[WARNING] com.sk89q.worldedit.worldedit-libs:bukkit:7.2.0-SNAPSHOT/maven-metadata.xmlfailed to transfer from https://mvn.intellectualsites.com/content/groups/public/ during a previous attempt. This failure was cached in the local repository and resolution will not be reattempted until the update interval of IntellectualSites has elapsed or updates are forced. Original error: Could not transfer metadata com.sk89q.worldedit.worldedit-libs:bukkit:7.2.0-SNAPSHOT/maven-metadata.xml from/to IntellectualSites (https://mvn.intellectualsites.com/content/groups/public/): transfer failed for https://mvn.intellectualsites.com/content/groups/public/com/sk89q/worldedit/worldedit-libs/bukkit/7.2.0-SNAPSHOT/maven-metadata.xml
[INFO] Downloading from IntellectualSites: https://mvn.intellectualsites.com/content/groups/public/com/sk89q/worldedit/worldedit-libs/bukkit/7.2.0-SNAPSHOT/bukkit-7.2.0-20201102.221009-188.pom
[INFO] Downloading from papermc: https://papermc.io/repo/repository/maven-public/com/sk89q/worldedit/worldedit-libs/bukkit/7.2.0-SNAPSHOT/bukkit-7.2.0-20201102.221009-188.pom
[INFO] Downloading from spigotmc: https://hub.spigotmc.org/nexus/content/repositories/snapshots/com/sk89q/worldedit/worldedit-libs/bukkit/7.2.0-SNAPSHOT/bukkit-7.2.0-20201102.221009-188.pom
[INFO] Downloading from jitpack.io: https://jitpack.io/com/sk89q/worldedit/worldedit-libs/bukkit/7.2.0-SNAPSHOT/bukkit-7.2.0-20201102.221009-188.pom
[INFO] Downloading from WorldEdit: https://maven.enginehub.org/repo/com/sk89q/worldedit/worldedit-libs/bukkit/7.2.0-SNAPSHOT/bukkit-7.2.0-20201102.221009-188.pom
[INFO] Downloaded from WorldEdit: https://maven.enginehub.org/repo/com/sk89q/worldedit/worldedit-libs/bukkit/7.2.0-SNAPSHOT/bukkit-7.2.0-20201102.221009-188.pom (422 B at 7.4 kB/s)
[INFO] Downloading from IntellectualSites: https://mvn.intellectualsites.com/content/groups/public/org/spigotmc/spigot-api/1.16.1-R0.1-SNAPSHOT/maven-metadata.xml
[INFO] Downloading from papermc: https://papermc.io/repo/repository/maven-public/org/spigotmc/spigot-api/1.16.1-R0.1-SNAPSHOT/maven-metadata.xml
[INFO] Downloading from spigotmc: https://hub.spigotmc.org/nexus/content/repositories/snapshots/org/spigotmc/spigot-api/1.16.1-R0.1-SNAPSHOT/maven-metadata.xml
[INFO] Downloading from WorldEdit: https://maven.enginehub.org/repo/org/spigotmc/spigot-api/1.16.1-R0.1-SNAPSHOT/maven-metadata.xml
[INFO] Downloading from jitpack.io: https://jitpack.io/org/spigotmc/spigot-api/1.16.1-R0.1-SNAPSHOT/maven-metadata.xml
[INFO] Downloaded from spigotmc: https://hub.spigotmc.org/nexus/content/repositories/snapshots/org/spigotmc/spigot-api/1.16.1-R0.1-SNAPSHOT/maven-metadata.xml (1.5 kB at 22 kB/s)
[INFO] Downloaded from WorldEdit: https://maven.enginehub.org/repo/org/spigotmc/spigot-api/1.16.1-R0.1-SNAPSHOT/maven-metadata.xml (1.5 kB at 22 kB/s)
[INFO] Downloaded from papermc: https://papermc.io/repo/repository/maven-public/org/spigotmc/spigot-api/1.16.1-R0.1-SNAPSHOT/maven-metadata.xml (1.5 kB at 5.1 kB/s)
[WARNING] Could not transfer metadata org.spigotmc:spigot-api:1.16.1-R0.1-SNAPSHOT/maven-metadata.xml from/to IntellectualSites (https://mvn.intellectualsites.com/content/groups/public/): transfer failed for https://mvn.intellectualsites.com/content/groups/public/org/spigotmc/spigot-api/1.16.1-R0.1-SNAPSHOT/maven-metadata.xml
[WARNING] org.spigotmc:spigot-api:1.16.1-R0.1-SNAPSHOT/maven-metadata.xmlfailed to transfer from https://mvn.intellectualsites.com/content/groups/public/ during a previous attempt. This failure was cached in the local repository and resolution will not be reattempted until the update interval of IntellectualSites has elapsed or updates are forced. Original error: Could not transfer metadata org.spigotmc:spigot-api:1.16.1-R0.1-SNAPSHOT/maven-metadata.xml from/to IntellectualSites (https://mvn.intellectualsites.com/content/groups/public/): transfer failed for https://mvn.intellectualsites.com/content/groups/public/org/spigotmc/spigot-api/1.16.1-R0.1-SNAPSHOT/maven-metadata.xml
[INFO] Downloading from IntellectualSites: https://mvn.intellectualsites.com/content/groups/public/org/spigotmc/spigot-api/1.16.1-R0.1-SNAPSHOT/spigot-api-1.16.1-R0.1-20200811.074017-132.pom
[INFO] Downloading from papermc: https://papermc.io/repo/repository/maven-public/org/spigotmc/spigot-api/1.16.1-R0.1-SNAPSHOT/spigot-api-1.16.1-R0.1-20200811.074017-132.pom
[INFO] Downloaded from papermc: https://papermc.io/repo/repository/maven-public/org/spigotmc/spigot-api/1.16.1-R0.1-SNAPSHOT/spigot-api-1.16.1-R0.1-20200811.074017-132.pom (11 kB at 33 kB/s)
[INFO] Downloading from IntellectualSites: https://mvn.intellectualsites.com/content/groups/public/net/md-5/bungeecord-chat/1.16-R0.3/bungeecord-chat-1.16-R0.3.pom
[INFO] Downloading from papermc: https://papermc.io/repo/repository/maven-public/net/md-5/bungeecord-chat/1.16-R0.3/bungeecord-chat-1.16-R0.3.pom
[INFO] Downloaded from papermc: https://papermc.io/repo/repository/maven-public/net/md-5/bungeecord-chat/1.16-R0.3/bungeecord-chat-1.16-R0.3.pom (978 B at 3.4 kB/s)
[INFO] Downloading from IntellectualSites: https://mvn.intellectualsites.com/content/groups/public/net/md-5/bungeecord-parent/1.16-R0.3/bungeecord-parent-1.16-R0.3.pom
[INFO] Downloading from papermc: https://papermc.io/repo/repository/maven-public/net/md-5/bungeecord-parent/1.16-R0.3/bungeecord-parent-1.16-R0.3.pom
[INFO] Downloaded from papermc: https://papermc.io/repo/repository/maven-public/net/md-5/bungeecord-parent/1.16-R0.3/bungeecord-parent-1.16-R0.3.pom (10 kB at 36 kB/s)
[INFO] Downloading from IntellectualSites: https://mvn.intellectualsites.com/content/groups/public/org/yaml/snakeyaml/1.26/snakeyaml-1.26.pom
[INFO] Downloading from papermc: https://papermc.io/repo/repository/maven-public/org/yaml/snakeyaml/1.26/snakeyaml-1.26.pom
[INFO] Downloaded from papermc: https://papermc.io/repo/repository/maven-public/org/yaml/snakeyaml/1.26/snakeyaml-1.26.pom (38 kB at 93 kB/s)
[INFO] Downloading from IntellectualSites: https://mvn.intellectualsites.com/content/groups/public/io/papermc/paperlib/1.0.2/paperlib-1.0.2.pom
[INFO] Downloading from papermc: https://papermc.io/repo/repository/maven-public/io/papermc/paperlib/1.0.2/paperlib-1.0.2.pom
[INFO] Downloaded from papermc: https://papermc.io/repo/repository/maven-public/io/papermc/paperlib/1.0.2/paperlib-1.0.2.pom (936 B at 3.2 kB/s)
[INFO] Downloading from IntellectualSites: https://mvn.intellectualsites.com/content/groups/public/org/apache/logging/log4j/log4j-slf4j-impl/2.8.1/log4j-slf4j-impl-2.8.1.pom
[INFO] Downloading from papermc: https://papermc.io/repo/repository/maven-public/org/apache/logging/log4j/log4j-slf4j-impl/2.8.1/log4j-slf4j-impl-2.8.1.pom
[INFO] Downloaded from papermc: https://papermc.io/repo/repository/maven-public/org/apache/logging/log4j/log4j-slf4j-impl/2.8.1/log4j-slf4j-impl-2.8.1.pom (9.2 kB at 29 kB/s)
[INFO] Downloading from IntellectualSites: https://mvn.intellectualsites.com/content/groups/public/org/apache/logging/log4j/log4j/2.8.1/log4j-2.8.1.pom
[INFO] Downloading from papermc: https://papermc.io/repo/repository/maven-public/org/apache/logging/log4j/log4j/2.8.1/log4j-2.8.1.pom
[INFO] Downloaded from papermc: https://papermc.io/repo/repository/maven-public/org/apache/logging/log4j/log4j/2.8.1/log4j-2.8.1.pom (55 kB at 128 kB/s)
[INFO] Downloading from IntellectualSites: https://mvn.intellectualsites.com/content/groups/public/org/apache/logging/logging-parent/1/logging-parent-1.pom
[INFO] Downloading from papermc: https://papermc.io/repo/repository/maven-public/org/apache/logging/logging-parent/1/logging-parent-1.pom
[INFO] Downloaded from papermc: https://papermc.io/repo/repository/maven-public/org/apache/logging/logging-parent/1/logging-parent-1.pom (3.2 kB at 10 kB/s)
[INFO] Downloading from IntellectualSites: https://mvn.intellectualsites.com/content/groups/public/org/slf4j/slf4j-api/1.7.24/slf4j-api-1.7.24.pom
[INFO] Downloading from papermc: https://papermc.io/repo/repository/maven-public/org/slf4j/slf4j-api/1.7.24/slf4j-api-1.7.24.pom
[INFO] Downloaded from papermc: https://papermc.io/repo/repository/maven-public/org/slf4j/slf4j-api/1.7.24/slf4j-api-1.7.24.pom (3.8 kB at 9.3 kB/s)
[INFO] Downloading from IntellectualSites: https://mvn.intellectualsites.com/content/groups/public/org/slf4j/slf4j-parent/1.7.24/slf4j-parent-1.7.24.pom
[INFO] Downloading from papermc: https://papermc.io/repo/repository/maven-public/org/slf4j/slf4j-parent/1.7.24/slf4j-parent-1.7.24.pom
[INFO] Downloaded from papermc: https://papermc.io/repo/repository/maven-public/org/slf4j/slf4j-parent/1.7.24/slf4j-parent-1.7.24.pom (14 kB at 44 kB/s)
[INFO] Downloading from IntellectualSites: https://mvn.intellectualsites.com/content/groups/public/org/apache/logging/log4j/log4j-api/2.8.1/log4j-api-2.8.1.pom
[INFO] Downloading from papermc: https://papermc.io/repo/repository/maven-public/org/apache/logging/log4j/log4j-api/2.8.1/log4j-api-2.8.1.pom
[INFO] Downloaded from papermc: https://papermc.io/repo/repository/maven-public/org/apache/logging/log4j/log4j-api/2.8.1/log4j-api-2.8.1.pom (8.7 kB at 27 kB/s)
[INFO] Downloading from IntellectualSites: https://mvn.intellectualsites.com/content/groups/public/org/bstats/bstats-bukkit/1.7/bstats-bukkit-1.7.pom
[INFO] Downloading from papermc: https://papermc.io/repo/repository/maven-public/org/bstats/bstats-bukkit/1.7/bstats-bukkit-1.7.pom
[INFO] Downloading from spigotmc: https://hub.spigotmc.org/nexus/content/repositories/snapshots/org/bstats/bstats-bukkit/1.7/bstats-bukkit-1.7.pom
[INFO] Downloading from jitpack.io: https://jitpack.io/org/bstats/bstats-bukkit/1.7/bstats-bukkit-1.7.pom
[INFO] Downloading from WorldEdit: https://maven.enginehub.org/repo/org/bstats/bstats-bukkit/1.7/bstats-bukkit-1.7.pom
[INFO] Downloading from central: https://repo.maven.apache.org/maven2/org/bstats/bstats-bukkit/1.7/bstats-bukkit-1.7.pom
[INFO] Downloading from IntellectualSites: https://mvn.intellectualsites.com/content/groups/public/com/google/code/findbugs/jsr305/3.0.2/jsr305-3.0.2.pom
[INFO] Downloading from papermc: https://papermc.io/repo/repository/maven-public/com/google/code/findbugs/jsr305/3.0.2/jsr305-3.0.2.pom
[INFO] Downloaded from papermc: https://papermc.io/repo/repository/maven-public/com/google/code/findbugs/jsr305/3.0.2/jsr305-3.0.2.pom (4.3 kB at 15 kB/s)
[INFO] Downloading from IntellectualSites: https://mvn.intellectualsites.com/content/groups/public/io/github/mooy1/InfinityLib/4d178e6/InfinityLib-4d178e6.pom
[INFO] Downloading from papermc: https://papermc.io/repo/repository/maven-public/io/github/mooy1/InfinityLib/4d178e6/InfinityLib-4d178e6.pom
[INFO] Downloading from spigotmc: https://hub.spigotmc.org/nexus/content/repositories/snapshots/io/github/mooy1/InfinityLib/4d178e6/InfinityLib-4d178e6.pom
[INFO] Downloading from jitpack.io: https://jitpack.io/io/github/mooy1/InfinityLib/4d178e6/InfinityLib-4d178e6.pom
[INFO] Downloaded from jitpack.io: https://jitpack.io/io/github/mooy1/InfinityLib/4d178e6/InfinityLib-4d178e6.pom (5.8 kB at 70 kB/s)
[INFO] ------------------------------------------------------------------------
[INFO] BUILD FAILURE
[INFO] ------------------------------------------------------------------------
[INFO] Total time:  44.820 s
[INFO] Finished at: 2022-06-08T23:44:03Z
[INFO] ------------------------------------------------------------------------
[ERROR] Failed to execute goal on project SCrafter: Could not resolve dependencies for project cn.zimzaza4:SCrafter:jar:Build 2 zh-CN(zimzaza4) (git 7a89ab6): Failed to collect dependencies at com.sk89q.worldedit:worldedit-bukkit:jar:7.2.0-SNAPSHOT -> org.bstats:bstats-bukkit:jar:1.7: Failed to read artifact descriptor for org.bstats:bstats-bukkit:jar:1.7: Could not transfer artifact org.bstats:bstats-bukkit:pom:1.7 from/to IntellectualSites (https://mvn.intellectualsites.com/content/groups/public/): transfer failed for https://mvn.intellectualsites.com/content/groups/public/org/bstats/bstats-bukkit/1.7/bstats-bukkit-1.7.pom: Unknown host mvn.intellectualsites.com -> [Help 1]
[ERROR] 
[ERROR] To see the full stack trace of the errors, re-run Maven with the -e switch.
[ERROR] Re-run Maven using the -X switch to enable full debug logging.
[ERROR] 
[ERROR] For more information about the errors and possible solutions, please read the following articles:
[ERROR] [Help 1] http://cwiki.apache.org/confluence/display/MAVEN/DependencyResolutionException
